[2025-10-30 16:06:15.195] [info]  [ 'nav_launcher|4||I injected !!!!!!!!!!!!' ]
[2025-10-30 16:06:29.914] [info]  [ 'nav_appstore|4||I injected !!!!!!!!!!!!' ]
[2025-10-30 16:06:32.421] [info]  [ 'nav_client_setting|4||I injected !!!!!!!!!!!!' ]
[2025-10-30 16:06:37.158] [info]  [ 'nav_appstore|4||I injected !!!!!!!!!!!!' ]
[2025-10-30 16:07:09.282] [info]  [ 'nav_launcher|4||I injected !!!!!!!!!!!!' ]
[2025-10-30 16:07:09.694] [info]  [ 'nav_appstore|4||I injected !!!!!!!!!!!!' ]
[2025-10-30 16:07:13.100] [info]  [ 'nav_launcher|4||I injected !!!!!!!!!!!!' ]
[2025-10-30 16:17:52.465] [info]  [ 'nav_appstore|4||I injected !!!!!!!!!!!!' ]
[2025-10-30 18:45:06.176] [info]  [ 'nav_launcher|4||I injected !!!!!!!!!!!!' ]
[2025-10-30 18:45:10.385] [info]  [ 'nav_launcher|4||I injected !!!!!!!!!!!!' ]
[2025-10-30 18:59:58.825] [info]  [ 'nav_launcher|4||I injected !!!!!!!!!!!!' ]
[2025-10-30 19:00:03.540] [info]  [ 'nav_launcher|4||I injected !!!!!!!!!!!!' ]
[2025-10-30 19:52:43.542] [info]  [ 'nav_appstore|4||I injected !!!!!!!!!!!!' ]
[2025-10-30 19:59:47.149] [info]  [ 'nav_launcher|4||I injected !!!!!!!!!!!!' ]
[2025-10-30 22:33:17.908] [info]  [ 'nav_appstore|4||I injected !!!!!!!!!!!!' ]
[2025-10-30 22:52:38.561] [info]  [ 'nav_launcher|4||I injected !!!!!!!!!!!!' ]
[2025-10-30 23:12:55.085] [info]  [ 'nav_box_setting|4||I injected !!!!!!!!!!!!' ]
[2025-10-30 23:13:03.097] [info]  [ 'nav_launcher|4||I injected !!!!!!!!!!!!' ]
[2025-10-30 23:29:21.081] [info]  [ 'nav_client_setting|4||I injected !!!!!!!!!!!!' ]
[2025-10-30 23:29:24.255] [info]  [ 'nav_launcher|4||I injected !!!!!!!!!!!!' ]
[2025-10-30 23:54:39.621] [info]  [ 'nav_appstore|4||I injected !!!!!!!!!!!!' ]
[2025-10-31 00:00:32.706] [info]  [ 'nav_launcher|4||I injected !!!!!!!!!!!!' ]
[2025-10-31 00:00:37.438] [info]  [ 'nav_launcher|4||I injected !!!!!!!!!!!!' ]
[2025-10-31 09:08:20.212] [info]  [ 'nav_launcher|4||I injected !!!!!!!!!!!!' ]
[2025-10-31 09:08:24.604] [info]  [ 'nav_launcher|4||I injected !!!!!!!!!!!!' ]
[2025-10-31 09:08:34.416] [info]  [ 'nav_appstore|4||I injected !!!!!!!!!!!!' ]
[2025-10-31 09:08:41.221] [info]  [ 'nav_launcher|4||I injected !!!!!!!!!!!!' ]
[2025-10-31 09:11:38.785] [info]  [ 'nav_appstore|4||I injected !!!!!!!!!!!!' ]
[2025-10-31 09:12:05.848] [info]  [ 'nav_launcher|4||I injected !!!!!!!!!!!!' ]
[2025-10-31 09:13:18.489] [info]  [ 'nav_launcher|4||I injected !!!!!!!!!!!!' ]
[2025-10-31 09:13:23.631] [info]  [ 'nav_launcher|4||I injected !!!!!!!!!!!!' ]
[2025-10-31 09:20:58.034] [info]  [ 'nav_appstore|4||I injected !!!!!!!!!!!!' ]
[2025-10-31 09:21:17.631] [info]  [ 'nav_launcher|4||I injected !!!!!!!!!!!!' ]
[2025-10-31 09:21:19.463] [info]  [ 'nav_appstore|4||I injected !!!!!!!!!!!!' ]
[2025-10-31 09:23:39.573] [info]  [ 'nav_launcher|4||I injected !!!!!!!!!!!!' ]
[2025-10-31 09:49:00.357] [info]  [ 'nav_client_setting|4||I injected !!!!!!!!!!!!' ]
[2025-10-31 09:49:51.031] [info]  [ 'nav_launcher|4||I injected !!!!!!!!!!!!' ]
[2025-10-31 09:50:53.629] [info]  [ 'nav_client_setting|4||I injected !!!!!!!!!!!!' ]
[2025-10-31 10:18:54.815] [info]  [ 'nav_launcher|4||I injected !!!!!!!!!!!!' ]
[2025-10-31 11:43:43.611] [info]  [ 'nav_client_setting|4||I injected !!!!!!!!!!!!' ]
[2025-10-31 11:43:48.980] [info]  [ 'nav_box_setting|4||I injected !!!!!!!!!!!!' ]
[2025-10-31 12:49:08.987] [info]  [ 'nav_box_setting|4||I injected !!!!!!!!!!!!' ]
[2025-10-31 12:49:15.219] [info]  [ 'nav_box_setting|4||I injected !!!!!!!!!!!!' ]
[2025-10-31 13:09:29.338] [info]  [ 'nav_launcher|4||I injected !!!!!!!!!!!!' ]
[2025-10-31 13:09:33.546] [info]  [ 'nav_launcher|4||I injected !!!!!!!!!!!!' ]
[2025-10-31 13:31:10.203] [info]  [ 'nav_client_setting|4||I injected !!!!!!!!!!!!' ]
[2025-10-31 13:31:16.572] [info]  [ 'nav_box_setting|4||I injected !!!!!!!!!!!!' ]
[2025-10-31 13:44:23.980] [info]  [ 'nav_launcher|4||I injected !!!!!!!!!!!!' ]
[2025-10-31 13:44:29.584] [info]  [ 'nav_box_setting|4||I injected !!!!!!!!!!!!' ]
[2025-10-31 13:44:32.668] [info]  [ 'nav_launcher|4||I injected !!!!!!!!!!!!' ]
[2025-10-31 13:44:36.837] [info]  [ 'nav_box_setting|4||I injected !!!!!!!!!!!!' ]
[2025-10-31 13:44:40.707] [info]  [ 'nav_launcher|4||I injected !!!!!!!!!!!!' ]
[2025-10-31 13:44:42.237] [info]  [ 'nav_appstore|4||I injected !!!!!!!!!!!!' ]
[2025-10-31 13:45:02.989] [info]  [ 'nav_launcher|4||I injected !!!!!!!!!!!!' ]
[2025-10-31 13:45:06.414] [info]  [ 'nav_appstore|4||I injected !!!!!!!!!!!!' ]
[2025-10-31 13:48:57.443] [info]  [ 'nav_launcher|4||I injected !!!!!!!!!!!!' ]
[2025-10-31 14:03:59.222] [info]  [ 'nav_launcher|4||I injected !!!!!!!!!!!!' ]
[2025-10-31 14:04:03.403] [info]  [ 'nav_launcher|4||I injected !!!!!!!!!!!!' ]
[2025-10-31 14:27:33.239] [info]  [ 'nav_launcher|4||I injected !!!!!!!!!!!!' ]
[2025-10-31 14:27:37.483] [info]  [ 'nav_launcher|4||I injected !!!!!!!!!!!!' ]
[2025-10-31 14:42:35.014] [info]  [ 'nav_appstore|4||I injected !!!!!!!!!!!!' ]
[2025-10-31 14:48:59.781] [info]  [ 'nav_launcher|4||I injected !!!!!!!!!!!!' ]
[2025-10-31 15:33:03.907] [info]  [ 'nav_launcher|4||I injected !!!!!!!!!!!!' ]
[2025-10-31 15:33:06.962] [info]  [ 'nav_launcher|4||I injected !!!!!!!!!!!!' ]
[2025-10-31 15:38:07.189] [info]  [ 'nav_box_setting|4||I injected !!!!!!!!!!!!' ]
[2025-10-31 15:43:57.194] [info]  [ 'nav_launcher|4||I injected !!!!!!!!!!!!' ]
[2025-10-31 15:44:01.391] [info]  [ 'nav_launcher|4||I injected !!!!!!!!!!!!' ]
[2025-10-31 15:54:51.721] [info]  [ 'nav_launcher|4||I injected !!!!!!!!!!!!' ]
[2025-10-31 15:54:55.958] [info]  [ 'nav_launcher|4||I injected !!!!!!!!!!!!' ]
[2025-10-31 16:48:47.286] [info]  [ 'nav_appstore|4||I injected !!!!!!!!!!!!' ]
[2025-10-31 17:24:52.165] [info]  [ 'nav_appstore|4||I injected !!!!!!!!!!!!' ]
[2025-10-31 17:24:56.976] [info]  [ 'nav_appstore|4||I injected !!!!!!!!!!!!' ]
[2025-10-31 17:29:50.752] [info]  [ 'nav_client_setting|4||I injected !!!!!!!!!!!!' ]
[2025-10-31 17:31:15.288] [info]  [ 'nav_box_setting|4||I injected !!!!!!!!!!!!' ]
[2025-10-31 17:31:16.243] [info]  [ 'nav_launcher|4||I injected !!!!!!!!!!!!' ]
[2025-10-31 17:49:41.453] [info]  [ 'nav_client_setting|4||I injected !!!!!!!!!!!!' ]
[2025-10-31 17:49:46.399] [info]  [ 'nav_launcher|4||I injected !!!!!!!!!!!!' ]
[2025-10-31 17:58:46.876] [info]  [ 'nav_launcher|4||I injected !!!!!!!!!!!!' ]
[2025-10-31 17:58:51.054] [info]  [ 'nav_launcher|4||I injected !!!!!!!!!!!!' ]
[2025-10-31 18:26:34.451] [info]  [ 'nav_launcher|4||I injected !!!!!!!!!!!!' ]
[2025-10-31 18:26:38.658] [info]  [ 'nav_launcher|4||I injected !!!!!!!!!!!!' ]
[2025-10-31 19:05:18.909] [info]  [ 'nav_launcher|4||I injected !!!!!!!!!!!!' ]
[2025-10-31 19:05:23.120] [info]  [ 'nav_launcher|4||I injected !!!!!!!!!!!!' ]
[2025-10-31 19:26:59.149] [info]  [ 'nav_box_setting|4||I injected !!!!!!!!!!!!' ]
[2025-10-31 19:30:09.360] [info]  [ 'nav_launcher|4||I injected !!!!!!!!!!!!' ]
[2025-10-31 19:30:13.321] [info]  [ 'nav_box_setting|4||I injected !!!!!!!!!!!!' ]
[2025-10-31 19:40:03.629] [info]  [ 'nav_launcher|4||I injected !!!!!!!!!!!!' ]
[2025-10-31 19:40:05.376] [info]  [ 'nav_box_setting|4||I injected !!!!!!!!!!!!' ]
[2025-10-31 19:40:10.472] [info]  [ 'nav_client_setting|4||I injected !!!!!!!!!!!!' ]
[2025-10-31 19:42:01.052] [info]  [ 'nav_box_setting|4||I injected !!!!!!!!!!!!' ]
[2025-10-31 19:42:03.563] [info]  [ 'nav_launcher|4||I injected !!!!!!!!!!!!' ]
[2025-10-31 20:05:53.975] [info]  [ 'nav_appstore|4||I injected !!!!!!!!!!!!' ]
[2025-10-31 20:10:11.522] [info]  [ 'nav_launcher|4||I injected !!!!!!!!!!!!' ]
[2025-10-31 20:15:05.870] [info]  [ 'nav_client_setting|4||I injected !!!!!!!!!!!!' ]
[2025-10-31 20:24:46.076] [info]  [ 'nav_appstore|4||I injected !!!!!!!!!!!!' ]
[2025-10-31 20:25:13.166] [info]  [ 'nav_launcher|4||I injected !!!!!!!!!!!!' ]
[2025-10-31 20:25:30.915] [info]  [ 'nav_appstore|4||I injected !!!!!!!!!!!!' ]
[2025-10-31 20:27:40.415] [info]  [ 'nav_launcher|4||I injected !!!!!!!!!!!!' ]
[2025-10-31 20:27:40.916] [info]  [ 'nav_appstore|4||I injected !!!!!!!!!!!!' ]
[2025-10-31 21:36:14.969] [info]  [ 'nav_appstore|4||I injected !!!!!!!!!!!!' ]
[2025-10-31 21:36:19.136] [info]  [ 'nav_appstore|4||I injected !!!!!!!!!!!!' ]
[2025-10-31 22:00:58.329] [info]  [ 'nav_appstore|4||I injected !!!!!!!!!!!!' ]
[2025-10-31 22:05:20.668] [info]  [ 'nav_launcher|4||I injected !!!!!!!!!!!!' ]
[2025-10-31 22:05:30.290] [info]  [ 'nav_appstore|4||I injected !!!!!!!!!!!!' ]
[2025-10-31 22:11:29.667] [info]  [ 'nav_launcher|4||I injected !!!!!!!!!!!!' ]
[2025-10-31 22:12:31.592] [info]  [ 'nav_appstore|4||I injected !!!!!!!!!!!!' ]
[2025-10-31 22:12:44.046] [info]  [ 'nav_launcher|4||I injected !!!!!!!!!!!!' ]
[2025-10-31 22:13:07.257] [info]  [ 'nav_appstore|4||I injected !!!!!!!!!!!!' ]
[2025-10-31 22:13:08.123] [info]  [ 'nav_launcher|4||I injected !!!!!!!!!!!!' ]
[2025-10-31 22:17:11.280] [info]  [ 'nav_appstore|4||I injected !!!!!!!!!!!!' ]
[2025-10-31 22:17:12.624] [info]  [ 'nav_launcher|4||I injected !!!!!!!!!!!!' ]
[2025-10-31 23:15:31.541] [info]  [ 'nav_launcher|4||I injected !!!!!!!!!!!!' ]
[2025-10-31 23:15:35.726] [info]  [ 'nav_launcher|4||I injected !!!!!!!!!!!!' ]
[2025-11-01 00:03:01.883] [info]  [ 'nav_launcher|4||I injected !!!!!!!!!!!!' ]
[2025-11-01 00:03:06.114] [info]  [ 'nav_launcher|4||I injected !!!!!!!!!!!!' ]
[2025-11-01 00:03:08.009] [info]  [ 'nav_box_setting|4||I injected !!!!!!!!!!!!' ]
[2025-11-01 00:04:39.440] [info]  [ 'nav_appstore|4||I injected !!!!!!!!!!!!' ]
[2025-11-01 00:04:46.557] [info]  [ 'nav_launcher|4||I injected !!!!!!!!!!!!' ]
[2025-11-01 00:05:52.053] [info]  [ 'nav_appstore|4||I injected !!!!!!!!!!!!' ]
[2025-11-01 00:06:10.043] [info]  [ 'nav_launcher|4||I injected !!!!!!!!!!!!' ]
[2025-11-01 00:07:39.265] [info]  [ 'nav_appstore|4||I injected !!!!!!!!!!!!' ]
[2025-11-01 00:08:41.112] [info]  [ 'nav_launcher|4||I injected !!!!!!!!!!!!' ]
[2025-11-02 09:33:26.783] [info]  [ 'nav_launcher|4||I injected !!!!!!!!!!!!' ]
[2025-11-02 09:33:31.010] [info]  [ 'nav_launcher|4||I injected !!!!!!!!!!!!' ]
[2025-11-02 09:33:55.682] [info]  [ 'nav_appstore|4||I injected !!!!!!!!!!!!' ]
[2025-11-02 09:34:57.356] [info]  [ 'nav_launcher|4||I injected !!!!!!!!!!!!' ]
[2025-11-02 09:39:35.693] [info]  [ 'nav_appstore|4||I injected !!!!!!!!!!!!' ]
[2025-11-02 09:39:38.688] [info]  [ 'nav_launcher|4||I injected !!!!!!!!!!!!' ]
[2025-11-02 09:42:34.777] [info]  [ 'nav_appstore|4||I injected !!!!!!!!!!!!' ]
[2025-11-02 09:43:26.121] [info]  [ 'nav_launcher|4||I injected !!!!!!!!!!!!' ]
[2025-11-02 09:58:38.019] [info]  [ 'nav_appstore|4||I injected !!!!!!!!!!!!' ]
[2025-11-02 09:59:01.641] [info]  [ 'nav_launcher|4||I injected !!!!!!!!!!!!' ]
[2025-11-02 10:04:14.393] [info]  [ 'nav_appstore|4||I injected !!!!!!!!!!!!' ]
[2025-11-02 10:07:11.649] [info]  [ 'nav_launcher|4||I injected !!!!!!!!!!!!' ]
[2025-11-02 10:07:20.465] [info]  [ 'nav_box_setting|4||I injected !!!!!!!!!!!!' ]
[2025-11-02 10:18:41.387] [info]  [ 'nav_launcher|4||I injected !!!!!!!!!!!!' ]
[2025-11-02 10:23:41.331] [info]  [ 'nav_launcher|4||I injected !!!!!!!!!!!!' ]
[2025-11-02 10:23:45.522] [info]  [ 'nav_launcher|4||I injected !!!!!!!!!!!!' ]
[2025-11-02 10:52:33.342] [info]  [ 'nav_launcher|4||I injected !!!!!!!!!!!!' ]
[2025-11-02 10:52:37.568] [info]  [ 'nav_launcher|4||I injected !!!!!!!!!!!!' ]
[2025-11-02 11:02:06.597] [info]  [ 'nav_appstore|4||I injected !!!!!!!!!!!!' ]
[2025-11-02 11:07:42.861] [info]  [ 'nav_launcher|4||I injected !!!!!!!!!!!!' ]
[2025-11-02 11:40:57.829] [info]  [ 'nav_appstore|4||I injected !!!!!!!!!!!!' ]
[2025-11-02 12:33:59.976] [info]  [ 'nav_appstore|4||I injected !!!!!!!!!!!!' ]
[2025-11-02 12:34:04.161] [info]  [ 'nav_appstore|4||I injected !!!!!!!!!!!!' ]
[2025-11-02 12:35:55.648] [info]  [ 'nav_box_setting|4||I injected !!!!!!!!!!!!' ]
[2025-11-02 13:12:19.135] [info]  [ 'nav_launcher|4||I injected !!!!!!!!!!!!' ]
[2025-11-02 13:27:27.746] [info]  [ 'nav_appstore|4||I injected !!!!!!!!!!!!' ]
[2025-11-02 13:27:40.596] [info]  [ 'nav_launcher|4||I injected !!!!!!!!!!!!' ]
[2025-11-02 14:20:01.388] [info]  [ 'nav_help|4||I injected !!!!!!!!!!!!' ]
[2025-11-02 14:21:01.261] [info]  [ 'nav_launcher|4||I injected !!!!!!!!!!!!' ]
[2025-11-02 14:24:25.576] [info]  [ 'nav_launcher|4||I injected !!!!!!!!!!!!' ]
[2025-11-02 14:29:05.749] [info]  [ 'nav_launcher|4||I injected !!!!!!!!!!!!' ]
[2025-11-02 14:34:05.195] [info]  [ 'nav_box_setting|4||I injected !!!!!!!!!!!!' ]
[2025-11-02 14:40:54.698] [info]  [ 'nav_launcher|4||I injected !!!!!!!!!!!!' ]
[2025-11-02 14:43:53.163] [info]  [ 'nav_appstore|4||I injected !!!!!!!!!!!!' ]
[2025-11-02 14:45:23.771] [info]  [ 'nav_launcher|4||I injected !!!!!!!!!!!!' ]
[2025-11-02 14:45:24.829] [info]  [ 'nav_appstore|4||I injected !!!!!!!!!!!!' ]
[2025-11-02 14:46:43.594] [info]  [ 'nav_launcher|4||I injected !!!!!!!!!!!!' ]
[2025-11-02 14:48:22.399] [info]  [ 'nav_appstore|4||I injected !!!!!!!!!!!!' ]
[2025-11-02 15:09:58.795] [info]  [ 'nav_launcher|4||I injected !!!!!!!!!!!!' ]
[2025-11-02 15:10:02.035] [info]  [ 'nav_box_setting|4||I injected !!!!!!!!!!!!' ]
[2025-11-02 15:10:17.575] [info]  [ 'nav_launcher|4||I injected !!!!!!!!!!!!' ]
[2025-11-02 17:36:35.988] [info]  [ 'nav_launcher|4||I injected !!!!!!!!!!!!' ]
[2025-11-02 18:00:21.172] [info]  [ 'nav_appstore|4||I injected !!!!!!!!!!!!' ]
[2025-11-02 18:03:26.549] [info]  [ 'nav_appstore|4||I injected !!!!!!!!!!!!' ]
[2025-11-02 18:07:58.162] [info]  [ 'nav_launcher|4||I injected !!!!!!!!!!!!' ]
[2025-11-02 18:52:56.933] [info]  [ 'nav_launcher|4||I injected !!!!!!!!!!!!' ]
[2025-11-02 18:53:01.664] [info]  [ 'nav_launcher|4||I injected !!!!!!!!!!!!' ]
[2025-11-02 18:53:07.888] [info]  [ 'nav_appstore|4||I injected !!!!!!!!!!!!' ]
[2025-11-02 18:57:07.355] [info]  [ 'nav_launcher|4||I injected !!!!!!!!!!!!' ]
[2025-11-03 08:57:18.030] [info]  [ 'nav_launcher|4||I injected !!!!!!!!!!!!' ]
[2025-11-03 08:57:24.233] [info]  [ 'nav_launcher|4||I injected !!!!!!!!!!!!' ]
[2025-11-03 10:18:51.909] [info]  [ 'nav_client_setting|4||I injected !!!!!!!!!!!!' ]
[2025-11-03 13:20:30.586] [info]  [ 'nav_launcher|4||I injected !!!!!!!!!!!!' ]
[2025-11-03 15:36:04.038] [info]  [ 'nav_launcher|4||I injected !!!!!!!!!!!!' ]
[2025-11-03 15:36:11.069] [info]  [ 'nav_launcher|4||I injected !!!!!!!!!!!!' ]
[2025-11-03 15:42:04.953] [info]  [ 'nav_launcher|4||I injected !!!!!!!!!!!!' ]
[2025-11-03 15:42:13.117] [info]  [ 'nav_launcher|4||I injected !!!!!!!!!!!!' ]
[2025-11-03 19:03:04.964] [info]  [ 'nav_client_setting|4||I injected !!!!!!!!!!!!' ]
[2025-11-03 19:58:43.768] [info]  [ 'nav_launcher|4||I injected !!!!!!!!!!!!' ]
[2025-11-03 19:58:48.030] [info]  [ 'nav_launcher|4||I injected !!!!!!!!!!!!' ]
[2025-11-03 20:11:00.905] [info]  [ 'nav_appstore|4||I injected !!!!!!!!!!!!' ]
[2025-11-03 20:11:13.978] [info]  [ 'nav_launcher|4||I injected !!!!!!!!!!!!' ]
[2025-11-03 20:11:44.621] [info]  [ 'nav_appstore|4||I injected !!!!!!!!!!!!' ]
[2025-11-03 20:11:45.374] [info]  [ 'nav_launcher|4||I injected !!!!!!!!!!!!' ]
[2025-11-03 20:11:56.237] [info]  [ 'nav_appstore|4||I injected !!!!!!!!!!!!' ]
[2025-11-03 20:12:05.461] [info]  [ 'nav_launcher|4||I injected !!!!!!!!!!!!' ]
[2025-11-03 20:16:35.229] [info]  [ 'nav_box_setting|4||I injected !!!!!!!!!!!!' ]
[2025-11-03 20:56:33.974] [info]  [ 'nav_box_setting|4||I injected !!!!!!!!!!!!' ]
[2025-11-03 20:56:44.211] [info]  [ 'nav_box_setting|4||I injected !!!!!!!!!!!!' ]
[2025-11-03 21:30:22.820] [info]  [ 'nav_launcher|4||I injected !!!!!!!!!!!!' ]
[2025-11-03 21:30:27.295] [info]  [ 'nav_launcher|4||I injected !!!!!!!!!!!!' ]
[2025-11-03 22:02:11.959] [info]  [ 'nav_assistant|4||I injected !!!!!!!!!!!!' ]
[2025-11-03 22:02:43.815] [info]  [ 'nav_assistant|4||I injected !!!!!!!!!!!!' ]
[2025-11-03 22:31:48.580] [info]  [ 'nav_appstore|4||I injected !!!!!!!!!!!!' ]
[2025-11-03 23:13:46.252] [info]  [ 'nav_launcher|4||I injected !!!!!!!!!!!!' ]
[2025-11-04 12:50:32.226] [info]  [ 'nav_launcher|4||I injected !!!!!!!!!!!!' ]
[2025-11-04 12:50:39.987] [info]  [ 'nav_launcher|4||I injected !!!!!!!!!!!!' ]
[2025-11-04 13:14:54.111] [info]  [ 'nav_appstore|4||I injected !!!!!!!!!!!!' ]
[2025-11-04 13:28:44.386] [info]  [ 'nav_launcher|4||I injected !!!!!!!!!!!!' ]
[2025-11-04 13:47:57.416] [info]  [ 'nav_launcher|4||I injected !!!!!!!!!!!!' ]
[2025-11-04 13:48:02.161] [info]  [ 'nav_launcher|4||I injected !!!!!!!!!!!!' ]
[2025-11-04 14:03:17.418] [info]  [ 'nav_appstore|4||I injected !!!!!!!!!!!!' ]
[2025-11-04 14:14:41.336] [info]  [ 'nav_help|4||I injected !!!!!!!!!!!!' ]
[2025-11-04 14:16:13.749] [info]  [ 'nav_appstore|4||I injected !!!!!!!!!!!!' ]
[2025-11-04 14:19:29.714] [info]  [ 'nav_launcher|4||I injected !!!!!!!!!!!!' ]
[2025-11-04 14:43:17.957] [info]  [ 'nav_launcher|4||I injected !!!!!!!!!!!!' ]
[2025-11-04 14:43:24.135] [info]  [ 'nav_launcher|4||I injected !!!!!!!!!!!!' ]
[2025-11-04 15:07:31.907] [info]  [ 'nav_appstore|4||I injected !!!!!!!!!!!!' ]
[2025-11-04 15:19:35.027] [info]  [ 'nav_launcher|4||I injected !!!!!!!!!!!!' ]
[2025-11-04 17:05:05.059] [info]  [ 'nav_appstore|4||I injected !!!!!!!!!!!!' ]
[2025-11-04 17:09:27.183] [info]  [ 'nav_launcher|4||I injected !!!!!!!!!!!!' ]
[2025-11-05 08:53:35.221] [info]  [ 'nav_launcher|4||I injected !!!!!!!!!!!!' ]
[2025-11-05 08:53:39.450] [info]  [ 'nav_launcher|4||I injected !!!!!!!!!!!!' ]
[2025-11-05 09:11:39.113] [info]  [ 'nav_box_setting|4||I injected !!!!!!!!!!!!' ]
[2025-11-05 09:41:50.105] [info]  [ 'nav_launcher|4||I injected !!!!!!!!!!!!' ]
[2025-11-05 10:00:09.837] [info]  [ 'nav_appstore|4||I injected !!!!!!!!!!!!' ]
[2025-11-05 10:00:25.722] [info]  [ 'nav_launcher|4||I injected !!!!!!!!!!!!' ]
[2025-11-05 10:00:42.679] [info]  [ 'nav_appstore|4||I injected !!!!!!!!!!!!' ]
[2025-11-05 10:01:06.995] [info]  [ 'nav_launcher|4||I injected !!!!!!!!!!!!' ]
[2025-11-05 10:02:27.138] [info]  [ 'nav_appstore|4||I injected !!!!!!!!!!!!' ]
[2025-11-05 10:31:02.571] [info]  [ 'nav_launcher|4||I injected !!!!!!!!!!!!' ]
[2025-11-05 10:31:06.973] [info]  [ 'nav_launcher|4||I injected !!!!!!!!!!!!' ]
[2025-11-05 10:31:09.507] [info]  [ 'nav_appstore|4||I injected !!!!!!!!!!!!' ]
[2025-11-05 10:31:10.708] [info]  [ 'nav_launcher|4||I injected !!!!!!!!!!!!' ]
[2025-11-05 10:49:30.812] [info]  [ 'nav_appstore|4||I injected !!!!!!!!!!!!' ]
[2025-11-05 10:52:12.317] [info]  [ 'nav_launcher|4||I injected !!!!!!!!!!!!' ]
[2025-11-05 10:53:42.798] [info]  [ 'nav_appstore|4||I injected !!!!!!!!!!!!' ]
[2025-11-05 10:55:59.538] [info]  [ 'nav_launcher|4||I injected !!!!!!!!!!!!' ]
[2025-11-05 10:58:46.925] [info]  [ 'nav_appstore|4||I injected !!!!!!!!!!!!' ]
[2025-11-05 11:00:54.699] [info]  [ 'nav_box_setting|4||I injected !!!!!!!!!!!!' ]
[2025-11-05 11:00:58.750] [info]  [ 'nav_launcher|4||I injected !!!!!!!!!!!!' ]
[2025-11-05 11:29:34.619] [info]  [ 'nav_appstore|4||I injected !!!!!!!!!!!!' ]
[2025-11-05 11:30:42.245] [info]  [ 'nav_launcher|4||I injected !!!!!!!!!!!!' ]
[2025-11-05 11:32:37.299] [info]  [ 'nav_appstore|4||I injected !!!!!!!!!!!!' ]
[2025-11-05 11:40:52.624] [info]  [ 'nav_launcher|4||I injected !!!!!!!!!!!!' ]
[2025-11-05 11:46:57.124] [info]  [ 'nav_appstore|4||I injected !!!!!!!!!!!!' ]
[2025-11-05 11:47:03.017] [info]  [ 'nav_launcher|4||I injected !!!!!!!!!!!!' ]
[2025-11-05 11:52:23.519] [info]  [ 'nav_appstore|4||I injected !!!!!!!!!!!!' ]
[2025-11-05 12:33:20.496] [info]  [ 'nav_launcher|4||I injected !!!!!!!!!!!!' ]
[2025-11-05 12:33:24.724] [info]  [ 'nav_launcher|4||I injected !!!!!!!!!!!!' ]
[2025-11-05 12:33:31.938] [info]  [ 'nav_client_setting|4||I injected !!!!!!!!!!!!' ]
[2025-11-05 14:04:58.243] [info]  [ 'nav_appstore|4||I injected !!!!!!!!!!!!' ]
[2025-11-05 14:05:01.898] [info]  [ 'nav_box_setting|4||I injected !!!!!!!!!!!!' ]
[2025-11-05 14:05:02.269] [info]  [ 'nav_launcher|4||I injected !!!!!!!!!!!!' ]
[2025-11-05 18:04:45.543] [info]  [ '更新客户端窗口: |4||I injected !!!!!!!!!!!!' ]
[2025-11-05 18:06:55.142] [info]  [ 'nav_box_setting|4||I injected !!!!!!!!!!!!' ]
[2025-11-05 18:06:58.900] [info]  [ 'nav_client_setting|4||I injected !!!!!!!!!!!!' ]
[2025-11-05 18:14:36.255] [info]  [ '更新客户端窗口: |4||I injected !!!!!!!!!!!!' ]
[2025-11-05 18:16:25.352] [info]  [ 'nav_launcher|4||I injected !!!!!!!!!!!!' ]
[2025-11-05 18:16:29.575] [info]  [ 'nav_launcher|4||I injected !!!!!!!!!!!!' ]
[2025-11-05 18:16:31.771] [info]  [ 'nav_client_setting|4||I injected !!!!!!!!!!!!' ]
[2025-11-05 18:16:34.395] [info]  [ 'nav_launcher|4||I injected !!!!!!!!!!!!' ]
[2025-11-05 19:45:38.967] [info]  [ 'nav_launcher|4||I injected !!!!!!!!!!!!' ]
[2025-11-05 19:45:42.007] [info]  [ 'nav_launcher|4||I injected !!!!!!!!!!!!' ]
[2025-11-05 20:11:26.931] [info]  [ 'nav_client_setting|4||I injected !!!!!!!!!!!!' ]
[2025-11-05 20:32:02.996] [info]  [ 'nav_box_setting|4||I injected !!!!!!!!!!!!' ]
[2025-11-05 23:42:22.626] [info]  [ 'nav_help|4||I injected !!!!!!!!!!!!' ]
[2025-11-07 09:09:21.417] [info]  [ 'nav_launcher|4||I injected !!!!!!!!!!!!' ]
[2025-11-07 09:09:25.683] [info]  [ 'nav_launcher|4||I injected !!!!!!!!!!!!' ]
[2025-11-07 09:23:50.485] [info]  [ 'nav_launcher|4||I injected !!!!!!!!!!!!' ]
[2025-11-07 09:23:54.700] [info]  [ 'nav_launcher|4||I injected !!!!!!!!!!!!' ]
[2025-11-07 10:29:36.026] [info]  [ 'nav_launcher|4||I injected !!!!!!!!!!!!' ]
[2025-11-07 10:29:40.196] [info]  [ 'nav_launcher|4||I injected !!!!!!!!!!!!' ]
[2025-11-07 11:05:28.015] [info]  [ 'nav_client_setting|4||I injected !!!!!!!!!!!!' ]
[2025-11-07 11:05:29.813] [info]  [ 'nav_box_setting|4||I injected !!!!!!!!!!!!' ]
[2025-11-07 11:43:36.787] [info]  [ 'nav_launcher|4||I injected !!!!!!!!!!!!' ]
[2025-11-07 12:32:50.014] [info]  [ 'nav_launcher|4||I injected !!!!!!!!!!!!' ]
[2025-11-07 12:32:54.195] [info]  [ 'nav_launcher|4||I injected !!!!!!!!!!!!' ]
[2025-11-07 13:16:37.992] [info]  [ 'nav_launcher|4||I injected !!!!!!!!!!!!' ]
[2025-11-07 13:16:42.166] [info]  [ 'nav_launcher|4||I injected !!!!!!!!!!!!' ]
[2025-11-07 19:40:32.851] [info]  [ 'nav_box_setting|4||I injected !!!!!!!!!!!!' ]
[2025-11-07 19:40:38.424] [info]  [ 'nav_launcher|4||I injected !!!!!!!!!!!!' ]
[2025-11-07 19:40:55.464] [info]  [ 'nav_box_setting|4||I injected !!!!!!!!!!!!' ]
[2025-11-07 19:41:26.474] [info]  [ 'nav_assistant|4||I injected !!!!!!!!!!!!' ]
[2025-11-07 19:41:27.295] [info]  [ 'nav_help|4||I injected !!!!!!!!!!!!' ]
[2025-11-07 19:41:30.440] [info]  [ 'nav_box_new_settings_backuprestore|4||I injected !!!!!!!!!!!!' ]
[2025-11-07 19:54:46.201] [info]  [ 'nav_launcher|4||I injected !!!!!!!!!!!!' ]
[2025-11-07 20:02:54.258] [info]  [ 'nav_box_new_settings_backuprestore|4||I injected !!!!!!!!!!!!' ]
[2025-11-07 20:03:06.750] [info]  [ 'nav_launcher|4||I injected !!!!!!!!!!!!' ]
[2025-11-07 22:35:41.964] [info]  [ 'nav_launcher|4||I injected !!!!!!!!!!!!' ]
[2025-11-07 22:35:46.959] [info]  [ 'nav_launcher|4||I injected !!!!!!!!!!!!' ]
[2025-11-07 22:59:54.981] [info]  [ 'nav_box_setting|4||I injected !!!!!!!!!!!!' ]
[2025-11-07 23:56:57.777] [info]  [ 'nav_launcher|4||I injected !!!!!!!!!!!!' ]
[2025-11-08 01:11:22.316] [info]  [ 'nav_launcher|4||I injected !!!!!!!!!!!!' ]
[2025-11-08 01:11:26.567] [info]  [ 'nav_launcher|4||I injected !!!!!!!!!!!!' ]
[2025-11-08 11:10:24.481] [info]  [ 'nav_launcher|4||I injected !!!!!!!!!!!!' ]
[2025-11-08 11:10:29.042] [info]  [ 'nav_launcher|4||I injected !!!!!!!!!!!!' ]
[2025-11-08 12:34:25.991] [info]  [ 'nav_box_setting|4||I injected !!!!!!!!!!!!' ]
[2025-11-08 17:11:37.639] [info]  [ 'nav_box_setting|4||I injected !!!!!!!!!!!!' ]
[2025-11-08 17:11:47.950] [info]  [ 'nav_box_setting|4||I injected !!!!!!!!!!!!' ]
[2025-11-08 17:11:57.510] [info]  [ 'nav_box_setting|4||I injected !!!!!!!!!!!!' ]
[2025-11-08 17:12:01.737] [info]  [ 'nav_box_setting|4||I injected !!!!!!!!!!!!' ]
[2025-11-09 00:39:58.804] [info]  [ 'nav_box_setting|4||I injected !!!!!!!!!!!!' ]
[2025-11-09 00:40:09.716] [info]  [ 'nav_box_setting|4||I injected !!!!!!!!!!!!' ]
[2025-11-09 15:25:36.871] [info]  [ 'nav_launcher|4||I injected !!!!!!!!!!!!' ]
[2025-11-09 15:25:41.136] [info]  [ 'nav_launcher|4||I injected !!!!!!!!!!!!' ]
[2025-11-09 15:56:32.220] [info]  [ 'nav_appstore|4||I injected !!!!!!!!!!!!' ]
[2025-11-09 15:58:27.351] [info]  [ 'nav_launcher|4||I injected !!!!!!!!!!!!' ]
[2025-11-09 16:00:00.414] [info]  [ 'nav_appstore|4||I injected !!!!!!!!!!!!' ]
[2025-11-09 16:00:15.888] [info]  [ 'nav_launcher|4||I injected !!!!!!!!!!!!' ]
[2025-11-09 16:00:26.614] [info]  [ 'nav_appstore|4||I injected !!!!!!!!!!!!' ]
[2025-11-09 16:59:13.594] [info]  [ 'nav_launcher|4||I injected !!!!!!!!!!!!' ]
[2025-11-09 19:00:47.401] [info]  [ 'nav_box_setting|4||I injected !!!!!!!!!!!!' ]
[2025-11-09 19:01:00.081] [info]  [ 'nav_launcher|4||I injected !!!!!!!!!!!!' ]
[2025-11-09 19:01:28.845] [info]  [ 'nav_box_setting|4||I injected !!!!!!!!!!!!' ]
[2025-11-09 19:02:58.683] [info]  [ 'nav_launcher|4||I injected !!!!!!!!!!!!' ]
[2025-11-09 21:21:25.157] [info]  [ 'nav_appstore|4||I injected !!!!!!!!!!!!' ]
[2025-11-09 21:59:07.475] [info]  [ 'nav_launcher|4||I injected !!!!!!!!!!!!' ]
[2025-11-09 22:24:05.622] [info]  [ 'nav_appstore|4||I injected !!!!!!!!!!!!' ]
[2025-11-09 22:24:49.653] [info]  [ 'nav_launcher|4||I injected !!!!!!!!!!!!' ]
[2025-11-09 23:41:04.226] [info]  [ 'nav_client_setting|4||I injected !!!!!!!!!!!!' ]
[2025-11-09 23:41:50.863] [info]  [ 'nav_launcher|4||I injected !!!!!!!!!!!!' ]
[2025-11-09 23:41:56.878] [info]  [ 'nav_appstore|4||I injected !!!!!!!!!!!!' ]
[2025-11-09 23:42:00.833] [info]  [ 'nav_box_setting|4||I injected !!!!!!!!!!!!' ]
[2025-11-09 23:42:05.158] [info]  [ 'nav_client_setting|4||I injected !!!!!!!!!!!!' ]
[2025-11-10 08:59:05.843] [info]  [ 'nav_launcher|4||I injected !!!!!!!!!!!!' ]
[2025-11-10 08:59:10.047] [info]  [ 'nav_launcher|4||I injected !!!!!!!!!!!!' ]
[2025-11-10 14:19:18.448] [info]  [ 'nav_box_setting|4||I injected !!!!!!!!!!!!' ]
[2025-11-10 18:02:17.381] [info]  [ 'nav_launcher|4||I injected !!!!!!!!!!!!' ]
[2025-11-10 18:15:58.890] [info]  [ 'nav_box_setting|4||I injected !!!!!!!!!!!!' ]
[2025-11-10 18:16:01.771] [info]  [ 'nav_launcher|4||I injected !!!!!!!!!!!!' ]
[2025-11-10 18:55:10.908] [info]  [ 'nav_client_setting|4||I injected !!!!!!!!!!!!' ]
[2025-11-10 20:24:30.824] [info]  [ 'nav_launcher|4||I injected !!!!!!!!!!!!' ]
[2025-11-11 12:48:01.609] [info]  [ 'nav_launcher|4||I injected !!!!!!!!!!!!' ]
[2025-11-11 12:48:06.247] [info]  [ 'nav_launcher|4||I injected !!!!!!!!!!!!' ]
[2025-11-11 12:55:30.775] [info]  [ 'nav_launcher|4||I injected !!!!!!!!!!!!' ]
[2025-11-11 12:55:34.936] [info]  [ 'nav_launcher|4||I injected !!!!!!!!!!!!' ]
[2025-11-11 13:44:35.462] [info]  [ 'nav_launcher|4||I injected !!!!!!!!!!!!' ]
[2025-11-11 13:45:57.661] [info]  [ 'nav_launcher|4||I injected !!!!!!!!!!!!' ]
[2025-11-11 16:51:01.144] [info]  [ 'nav_client_setting|4||I injected !!!!!!!!!!!!' ]
[2025-11-11 18:54:20.395] [info]  [ 'nav_launcher|4||I injected !!!!!!!!!!!!' ]
[2025-11-11 18:56:21.213] [info]  [ 'nav_launcher|4||I injected !!!!!!!!!!!!' ]
[2025-11-11 18:56:25.415] [info]  [ 'nav_launcher|4||I injected !!!!!!!!!!!!' ]
[2025-11-11 19:32:21.763] [info]  [ 'nav_appstore|4||I injected !!!!!!!!!!!!' ]
[2025-11-11 19:32:24.622] [info]  [ 'nav_launcher|4||I injected !!!!!!!!!!!!' ]
[2025-11-11 19:33:22.530] [info]  [ 'nav_appstore|4||I injected !!!!!!!!!!!!' ]
[2025-11-12 08:56:58.411] [info]  [ 'nav_launcher|4||I injected !!!!!!!!!!!!' ]
[2025-11-12 08:57:03.530] [info]  [ 'nav_launcher|4||I injected !!!!!!!!!!!!' ]
[2025-11-12 09:01:13.195] [info]  [ 'nav_launcher|4||I injected !!!!!!!!!!!!' ]
[2025-11-12 09:01:17.760] [info]  [ 'nav_launcher|4||I injected !!!!!!!!!!!!' ]
[2025-11-12 09:58:07.443] [info]  [ 'nav_client_setting|4||I injected !!!!!!!!!!!!' ]
[2025-11-12 10:57:28.433] [info]  [ 'nav_launcher|4||I injected !!!!!!!!!!!!' ]
[2025-11-12 10:57:40.227] [info]  [ 'nav_box_setting|4||I injected !!!!!!!!!!!!' ]
[2025-11-12 11:12:52.439] [info]  [ 'nav_appstore|4||I injected !!!!!!!!!!!!' ]
[2025-11-12 11:12:54.352] [info]  [ 'nav_launcher|4||I injected !!!!!!!!!!!!' ]
[2025-11-12 11:13:03.239] [info]  [ 'nav_appstore|4||I injected !!!!!!!!!!!!' ]
[2025-11-12 11:13:04.034] [info]  [ 'nav_box_setting|4||I injected !!!!!!!!!!!!' ]
[2025-11-12 12:18:48.972] [info]  [ 'nav_box_setting|4||I injected !!!!!!!!!!!!' ]
[2025-11-12 12:18:55.410] [info]  [ 'nav_box_setting|4||I injected !!!!!!!!!!!!' ]
[2025-11-12 12:24:28.468] [info]  [ 'nav_box_setting|4||I injected !!!!!!!!!!!!' ]
[2025-11-12 12:24:34.743] [info]  [ 'nav_box_setting|4||I injected !!!!!!!!!!!!' ]
[2025-11-12 12:38:08.958] [info]  [ 'nav_appstore|4||I injected !!!!!!!!!!!!' ]
[2025-11-12 12:38:15.273] [info]  [ 'nav_box_setting|4||I injected !!!!!!!!!!!!' ]
[2025-11-12 12:38:40.381] [info]  [ 'nav_appstore|4||I injected !!!!!!!!!!!!' ]
[2025-11-12 12:38:43.274] [info]  [ 'nav_box_setting|4||I injected !!!!!!!!!!!!' ]
[2025-11-12 12:45:04.329] [info]  [ 'nav_box_setting|4||I injected !!!!!!!!!!!!' ]
[2025-11-12 12:45:10.940] [info]  [ 'nav_box_setting|4||I injected !!!!!!!!!!!!' ]
[2025-11-12 12:47:49.739] [info]  [ 'nav_box_setting|4||I injected !!!!!!!!!!!!' ]
[2025-11-12 12:47:57.070] [info]  [ 'nav_box_setting|4||I injected !!!!!!!!!!!!' ]
[2025-11-12 12:48:33.751] [info]  [ 'nav_box_setting|4||I injected !!!!!!!!!!!!' ]
[2025-11-12 12:48:38.798] [info]  [ 'nav_box_setting|4||I injected !!!!!!!!!!!!' ]
[2025-11-12 15:52:42.372] [info]  [ 'nav_box_setting|4||I injected !!!!!!!!!!!!' ]
[2025-11-12 15:52:44.369] [info]  [ 'nav_box_setting|4||I injected !!!!!!!!!!!!' ]
[2025-11-12 16:02:59.146] [info]  [ 'nav_box_setting|4||I injected !!!!!!!!!!!!' ]
[2025-11-12 16:03:51.334] [info]  [ 'nav_launcher|4||I injected !!!!!!!!!!!!' ]
[2025-11-12 16:03:58.853] [info]  [ 'nav_launcher|4||I injected !!!!!!!!!!!!' ]
[2025-11-12 17:45:03.996] [info]  [ 'nav_launcher|4||I injected !!!!!!!!!!!!' ]
[2025-11-12 17:45:09.014] [info]  [ 'nav_launcher|4||I injected !!!!!!!!!!!!' ]
[2025-11-12 18:25:24.028] [info]  [ 'nav_box_setting|4||I injected !!!!!!!!!!!!' ]
[2025-11-12 18:48:31.287] [info]  [ 'nav_launcher|4||I injected !!!!!!!!!!!!' ]
[2025-11-12 19:53:31.019] [info]  [ 'nav_launcher|4||I injected !!!!!!!!!!!!' ]
[2025-11-12 19:53:35.345] [info]  [ 'nav_launcher|4||I injected !!!!!!!!!!!!' ]
[2025-11-12 20:43:22.761] [info]  [ 'nav_appstore|4||I injected !!!!!!!!!!!!' ]
[2025-11-12 20:43:23.287] [info]  [ 'nav_box_setting|4||I injected !!!!!!!!!!!!' ]
[2025-11-12 20:50:12.156] [info]  [ 'nav_box_setting|4||I injected !!!!!!!!!!!!' ]
[2025-11-12 20:50:20.509] [info]  [ 'nav_box_setting|4||I injected !!!!!!!!!!!!' ]
[2025-11-12 23:35:18.327] [info]  [ 'nav_client_setting|4||I injected !!!!!!!!!!!!' ]
[2025-11-12 23:37:57.405] [info]  [ 'nav_launcher|4||I injected !!!!!!!!!!!!' ]
[2025-11-12 23:38:02.399] [info]  [ 'nav_launcher|4||I injected !!!!!!!!!!!!' ]
[2025-11-13 00:50:09.099] [info]  [ 'nav_launcher|4||I injected !!!!!!!!!!!!' ]
[2025-11-13 00:50:13.335] [info]  [ 'nav_launcher|4||I injected !!!!!!!!!!!!' ]
[2025-11-13 01:03:35.744] [info]  [ 'nav_launcher|4||I injected !!!!!!!!!!!!' ]
[2025-11-13 01:03:39.951] [info]  [ 'nav_launcher|4||I injected !!!!!!!!!!!!' ]
[2025-11-13 01:54:46.132] [info]  [ 'nav_launcher|4||I injected !!!!!!!!!!!!' ]
[2025-11-13 01:55:33.108] [info]  [ 'nav_launcher|4||I injected !!!!!!!!!!!!' ]
[2025-11-13 01:55:38.905] [info]  [ 'nav_launcher|4||I injected !!!!!!!!!!!!' ]
[2025-11-13 01:55:43.941] [info]  [ 'nav_launcher|4||I injected !!!!!!!!!!!!' ]
[2025-11-13 02:06:16.704] [info]  [ 'nav_launcher|4||I injected !!!!!!!!!!!!' ]
[2025-11-13 02:06:23.064] [info]  [ 'nav_launcher|4||I injected !!!!!!!!!!!!' ]
[2025-11-13 02:06:39.754] [info]  [ 'nav_launcher|4||I injected !!!!!!!!!!!!' ]
[2025-11-13 02:06:42.966] [info]  [ 'nav_launcher|4||I injected !!!!!!!!!!!!' ]
[2025-11-13 12:08:26.865] [info]  [ 'nav_launcher|4||I injected !!!!!!!!!!!!' ]
[2025-11-13 12:08:31.104] [info]  [ 'nav_launcher|4||I injected !!!!!!!!!!!!' ]
[2025-11-13 12:10:25.043] [info]  [ 'nav_launcher|4||I injected !!!!!!!!!!!!' ]
[2025-11-13 12:10:29.908] [info]  [ 'nav_launcher|4||I injected !!!!!!!!!!!!' ]
[2025-11-13 12:11:06.165] [info]  [ 'nav_launcher|4||I injected !!!!!!!!!!!!' ]
[2025-11-13 12:11:12.361] [info]  [ 'nav_launcher|4||I injected !!!!!!!!!!!!' ]
[2025-11-13 13:10:42.589] [info]  [ 'nav_launcher|4||I injected !!!!!!!!!!!!' ]
[2025-11-13 13:11:29.053] [error] [
  '加载网页失败，可能出现白屏! https://axy.heiyu.space/ --- {"boxId":"12D3KooWNWhaKgkjjwJWN6neBc5zbJGvfeEq34QhP4o1Knc3S9aX","boxName":"axy","boxHomeUrl":"","boxDomain":"axy.heiyu.space","boxVirtualIp":"fc03:1136:387f:7a80:c8cc:58be:371d:0","status":2,"statusReason":"耗时:3.463622371s,\\"/ip6/2408:824e:d23:6080::997/tcp/37727\\"与\\"/ip6/240e:36d:326:9620:f395:a65d:fde1:8f2c/tcp/38530\\"(\\"axy_12D3KooWNW-14\\")连接成功 on 2025-11-13T13:10:45+08:00","loginUser":"axy","isAdminLogin":true,"isDefaultBox":true,"connType":300,"lastLoginTime":"2025-11-13T05:10:45.648Z"} --- ERR_TIMED_OUT --- -7 --- true --- 35 -- 4'
]
[2025-11-13 13:11:29.059] [info]  [ 'nav_launcher|4||I injected !!!!!!!!!!!!' ]
[2025-11-13 13:11:29.062] [info]  [ 'nav_launcher|4||I injected !!!!!!!!!!!!' ]
[2025-11-13 13:11:43.073] [info]  [ 'nav_launcher|4||I injected !!!!!!!!!!!!' ]
[2025-11-13 13:12:49.421] [info]  [ 'nav_launcher|4||I injected !!!!!!!!!!!!' ]
[2025-11-13 13:13:05.602] [info]  [ 'nav_launcher|4||I injected !!!!!!!!!!!!' ]
[2025-11-13 15:09:18.999] [info]  [ 'nav_launcher|4||I injected !!!!!!!!!!!!' ]
[2025-11-13 15:09:25.238] [info]  [ 'nav_launcher|4||I injected !!!!!!!!!!!!' ]
[2025-11-13 16:06:15.084] [info]  [ 'nav_launcher|4||I injected !!!!!!!!!!!!' ]
[2025-11-13 16:06:23.908] [info]  [ 'nav_launcher|4||I injected !!!!!!!!!!!!' ]
[2025-11-14 09:00:15.432] [info]  [ 'nav_launcher|4||I injected !!!!!!!!!!!!' ]
[2025-11-14 09:00:22.491] [info]  [ 'nav_launcher|4||I injected !!!!!!!!!!!!' ]
[2025-11-14 10:10:19.628] [info]  [ 'nav_appstore|4||I injected !!!!!!!!!!!!' ]
[2025-11-14 10:11:40.012] [info]  [ 'nav_launcher|4||I injected !!!!!!!!!!!!' ]
[2025-11-14 10:14:58.815] [info]  [ 'nav_client_setting|4||I injected !!!!!!!!!!!!' ]
[2025-11-14 10:15:06.477] [info]  [ 'nav_launcher|4||I injected !!!!!!!!!!!!' ]
[2025-11-14 10:19:59.115] [info]  [ 'nav_appstore|4||I injected !!!!!!!!!!!!' ]
[2025-11-14 10:26:28.302] [info]  [ 'nav_launcher|4||I injected !!!!!!!!!!!!' ]
[2025-11-14 10:26:30.658] [info]  [ 'nav_appstore|4||I injected !!!!!!!!!!!!' ]
[2025-11-14 10:27:35.884] [info]  [ 'nav_launcher|4||I injected !!!!!!!!!!!!' ]
[2025-11-14 10:27:50.679] [info]  [ 'nav_appstore|4||I injected !!!!!!!!!!!!' ]
[2025-11-14 10:29:15.412] [info]  [ 'nav_launcher|4||I injected !!!!!!!!!!!!' ]
[2025-11-14 10:29:18.462] [info]  [ 'nav_box_setting|4||I injected !!!!!!!!!!!!' ]
[2025-11-14 10:29:55.079] [info]  [ 'nav_launcher|4||I injected !!!!!!!!!!!!' ]
[2025-11-14 10:30:06.015] [info]  [ 'nav_box_setting|4||I injected !!!!!!!!!!!!' ]
[2025-11-14 10:45:22.791] [info]  [ 'nav_launcher|4||I injected !!!!!!!!!!!!' ]
[2025-11-14 10:45:24.187] [info]  [ 'nav_appstore|4||I injected !!!!!!!!!!!!' ]
[2025-11-14 10:46:39.989] [info]  [ 'nav_launcher|4||I injected !!!!!!!!!!!!' ]
[2025-11-14 10:47:17.496] [info]  [ 'nav_box_setting|4||I injected !!!!!!!!!!!!' ]
[2025-11-14 10:59:54.551] [info]  [ 'nav_launcher|4||I injected !!!!!!!!!!!!' ]
[2025-11-14 11:00:01.305] [info]  [ 'nav_box_setting|4||I injected !!!!!!!!!!!!' ]
[2025-11-14 11:00:05.197] [info]  [ 'nav_client_setting|4||I injected !!!!!!!!!!!!' ]
[2025-11-14 11:09:43.454] [info]  [ 'nav_launcher|4||I injected !!!!!!!!!!!!' ]
[2025-11-14 11:14:12.824] [info]  [ 'nav_client_setting|4||I injected !!!!!!!!!!!!' ]
[2025-11-14 11:14:22.688] [info]  [ 'nav_launcher|4||I injected !!!!!!!!!!!!' ]
[2025-11-14 11:14:27.156] [info]  [ 'nav_launcher|4||I injected !!!!!!!!!!!!' ]
[2025-11-14 11:14:30.960] [info]  [ 'nav_appstore|4||I injected !!!!!!!!!!!!' ]
[2025-11-14 11:35:18.636] [info]  [ 'nav_client_setting|4||I injected !!!!!!!!!!!!' ]
[2025-11-14 11:35:48.270] [info]  [ 'nav_launcher|4||I injected !!!!!!!!!!!!' ]
[2025-11-14 11:43:17.086] [info]  [ 'nav_launcher|4||I injected !!!!!!!!!!!!' ]
[2025-11-14 12:19:14.703] [info]  [ 'nav_box_setting|4||I injected !!!!!!!!!!!!' ]
[2025-11-14 12:54:00.013] [info]  [ 'nav_box_setting|4||I injected !!!!!!!!!!!!' ]
[2025-11-14 12:54:05.119] [info]  [ 'nav_box_setting|4||I injected !!!!!!!!!!!!' ]
[2025-11-14 13:04:55.439] [info]  [ 'nav_appstore|4||I injected !!!!!!!!!!!!' ]
[2025-11-14 14:15:19.590] [info]  [ 'nav_launcher|4||I injected !!!!!!!!!!!!' ]
[2025-11-14 14:58:13.604] [info]  [ 'nav_assistant|4||I injected !!!!!!!!!!!!' ]
[2025-11-14 15:52:02.032] [info]  [ 'nav_launcher|4||I injected !!!!!!!!!!!!' ]
[2025-11-14 15:54:58.894] [info]  [ 'nav_box_setting|4||I injected !!!!!!!!!!!!' ]
[2025-11-14 15:55:15.670] [info]  [ 'nav_client_setting|4||I injected !!!!!!!!!!!!' ]
[2025-11-14 15:57:27.157] [info]  [ 'nav_box_setting|4||I injected !!!!!!!!!!!!' ]
[2025-11-14 16:41:27.319] [info]  [ 'nav_launcher|4||I injected !!!!!!!!!!!!' ]
[2025-11-14 16:41:32.202] [info]  [ 'nav_box_setting|4||I injected !!!!!!!!!!!!' ]
[2025-11-14 16:41:33.237] [info]  [ 'nav_client_setting|4||I injected !!!!!!!!!!!!' ]
[2025-11-14 16:43:24.419] [info]  [ 'nav_launcher|4||I injected !!!!!!!!!!!!' ]
[2025-11-14 16:43:25.944] [info]  [ 'nav_launcher|4||I injected !!!!!!!!!!!!' ]
[2025-11-14 16:43:27.229] [info]  [ 'nav_launcher|4||I injected !!!!!!!!!!!!' ]
[2025-11-14 16:43:31.473] [info]  [ 'nav_launcher|4||I injected !!!!!!!!!!!!' ]
[2025-11-14 16:43:36.504] [info]  [ 'nav_launcher|4||I injected !!!!!!!!!!!!' ]
[2025-11-14 16:43:40.686] [info]  [ 'nav_launcher|4||I injected !!!!!!!!!!!!' ]
[2025-11-14 16:43:48.820] [info]  [ 'nav_launcher|4||I injected !!!!!!!!!!!!' ]
[2025-11-14 16:43:56.928] [info]  [ 'nav_launcher|4||I injected !!!!!!!!!!!!' ]
[2025-11-14 16:44:00.104] [info]  [ 'nav_appstore|4||I injected !!!!!!!!!!!!' ]
[2025-11-14 16:44:01.280] [info]  [ 'nav_launcher|4||I injected !!!!!!!!!!!!' ]
[2025-11-14 16:50:46.092] [info]  [ 'nav_box_setting|4||I injected !!!!!!!!!!!!' ]
[2025-11-14 17:07:11.058] [info]  [ 'nav_launcher|4||I injected !!!!!!!!!!!!' ]
[2025-11-14 17:16:44.609] [info]  [ 'nav_box_setting|4||I injected !!!!!!!!!!!!' ]
[2025-11-14 17:53:01.439] [info]  [ 'nav_client_setting|4||I injected !!!!!!!!!!!!' ]
[2025-11-14 17:53:46.968] [info]  [ 'nav_appstore|4||I injected !!!!!!!!!!!!' ]
[2025-11-14 17:54:02.235] [info]  [ 'nav_launcher|4||I injected !!!!!!!!!!!!' ]
[2025-11-14 19:03:53.987] [info]  [ 'nav_launcher|4||I injected !!!!!!!!!!!!' ]
[2025-11-14 19:04:05.218] [info]  [ 'nav_launcher|4||I injected !!!!!!!!!!!!' ]
[2025-11-14 19:22:57.099] [info]  [ 'nav_appstore|4||I injected !!!!!!!!!!!!' ]
[2025-11-14 19:52:52.372] [info]  [ 'nav_client_setting|4||I injected !!!!!!!!!!!!' ]
[2025-11-14 19:55:03.645] [info]  [ 'nav_launcher|4||I injected !!!!!!!!!!!!' ]
[2025-11-14 21:42:27.864] [info]  [ 'nav_box_setting|4||I injected !!!!!!!!!!!!' ]
[2025-11-14 23:39:40.352] [info]  [ 'nav_launcher|4||I injected !!!!!!!!!!!!' ]
[2025-11-14 23:39:42.077] [info]  [ 'nav_client_setting|4||I injected !!!!!!!!!!!!' ]
[2025-11-14 23:39:44.574] [info]  [ 'nav_box_setting|4||I injected !!!!!!!!!!!!' ]
[2025-11-14 23:40:24.404] [info]  [ 'nav_client_setting|4||I injected !!!!!!!!!!!!' ]
[2025-11-14 23:40:44.293] [info]  [ '更新微服窗口: |4||I injected !!!!!!!!!!!!' ]
[2025-11-14 23:45:28.331] [info]  [ 'nav_launcher|4||I injected !!!!!!!!!!!!' ]
[2025-11-14 23:45:38.604] [info]  [ 'nav_appstore|4||I injected !!!!!!!!!!!!' ]
[2025-11-14 23:45:43.609] [info]  [ 'nav_launcher|4||I injected !!!!!!!!!!!!' ]
[2025-11-14 23:47:01.381] [info]  [ 'nav_client_setting|4||I injected !!!!!!!!!!!!' ]
[2025-11-14 23:47:41.464] [info]  [ '更新微服窗口: |4||I injected !!!!!!!!!!!!' ]
[2025-11-14 23:48:02.134] [info]  [ '更新微服窗口: |4||I injected !!!!!!!!!!!!' ]
[2025-11-14 23:48:20.104] [info]  [ '更新微服窗口: |4||I injected !!!!!!!!!!!!' ]
[2025-11-14 23:48:24.326] [info]  [ '更新微服窗口: |4||I injected !!!!!!!!!!!!' ]
[2025-11-14 23:48:54.862] [info]  [ '更新微服窗口: |4||I injected !!!!!!!!!!!!' ]
[2025-11-14 23:49:09.893] [info]  [ '更新微服窗口: |4||I injected !!!!!!!!!!!!' ]
[2025-11-14 23:49:33.787] [info]  [ '更新微服窗口: |4||I injected !!!!!!!!!!!!' ]
[2025-11-14 23:49:45.110] [info]  [ '更新微服窗口: |4||I injected !!!!!!!!!!!!' ]
[2025-11-14 23:50:00.799] [info]  [ '更新微服窗口: |4||I injected !!!!!!!!!!!!' ]
[2025-11-14 23:58:07.705] [info]  [ '更新微服窗口: |4||I injected !!!!!!!!!!!!' ]
[2025-11-15 13:22:53.985] [info]  [ 'nav_launcher|4||I injected !!!!!!!!!!!!' ]
[2025-11-15 13:22:58.235] [info]  [ 'nav_launcher|4||I injected !!!!!!!!!!!!' ]
[2025-11-15 17:31:42.562] [info]  [ 'nav_client_setting|4||I injected !!!!!!!!!!!!' ]
[2025-11-15 17:32:15.476] [info]  [ '更新微服窗口: |4||I injected !!!!!!!!!!!!' ]
[2025-11-15 17:34:05.526] [info]  [ 'nav_box_setting|4||I injected !!!!!!!!!!!!' ]
[2025-11-15 17:59:44.267] [info]  [ 'nav_launcher|4||I injected !!!!!!!!!!!!' ]
[2025-11-15 17:59:47.946] [info]  [ '更新微服窗口: |4||I injected !!!!!!!!!!!!' ]
[2025-11-15 18:00:20.685] [info]  [ '更新微服窗口: |4||I injected !!!!!!!!!!!!' ]
[2025-11-15 18:00:31.515] [info]  [ 'nav_client_setting|4||I injected !!!!!!!!!!!!' ]
[2025-11-15 18:00:32.701] [info]  [ '更新微服窗口: |4||I injected !!!!!!!!!!!!' ]
[2025-11-15 18:00:45.042] [info]  [ 'nav_launcher|4||I injected !!!!!!!!!!!!' ]
[2025-11-15 18:00:46.566] [info]  [ 'nav_client_setting|4||I injected !!!!!!!!!!!!' ]
[2025-11-15 18:00:47.796] [info]  [ '更新微服窗口: |4||I injected !!!!!!!!!!!!' ]
[2025-11-15 18:00:51.922] [info]  [ '更新微服窗口: |4||I injected !!!!!!!!!!!!' ]
[2025-11-15 18:01:00.435] [info]  [ 'nav_box_setting|4||I injected !!!!!!!!!!!!' ]
[2025-11-15 18:02:01.765] [info]  [ 'nav_launcher|4||I injected !!!!!!!!!!!!' ]
[2025-11-15 18:02:27.518] [info]  [ 'nav_appstore|4||I injected !!!!!!!!!!!!' ]
[2025-11-15 18:02:31.510] [info]  [ '更新微服窗口: |4||I injected !!!!!!!!!!!!' ]
[2025-11-15 18:03:03.268] [info]  [ '更新微服窗口: |4||I injected !!!!!!!!!!!!' ]
[2025-11-15 18:03:11.555] [info]  [ 'nav_launcher|4||I injected !!!!!!!!!!!!' ]
[2025-11-15 18:03:15.799] [info]  [ 'nav_launcher|4||I injected !!!!!!!!!!!!' ]
[2025-11-15 18:03:19.596] [info]  [ 'nav_client_setting|4||I injected !!!!!!!!!!!!' ]
[2025-11-15 18:03:26.211] [info]  [ '更新微服窗口: |4||I injected !!!!!!!!!!!!' ]
[2025-11-15 18:03:30.253] [info]  [ 'nav_launcher|4||I injected !!!!!!!!!!!!' ]
[2025-11-15 18:03:33.915] [info]  [ 'nav_box_setting|4||I injected !!!!!!!!!!!!' ]
[2025-11-15 18:03:52.924] [info]  [ 'nav_launcher|4||I injected !!!!!!!!!!!!' ]
[2025-11-15 18:03:55.364] [info]  [ 'nav_client_setting|4||I injected !!!!!!!!!!!!' ]
[2025-11-15 18:05:06.384] [info]  [ 'nav_launcher|4||I injected !!!!!!!!!!!!' ]
[2025-11-15 18:22:31.170] [info]  [ 'nav_launcher|4||I injected !!!!!!!!!!!!' ]
[2025-11-15 18:23:09.848] [info]  [ 'nav_launcher|4||I injected !!!!!!!!!!!!' ]
[2025-11-15 18:23:28.321] [info]  [ 'nav_launcher|4||I injected !!!!!!!!!!!!' ]
[2025-11-15 18:23:32.730] [info]  [ 'nav_launcher|4||I injected !!!!!!!!!!!!' ]
[2025-11-16 08:54:57.316] [info]  [ 'nav_launcher|4||I injected !!!!!!!!!!!!' ]
[2025-11-16 08:55:01.527] [info]  [ 'nav_launcher|4||I injected !!!!!!!!!!!!' ]
[2025-11-16 09:04:17.527] [info]  [ 'nav_launcher|4||I injected !!!!!!!!!!!!' ]
[2025-11-16 09:06:39.340] [info]  [ 'nav_launcher|4||I injected !!!!!!!!!!!!' ]
[2025-11-16 09:07:23.530] [info]  [ 'nav_launcher|4||I injected !!!!!!!!!!!!' ]
[2025-11-16 09:07:26.373] [info]  [ 'nav_appstore|4||I injected !!!!!!!!!!!!' ]
[2025-11-16 09:07:43.490] [info]  [ '更新微服窗口: |4||I injected !!!!!!!!!!!!' ]
[2025-11-16 09:07:58.433] [info]  [ 'nav_launcher|4||I injected !!!!!!!!!!!!' ]
[2025-11-16 09:08:00.806] [info]  [ 'nav_client_setting|4||I injected !!!!!!!!!!!!' ]
[2025-11-16 12:12:34.723] [info]  [ 'nav_launcher|4||I injected !!!!!!!!!!!!' ]
[2025-11-16 12:15:35.283] [info]  [ 'nav_launcher|4||I injected !!!!!!!!!!!!' ]
[2025-11-16 12:15:39.480] [info]  [ 'nav_launcher|4||I injected !!!!!!!!!!!!' ]
[2025-11-16 13:57:42.498] [info]  [ 'nav_launcher|4||I injected !!!!!!!!!!!!' ]
[2025-11-16 13:57:46.929] [info]  [ 'nav_launcher|4||I injected !!!!!!!!!!!!' ]
[2025-11-16 16:35:42.823] [info]  [ 'nav_appstore|4||I injected !!!!!!!!!!!!' ]
[2025-11-16 18:27:21.661] [info]  [ 'nav_client_setting|4||I injected !!!!!!!!!!!!' ]
[2025-11-16 18:27:26.191] [info]  [ 'nav_box_setting|4||I injected !!!!!!!!!!!!' ]
[2025-11-16 20:45:10.995] [info]  [ 'nav_launcher|4||I injected !!!!!!!!!!!!' ]
[2025-11-16 20:45:15.242] [info]  [ 'nav_launcher|4||I injected !!!!!!!!!!!!' ]
[2025-11-16 20:45:18.462] [info]  [ 'nav_help|4||I injected !!!!!!!!!!!!' ]
