[2025-11-02 14:47:57.023] [info]  [
  'LAN Port Forwarding Tool-axy|1|https://forward.axy.heiyu.space/assets/forwardRequest-DNGTsxvm.js|allItems [object Object]'
]
[2025-11-02 14:47:57.110] [info]  [
  'LAN Port Forwarding Tool-axy|1|https://forward.axy.heiyu.space/assets/Index-B7zLE2ua.js|virtual_interfaces [object Object]'
]
[2025-11-02 14:48:09.331] [info]  [
  'LAN Port Forwarding Tool-axy|1|https://forward.axy.heiyu.space/assets/Index-B7zLE2ua.js|choosing  cloud.lazycat.app.deluge [object Proxy]'
]
[2025-11-02 14:48:10.405] [info]  [
  'LAN Port Forwarding Tool-axy|1|https://forward.axy.heiyu.space/assets/Index-B7zLE2ua.js|service deluge.cloud.lazycat.app.deluge.lzcapp undefined [object Proxy]'
]
[2025-11-02 14:48:12.470] [info]  [
  'LAN Port Forwarding Tool-axy|1|https://forward.axy.heiyu.space/assets/Index-B7zLE2ua.js|[object Object],[object Object],[object Object],[object Object],[object Object],[object Object],[object Object]'
]
[2025-11-02 14:49:01.257] [info]  [
  'LAN Port Forwarding Tool-axy|1|https://forward.axy.heiyu.space/assets/Index-B7zLE2ua.js|before close function D(N){N||(d.value=!0,c.value=!1)}'
]
[2025-11-02 14:49:05.517] [info]  [
  'LAN Port Forwarding Tool-axy|1|https://forward.axy.heiyu.space/assets/Index-B7zLE2ua.js|choosing  cloud.lazycat.app.deluge [object Proxy]'
]
[2025-11-02 14:49:06.595] [info]  [
  'LAN Port Forwarding Tool-axy|1|https://forward.axy.heiyu.space/assets/Index-B7zLE2ua.js|service deluge.cloud.lazycat.app.deluge.lzcapp undefined [object Proxy]'
]
[2025-11-02 14:49:07.251] [info]  [
  'LAN Port Forwarding Tool-axy|1|https://forward.axy.heiyu.space/assets/Index-B7zLE2ua.js|[object Object],[object Object],[object Object],[object Object],[object Object],[object Object],[object Object]'
]
[2025-11-02 14:49:17.834] [info]  [
  'LAN Port Forwarding Tool-axy|1|https://forward.axy.heiyu.space/assets/Index-B7zLE2ua.js|appPortSelect [object Proxy]'
]
[2025-11-02 14:49:25.649] [info]  [
  'LAN Port Forwarding Tool-axy|1|https://forward.axy.heiyu.space/assets/Index-B7zLE2ua.js|[object Object],[object Object],[object Object],[object Object],[object Object],[object Object],[object Object]'
]
[2025-11-02 14:49:28.826] [info]  [
  'LAN Port Forwarding Tool-axy|1|https://forward.axy.heiyu.space/assets/Index-B7zLE2ua.js|appPortSelect [object Proxy]'
]
[2025-11-02 14:49:34.557] [info]  [
  'LAN Port Forwarding Tool-axy|1|https://forward.axy.heiyu.space/assets/Index-B7zLE2ua.js|editingForwardItem.value.target_ingress.net_type [object Proxy]'
]
[2025-11-02 14:49:35.698] [info]  [
  'LAN Port Forwarding Tool-axy|1|https://forward.axy.heiyu.space/assets/Index-B7zLE2ua.js|submitForm [object Proxy]'
]
[2025-11-02 14:49:35.699] [info]  [
  'LAN Port Forwarding Tool-axy|1|https://forward.axy.heiyu.space/assets/Index-B7zLE2ua.js|8080 8001'
]
[2025-11-02 14:49:35.699] [info]  [
  'LAN Port Forwarding Tool-axy|1|https://forward.axy.heiyu.space/assets/Index-B7zLE2ua.js|7890 8001'
]
[2025-11-02 14:49:35.700] [info]  [
  'LAN Port Forwarding Tool-axy|1|https://forward.axy.heiyu.space/assets/Index-B7zLE2ua.js|5244 8001'
]
[2025-11-02 14:49:35.700] [info]  [
  'LAN Port Forwarding Tool-axy|1|https://forward.axy.heiyu.space/assets/Index-B7zLE2ua.js|4533 8001'
]
[2025-11-02 14:49:35.700] [info]  [
  'LAN Port Forwarding Tool-axy|1|https://forward.axy.heiyu.space/assets/Index-B7zLE2ua.js|3566 8001'
]
[2025-11-02 14:49:35.700] [info]  [
  'LAN Port Forwarding Tool-axy|1|https://forward.axy.heiyu.space/assets/Index-B7zLE2ua.js|3004 8001'
]
[2025-11-02 14:49:35.701] [info]  [
  'LAN Port Forwarding Tool-axy|1|https://forward.axy.heiyu.space/assets/forwardRequest-DNGTsxvm.js|create forward item [object Object]'
]
[2025-11-02 14:49:35.713] [info]  [
  'LAN Port Forwarding Tool-axy|1|https://forward.axy.heiyu.space/assets/Index-B7zLE2ua.js|[object Object]'
]
[2025-11-02 14:49:35.737] [info]  [
  'LAN Port Forwarding Tool-axy|1|https://forward.axy.heiyu.space/assets/forwardRequest-DNGTsxvm.js|allItems [object Object]'
]
[2025-11-02 14:49:35.821] [info]  [
  'LAN Port Forwarding Tool-axy|1|https://forward.axy.heiyu.space/assets/Index-B7zLE2ua.js|virtual_interfaces [object Object]'
]
[2025-11-02 14:50:26.317] [info]  [
  'LAN Port Forwarding Tool-axy|1|https://forward.axy.heiyu.space/assets/Index-B7zLE2ua.js|parse Target Addr reg.exec deluge.cloud.lazycat.app.deluge.lzcapp,deluge,cloud.lazycat.app.deluge,deluge'
]
[2025-11-02 14:50:27.811] [info]  [
  'LAN Port Forwarding Tool-axy|1|https://forward.axy.heiyu.space/assets/Index-B7zLE2ua.js|[object Object],[object Object],[object Object],[object Object],[object Object]'
]
[2025-11-02 14:50:33.007] [info]  [
  'LAN Port Forwarding Tool-axy|1|https://forward.axy.heiyu.space/assets/Index-B7zLE2ua.js|appPortSelect [object Proxy]'
]
[2025-11-02 14:50:34.246] [info]  [
  'LAN Port Forwarding Tool-axy|1|https://forward.axy.heiyu.space/assets/Index-B7zLE2ua.js|submitForm [object Proxy]'
]
[2025-11-02 14:50:34.258] [info]  [
  'LAN Port Forwarding Tool-axy|1|https://forward.axy.heiyu.space/assets/Index-B7zLE2ua.js|[object Object]'
]
[2025-11-02 14:50:34.288] [info]  [
  'LAN Port Forwarding Tool-axy|1|https://forward.axy.heiyu.space/assets/forwardRequest-DNGTsxvm.js|allItems [object Object]'
]
[2025-11-02 14:50:34.357] [info]  [
  'LAN Port Forwarding Tool-axy|1|https://forward.axy.heiyu.space/assets/Index-B7zLE2ua.js|virtual_interfaces [object Object]'
]
[2025-11-02 14:53:03.871] [info]  [
  'LAN Port Forwarding Tool-axy|1|https://forward.axy.heiyu.space/assets/Index-B7zLE2ua.js|parse Target Addr reg.exec deluge.cloud.lazycat.app.deluge.lzcapp,deluge,cloud.lazycat.app.deluge,deluge'
]
[2025-11-02 14:53:05.246] [info]  [
  'LAN Port Forwarding Tool-axy|1|https://forward.axy.heiyu.space/assets/Index-B7zLE2ua.js|[object Object],[object Object],[object Object],[object Object],[object Object]'
]
[2025-11-02 14:53:11.439] [info]  [
  'LAN Port Forwarding Tool-axy|1|https://forward.axy.heiyu.space/assets/Index-B7zLE2ua.js|before close function D(N){N||(d.value=!0,c.value=!1)}'
]
[2025-11-02 14:59:05.611] [info]  [
  'LAN Port Forwarding Tool-axy|1|https://forward.axy.heiyu.space/assets/Index-B7zLE2ua.js|parse Target Addr reg.exec openwebui.cloud.lazycat.aipod.openwebui.lzcapp,openwebui,cloud.lazycat.aipod.openwebui,openwebui'
]
[2025-11-02 14:59:06.672] [info]  [
  'LAN Port Forwarding Tool-axy|1|https://forward.axy.heiyu.space/assets/Index-B7zLE2ua.js|before close function D(N){N||(d.value=!0,c.value=!1)}'
]
[2025-11-02 14:59:07.994] [info]  [
  'LAN Port Forwarding Tool-axy|1|https://forward.axy.heiyu.space/assets/Index-B7zLE2ua.js|parse Target Addr reg.exec deluge.cloud.lazycat.app.deluge.lzcapp,deluge,cloud.lazycat.app.deluge,deluge'
]
[2025-11-02 14:59:09.892] [info]  [
  'LAN Port Forwarding Tool-axy|1|https://forward.axy.heiyu.space/assets/Index-B7zLE2ua.js|[object Object],[object Object],[object Object],[object Object],[object Object]'
]
[2025-11-02 14:59:12.423] [info]  [
  'LAN Port Forwarding Tool-axy|1|https://forward.axy.heiyu.space/assets/Index-B7zLE2ua.js|[object Object],[object Object],[object Object],[object Object],[object Object]'
]
[2025-11-02 14:59:17.047] [info]  [
  'LAN Port Forwarding Tool-axy|1|https://forward.axy.heiyu.space/assets/Index-B7zLE2ua.js|[object Object],[object Object],[object Object],[object Object],[object Object]'
]
[2025-11-02 14:59:18.779] [info]  [
  'LAN Port Forwarding Tool-axy|1|https://forward.axy.heiyu.space/assets/Index-B7zLE2ua.js|editingForwardItem.value.target_ingress.net_type [object Proxy]'
]
[2025-11-02 14:59:18.792] [info]  [
  'LAN Port Forwarding Tool-axy|1|https://forward.axy.heiyu.space/assets/forwardRequest-DNGTsxvm.js|dial_target [object Object]'
]
[2025-11-02 14:59:36.864] [info]  [
  'LAN Port Forwarding Tool-axy|1|https://forward.axy.heiyu.space/assets/Index-B7zLE2ua.js|service app.cloud.lazycat.app.deluge.lzcapp undefined [object Proxy]'
]
[2025-11-02 14:59:37.900] [info]  [
  'LAN Port Forwarding Tool-axy|1|https://forward.axy.heiyu.space/assets/Index-B7zLE2ua.js|[object Object],[object Object]'
]
[2025-11-02 14:59:40.124] [info]  [
  'LAN Port Forwarding Tool-axy|1|https://forward.axy.heiyu.space/assets/Index-B7zLE2ua.js|service deluge.cloud.lazycat.app.deluge.lzcapp undefined [object Proxy]'
]
[2025-11-02 14:59:41.564] [info]  [
  'LAN Port Forwarding Tool-axy|1|https://forward.axy.heiyu.space/assets/Index-B7zLE2ua.js|service app.cloud.lazycat.app.deluge.lzcapp undefined [object Proxy]'
]
[2025-11-02 14:59:42.571] [info]  [
  'LAN Port Forwarding Tool-axy|1|https://forward.axy.heiyu.space/assets/Index-B7zLE2ua.js|[object Object],[object Object]'
]
[2025-11-02 14:59:42.919] [info]  [
  'LAN Port Forwarding Tool-axy|1|https://forward.axy.heiyu.space/assets/Index-B7zLE2ua.js|appPortSelect [object Proxy]'
]
[2025-11-02 14:59:46.890] [info]  [
  'LAN Port Forwarding Tool-axy|1|https://forward.axy.heiyu.space/assets/Index-B7zLE2ua.js|editingForwardItem.value.target_ingress.net_type [object Proxy]'
]
[2025-11-02 14:59:48.965] [info]  [
  'LAN Port Forwarding Tool-axy|1|https://forward.axy.heiyu.space/assets/Index-B7zLE2ua.js|submitForm [object Proxy]'
]
[2025-11-02 14:59:50.231] [info]  [
  'LAN Port Forwarding Tool-axy|1|https://forward.axy.heiyu.space/assets/Index-B7zLE2ua.js|[object Object]'
]
[2025-11-02 14:59:50.251] [info]  [
  'LAN Port Forwarding Tool-axy|1|https://forward.axy.heiyu.space/assets/forwardRequest-DNGTsxvm.js|allItems [object Object]'
]
[2025-11-02 14:59:50.308] [info]  [
  'LAN Port Forwarding Tool-axy|1|https://forward.axy.heiyu.space/assets/Index-B7zLE2ua.js|virtual_interfaces [object Object]'
]
[2025-11-02 15:00:55.075] [info]  [
  'LAN Port Forwarding Tool-axy|1|https://forward.axy.heiyu.space/assets/Index-B7zLE2ua.js|parse Target Addr reg.exec app.cloud.lazycat.app.deluge.lzcapp,app,cloud.lazycat.app.deluge,deluge'
]
[2025-11-02 15:00:56.558] [info]  [
  'LAN Port Forwarding Tool-axy|1|https://forward.axy.heiyu.space/assets/Index-B7zLE2ua.js|service deluge.cloud.lazycat.app.deluge.lzcapp undefined [object Proxy]'
]
[2025-11-02 15:00:59.361] [info]  [
  'LAN Port Forwarding Tool-axy|1|https://forward.axy.heiyu.space/assets/Index-B7zLE2ua.js|[object Object],[object Object],[object Object],[object Object],[object Object]'
]
[2025-11-02 15:01:04.562] [info]  [
  'LAN Port Forwarding Tool-axy|1|https://forward.axy.heiyu.space/assets/Index-B7zLE2ua.js|[object Object],[object Object],[object Object],[object Object],[object Object]'
]
[2025-11-02 15:01:10.460] [info]  [
  'LAN Port Forwarding Tool-axy|1|https://forward.axy.heiyu.space/assets/Index-B7zLE2ua.js|appPortSelect [object Proxy]'
]
[2025-11-02 15:01:12.745] [info]  [
  'LAN Port Forwarding Tool-axy|1|https://forward.axy.heiyu.space/assets/Index-B7zLE2ua.js|submitForm [object Proxy]'
]
[2025-11-02 15:01:12.755] [info]  [
  'LAN Port Forwarding Tool-axy|1|https://forward.axy.heiyu.space/assets/Index-B7zLE2ua.js|[object Object]'
]
[2025-11-02 15:01:12.790] [info]  [
  'LAN Port Forwarding Tool-axy|1|https://forward.axy.heiyu.space/assets/forwardRequest-DNGTsxvm.js|allItems [object Object]'
]
[2025-11-02 15:01:12.899] [info]  [
  'LAN Port Forwarding Tool-axy|1|https://forward.axy.heiyu.space/assets/Index-B7zLE2ua.js|virtual_interfaces [object Object]'
]
[2025-11-02 15:01:46.833] [info]  [
  'LAN Port Forwarding Tool-axy|1|https://forward.axy.heiyu.space/assets/forwardRequest-DNGTsxvm.js|allItems [object Object]'
]
[2025-11-02 15:01:46.912] [info]  [
  'LAN Port Forwarding Tool-axy|1|https://forward.axy.heiyu.space/assets/Index-B7zLE2ua.js|virtual_interfaces [object Object]'
]
[2025-11-02 15:01:49.411] [info]  [
  'LAN Port Forwarding Tool-axy|1|https://forward.axy.heiyu.space/assets/forwardRequest-DNGTsxvm.js|allItems [object Object]'
]
[2025-11-02 15:01:49.493] [info]  [
  'LAN Port Forwarding Tool-axy|1|https://forward.axy.heiyu.space/assets/Index-B7zLE2ua.js|virtual_interfaces [object Object]'
]
[2025-11-02 15:01:51.180] [info]  [
  'LAN Port Forwarding Tool-axy|1|https://forward.axy.heiyu.space/assets/forwardRequest-DNGTsxvm.js|allItems [object Object]'
]
[2025-11-02 15:01:51.253] [info]  [
  'LAN Port Forwarding Tool-axy|1|https://forward.axy.heiyu.space/assets/Index-B7zLE2ua.js|virtual_interfaces [object Object]'
]
[2025-11-02 15:01:53.442] [info]  [
  'LAN Port Forwarding Tool-axy|1|https://forward.axy.heiyu.space/assets/forwardRequest-DNGTsxvm.js|allItems [object Object]'
]
[2025-11-02 15:01:53.517] [info]  [
  'LAN Port Forwarding Tool-axy|1|https://forward.axy.heiyu.space/assets/Index-B7zLE2ua.js|virtual_interfaces [object Object]'
]
[2025-11-02 15:01:55.114] [info]  [
  'LAN Port Forwarding Tool-axy|1|https://forward.axy.heiyu.space/assets/Index-B7zLE2ua.js|parse Target Addr reg.exec openwebui.cloud.lazycat.aipod.openwebui.lzcapp,openwebui,cloud.lazycat.aipod.openwebui,openwebui'
]
[2025-11-02 15:01:59.098] [info]  [
  'LAN Port Forwarding Tool-axy|1|https://forward.axy.heiyu.space/assets/forwardRequest-DNGTsxvm.js|allItems [object Object]'
]
[2025-11-02 15:01:59.165] [info]  [
  'LAN Port Forwarding Tool-axy|1|https://forward.axy.heiyu.space/assets/Index-B7zLE2ua.js|virtual_interfaces [object Object]'
]
[2025-11-02 15:02:03.482] [info]  [
  'LAN Port Forwarding Tool-axy|1|https://forward.axy.heiyu.space/assets/Index-B7zLE2ua.js|parse Target Addr reg.exec deluge.cloud.lazycat.app.deluge.lzcapp,deluge,cloud.lazycat.app.deluge,deluge'
]
[2025-11-02 15:02:05.892] [info]  [
  'LAN Port Forwarding Tool-axy|1|https://forward.axy.heiyu.space/assets/Index-B7zLE2ua.js|[object Object],[object Object],[object Object],[object Object],[object Object]'
]
[2025-11-02 15:02:07.594] [info]  [
  'LAN Port Forwarding Tool-axy|1|https://forward.axy.heiyu.space/assets/Index-B7zLE2ua.js|appPortSelect [object Proxy]'
]
[2025-11-02 15:02:10.169] [info]  [
  'LAN Port Forwarding Tool-axy|1|https://forward.axy.heiyu.space/assets/Index-B7zLE2ua.js|editingForwardItem.value.target_ingress.net_type [object Proxy]'
]
[2025-11-02 15:02:11.089] [info]  [
  'LAN Port Forwarding Tool-axy|1|https://forward.axy.heiyu.space/assets/Index-B7zLE2ua.js|submitForm [object Proxy]'
]
[2025-11-02 15:02:11.100] [info]  [
  'LAN Port Forwarding Tool-axy|1|https://forward.axy.heiyu.space/assets/Index-B7zLE2ua.js|[object Object]'
]
[2025-11-02 15:02:11.134] [info]  [
  'LAN Port Forwarding Tool-axy|1|https://forward.axy.heiyu.space/assets/forwardRequest-DNGTsxvm.js|allItems [object Object]'
]
[2025-11-02 15:02:11.230] [info]  [
  'LAN Port Forwarding Tool-axy|1|https://forward.axy.heiyu.space/assets/Index-B7zLE2ua.js|virtual_interfaces [object Object]'
]
[2025-11-02 15:05:09.902] [info]  [
  'LAN Port Forwarding Tool-axy|1|https://forward.axy.heiyu.space/assets/Index-B7zLE2ua.js|parse Target Addr reg.exec deluge.cloud.lazycat.app.deluge.lzcapp,deluge,cloud.lazycat.app.deluge,deluge'
]
[2025-11-02 15:05:11.593] [info]  [
  'LAN Port Forwarding Tool-axy|1|https://forward.axy.heiyu.space/assets/Index-B7zLE2ua.js|before close function D(N){N||(d.value=!0,c.value=!1)}'
]
[2025-11-02 15:10:52.378] [info]  [
  'LAN Port Forwarding Tool-axy|1|https://forward.axy.heiyu.space/assets/Index-B7zLE2ua.js|parse Target Addr reg.exec deluge.cloud.lazycat.app.deluge.lzcapp,deluge,cloud.lazycat.app.deluge,deluge'
]
[2025-11-02 15:11:36.970] [info]  [
  'LAN Port Forwarding Tool-axy|1|https://forward.axy.heiyu.space/assets/Index-B7zLE2ua.js|before close function D(N){N||(d.value=!0,c.value=!1)}'
]
[2025-11-02 18:08:13.382] [info]  [
  'LAN Port Forwarding Tool-axy|1|https://forward.axy.heiyu.space/assets/forwardRequest-DNGTsxvm.js|allItems [object Object]'
]
[2025-11-02 18:08:14.213] [info]  [
  'LAN Port Forwarding Tool-axy|1|https://forward.axy.heiyu.space/assets/Index-B7zLE2ua.js|virtual_interfaces [object Object]'
]
[2025-11-02 18:48:57.815] [info]  [
  'LAN Port Forwarding Tool-axy|1|https://forward.axy.heiyu.space/assets/forwardRequest-DNGTsxvm.js|allItems [object Object]'
]
[2025-11-02 18:48:58.398] [info]  [
  'LAN Port Forwarding Tool-axy|1|https://forward.axy.heiyu.space/assets/Index-B7zLE2ua.js|virtual_interfaces [object Object]'
]
[2025-11-02 18:48:59.014] [info]  [
  'LAN Port Forwarding Tool-axy|1|https://forward.axy.heiyu.space/assets/Index-B7zLE2ua.js|parse Target Addr reg.exec qbittorrentee.cloud.lazycat.app.qbittorrentee.lzcapp,qbittorrentee,cloud.lazycat.app.qbittorrentee,qbittorrentee'
]
[2025-11-02 18:49:01.359] [info]  [
  'LAN Port Forwarding Tool-axy|1|https://forward.axy.heiyu.space/assets/Index-B7zLE2ua.js|Uncaught (in promise) TypeError: I.appPortsMap.has is not a function'
]
[2025-11-02 18:49:01.981] [info]  [
  'LAN Port Forwarding Tool-axy|1|https://forward.axy.heiyu.space/assets/Index-B7zLE2ua.js|before close function D(N){N||(d.value=!0,c.value=!1)}'
]
[2025-11-02 18:49:04.692] [info]  [
  'LAN Port Forwarding Tool-axy|1|https://forward.axy.heiyu.space/assets/Index-B7zLE2ua.js|choosing  cloud.lazycat.app.testflight [object Proxy]'
]
[2025-11-02 18:49:06.011] [info]  [
  'LAN Port Forwarding Tool-axy|1|https://forward.axy.heiyu.space/assets/Index-B7zLE2ua.js|service app.cloud.lazycat.app.testflight.lzcapp undefined [object Proxy]'
]
[2025-11-02 18:49:08.792] [info]  [
  'LAN Port Forwarding Tool-axy|1|https://forward.axy.heiyu.space/assets/Index-B7zLE2ua.js|[object Object],[object Object]'
]
[2025-11-02 18:49:20.751] [info]  [
  'LAN Port Forwarding Tool-axy|1|https://forward.axy.heiyu.space/assets/Index-B7zLE2ua.js|[object Object],[object Object]'
]
[2025-11-03 19:59:05.786] [info]  [
  'LAN Port Forwarding Tool-axy|1|https://forward.axy.heiyu.space/assets/forwardRequest-DNGTsxvm.js|allItems [object Object]'
]
[2025-11-03 19:59:05.879] [info]  [
  'LAN Port Forwarding Tool-axy|1|https://forward.axy.heiyu.space/assets/Index-B7zLE2ua.js|virtual_interfaces [object Object]'
]
[2025-11-03 21:42:31.130] [info]  [
  'LAN Port Forwarding Tool-axy|1|https://forward.axy.heiyu.space/assets/forwardRequest-DNGTsxvm.js|allItems [object Object]'
]
[2025-11-03 21:42:31.202] [info]  [
  'LAN Port Forwarding Tool-axy|1|https://forward.axy.heiyu.space/assets/Index-B7zLE2ua.js|virtual_interfaces [object Object]'
]
[2025-11-03 21:43:36.098] [info]  [
  'LAN Port Forwarding Tool-axy|0|https://forward.axy.heiyu.space/|ResizeObserver loop completed with undelivered notifications.'
]
[2025-11-03 21:43:36.228] [info]  [
  'LAN Port Forwarding Tool-axy|0|https://forward.axy.heiyu.space/|ResizeObserver loop completed with undelivered notifications.'
]
[2025-11-03 23:13:49.381] [info]  [
  'LAN Port Forwarding Tool-axy|1|https://forward.axy.heiyu.space/assets/forwardRequest-DNGTsxvm.js|allItems [object Object]'
]
[2025-11-03 23:13:49.431] [info]  [
  'LAN Port Forwarding Tool-axy|1|https://forward.axy.heiyu.space/assets/Index-B7zLE2ua.js|virtual_interfaces [object Object]'
]
[2025-11-03 23:13:53.058] [info]  [
  'LAN Port Forwarding Tool-axy|1|https://forward.axy.heiyu.space/assets/Index-B7zLE2ua.js|parse Target Addr reg.exec qbittorrentee.cloud.lazycat.app.qbittorrentee.lzcapp,qbittorrentee,cloud.lazycat.app.qbittorrentee,qbittorrentee'
]
[2025-11-03 23:13:54.694] [info]  [
  'LAN Port Forwarding Tool-axy|1|https://forward.axy.heiyu.space/assets/Index-B7zLE2ua.js|before close function D(N){N||(d.value=!0,c.value=!1)}'
]
[2025-11-03 23:13:57.164] [info]  [
  'LAN Port Forwarding Tool-axy|0|https://forward.axy.heiyu.space/|ResizeObserver loop completed with undelivered notifications.'
]
[2025-11-03 23:14:01.405] [info]  [
  'LAN Port Forwarding Tool-axy|1|https://forward.axy.heiyu.space/assets/Index-B7zLE2ua.js|choosing  cloud.lazycat.app.lzctvcontroller [object Proxy]'
]
[2025-11-03 23:14:03.239] [info]  [
  'LAN Port Forwarding Tool-axy|1|https://forward.axy.heiyu.space/assets/Index-B7zLE2ua.js|service tvos.cloud.lazycat.app.lzctvcontroller.lzcapp undefined [object Proxy]'
]
[2025-11-03 23:14:14.527] [info]  [
  'LAN Port Forwarding Tool-axy|1|https://forward.axy.heiyu.space/assets/Index-B7zLE2ua.js|before close function D(N){N||(d.value=!0,c.value=!1)}'
]
[2025-11-03 23:14:15.787] [info]  [
  'LAN Port Forwarding Tool-axy|0|https://forward.axy.heiyu.space/|ResizeObserver loop completed with undelivered notifications.'
]
