[2025-10-31 10:41:16.272] [info]  [
  'Vite + Vue-axy|17|https://lzc-query.axy.heiyu.space/assets/index-D3Hsbxwl.js|[object Proxy]'
]
[2025-10-31 10:41:16.273] [info]  [
  'Vite + Vue-axy|17|https://lzc-query.axy.heiyu.space/assets/index-D3Hsbxwl.js|true'
]
[2025-11-02 11:19:01.724] [info]  [
  'lzcQuery 启动中-axy|200|https://lzc-query.axy.heiyu.space/|请求成功，状态码： [object Response] 13'
]
[2025-11-03 09:25:12.302] [info]  [
  'Vite + Vue-axy|13|https://lzc-query.axy.heiyu.space/assets/index-DkQarrJR.js|TypeError: Gt.reduce is not a function'
]
[2025-11-03 09:25:20.528] [info]  [
  'Vite + Vue-axy|13|https://lzc-query.axy.heiyu.space/assets/index-DkQarrJR.js|TypeError: Gt.reduce is not a function'
]
[2025-11-04 17:27:55.978] [info]  [
  'Vite + Vue-axy|17|https://lzc-query.axy.heiyu.space/assets/index-C0WURD_W.js|1171.3514404296875 144.01351928710938 7'
]
[2025-11-04 17:27:55.979] [info]  [
  'Vite + Vue-axy|17|https://lzc-query.axy.heiyu.space/assets/index-C0WURD_W.js|1.1619459123679796'
]
[2025-11-04 17:27:57.074] [info]  [
  'Vite + Vue-axy|17|https://lzc-query.axy.heiyu.space/assets/index-C0WURD_W.js|111'
]
[2025-11-04 17:27:57.081] [info]  [
  'Vite + Vue-axy|17|https://lzc-query.axy.heiyu.space/assets/index-C0WURD_W.js|111'
]
[2025-11-04 17:28:00.918] [info]  [
  'Vite + Vue-axy|17|https://lzc-query.axy.heiyu.space/assets/index-C0WURD_W.js|111'
]
[2025-11-04 17:28:01.440] [info]  [
  'Vite + Vue-axy|17|https://lzc-query.axy.heiyu.space/assets/index-C0WURD_W.js|111'
]
[2025-11-04 17:28:01.522] [info]  [
  'Vite + Vue-axy|17|https://lzc-query.axy.heiyu.space/assets/index-C0WURD_W.js|111'
]
[2025-11-04 17:28:01.951] [info]  [
  'Vite + Vue-axy|17|https://lzc-query.axy.heiyu.space/assets/index-C0WURD_W.js|111'
]
[2025-11-04 17:28:03.998] [info]  [
  'Vite + Vue-axy|17|https://lzc-query.axy.heiyu.space/assets/index-C0WURD_W.js|111'
]
[2025-11-04 17:28:04.000] [info]  [
  'Vite + Vue-axy|17|https://lzc-query.axy.heiyu.space/assets/index-C0WURD_W.js|111'
]
[2025-11-04 17:28:08.198] [info]  [
  'Vite + Vue-axy|17|https://lzc-query.axy.heiyu.space/assets/index-C0WURD_W.js|111'
]
[2025-11-04 17:28:08.651] [info]  [
  'Vite + Vue-axy|17|https://lzc-query.axy.heiyu.space/assets/index-C0WURD_W.js|111'
]
[2025-11-04 17:28:10.553] [info]  [
  'Vite + Vue-axy|17|https://lzc-query.axy.heiyu.space/assets/index-C0WURD_W.js|111'
]
[2025-11-04 17:28:10.933] [info]  [
  'Vite + Vue-axy|17|https://lzc-query.axy.heiyu.space/assets/index-C0WURD_W.js|111'
]
[2025-11-04 17:28:11.281] [info]  [
  'Vite + Vue-axy|17|https://lzc-query.axy.heiyu.space/assets/index-C0WURD_W.js|111'
]
[2025-11-04 17:28:11.657] [info]  [
  'Vite + Vue-axy|17|https://lzc-query.axy.heiyu.space/assets/index-C0WURD_W.js|111'
]
[2025-11-04 17:28:12.994] [info]  [
  'Vite + Vue-axy|17|https://lzc-query.axy.heiyu.space/assets/index-C0WURD_W.js|111'
]
[2025-11-04 17:28:12.995] [info]  [
  'Vite + Vue-axy|17|https://lzc-query.axy.heiyu.space/assets/index-C0WURD_W.js|111'
]
[2025-11-11 18:54:30.697] [info]  [
  'lzcQuery 启动中-axy|145|https://lzc-query.axy.heiyu.space/|请求成功，状态码： [object Response] 8'
]
[2025-11-11 18:54:41.758] [info]  [
  'lzcQuery 启动中-axy|200|https://lzc-query.axy.heiyu.space/|请求成功，状态码： [object Response] 5'
]
