[2025-11-02 13:20:06.799] [info]  [
  '日志查看器-axy|233|https://logviewer.axy.heiyu.space/static/js/script.js|搜索: i'
]
[2025-11-02 13:20:07.364] [info]  [
  '日志查看器-axy|233|https://logviewer.axy.heiyu.space/static/js/script.js|搜索: imm'
]
[2025-11-02 13:20:36.063] [info]  [
  '日志查看器-axy|233|https://logviewer.axy.heiyu.space/static/js/script.js|搜索: imm'
]
[2025-11-02 13:20:36.990] [info]  [
  '日志查看器-axy|233|https://logviewer.axy.heiyu.space/static/js/script.js|搜索: immi'
]
[2025-11-02 13:20:38.154] [info]  [
  '日志查看器-axy|233|https://logviewer.axy.heiyu.space/static/js/script.js|搜索: immich'
]
[2025-11-05 09:42:01.254] [info]  [
  '日志查看器-axy|233|https://logviewer.axy.heiyu.space/static/js/script.js|搜索: b'
]
[2025-11-05 09:42:03.961] [info]  [
  '日志查看器-axy|233|https://logviewer.axy.heiyu.space/static/js/script.js|搜索: bet'
]
[2025-11-05 09:42:05.555] [info]  [
  '日志查看器-axy|233|https://logviewer.axy.heiyu.space/static/js/script.js|搜索: net'
]
[2025-11-05 10:01:16.853] [info]  [
  '日志查看器-axy|233|https://logviewer.axy.heiyu.space/static/js/script.js|搜索: nett'
]
[2025-11-05 10:01:17.253] [info]  [
  '日志查看器-axy|233|https://logviewer.axy.heiyu.space/static/js/script.js|搜索: nettyp'
]
[2025-11-05 10:01:17.681] [info]  [
  '日志查看器-axy|233|https://logviewer.axy.heiyu.space/static/js/script.js|搜索: nettype'
]
