[2025-11-03 13:21:02.985] [info]  [
  'AI App-axy|2|https://ai.axy.heiyu.space/assets/config-CeRRt2z_.js|isExtensionEnv:  false'
]
[2025-11-03 13:21:02.987] [info]  [
  'AI App-axy|2|https://ai.axy.heiyu.space/assets/config-CeRRt2z_.js|boxName:  axy'
]
[2025-11-03 13:21:02.995] [info]  [
  'AI App-axy|24|https://ai.axy.heiyu.space/assets/index-uqIumTEh.js|%c The @lazycatcloud/sdk version is %c 0.1.477 %c background:#35495E; padding: 1px; border-radius: 3px 0 0 3px; color: #fff; background:#3488ff; padding: 1px; border-radius: 0 3px 3px 0;  color: #fff; background:transparent'
]
[2025-11-03 13:21:02.996] [info]  [
  'AI App-axy|1|https://ai.axy.heiyu.space/assets/config-CeRRt2z_.js|getUserInfo - sdk:  [object Object]'
]
[2025-11-03 13:21:03.088] [info]  [
  'AI App-axy|24|https://ai.axy.heiyu.space/assets/index-uqIumTEh.js|%c LZC SDK Version is %c unknown %c background:#35495E; padding: 1px; border-radius: 3px 0 0 3px; color: #fff; background:#3488ff; padding: 1px; border-radius: 0 3px 3px 0;  color: #fff; background:transparent'
]
[2025-11-03 13:21:03.591] [info]  [
  'AI App-axy|1|https://ai.axy.heiyu.space/assets/config-CeRRt2z_.js|getUserInfo - userInfo:  [object Object]'
]
[2025-11-03 13:21:03.591] [info]  [
  'AI App-axy|2|https://ai.axy.heiyu.space/assets/config-CeRRt2z_.js|user:  [object Proxy]'
]
[2025-11-04 13:46:02.012] [info]  [
  'AI App-axy|2|https://ai.axy.heiyu.space/assets/config-CeRRt2z_.js|isExtensionEnv:  false'
]
[2025-11-04 13:46:02.014] [info]  [
  'AI App-axy|2|https://ai.axy.heiyu.space/assets/config-CeRRt2z_.js|boxName:  axy'
]
[2025-11-04 13:46:02.020] [info]  [
  'AI App-axy|24|https://ai.axy.heiyu.space/assets/index-uqIumTEh.js|%c The @lazycatcloud/sdk version is %c 0.1.477 %c background:#35495E; padding: 1px; border-radius: 3px 0 0 3px; color: #fff; background:#3488ff; padding: 1px; border-radius: 0 3px 3px 0;  color: #fff; background:transparent'
]
[2025-11-04 13:46:02.021] [info]  [
  'AI App-axy|1|https://ai.axy.heiyu.space/assets/config-CeRRt2z_.js|getUserInfo - sdk:  [object Object]'
]
[2025-11-04 13:46:02.033] [info]  [
  'AI App-axy|24|https://ai.axy.heiyu.space/assets/index-uqIumTEh.js|%c LZC SDK Version is %c unknown %c background:#35495E; padding: 1px; border-radius: 3px 0 0 3px; color: #fff; background:#3488ff; padding: 1px; border-radius: 0 3px 3px 0;  color: #fff; background:transparent'
]
[2025-11-04 13:46:02.046] [info]  [
  'AI App-axy|1|https://ai.axy.heiyu.space/assets/config-CeRRt2z_.js|getUserInfo - userInfo:  [object Object]'
]
[2025-11-04 13:46:02.046] [info]  [
  'AI App-axy|2|https://ai.axy.heiyu.space/assets/config-CeRRt2z_.js|user:  [object Proxy]'
]
[2025-11-04 15:00:40.687] [info]  [
  'AI App-axy|2|https://ai.axy.heiyu.space/assets/config-CeRRt2z_.js|isExtensionEnv:  false'
]
[2025-11-04 15:00:40.688] [info]  [
  'AI App-axy|2|https://ai.axy.heiyu.space/assets/config-CeRRt2z_.js|boxName:  axy'
]
[2025-11-04 15:00:40.694] [info]  [
  'AI App-axy|24|https://ai.axy.heiyu.space/assets/index-uqIumTEh.js|%c The @lazycatcloud/sdk version is %c 0.1.477 %c background:#35495E; padding: 1px; border-radius: 3px 0 0 3px; color: #fff; background:#3488ff; padding: 1px; border-radius: 0 3px 3px 0;  color: #fff; background:transparent'
]
[2025-11-04 15:00:40.694] [info]  [
  'AI App-axy|1|https://ai.axy.heiyu.space/assets/config-CeRRt2z_.js|getUserInfo - sdk:  [object Object]'
]
[2025-11-04 15:00:40.713] [info]  [
  'AI App-axy|24|https://ai.axy.heiyu.space/assets/index-uqIumTEh.js|%c LZC SDK Version is %c unknown %c background:#35495E; padding: 1px; border-radius: 3px 0 0 3px; color: #fff; background:#3488ff; padding: 1px; border-radius: 0 3px 3px 0;  color: #fff; background:transparent'
]
[2025-11-04 15:00:40.731] [info]  [
  'AI App-axy|1|https://ai.axy.heiyu.space/assets/config-CeRRt2z_.js|getUserInfo - userInfo:  [object Object]'
]
[2025-11-04 15:00:40.731] [info]  [
  'AI App-axy|2|https://ai.axy.heiyu.space/assets/config-CeRRt2z_.js|user:  [object Proxy]'
]
