[2025-11-03 20:01:01.594] [info]  [
  'Jellyfin 启动中-axy|145|https://jellyfinsingle.axy.heiyu.space/|请求成功，状态码： [object Response] 8'
]
[2025-11-14 14:15:35.672] [info]  [
  'Jellyfin-axy|2|https://jellyfinsingle.axy.heiyu.space/web/main.jellyfin.bundle.js?453696da328d0c4e0577|[dateFnsLocale] updating date-fns locale zh-cn'
]
[2025-11-14 14:15:35.673] [info]  [
  'Jellyfin-axy|2|https://jellyfinsingle.axy.heiyu.space/web/main.jellyfin.bundle.js?453696da328d0c4e0577|[dateFnsLocale] mapped to date-fns locale zh-CN'
]
[2025-11-14 14:15:35.696] [info]  [
  'Jellyfin-axy|2|https://jellyfinsingle.axy.heiyu.space/web/main.jellyfin.bundle.js?453696da328d0c4e0577|[viewContainer] resetting view cache'
]
[2025-11-14 14:15:35.727] [info]  [
  'Jellyfin-axy|2|https://jellyfinsingle.axy.heiyu.space/web/node_modules.jellyfin-apiclient.bundle.js?453696da328d0c4e0577|Stored JSON credentials: {}'
]
[2025-11-14 14:15:35.727] [info]  [
  'Jellyfin-axy|2|https://jellyfinsingle.axy.heiyu.space/web/node_modules.jellyfin-apiclient.bundle.js?453696da328d0c4e0577|Begin ConnectionManager constructor'
]
[2025-11-14 14:15:35.729] [info]  [
  'Jellyfin-axy|2|https://jellyfinsingle.axy.heiyu.space/web/main.jellyfin.bundle.js?453696da328d0c4e0577|[jellyfin-web]\n' +
    'version: 10.10.7\n' +
    'commit: \n' +
    'build: 250503'
]
[2025-11-14 14:15:35.743] [info]  [
  'Jellyfin-axy|2|https://jellyfinsingle.axy.heiyu.space/web/main.jellyfin.bundle.js?453696da328d0c4e0577|URL candidates: https://jellyfinsingle.axy.heiyu.space'
]
[2025-11-14 14:15:35.809] [info]  [
  'Jellyfin-axy|2|https://jellyfinsingle.axy.heiyu.space/web/main.jellyfin.bundle.js?453696da328d0c4e0577|creating ApiClient singleton'
]
[2025-11-14 14:15:35.810] [info]  [
  'Jellyfin-axy|2|https://jellyfinsingle.axy.heiyu.space/web/node_modules.jellyfin-apiclient.bundle.js?453696da328d0c4e0577|ApiClient serverAddress: https://jellyfinsingle.axy.heiyu.space'
]
[2025-11-14 14:15:35.810] [info]  [
  'Jellyfin-axy|2|https://jellyfinsingle.axy.heiyu.space/web/node_modules.jellyfin-apiclient.bundle.js?453696da328d0c4e0577|ApiClient appName: Jellyfin Web'
]
[2025-11-14 14:15:35.810] [info]  [
  'Jellyfin-axy|2|https://jellyfinsingle.axy.heiyu.space/web/node_modules.jellyfin-apiclient.bundle.js?453696da328d0c4e0577|ApiClient appVersion: 10.10.7'
]
[2025-11-14 14:15:35.811] [info]  [
  'Jellyfin-axy|2|https://jellyfinsingle.axy.heiyu.space/web/node_modules.jellyfin-apiclient.bundle.js?453696da328d0c4e0577|ApiClient deviceName: Chrome'
]
[2025-11-14 14:15:35.811] [info]  [
  'Jellyfin-axy|2|https://jellyfinsingle.axy.heiyu.space/web/node_modules.jellyfin-apiclient.bundle.js?453696da328d0c4e0577|ApiClient deviceId: TW96aWxsYS81LjAgKFgxMTsgTGludXggeDg2XzY0KSBBcHBsZVdlYktpdC81MzcuMzYgKEtIVE1MLCBsaWtlIEdlY2tvKSBsemMtY2xpZW50LWRlc2t0b3AvMS42LjAgQ2hyb21lLzEzOC4wLjcyMDQuOTcgIFNhZmFyaS81MzcuMzYgTGF6eUNhdENsaWVudERlc2t0b3AvTGF6eWNhdF9hcHBzfDE3NjMxMDA5MzU2Nzk1'
]
[2025-11-14 14:15:35.812] [info]  [
  'Jellyfin-axy|2|https://jellyfinsingle.axy.heiyu.space/web/main.jellyfin.bundle.js?453696da328d0c4e0577|loaded ApiClient singleton'
]
[2025-11-14 14:15:35.813] [info]  [
  'Jellyfin-axy|2|https://jellyfinsingle.axy.heiyu.space/web/main.jellyfin.bundle.js?453696da328d0c4e0577|[autoCast] initializing connection listener'
]
[2025-11-14 14:15:36.096] [info]  [
  'Jellyfin-axy|2|https://jellyfinsingle.axy.heiyu.space/web/main.jellyfin.bundle.js?453696da328d0c4e0577|using default fonts'
]
[2025-11-14 14:15:36.101] [info]  [
  'Jellyfin-axy|2|https://jellyfinsingle.axy.heiyu.space/web/main.jellyfin.bundle.js?453696da328d0c4e0577|loading installed plugins'
]
[2025-11-14 14:15:36.102] [info]  [
  'Jellyfin-axy|2|https://jellyfinsingle.axy.heiyu.space/web/main.jellyfin.bundle.js?453696da328d0c4e0577|[object Object]'
]
[2025-11-14 14:15:36.103] [info]  [
  'Jellyfin-axy|2|https://jellyfinsingle.axy.heiyu.space/web/main.jellyfin.bundle.js?453696da328d0c4e0577|Loading plugin (via dynamic import): playAccessValidation/plugin'
]
[2025-11-14 14:15:36.105] [info]  [
  'Jellyfin-axy|2|https://jellyfinsingle.axy.heiyu.space/web/main.jellyfin.bundle.js?453696da328d0c4e0577|Loading plugin (via dynamic import): experimentalWarnings/plugin'
]
[2025-11-14 14:15:36.106] [info]  [
  'Jellyfin-axy|2|https://jellyfinsingle.axy.heiyu.space/web/main.jellyfin.bundle.js?453696da328d0c4e0577|Loading plugin (via dynamic import): htmlAudioPlayer/plugin'
]
[2025-11-14 14:15:36.107] [info]  [
  'Jellyfin-axy|2|https://jellyfinsingle.axy.heiyu.space/web/main.jellyfin.bundle.js?453696da328d0c4e0577|Loading plugin (via dynamic import): htmlVideoPlayer/plugin'
]
[2025-11-14 14:15:36.108] [info]  [
  'Jellyfin-axy|2|https://jellyfinsingle.axy.heiyu.space/web/main.jellyfin.bundle.js?453696da328d0c4e0577|Loading plugin (via dynamic import): photoPlayer/plugin'
]
[2025-11-14 14:15:36.109] [info]  [
  'Jellyfin-axy|2|https://jellyfinsingle.axy.heiyu.space/web/main.jellyfin.bundle.js?453696da328d0c4e0577|Loading plugin (via dynamic import): comicsPlayer/plugin'
]
[2025-11-14 14:15:36.109] [info]  [
  'Jellyfin-axy|2|https://jellyfinsingle.axy.heiyu.space/web/main.jellyfin.bundle.js?453696da328d0c4e0577|Loading plugin (via dynamic import): bookPlayer/plugin'
]
[2025-11-14 14:15:36.110] [info]  [
  'Jellyfin-axy|2|https://jellyfinsingle.axy.heiyu.space/web/main.jellyfin.bundle.js?453696da328d0c4e0577|Loading plugin (via dynamic import): youtubePlayer/plugin'
]
[2025-11-14 14:15:36.113] [info]  [
  'Jellyfin-axy|2|https://jellyfinsingle.axy.heiyu.space/web/main.jellyfin.bundle.js?453696da328d0c4e0577|Loading plugin (via dynamic import): backdropScreensaver/plugin'
]
[2025-11-14 14:15:36.113] [info]  [
  'Jellyfin-axy|2|https://jellyfinsingle.axy.heiyu.space/web/main.jellyfin.bundle.js?453696da328d0c4e0577|Loading plugin (via dynamic import): pdfPlayer/plugin'
]
[2025-11-14 14:15:36.114] [info]  [
  'Jellyfin-axy|2|https://jellyfinsingle.axy.heiyu.space/web/main.jellyfin.bundle.js?453696da328d0c4e0577|Loading plugin (via dynamic import): logoScreensaver/plugin'
]
[2025-11-14 14:15:36.114] [info]  [
  'Jellyfin-axy|2|https://jellyfinsingle.axy.heiyu.space/web/main.jellyfin.bundle.js?453696da328d0c4e0577|Loading plugin (via dynamic import): sessionPlayer/plugin'
]
[2025-11-14 14:15:36.115] [info]  [
  'Jellyfin-axy|2|https://jellyfinsingle.axy.heiyu.space/web/main.jellyfin.bundle.js?453696da328d0c4e0577|Loading plugin (via dynamic import): chromecastPlayer/plugin'
]
[2025-11-14 14:15:36.115] [info]  [
  'Jellyfin-axy|2|https://jellyfinsingle.axy.heiyu.space/web/main.jellyfin.bundle.js?453696da328d0c4e0577|Loading plugin (via dynamic import): syncPlay/plugin'
]
[2025-11-14 14:15:37.055] [info]  [
  'Jellyfin-axy|1|https://jellyfinsingle.axy.heiyu.space/web/syncPlay-ui-players-NoActivePlayer.0da16d1c555c8a42044d.chunk.js|SyncPlay WrapperFactory setDefaultWrapper: default'
]
[2025-11-14 14:15:37.056] [info]  [
  'Jellyfin-axy|1|https://jellyfinsingle.axy.heiyu.space/web/syncPlay-ui-players-NoActivePlayer.0da16d1c555c8a42044d.chunk.js|SyncPlay WrapperFactory registerWrapper: htmlvideoplayer'
]
[2025-11-14 14:15:37.056] [info]  [
  'Jellyfin-axy|1|https://jellyfinsingle.axy.heiyu.space/web/syncPlay-ui-players-NoActivePlayer.0da16d1c555c8a42044d.chunk.js|SyncPlay WrapperFactory registerWrapper: htmlaudioplayer'
]
[2025-11-14 14:15:37.056] [info]  [
  'Jellyfin-axy|2|https://jellyfinsingle.axy.heiyu.space/web/main.jellyfin.bundle.js?453696da328d0c4e0577|finished loading plugins'
]
[2025-11-14 14:15:37.056] [info]  [
  'Jellyfin-axy|2|https://jellyfinsingle.axy.heiyu.space/web/main.jellyfin.bundle.js?453696da328d0c4e0577|loading installed plugins'
]
[2025-11-14 14:15:37.075] [info]  [
  'Jellyfin-axy|2|https://jellyfinsingle.axy.heiyu.space/web/main.jellyfin.bundle.js?453696da328d0c4e0577|[RouterHistory] history update [object Object]'
]
[2025-11-14 14:15:37.076] [info]  [
  'Jellyfin-axy|2|https://jellyfinsingle.axy.heiyu.space/web/main.jellyfin.bundle.js?453696da328d0c4e0577|[getTheme] getting theme "%s" dark'
]
[2025-11-14 14:15:37.077] [info]  [
  'Jellyfin-axy|2|https://jellyfinsingle.axy.heiyu.space/web/main.jellyfin.bundle.js?453696da328d0c4e0577|[ApiProvider] Could not get current user undefined'
]
[2025-11-14 14:15:37.080] [info]  [
  'Jellyfin-axy|2|https://jellyfinsingle.axy.heiyu.space/web/node_modules.jellyfin-apiclient.bundle.js?453696da328d0c4e0577|Begin connect'
]
[2025-11-14 14:15:37.080] [info]  [
  'Jellyfin-axy|2|https://jellyfinsingle.axy.heiyu.space/web/node_modules.jellyfin-apiclient.bundle.js?453696da328d0c4e0577|Begin getAvailableServers'
]
[2025-11-14 14:15:37.080] [info]  [
  'Jellyfin-axy|2|https://jellyfinsingle.axy.heiyu.space/web/node_modules.jellyfin-apiclient.bundle.js?453696da328d0c4e0577|Begin connectToServers, with 1 servers'
]
[2025-11-14 14:15:37.081] [info]  [
  'Jellyfin-axy|2|https://jellyfinsingle.axy.heiyu.space/web/node_modules.jellyfin-apiclient.bundle.js?453696da328d0c4e0577|begin connectToServer'
]
[2025-11-14 14:15:37.081] [info]  [
  'Jellyfin-axy|2|https://jellyfinsingle.axy.heiyu.space/web/node_modules.jellyfin-apiclient.bundle.js?453696da328d0c4e0577|tryReconnect: https://jellyfinsingle.axy.heiyu.space'
]
[2025-11-14 14:15:37.129] [info]  [
  'Jellyfin-axy|2|https://jellyfinsingle.axy.heiyu.space/web/main.jellyfin.bundle.js?453696da328d0c4e0577|serviceWorker registered'
]
[2025-11-14 14:15:37.181] [info]  [
  'Jellyfin-axy|2|https://jellyfinsingle.axy.heiyu.space/web/node_modules.jellyfin-apiclient.bundle.js?453696da328d0c4e0577|getTryConnectPromise https://jellyfinsingle.axy.heiyu.space'
]
[2025-11-14 14:15:37.182] [info]  [
  'Jellyfin-axy|2|https://jellyfinsingle.axy.heiyu.space/web/node_modules.jellyfin-apiclient.bundle.js?453696da328d0c4e0577|ConnectionManager requesting url: https://jellyfinsingle.axy.heiyu.space/system/info/public'
]
[2025-11-14 14:15:37.182] [info]  [
  'Jellyfin-axy|2|https://jellyfinsingle.axy.heiyu.space/web/node_modules.jellyfin-apiclient.bundle.js?453696da328d0c4e0577|fetchWithTimeout: timeoutMs: 20000, url: https://jellyfinsingle.axy.heiyu.space/system/info/public'
]
[2025-11-14 14:15:37.240] [info]  [
  'Jellyfin-axy|2|https://jellyfinsingle.axy.heiyu.space/web/node_modules.jellyfin-apiclient.bundle.js?453696da328d0c4e0577|fetchWithTimeout: succeeded connecting to url: https://jellyfinsingle.axy.heiyu.space/system/info/public'
]
[2025-11-14 14:15:37.241] [info]  [
  'Jellyfin-axy|2|https://jellyfinsingle.axy.heiyu.space/web/node_modules.jellyfin-apiclient.bundle.js?453696da328d0c4e0577|ConnectionManager response status: 200, url: https://jellyfinsingle.axy.heiyu.space/system/info/public'
]
[2025-11-14 14:15:37.242] [info]  [
  'Jellyfin-axy|2|https://jellyfinsingle.axy.heiyu.space/web/node_modules.jellyfin-apiclient.bundle.js?453696da328d0c4e0577|Reconnect succeeded to https://jellyfinsingle.axy.heiyu.space'
]
[2025-11-14 14:15:37.243] [info]  [
  'Jellyfin-axy|2|https://jellyfinsingle.axy.heiyu.space/web/node_modules.jellyfin-apiclient.bundle.js?453696da328d0c4e0577|returning instance from getOrAddApiClient'
]
[2025-11-14 14:15:37.243] [info]  [
  'Jellyfin-axy|2|https://jellyfinsingle.axy.heiyu.space/web/node_modules.jellyfin-apiclient.bundle.js?453696da328d0c4e0577|Setting server address to https://jellyfinsingle.axy.heiyu.space'
]
[2025-11-14 14:15:37.244] [info]  [
  'Jellyfin-axy|2|https://jellyfinsingle.axy.heiyu.space/web/node_modules.jellyfin-apiclient.bundle.js?453696da328d0c4e0577|resolving connectToServers with result.State: ServerSignIn'
]
[2025-11-14 14:15:37.244] [info]  [
  'Jellyfin-axy|2|https://jellyfinsingle.axy.heiyu.space/web/main.jellyfin.bundle.js?453696da328d0c4e0577|[ConnectionRequired] connection state ServerSignIn'
]
[2025-11-14 14:15:37.349] [info]  [
  'Jellyfin-axy|2|https://jellyfinsingle.axy.heiyu.space/web/main.jellyfin.bundle.js?453696da328d0c4e0577|[ConnectionRequired] not logged in, redirecting to login page [object Object]'
]
[2025-11-14 14:15:37.353] [info]  [
  'Jellyfin-axy|2|https://jellyfinsingle.axy.heiyu.space/web/main.jellyfin.bundle.js?453696da328d0c4e0577|[RouterHistory] history update [object Object]'
]
[2025-11-14 14:15:37.354] [info]  [
  'Jellyfin-axy|2|https://jellyfinsingle.axy.heiyu.space/web/main.jellyfin.bundle.js?453696da328d0c4e0577|[ViewManagerPage] loading view [%s] session/login/index.html'
]
[2025-11-14 14:15:37.673] [info]  [
  'Jellyfin-axy|2|https://jellyfinsingle.axy.heiyu.space/web/node_modules.jellyfin-apiclient.bundle.js?453696da328d0c4e0577|returning instance from getOrAddApiClient'
]
[2025-11-14 14:15:37.673] [info]  [
  'Jellyfin-axy|2|https://jellyfinsingle.axy.heiyu.space/web/node_modules.jellyfin-apiclient.bundle.js?453696da328d0c4e0577|Requesting url without automatic networking: https://jellyfinsingle.axy.heiyu.space/QuickConnect/Enabled'
]
[2025-11-14 14:15:37.673] [info]  [
  'Jellyfin-axy|2|https://jellyfinsingle.axy.heiyu.space/web/node_modules.jellyfin-apiclient.bundle.js?453696da328d0c4e0577|Requesting url without automatic networking: https://jellyfinsingle.axy.heiyu.space/users/public'
]
[2025-11-14 14:15:37.673] [info]  [
  'Jellyfin-axy|2|https://jellyfinsingle.axy.heiyu.space/web/node_modules.jellyfin-apiclient.bundle.js?453696da328d0c4e0577|Requesting url without automatic networking: https://jellyfinsingle.axy.heiyu.space/Branding/Configuration'
]
[2025-11-15 22:13:29.447] [info]  [
  'Jellyfin 启动中-axy|145|https://jellyfinsingle.axy.heiyu.space/|请求成功，状态码： [object Response] 8'
]
