[2025-10-30 18:45:19.467] [info]  [
  '懒猫网盘-axy|444|https://file.axy.heiyu.space/assets/index.bc66abbc.js|VIDEOJS: WARN: A plugin named "qualityLevels" already exists. You may want to avoid re-registering plugins!'
]
[2025-10-30 18:45:20.955] [info]  [
  '懒猫网盘-axy|357|https://file.axy.heiyu.space/assets/index.bc66abbc.js|LzcAppSdk: The current platform does not support the SetScreenOrientation method'
]
[2025-10-31 11:29:59.740] [info]  [
  '懒猫网盘-axy|444|https://file.axy.heiyu.space/assets/index.bc66abbc.js|VIDEOJS: WARN: A plugin named "qualityLevels" already exists. You may want to avoid re-registering plugins!'
]
[2025-10-31 11:29:59.961] [info]  [
  '懒猫网盘-axy|357|https://file.axy.heiyu.space/assets/index.bc66abbc.js|LzcAppSdk: The current platform does not support the SetScreenOrientation method'
]
[2025-10-31 13:18:53.872] [info]  [
  '懒猫网盘-axy|444|https://file.axy.heiyu.space/assets/index.bc66abbc.js|VIDEOJS: WARN: A plugin named "qualityLevels" already exists. You may want to avoid re-registering plugins!'
]
[2025-10-31 13:18:54.059] [info]  [
  '懒猫网盘-axy|357|https://file.axy.heiyu.space/assets/index.bc66abbc.js|LzcAppSdk: The current platform does not support the SetScreenOrientation method'
]
[2025-10-31 17:31:21.221] [info]  [
  '懒猫网盘-axy|444|https://file.axy.heiyu.space/assets/index.bc66abbc.js|VIDEOJS: WARN: A plugin named "qualityLevels" already exists. You may want to avoid re-registering plugins!'
]
[2025-10-31 17:31:21.432] [info]  [
  '懒猫网盘-axy|357|https://file.axy.heiyu.space/assets/index.bc66abbc.js|LzcAppSdk: The current platform does not support the SetScreenOrientation method'
]
[2025-10-31 17:49:50.622] [info]  [
  '懒猫网盘-axy|444|https://file.axy.heiyu.space/assets/index.bc66abbc.js|VIDEOJS: WARN: A plugin named "qualityLevels" already exists. You may want to avoid re-registering plugins!'
]
[2025-10-31 17:49:51.083] [info]  [
  '懒猫网盘-axy|357|https://file.axy.heiyu.space/assets/index.bc66abbc.js|LzcAppSdk: The current platform does not support the SetScreenOrientation method'
]
[2025-10-31 17:58:44.087] [info]  [
  '懒猫网盘-axy|359|https://file.axy.heiyu.space/assets/index.bc66abbc.js|Uncaught Error: Response closed without headers'
]
[2025-10-31 17:58:44.087] [info]  [
  '懒猫网盘-axy|359|https://file.axy.heiyu.space/assets/index.bc66abbc.js|Uncaught Error: Response closed without grpc-status (Headers only)'
]
[2025-10-31 19:11:08.681] [info]  [
  '懒猫网盘-axy|444|https://file.axy.heiyu.space/assets/index.bc66abbc.js|VIDEOJS: WARN: A plugin named "qualityLevels" already exists. You may want to avoid re-registering plugins!'
]
[2025-10-31 19:11:08.861] [info]  [
  '懒猫网盘-axy|357|https://file.axy.heiyu.space/assets/index.bc66abbc.js|LzcAppSdk: The current platform does not support the SetScreenOrientation method'
]
[2025-10-31 19:18:47.628] [info]  [
  '懒猫网盘-axy|444|https://file.axy.heiyu.space/assets/index.bc66abbc.js|VIDEOJS: WARN: A plugin named "qualityLevels" already exists. You may want to avoid re-registering plugins!'
]
[2025-10-31 19:18:47.810] [info]  [
  '懒猫网盘-axy|357|https://file.axy.heiyu.space/assets/index.bc66abbc.js|LzcAppSdk: The current platform does not support the SetScreenOrientation method'
]
[2025-10-31 21:10:30.547] [info]  [
  '懒猫网盘-axy|359|https://file.axy.heiyu.space/assets/index.bc66abbc.js|Uncaught Error: Response closed without headers'
]
[2025-10-31 21:10:30.548] [info]  [
  '懒猫网盘-axy|359|https://file.axy.heiyu.space/assets/index.bc66abbc.js|Uncaught Error: Response closed without grpc-status (Headers only)'
]
[2025-10-31 22:11:03.444] [info]  [
  "懒猫网盘-axy|16|https://file.axy.heiyu.space/assets/index.bc66abbc.js|TypeError: Cannot read properties of undefined (reading 'filename')"
]
[2025-11-02 09:44:15.767] [info]  [
  '懒猫网盘-axy|444|https://file.axy.heiyu.space/assets/index.bc66abbc.js|VIDEOJS: WARN: A plugin named "qualityLevels" already exists. You may want to avoid re-registering plugins!'
]
[2025-11-02 09:44:15.944] [info]  [
  '懒猫网盘-axy|357|https://file.axy.heiyu.space/assets/index.bc66abbc.js|LzcAppSdk: The current platform does not support the SetScreenOrientation method'
]
[2025-11-02 10:23:36.430] [info]  [
  '懒猫网盘-axy|359|https://file.axy.heiyu.space/assets/index.bc66abbc.js|Uncaught Error: Response closed without headers'
]
[2025-11-02 10:23:36.432] [info]  [
  '懒猫网盘-axy|359|https://file.axy.heiyu.space/assets/index.bc66abbc.js|Uncaught Error: Response closed without grpc-status (Headers only)'
]
[2025-11-02 11:18:22.471] [info]  [
  '懒猫网盘-axy|444|https://file.axy.heiyu.space/assets/index.bc66abbc.js|VIDEOJS: WARN: A plugin named "qualityLevels" already exists. You may want to avoid re-registering plugins!'
]
[2025-11-02 11:18:22.652] [info]  [
  '懒猫网盘-axy|357|https://file.axy.heiyu.space/assets/index.bc66abbc.js|LzcAppSdk: The current platform does not support the SetScreenOrientation method'
]
[2025-11-02 18:57:45.752] [info]  [
  '懒猫网盘-axy|444|https://file.axy.heiyu.space/assets/index.bc66abbc.js|VIDEOJS: WARN: A plugin named "qualityLevels" already exists. You may want to avoid re-registering plugins!'
]
[2025-11-02 18:57:45.991] [info]  [
  '懒猫网盘-axy|357|https://file.axy.heiyu.space/assets/index.bc66abbc.js|LzcAppSdk: The current platform does not support the SetScreenOrientation method'
]
[2025-11-02 19:18:26.642] [info]  [
  '懒猫网盘-axy|359|https://file.axy.heiyu.space/assets/index.bc66abbc.js|Uncaught Error: Response closed without headers'
]
[2025-11-02 19:18:26.643] [info]  [
  '懒猫网盘-axy|359|https://file.axy.heiyu.space/assets/index.bc66abbc.js|Uncaught Error: Response closed without grpc-status (Headers only)'
]
[2025-11-03 09:04:26.278] [info]  [
  '懒猫网盘-axy|444|https://file.axy.heiyu.space/assets/index.bc66abbc.js|VIDEOJS: WARN: A plugin named "qualityLevels" already exists. You may want to avoid re-registering plugins!'
]
[2025-11-03 09:04:26.452] [info]  [
  '懒猫网盘-axy|357|https://file.axy.heiyu.space/assets/index.bc66abbc.js|LzcAppSdk: The current platform does not support the SetScreenOrientation method'
]
[2025-11-03 09:49:06.318] [info]  [
  '懒猫网盘-axy|359|https://file.axy.heiyu.space/assets/index.bc66abbc.js|Uncaught Error: Response closed without headers'
]
[2025-11-03 09:49:06.319] [info]  [
  '懒猫网盘-axy|359|https://file.axy.heiyu.space/assets/index.bc66abbc.js|Uncaught Error: Response closed without grpc-status (Headers only)'
]
[2025-11-03 15:34:00.676] [info]  [
  '懒猫网盘-axy|444|https://file.axy.heiyu.space/assets/index.bc66abbc.js|VIDEOJS: WARN: A plugin named "qualityLevels" already exists. You may want to avoid re-registering plugins!'
]
[2025-11-03 15:34:01.419] [info]  [
  '懒猫网盘-axy|357|https://file.axy.heiyu.space/assets/index.bc66abbc.js|LzcAppSdk: The current platform does not support the SetScreenOrientation method'
]
[2025-11-03 15:36:03.875] [info]  [
  '懒猫网盘-axy|359|https://file.axy.heiyu.space/assets/index.bc66abbc.js|Uncaught Error: Response closed without grpc-status (Headers only)'
]
[2025-11-03 15:42:02.866] [info]  [
  '懒猫网盘-axy|359|https://file.axy.heiyu.space/assets/index.bc66abbc.js|Uncaught Error: Response closed without headers'
]
[2025-11-03 15:42:02.867] [info]  [
  "懒猫网盘-axy|365|https://file.axy.heiyu.space/assets/index.bc66abbc.js|Uncaught (in promise) TypeError: Cannot read properties of undefined (reading 'data')"
]
[2025-11-03 15:42:02.868] [info]  [
  "懒猫网盘-axy|1|https://file.axy.heiyu.space/assets/index.bc66abbc.js|Uncaught (in promise) TypeError: Failed to update a ServiceWorker for scope ('https://file.axy.heiyu.space/') with script ('https://file.axy.heiyu.space/sw.js'): An unknown error occurred when fetching the script."
]
[2025-11-03 20:00:01.862] [info]  [
  '懒猫网盘-axy|444|https://file.axy.heiyu.space/assets/index.bc66abbc.js|VIDEOJS: WARN: A plugin named "qualityLevels" already exists. You may want to avoid re-registering plugins!'
]
[2025-11-03 20:00:02.098] [info]  [
  '懒猫网盘-axy|357|https://file.axy.heiyu.space/assets/index.bc66abbc.js|LzcAppSdk: The current platform does not support the SetScreenOrientation method'
]
[2025-11-03 20:04:58.610] [info]  [
  '懒猫网盘-axy|444|https://file.axy.heiyu.space/assets/index.bc66abbc.js|VIDEOJS: WARN: A plugin named "qualityLevels" already exists. You may want to avoid re-registering plugins!'
]
[2025-11-03 20:04:58.781] [info]  [
  '懒猫网盘-axy|357|https://file.axy.heiyu.space/assets/index.bc66abbc.js|LzcAppSdk: The current platform does not support the SetScreenOrientation method'
]
[2025-11-03 20:49:10.548] [info]  [
  '懒猫网盘-axy|359|https://file.axy.heiyu.space/assets/index.bc66abbc.js|Uncaught Error: Response closed without headers'
]
[2025-11-03 20:49:10.549] [info]  [
  '懒猫网盘-axy|359|https://file.axy.heiyu.space/assets/index.bc66abbc.js|Uncaught Error: Response closed without grpc-status (Headers only)'
]
[2025-11-03 23:26:58.171] [info]  [
  '懒猫网盘-axy|444|https://file.axy.heiyu.space/assets/index.bc66abbc.js|VIDEOJS: WARN: A plugin named "qualityLevels" already exists. You may want to avoid re-registering plugins!'
]
[2025-11-03 23:26:58.355] [info]  [
  '懒猫网盘-axy|357|https://file.axy.heiyu.space/assets/index.bc66abbc.js|LzcAppSdk: The current platform does not support the SetScreenOrientation method'
]
[2025-11-04 15:00:20.282] [info]  [
  '懒猫网盘-axy|444|https://file.axy.heiyu.space/assets/index.bc66abbc.js|VIDEOJS: WARN: A plugin named "qualityLevels" already exists. You may want to avoid re-registering plugins!'
]
[2025-11-04 15:00:20.465] [info]  [
  '懒猫网盘-axy|357|https://file.axy.heiyu.space/assets/index.bc66abbc.js|LzcAppSdk: The current platform does not support the SetScreenOrientation method'
]
[2025-11-04 15:17:10.400] [info]  [
  '懒猫网盘-axy|359|https://file.axy.heiyu.space/assets/index.bc66abbc.js|Uncaught Error: Response closed without headers'
]
[2025-11-04 15:17:10.400] [info]  [
  '懒猫网盘-axy|359|https://file.axy.heiyu.space/assets/index.bc66abbc.js|Uncaught Error: Response closed without grpc-status (Headers only)'
]
[2025-11-04 18:04:35.135] [info]  [
  '懒猫网盘-axy|444|https://file.axy.heiyu.space/assets/index.bc66abbc.js|VIDEOJS: WARN: A plugin named "qualityLevels" already exists. You may want to avoid re-registering plugins!'
]
[2025-11-04 18:04:35.309] [info]  [
  '懒猫网盘-axy|357|https://file.axy.heiyu.space/assets/index.bc66abbc.js|LzcAppSdk: The current platform does not support the SetScreenOrientation method'
]
[2025-11-04 18:09:05.486] [info]  [
  '懒猫网盘-axy|359|https://file.axy.heiyu.space/assets/index.bc66abbc.js|Uncaught Error: Response closed without headers'
]
[2025-11-04 18:09:05.487] [info]  [
  '懒猫网盘-axy|359|https://file.axy.heiyu.space/assets/index.bc66abbc.js|Uncaught Error: Response closed without grpc-status (Headers only)'
]
[2025-11-05 10:01:09.300] [info]  [
  '懒猫网盘-axy|444|https://file.axy.heiyu.space/assets/index.bc66abbc.js|VIDEOJS: WARN: A plugin named "qualityLevels" already exists. You may want to avoid re-registering plugins!'
]
[2025-11-05 10:01:09.478] [info]  [
  '懒猫网盘-axy|357|https://file.axy.heiyu.space/assets/index.bc66abbc.js|LzcAppSdk: The current platform does not support the SetScreenOrientation method'
]
[2025-11-05 10:33:26.319] [info]  [
  '懒猫网盘-axy|444|https://file.axy.heiyu.space/assets/index.bc66abbc.js|VIDEOJS: WARN: A plugin named "qualityLevels" already exists. You may want to avoid re-registering plugins!'
]
[2025-11-05 10:33:26.510] [info]  [
  '懒猫网盘-axy|357|https://file.axy.heiyu.space/assets/index.bc66abbc.js|LzcAppSdk: The current platform does not support the SetScreenOrientation method'
]
[2025-11-05 11:01:07.687] [info]  [
  '懒猫网盘-axy|444|https://file.axy.heiyu.space/assets/index.bc66abbc.js|VIDEOJS: WARN: A plugin named "qualityLevels" already exists. You may want to avoid re-registering plugins!'
]
[2025-11-05 11:01:07.875] [info]  [
  '懒猫网盘-axy|357|https://file.axy.heiyu.space/assets/index.bc66abbc.js|LzcAppSdk: The current platform does not support the SetScreenOrientation method'
]
[2025-11-05 14:05:08.168] [info]  [
  '懒猫网盘-axy|444|https://file.axy.heiyu.space/assets/index.bc66abbc.js|VIDEOJS: WARN: A plugin named "qualityLevels" already exists. You may want to avoid re-registering plugins!'
]
[2025-11-05 14:05:08.346] [info]  [
  '懒猫网盘-axy|357|https://file.axy.heiyu.space/assets/index.bc66abbc.js|LzcAppSdk: The current platform does not support the SetScreenOrientation method'
]
[2025-11-05 18:04:50.074] [info]  [
  '懒猫网盘-axy|444|https://file.axy.heiyu.space/assets/index.bc66abbc.js|VIDEOJS: WARN: A plugin named "qualityLevels" already exists. You may want to avoid re-registering plugins!'
]
[2025-11-05 18:04:50.256] [info]  [
  '懒猫网盘-axy|357|https://file.axy.heiyu.space/assets/index.bc66abbc.js|LzcAppSdk: The current platform does not support the SetScreenOrientation method'
]
[2025-11-05 18:15:01.406] [info]  [
  '懒猫网盘-axy|359|https://file.axy.heiyu.space/assets/index.bc66abbc.js|Uncaught Error: Response closed without headers'
]
[2025-11-05 18:15:01.407] [info]  [
  '懒猫网盘-axy|359|https://file.axy.heiyu.space/assets/index.bc66abbc.js|Uncaught Error: Response closed without grpc-status (Headers only)'
]
[2025-11-05 20:46:52.561] [info]  [
  '懒猫网盘-axy|444|https://file.axy.heiyu.space/assets/index.bc66abbc.js|VIDEOJS: WARN: A plugin named "qualityLevels" already exists. You may want to avoid re-registering plugins!'
]
[2025-11-05 20:46:52.736] [info]  [
  '懒猫网盘-axy|357|https://file.axy.heiyu.space/assets/index.bc66abbc.js|LzcAppSdk: The current platform does not support the SetScreenOrientation method'
]
[2025-11-05 21:23:57.210] [info]  [
  '懒猫网盘-axy|444|https://file.axy.heiyu.space/assets/index.bc66abbc.js|VIDEOJS: WARN: A plugin named "qualityLevels" already exists. You may want to avoid re-registering plugins!'
]
[2025-11-05 21:23:57.386] [info]  [
  '懒猫网盘-axy|357|https://file.axy.heiyu.space/assets/index.bc66abbc.js|LzcAppSdk: The current platform does not support the SetScreenOrientation method'
]
[2025-11-05 23:02:28.944] [info]  [
  '懒猫网盘-axy|444|https://file.axy.heiyu.space/assets/index.bc66abbc.js|VIDEOJS: WARN: A plugin named "qualityLevels" already exists. You may want to avoid re-registering plugins!'
]
[2025-11-05 23:02:29.123] [info]  [
  '懒猫网盘-axy|357|https://file.axy.heiyu.space/assets/index.bc66abbc.js|LzcAppSdk: The current platform does not support the SetScreenOrientation method'
]
[2025-11-07 13:33:11.476] [info]  [
  '懒猫网盘-axy|444|https://file.axy.heiyu.space/assets/index.bc66abbc.js|VIDEOJS: WARN: A plugin named "qualityLevels" already exists. You may want to avoid re-registering plugins!'
]
[2025-11-07 13:33:11.732] [info]  [
  '懒猫网盘-axy|357|https://file.axy.heiyu.space/assets/index.bc66abbc.js|LzcAppSdk: The current platform does not support the SetScreenOrientation method'
]
[2025-11-07 19:40:42.727] [info]  [
  '懒猫网盘-axy|444|https://file.axy.heiyu.space/assets/index.bc66abbc.js|VIDEOJS: WARN: A plugin named "qualityLevels" already exists. You may want to avoid re-registering plugins!'
]
[2025-11-07 19:40:42.912] [info]  [
  '懒猫网盘-axy|357|https://file.axy.heiyu.space/assets/index.bc66abbc.js|LzcAppSdk: The current platform does not support the SetScreenOrientation method'
]
[2025-11-07 21:42:04.021] [info]  [
  '懒猫网盘-axy|359|https://file.axy.heiyu.space/assets/index.bc66abbc.js|Uncaught Error: Response closed without headers'
]
[2025-11-07 21:42:04.021] [info]  [
  '懒猫网盘-axy|359|https://file.axy.heiyu.space/assets/index.bc66abbc.js|Uncaught Error: Response closed without grpc-status (Headers only)'
]
[2025-11-07 22:35:48.844] [info]  [
  '懒猫网盘-axy|444|https://file.axy.heiyu.space/assets/index.a94548b3.js|VIDEOJS: WARN: A plugin named "qualityLevels" already exists. You may want to avoid re-registering plugins!'
]
[2025-11-07 22:35:49.081] [info]  [
  '懒猫网盘-axy|357|https://file.axy.heiyu.space/assets/index.a94548b3.js|LzcAppSdk: The current platform does not support the SetScreenOrientation method'
]
[2025-11-09 15:46:24.949] [info]  [
  '懒猫网盘-axy|444|https://file.axy.heiyu.space/assets/index.a94548b3.js|VIDEOJS: WARN: A plugin named "qualityLevels" already exists. You may want to avoid re-registering plugins!'
]
[2025-11-09 15:46:25.178] [info]  [
  '懒猫网盘-axy|357|https://file.axy.heiyu.space/assets/index.a94548b3.js|LzcAppSdk: The current platform does not support the SetScreenOrientation method'
]
[2025-11-09 21:59:11.503] [info]  [
  '懒猫网盘-axy|444|https://file.axy.heiyu.space/assets/index.a94548b3.js|VIDEOJS: WARN: A plugin named "qualityLevels" already exists. You may want to avoid re-registering plugins!'
]
[2025-11-09 21:59:11.697] [info]  [
  '懒猫网盘-axy|357|https://file.axy.heiyu.space/assets/index.a94548b3.js|LzcAppSdk: The current platform does not support the SetScreenOrientation method'
]
[2025-11-10 18:02:19.420] [info]  [
  '懒猫网盘-axy|444|https://file.axy.heiyu.space/assets/index.a94548b3.js|VIDEOJS: WARN: A plugin named "qualityLevels" already exists. You may want to avoid re-registering plugins!'
]
[2025-11-10 18:02:19.599] [info]  [
  '懒猫网盘-axy|357|https://file.axy.heiyu.space/assets/index.a94548b3.js|LzcAppSdk: The current platform does not support the SetScreenOrientation method'
]
[2025-11-10 18:16:04.730] [info]  [
  '懒猫网盘-axy|444|https://file.axy.heiyu.space/assets/index.a94548b3.js|VIDEOJS: WARN: A plugin named "qualityLevels" already exists. You may want to avoid re-registering plugins!'
]
[2025-11-10 18:16:04.912] [info]  [
  '懒猫网盘-axy|357|https://file.axy.heiyu.space/assets/index.a94548b3.js|LzcAppSdk: The current platform does not support the SetScreenOrientation method'
]
[2025-11-10 20:24:33.837] [info]  [
  '懒猫网盘-axy|444|https://file.axy.heiyu.space/assets/index.a94548b3.js|VIDEOJS: WARN: A plugin named "qualityLevels" already exists. You may want to avoid re-registering plugins!'
]
[2025-11-10 20:24:34.023] [info]  [
  '懒猫网盘-axy|357|https://file.axy.heiyu.space/assets/index.a94548b3.js|LzcAppSdk: The current platform does not support the SetScreenOrientation method'
]
[2025-11-12 10:57:30.998] [info]  [
  '懒猫网盘-axy|444|https://file.axy.heiyu.space/assets/index.a94548b3.js|VIDEOJS: WARN: A plugin named "qualityLevels" already exists. You may want to avoid re-registering plugins!'
]
[2025-11-12 10:57:31.271] [info]  [
  '懒猫网盘-axy|357|https://file.axy.heiyu.space/assets/index.a94548b3.js|LzcAppSdk: The current platform does not support the SetScreenOrientation method'
]
[2025-11-12 10:57:31.929] [info]  [
  "懒猫网盘-axy|0|https://file.axy.heiyu.space/#/file/networkdisk?path=/|Access to XMLHttpRequest at 'https://ai.axy.heiyu.space/backend/device/hasDefault' from origin 'https://file.axy.heiyu.space' has been blocked by CORS policy: No 'Access-Control-Allow-Origin' header is present on the requested resource."
]
[2025-11-12 17:26:50.819] [info]  [
  '懒猫网盘-axy|444|https://file.axy.heiyu.space/assets/index.a94548b3.js|VIDEOJS: WARN: A plugin named "qualityLevels" already exists. You may want to avoid re-registering plugins!'
]
[2025-11-12 17:26:51.000] [info]  [
  '懒猫网盘-axy|357|https://file.axy.heiyu.space/assets/index.a94548b3.js|LzcAppSdk: The current platform does not support the SetScreenOrientation method'
]
[2025-11-12 17:26:51.497] [info]  [
  "懒猫网盘-axy|0|https://file.axy.heiyu.space/#/file/networkdisk?path=/|Access to XMLHttpRequest at 'https://ai.axy.heiyu.space/backend/device/hasDefault' from origin 'https://file.axy.heiyu.space' has been blocked by CORS policy: No 'Access-Control-Allow-Origin' header is present on the requested resource."
]
[2025-11-12 18:21:27.004] [info]  [
  '懒猫网盘-axy|444|https://file.axy.heiyu.space/assets/index.a94548b3.js|VIDEOJS: WARN: A plugin named "qualityLevels" already exists. You may want to avoid re-registering plugins!'
]
[2025-11-12 18:21:27.248] [info]  [
  '懒猫网盘-axy|357|https://file.axy.heiyu.space/assets/index.a94548b3.js|LzcAppSdk: The current platform does not support the SetScreenOrientation method'
]
[2025-11-12 18:21:28.013] [info]  [
  "懒猫网盘-axy|0|https://file.axy.heiyu.space/#/file/networkdisk?path=/|Access to XMLHttpRequest at 'https://ai.axy.heiyu.space/backend/device/hasDefault' from origin 'https://file.axy.heiyu.space' has been blocked by CORS policy: No 'Access-Control-Allow-Origin' header is present on the requested resource."
]
[2025-11-14 10:59:56.735] [info]  [
  '懒猫网盘-axy|444|https://file.axy.heiyu.space/assets/index.a94548b3.js|VIDEOJS: WARN: A plugin named "qualityLevels" already exists. You may want to avoid re-registering plugins!'
]
[2025-11-14 10:59:56.912] [info]  [
  '懒猫网盘-axy|357|https://file.axy.heiyu.space/assets/index.a94548b3.js|LzcAppSdk: The current platform does not support the SetScreenOrientation method'
]
[2025-11-14 11:43:21.833] [info]  [
  '懒猫网盘-axy|444|https://file.axy.heiyu.space/assets/index.a94548b3.js|VIDEOJS: WARN: A plugin named "qualityLevels" already exists. You may want to avoid re-registering plugins!'
]
[2025-11-14 11:43:22.025] [info]  [
  '懒猫网盘-axy|357|https://file.axy.heiyu.space/assets/index.a94548b3.js|LzcAppSdk: The current platform does not support the SetScreenOrientation method'
]
[2025-11-14 15:52:05.536] [info]  [
  '懒猫网盘-axy|444|https://file.axy.heiyu.space/assets/index.a94548b3.js|VIDEOJS: WARN: A plugin named "qualityLevels" already exists. You may want to avoid re-registering plugins!'
]
[2025-11-14 15:52:05.785] [info]  [
  '懒猫网盘-axy|357|https://file.axy.heiyu.space/assets/index.a94548b3.js|LzcAppSdk: The current platform does not support the SetScreenOrientation method'
]
[2025-11-14 15:56:55.701] [info]  [
  '懒猫网盘-axy|359|https://file.axy.heiyu.space/assets/index.a94548b3.js|Uncaught Error: Response closed without headers'
]
[2025-11-14 15:56:55.701] [info]  [
  '懒猫网盘-axy|359|https://file.axy.heiyu.space/assets/index.a94548b3.js|Uncaught Error: Response closed without grpc-status (Headers only)'
]
[2025-11-14 17:07:14.021] [info]  [
  '懒猫网盘-axy|444|https://file.axy.heiyu.space/assets/index.a94548b3.js|VIDEOJS: WARN: A plugin named "qualityLevels" already exists. You may want to avoid re-registering plugins!'
]
[2025-11-14 17:07:14.201] [info]  [
  '懒猫网盘-axy|357|https://file.axy.heiyu.space/assets/index.a94548b3.js|LzcAppSdk: The current platform does not support the SetScreenOrientation method'
]
[2025-11-14 17:07:15.350] [info]  [
  "懒猫网盘-axy|0|https://file.axy.heiyu.space/#/file/networkdisk?path=/|Access to XMLHttpRequest at 'https://ai.axy.heiyu.space/backend/device/hasDefault' from origin 'https://file.axy.heiyu.space' has been blocked by CORS policy: No 'Access-Control-Allow-Origin' header is present on the requested resource."
]
[2025-11-14 17:47:45.177] [info]  [
  '懒猫网盘-axy|359|https://file.axy.heiyu.space/assets/index.a94548b3.js|Uncaught Error: Response closed without headers'
]
[2025-11-14 17:47:45.179] [info]  [
  '懒猫网盘-axy|359|https://file.axy.heiyu.space/assets/index.a94548b3.js|Uncaught Error: Response closed without grpc-status (Headers only)'
]
[2025-11-14 19:55:05.791] [info]  [
  '懒猫网盘-axy|444|https://file.axy.heiyu.space/assets/index.a94548b3.js|VIDEOJS: WARN: A plugin named "qualityLevels" already exists. You may want to avoid re-registering plugins!'
]
[2025-11-14 19:55:05.974] [info]  [
  '懒猫网盘-axy|357|https://file.axy.heiyu.space/assets/index.a94548b3.js|LzcAppSdk: The current platform does not support the SetScreenOrientation method'
]
[2025-11-16 12:15:41.237] [info]  [
  '懒猫网盘-axy|444|https://file.axy.heiyu.space/assets/index.a94548b3.js|VIDEOJS: WARN: A plugin named "qualityLevels" already exists. You may want to avoid re-registering plugins!'
]
[2025-11-16 12:15:41.424] [info]  [
  '懒猫网盘-axy|357|https://file.axy.heiyu.space/assets/index.a94548b3.js|LzcAppSdk: The current platform does not support the SetScreenOrientation method'
]
[2025-11-16 15:28:12.816] [info]  [
  '懒猫网盘-axy|444|https://file.axy.heiyu.space/assets/index.a94548b3.js|VIDEOJS: WARN: A plugin named "qualityLevels" already exists. You may want to avoid re-registering plugins!'
]
[2025-11-16 15:28:12.997] [info]  [
  '懒猫网盘-axy|357|https://file.axy.heiyu.space/assets/index.a94548b3.js|LzcAppSdk: The current platform does not support the SetScreenOrientation method'
]
