[2025-10-31 14:06:46.115] [info]  [
  '懒猫智慧屏 启动中-axy|145|https://tv.axy.heiyu.space/|请求成功，状态码： [object Response] 8'
]
[2025-10-31 14:07:29.228] [info]  [
  '懒猫智慧屏 启动中-axy|200|https://tv.axy.heiyu.space/|请求成功，状态码： [object Response] 5'
]
[2025-10-31 14:07:29.740] [info]  [
  '懒猫智慧屏-axy|24|https://tv.axy.heiyu.space/assets/app_common-CoVCC7GK.js|%c The @lazycatcloud/sdk version is %c 0.1.466 %c background:#35495E; padding: 1px; border-radius: 3px 0 0 3px; color: #fff; background:#3488ff; padding: 1px; border-radius: 0 3px 3px 0;  color: #fff; background:transparent'
]
[2025-10-31 14:07:29.762] [info]  [
  '懒猫智慧屏-axy|24|https://tv.axy.heiyu.space/assets/app_common-CoVCC7GK.js|%c LZC SDK Version is %c unknown %c background:#35495E; padding: 1px; border-radius: 3px 0 0 3px; color: #fff; background:#3488ff; padding: 1px; border-radius: 0 3px 3px 0;  color: #fff; background:transparent'
]
[2025-10-31 14:07:29.765] [info]  [
  '懒猫智慧屏-axy|26|https://tv.axy.heiyu.space/assets/index-irPYaQ7h.js|i18next::backendConnector: loading namespace translation for language zh-CN failed failed parsing /languages/zh-CN/translation.json to json'
]
[2025-10-31 14:07:29.773] [info]  [
  '懒猫智慧屏-axy|26|https://tv.axy.heiyu.space/assets/index-irPYaQ7h.js|i18next::backendConnector: loaded namespace translation for language en [object Object]'
]
[2025-10-31 14:07:29.774] [info]  [
  '懒猫智慧屏-axy|26|https://tv.axy.heiyu.space/assets/index-irPYaQ7h.js|i18next::backendConnector: loaded namespace translation for language zh [object Object]'
]
[2025-10-31 14:07:29.774] [info]  [
  '懒猫智慧屏-axy|26|https://tv.axy.heiyu.space/assets/index-irPYaQ7h.js|i18next: languageChanged zh-CN'
]
[2025-10-31 14:07:29.774] [info]  [
  '懒猫智慧屏-axy|26|https://tv.axy.heiyu.space/assets/index-irPYaQ7h.js|i18next: initialized [object Object]'
]
[2025-10-31 14:07:29.777] [info]  [
  '懒猫智慧屏-axy|24|https://tv.axy.heiyu.space/assets/app_common-CoVCC7GK.js|%c The @lazycatcloud/sdk version is %c 0.1.466 %c background:#35495E; padding: 1px; border-radius: 3px 0 0 3px; color: #fff; background:#3488ff; padding: 1px; border-radius: 0 3px 3px 0;  color: #fff; background:transparent'
]
[2025-10-31 14:07:29.787] [info]  [
  '懒猫智慧屏-axy|24|https://tv.axy.heiyu.space/assets/app_common-CoVCC7GK.js|%c LZC SDK Version is %c unknown %c background:#35495E; padding: 1px; border-radius: 3px 0 0 3px; color: #fff; background:#3488ff; padding: 1px; border-radius: 0 3px 3px 0;  color: #fff; background:transparent'
]
[2025-10-31 14:07:29.795] [info]  [
  '懒猫智慧屏-axy|1|https://tv.axy.heiyu.space/assets/index-y8Fx7HTa.js|autoSelect - devices not found'
]
[2025-10-31 14:07:29.801] [info]  [
  '懒猫智慧屏-axy|1|https://tv.axy.heiyu.space/assets/index-y8Fx7HTa.js|autoSelect - devices not found'
]
[2025-10-31 14:07:30.434] [info]  [
  '懒猫智慧屏-axy|696|https://tv.axy.heiyu.space/noVNC/core/rfb.js|WebSocket on-error event'
]
[2025-10-31 14:07:30.435] [info]  [
  '懒猫智慧屏-axy|970|https://tv.axy.heiyu.space/noVNC/core/rfb.js|Failed when connecting: Connection closed (code: 1006)'
]
[2025-10-31 14:07:30.436] [info]  [
  '懒猫智慧屏-axy|177|https://tv.axy.heiyu.space/noVNC/vnc_lite.html|VNC连接断开 [object Object]'
]
[2025-10-31 14:07:32.811] [info]  [
  '懒猫智慧屏-axy|1|https://tv.axy.heiyu.space/assets/index-y8Fx7HTa.js|autoSelect - devices not found'
]
[2025-10-31 14:07:33.164] [info]  [
  '懒猫智慧屏-axy|696|https://tv.axy.heiyu.space/noVNC/core/rfb.js|WebSocket on-error event'
]
[2025-10-31 14:07:33.165] [info]  [
  '懒猫智慧屏-axy|970|https://tv.axy.heiyu.space/noVNC/core/rfb.js|Failed when connecting: Connection closed (code: 1006)'
]
[2025-10-31 14:07:33.166] [info]  [
  '懒猫智慧屏-axy|177|https://tv.axy.heiyu.space/noVNC/vnc_lite.html|VNC连接断开 [object Object]'
]
[2025-10-31 14:07:34.342] [info]  [
  '懒猫智慧屏-axy|696|https://tv.axy.heiyu.space/noVNC/core/rfb.js|WebSocket on-error event'
]
[2025-10-31 14:07:34.343] [info]  [
  '懒猫智慧屏-axy|970|https://tv.axy.heiyu.space/noVNC/core/rfb.js|Failed when connecting: Connection closed (code: 1006)'
]
[2025-10-31 14:07:34.343] [info]  [
  '懒猫智慧屏-axy|177|https://tv.axy.heiyu.space/noVNC/vnc_lite.html|VNC连接断开 [object Object]'
]
[2025-10-31 14:07:35.523] [info]  [
  '懒猫智慧屏-axy|696|https://tv.axy.heiyu.space/noVNC/core/rfb.js|WebSocket on-error event'
]
[2025-10-31 14:07:35.524] [info]  [
  '懒猫智慧屏-axy|970|https://tv.axy.heiyu.space/noVNC/core/rfb.js|Failed when connecting: Connection closed (code: 1006)'
]
[2025-10-31 14:07:35.524] [info]  [
  '懒猫智慧屏-axy|177|https://tv.axy.heiyu.space/noVNC/vnc_lite.html|VNC连接断开 [object Object]'
]
[2025-10-31 14:07:35.825] [info]  [
  '懒猫智慧屏-axy|1|https://tv.axy.heiyu.space/assets/index-y8Fx7HTa.js|autoSelect - devices not found'
]
[2025-10-31 14:07:36.902] [info]  [
  '懒猫智慧屏-axy|970|https://tv.axy.heiyu.space/noVNC/core/rfb.js|Failed when connecting: Connection closed (code: 1006)'
]
[2025-10-31 14:07:36.903] [info]  [
  '懒猫智慧屏-axy|177|https://tv.axy.heiyu.space/noVNC/vnc_lite.html|VNC连接断开 [object Object]'
]
[2025-10-31 14:07:38.167] [info]  [
  '懒猫智慧屏-axy|970|https://tv.axy.heiyu.space/noVNC/core/rfb.js|Failed when connecting: Connection closed (code: 1006)'
]
[2025-10-31 14:07:38.168] [info]  [
  '懒猫智慧屏-axy|177|https://tv.axy.heiyu.space/noVNC/vnc_lite.html|VNC连接断开 [object Object]'
]
[2025-10-31 14:07:38.831] [info]  [
  '懒猫智慧屏-axy|1|https://tv.axy.heiyu.space/assets/index-y8Fx7HTa.js|autoSelect - devices not found'
]
[2025-10-31 14:07:39.505] [info]  [
  '懒猫智慧屏-axy|970|https://tv.axy.heiyu.space/noVNC/core/rfb.js|Failed when connecting: Connection closed (code: 1006)'
]
[2025-10-31 14:07:39.506] [info]  [
  '懒猫智慧屏-axy|177|https://tv.axy.heiyu.space/noVNC/vnc_lite.html|VNC连接断开 [object Object]'
]
[2025-10-31 14:07:40.865] [info]  [
  '懒猫智慧屏-axy|970|https://tv.axy.heiyu.space/noVNC/core/rfb.js|Failed when connecting: Connection closed (code: 1006)'
]
[2025-10-31 14:07:40.866] [info]  [
  '懒猫智慧屏-axy|177|https://tv.axy.heiyu.space/noVNC/vnc_lite.html|VNC连接断开 [object Object]'
]
[2025-10-31 14:07:42.277] [info]  [
  '懒猫智慧屏-axy|970|https://tv.axy.heiyu.space/noVNC/core/rfb.js|Failed when connecting: Connection closed (code: 1006)'
]
[2025-10-31 14:07:42.278] [info]  [
  '懒猫智慧屏-axy|177|https://tv.axy.heiyu.space/noVNC/vnc_lite.html|VNC连接断开 [object Object]'
]
[2025-10-31 14:07:43.618] [info]  [
  '懒猫智慧屏-axy|970|https://tv.axy.heiyu.space/noVNC/core/rfb.js|Failed when connecting: Connection closed (code: 1006)'
]
[2025-10-31 14:07:43.619] [info]  [
  '懒猫智慧屏-axy|177|https://tv.axy.heiyu.space/noVNC/vnc_lite.html|VNC连接断开 [object Object]'
]
[2025-10-31 14:07:44.912] [info]  [
  '懒猫智慧屏-axy|970|https://tv.axy.heiyu.space/noVNC/core/rfb.js|Failed when connecting: Connection closed (code: 1006)'
]
[2025-10-31 14:07:44.913] [info]  [
  '懒猫智慧屏-axy|177|https://tv.axy.heiyu.space/noVNC/vnc_lite.html|VNC连接断开 [object Object]'
]
[2025-10-31 14:07:46.292] [info]  [
  '懒猫智慧屏-axy|970|https://tv.axy.heiyu.space/noVNC/core/rfb.js|Failed when connecting: Connection closed (code: 1006)'
]
[2025-10-31 14:07:46.293] [info]  [
  '懒猫智慧屏-axy|177|https://tv.axy.heiyu.space/noVNC/vnc_lite.html|VNC连接断开 [object Object]'
]
[2025-10-31 14:07:47.628] [info]  [
  '懒猫智慧屏-axy|970|https://tv.axy.heiyu.space/noVNC/core/rfb.js|Failed when connecting: Connection closed (code: 1006)'
]
[2025-10-31 14:07:47.629] [info]  [
  '懒猫智慧屏-axy|177|https://tv.axy.heiyu.space/noVNC/vnc_lite.html|VNC连接断开 [object Object]'
]
[2025-10-31 14:07:48.920] [info]  [
  '懒猫智慧屏-axy|970|https://tv.axy.heiyu.space/noVNC/core/rfb.js|Failed when connecting: Connection closed (code: 1006)'
]
[2025-10-31 14:07:48.921] [info]  [
  '懒猫智慧屏-axy|177|https://tv.axy.heiyu.space/noVNC/vnc_lite.html|VNC连接断开 [object Object]'
]
[2025-10-31 14:07:50.211] [info]  [
  '懒猫智慧屏-axy|970|https://tv.axy.heiyu.space/noVNC/core/rfb.js|Failed when connecting: Connection closed (code: 1006)'
]
[2025-10-31 14:07:50.211] [info]  [
  '懒猫智慧屏-axy|177|https://tv.axy.heiyu.space/noVNC/vnc_lite.html|VNC连接断开 [object Object]'
]
[2025-10-31 14:08:31.427] [info]  [
  '懒猫智慧屏-axy|24|https://tv.axy.heiyu.space/assets/app_common-CoVCC7GK.js|%c The @lazycatcloud/sdk version is %c 0.1.466 %c background:#35495E; padding: 1px; border-radius: 3px 0 0 3px; color: #fff; background:#3488ff; padding: 1px; border-radius: 0 3px 3px 0;  color: #fff; background:transparent'
]
[2025-10-31 14:08:31.469] [info]  [
  '懒猫智慧屏-axy|24|https://tv.axy.heiyu.space/assets/app_common-CoVCC7GK.js|%c LZC SDK Version is %c unknown %c background:#35495E; padding: 1px; border-radius: 3px 0 0 3px; color: #fff; background:#3488ff; padding: 1px; border-radius: 0 3px 3px 0;  color: #fff; background:transparent'
]
[2025-10-31 14:08:31.472] [info]  [
  '懒猫智慧屏-axy|26|https://tv.axy.heiyu.space/assets/index-irPYaQ7h.js|i18next::backendConnector: loading namespace translation for language zh-CN failed failed parsing /languages/zh-CN/translation.json to json'
]
[2025-10-31 14:08:31.472] [info]  [
  '懒猫智慧屏-axy|26|https://tv.axy.heiyu.space/assets/index-irPYaQ7h.js|i18next::backendConnector: loaded namespace translation for language zh [object Object]'
]
[2025-10-31 14:08:31.473] [info]  [
  '懒猫智慧屏-axy|26|https://tv.axy.heiyu.space/assets/index-irPYaQ7h.js|i18next::backendConnector: loaded namespace translation for language en [object Object]'
]
[2025-10-31 14:08:31.473] [info]  [
  '懒猫智慧屏-axy|26|https://tv.axy.heiyu.space/assets/index-irPYaQ7h.js|i18next: languageChanged zh-CN'
]
[2025-10-31 14:08:31.473] [info]  [
  '懒猫智慧屏-axy|26|https://tv.axy.heiyu.space/assets/index-irPYaQ7h.js|i18next: initialized [object Object]'
]
[2025-10-31 14:08:31.478] [info]  [
  '懒猫智慧屏-axy|24|https://tv.axy.heiyu.space/assets/app_common-CoVCC7GK.js|%c The @lazycatcloud/sdk version is %c 0.1.466 %c background:#35495E; padding: 1px; border-radius: 3px 0 0 3px; color: #fff; background:#3488ff; padding: 1px; border-radius: 0 3px 3px 0;  color: #fff; background:transparent'
]
[2025-10-31 14:08:31.490] [info]  [
  '懒猫智慧屏-axy|24|https://tv.axy.heiyu.space/assets/app_common-CoVCC7GK.js|%c LZC SDK Version is %c unknown %c background:#35495E; padding: 1px; border-radius: 3px 0 0 3px; color: #fff; background:#3488ff; padding: 1px; border-radius: 0 3px 3px 0;  color: #fff; background:transparent'
]
[2025-10-31 14:08:31.870] [info]  [
  '懒猫智慧屏-axy|172|https://tv.axy.heiyu.space/noVNC/vnc_lite.html|VNC连接成功'
]
[2025-10-31 14:08:41.522] [info]  [
  '懒猫智慧屏-axy|0|https://tv.axy.heiyu.space/noVNC/vnc_lite.html|A VideoFrame was garbage collected without being closed. Applications should call close() on frames when done with them to prevent stalls.'
]
