[1A[1B[0G[?25l[+] Pulling 1/2
 [32m✔[0m app Skipped - Image is already present locally [32m[0m[34m0.0s [0m
 [33m⠋[0m solara Pulling                                 [34m0.1s [0m
[?25h[1A[1A[1A[0G[?25l[34m[+] Pulling 2/3[0m
 [32m✔[0m app Skipped - Image is already present locally [32m[0m[34m0.0s [0m
 [33m⠙[0m solara [[32m⣿[0m] Pulling                [34m0.2s [0m
[?25h[1A[1A[1A[0G[?25l[34m[+] Pulling 2/3[0m
 [32m✔[0m app Skipped - Image is already present locally [32m[0m[34m0.0s [0m
 [33m⠹[0m solara [[32m⣿[0m] Pulling                [34m0.3s [0m
[?25h[1A[1A[1A[0G[?25l[34m[+] Pulling 2/13[0m
 [32m✔[0m app Skipped - Image is already present locally [32m[0m[34m0.0s [0m
 [33m⠸[0m solara [[32m⣿⠀⠀⠀⠀⠀⠀⠀⠀⠀⠀[0m] Pulling [34m0.4s [0m
[?25h[1A[1A[1A[0G[?25l[+] Pulling 3/13
 [32m✔[0m app Skipped - Image is already present locally [32m[0m[34m0.0s [0m
 [33m⠼[0m solara [[32m⣿⠀⣀⣿⠀⠀⠀⠀⠀⠀⠀[0m] Pulling [34m0.5s [0m
[?25h[1A[1A[1A[0G[?25l[+] Pulling 5/13
 [32m✔[0m app Skipped - Image is already present locally [32m[0m[34m0.0s [0m
 [33m⠴[0m solara [[32m⣿⠀⣿⣿⣿⠀⠀⠀⠀⠀⠀[0m] Pulling [34m0.6s [0m
[?25h[1A[1A[1A[0G[?25l[+] Pulling 7/13
 [32m✔[0m app Skipped - Image is already present locally [32m[0m[34m0.0s [0m
 [33m⠦[0m solara [[32m⣿⠀⣿⣿⣿⠀⣿⣿⠀⠀⠀[0m] Pulling [34m0.7s [0m
[?25h[1A[1A[1A[0G[?25l[+] Pulling 11/13
 [32m✔[0m app Skipped - Image is already present locally [32m[0m[34m0.0s [0m
 [33m⠧[0m solara [[32m⣿⠀⣿⣿⣿⣿⣿⣿⣿⣿⣿[0m] 1.749MB / 47.8MB  Pulling [34m0.8s [0m
[?25h[1A[1A[1A[0G[?25l[+] Pulling 11/13
 [32m✔[0m app Skipped - Image is already present locally [32m[0m[34m0.0s [0m
 [33m⠇[0m solara [[32m⣿⠀⣿⣿⣿⣿⣿⣿⣿⣿⣿[0m] 1.749MB / 47.8MB  Pulling [34m0.9s [0m
[?25h[1A[1A[1A[0G[?25l[+] Pulling 11/13
 [32m✔[0m app Skipped - Image is already present locally [32m[0m[34m0.0s [0m
 [33m⠏[0m solara [[32m⣿⠀⣿⣿⣿⣿⣿⣿⣿⣿⣿[0m] 4.616MB / 47.8MB  Pulling [34m1.0s [0m
[?25h[1A[1A[1A[0G[?25l[+] Pulling 11/13
 [32m✔[0m app Skipped - Image is already present locally [32m[0m[34m0.0s [0m
 [33m⠋[0m solara [[32m⣿⡀⣿⣿⣿⣿⣿⣿⣿⣿⣿[0m] 7.073MB / 47.8MB  Pulling [34m1.1s [0m
[?25h[1A[1A[1A[0G[?25l[+] Pulling 11/13
 [32m✔[0m app Skipped - Image is already present locally [32m[0m[34m0.0s [0m
 [33m⠙[0m solara [[32m⣿⡀⣿⣿⣿⣿⣿⣿⣿⣿⣿[0m] 8.712MB / 47.8MB  Pulling [34m1.2s [0m
[?25h[1A[1A[1A[0G[?25l[+] Pulling 11/13
 [32m✔[0m app Skipped - Image is already present locally [32m[0m[34m0.0s [0m
 [33m⠹[0m solara [[32m⣿⡀⣿⣿⣿⣿⣿⣿⣿⣿⣿[0m] 8.712MB / 47.8MB  Pulling [34m1.3s [0m
[?25h[1A[1A[1A[0G[?25l[+] Pulling 11/13
 [32m✔[0m app Skipped - Image is already present locally [32m[0m[34m0.0s [0m
 [33m⠸[0m solara [[32m⣿⡀⣿⣿⣿⣿⣿⣿⣿⣿⣿[0m] 8.712MB / 47.8MB  Pulling [34m1.4s [0m
[?25h[1A[1A[1A[0G[?25l[+] Pulling 11/13
 [32m✔[0m app Skipped - Image is already present locally [32m[0m[34m0.0s [0m
 [33m⠼[0m solara [[32m⣿⡀⣿⣿⣿⣿⣿⣿⣿⣿⣿[0m] 11.17MB / 47.8MB  Pulling [34m1.5s [0m
[?25h[1A[1A[1A[0G[?25l[+] Pulling 11/13
 [32m✔[0m app Skipped - Image is already present locally [32m[0m[34m0.0s [0m
 [33m⠴[0m solara [[32m⣿⡀⣿⣿⣿⣿⣿⣿⣿⣿⣿[0m] 11.17MB / 47.8MB  Pulling [34m1.6s [0m
[?25h[1A[1A[1A[0G[?25l[+] Pulling 11/13
 [32m✔[0m app Skipped - Image is already present locally [32m[0m[34m0.0s [0m
 [33m⠦[0m solara [[32m⣿⣀⣿⣿⣿⣿⣿⣿⣿⣿⣿[0m] 14.45MB / 47.8MB  Pulling [34m1.7s [0m
[?25h[1A[1A[1A[0G[?25l[+] Pulling 11/13
 [32m✔[0m app Skipped - Image is already present locally [32m[0m[34m0.0s [0m
 [33m⠧[0m solara [[32m⣿⣀⣿⣿⣿⣿⣿⣿⣿⣿⣿[0m] 14.45MB / 47.8MB  Pulling [34m1.8s [0m
[?25h[1A[1A[1A[0G[?25l[+] Pulling 11/13
 [32m✔[0m app Skipped - Image is already present locally [32m[0m[34m0.0s [0m
 [33m⠇[0m solara [[32m⣿⣀⣿⣿⣿⣿⣿⣿⣿⣿⣿[0m] 14.45MB / 47.8MB  Pulling [34m1.9s [0m
[?25h[1A[1A[1A[0G[?25l[+] Pulling 11/13
 [32m✔[0m app Skipped - Image is already present locally [32m[0m[34m0.0s [0m
 [33m⠏[0m solara [[32m⣿⣀⣿⣿⣿⣿⣿⣿⣿⣿⣿[0m] 15.27MB / 47.8MB  Pulling [34m2.0s [0m
[?25h[1A[1A[1A[0G[?25l[+] Pulling 11/13
 [32m✔[0m app Skipped - Image is already present locally [32m[0m[34m0.0s [0m
 [33m⠋[0m solara [[32m⣿⣀⣿⣿⣿⣿⣿⣿⣿⣿⣿[0m] 15.27MB / 47.8MB  Pulling [34m2.1s [0m
[?25h[1A[1A[1A[0G[?25l[+] Pulling 11/13
 [32m✔[0m app Skipped - Image is already present locally [32m[0m[34m0.0s [0m
 [33m⠙[0m solara [[32m⣿⣀⣿⣿⣿⣿⣿⣿⣿⣿⣿[0m] 15.27MB / 47.8MB  Pulling [34m2.2s [0m
[?25h[1A[1A[1A[0G[?25l[+] Pulling 11/13
 [32m✔[0m app Skipped - Image is already present locally [32m[0m[34m0.0s [0m
 [33m⠹[0m solara [[32m⣿⣄⣿⣿⣿⣿⣿⣿⣿⣿⣿[0m] 18.54MB / 47.8MB  Pulling [34m2.3s [0m
[?25h[1A[1A[1A[0G[?25l[+] Pulling 11/13
 [32m✔[0m app Skipped - Image is already present locally [32m[0m[34m0.0s [0m
 [33m⠸[0m solara [[32m⣿⣄⣿⣿⣿⣿⣿⣿⣿⣿⣿[0m] 19.36MB / 47.8MB  Pulling [34m2.4s [0m
[?25h[1A[1A[1A[0G[?25l[+] Pulling 11/13
 [32m✔[0m app Skipped - Image is already present locally [32m[0m[34m0.0s [0m
 [33m⠼[0m solara [[32m⣿⣤⣿⣿⣿⣿⣿⣿⣿⣿⣿[0m] 21.41MB / 47.8MB  Pulling [34m2.5s [0m
[?25h[1A[1A[1A[0G[?25l[+] Pulling 11/13
 [32m✔[0m app Skipped - Image is already present locally [32m[0m[34m0.0s [0m
 [33m⠴[0m solara [[32m⣿⣤⣿⣿⣿⣿⣿⣿⣿⣿⣿[0m] 21.41MB / 47.8MB  Pulling [34m2.6s [0m
[?25h[1A[1A[1A[0G[?25l[+] Pulling 11/13
 [32m✔[0m app Skipped - Image is already present locally [32m[0m[34m0.0s [0m
 [33m⠦[0m solara [[32m⣿⣤⣿⣿⣿⣿⣿⣿⣿⣿⣿[0m] 22.23MB / 47.8MB  Pulling [34m2.7s [0m
[?25h[1A[1A[1A[0G[?25l[+] Pulling 11/13
 [32m✔[0m app Skipped - Image is already present locally [32m[0m[34m0.0s [0m
 [33m⠧[0m solara [[32m⣿⣤⣿⣿⣿⣿⣿⣿⣿⣿⣿[0m] 22.23MB / 47.8MB  Pulling [34m2.8s [0m
[?25h[1A[1A[1A[0G[?25l[+] Pulling 11/13
 [32m✔[0m app Skipped - Image is already present locally [32m[0m[34m0.0s [0m
 [33m⠇[0m solara [[32m⣿⣤⣿⣿⣿⣿⣿⣿⣿⣿⣿[0m]  25.1MB / 47.8MB  Pulling [34m2.9s [0m
[?25h[1A[1A[1A[0G[?25l[+] Pulling 11/13
 [32m✔[0m app Skipped - Image is already present locally [32m[0m[34m0.0s [0m
 [33m⠏[0m solara [[32m⣿⣦⣿⣿⣿⣿⣿⣿⣿⣿⣿[0m] 27.55MB / 47.8MB  Pulling [34m3.0s [0m
[?25h[1A[1A[1A[0G[?25l[+] Pulling 11/13
 [32m✔[0m app Skipped - Image is already present locally [32m[0m[34m0.0s [0m
 [33m⠋[0m solara [[32m⣿⣦⣿⣿⣿⣿⣿⣿⣿⣿⣿[0m] 27.55MB / 47.8MB  Pulling [34m3.1s [0m
[?25h[1A[1A[1A[0G[?25l[+] Pulling 11/13
 [32m✔[0m app Skipped - Image is already present locally [32m[0m[34m0.0s [0m
 [33m⠙[0m solara [[32m⣿⣦⣿⣿⣿⣿⣿⣿⣿⣿⣿[0m] 27.55MB / 47.8MB  Pulling [34m3.2s [0m
[?25h[1A[1A[1A[0G[?25l[+] Pulling 11/13
 [32m✔[0m app Skipped - Image is already present locally [32m[0m[34m0.0s [0m
 [33m⠹[0m solara [[32m⣿⣦⣿⣿⣿⣿⣿⣿⣿⣿⣿[0m] 29.19MB / 47.8MB  Pulling [34m3.3s [0m
[?25h[1A[1A[1A[0G[?25l[+] Pulling 11/13
 [32m✔[0m app Skipped - Image is already present locally [32m[0m[34m0.0s [0m
 [33m⠸[0m solara [[32m⣿⣦⣿⣿⣿⣿⣿⣿⣿⣿⣿[0m] 29.19MB / 47.8MB  Pulling [34m3.4s [0m
[?25h[1A[1A[1A[0G[?25l[+] Pulling 11/13
 [32m✔[0m app Skipped - Image is already present locally [32m[0m[34m0.0s [0m
 [33m⠼[0m solara [[32m⣿⣶⣿⣿⣿⣿⣿⣿⣿⣿⣿[0m] 32.06MB / 47.8MB  Pulling [34m3.5s [0m
[?25h[1A[1A[1A[0G[?25l[+] Pulling 11/13
 [32m✔[0m app Skipped - Image is already present locally [32m[0m[34m0.0s [0m
 [33m⠴[0m solara [[32m⣿⣶⣿⣿⣿⣿⣿⣿⣿⣿⣿[0m]  33.7MB / 47.8MB  Pulling [34m3.6s [0m
[?25h[1A[1A[1A[0G[?25l[+] Pulling 11/13
 [32m✔[0m app Skipped - Image is already present locally [32m[0m[34m0.0s [0m
 [33m⠦[0m solara [[32m⣿⣶⣿⣿⣿⣿⣿⣿⣿⣿⣿[0m]  33.7MB / 47.8MB  Pulling [34m3.7s [0m
[?25h[1A[1A[1A[0G[?25l[+] Pulling 11/13
 [32m✔[0m app Skipped - Image is already present locally [32m[0m[34m0.0s [0m
 [33m⠧[0m solara [[32m⣿⣶⣿⣿⣿⣿⣿⣿⣿⣿⣿[0m]  33.7MB / 47.8MB  Pulling [34m3.8s [0m
[?25h[1A[1A[1A[0G[?25l[+] Pulling 11/13
 [32m✔[0m app Skipped - Image is already present locally [32m[0m[34m0.0s [0m
 [33m⠇[0m solara [[32m⣿⣶⣿⣿⣿⣿⣿⣿⣿⣿⣿[0m]  33.7MB / 47.8MB  Pulling [34m3.9s [0m
[?25h[1A[1A[1A[0G[?25l[+] Pulling 12/13
 [32m✔[0m app Skipped - Image is already present locally [32m[0m[34m0.0s [0m
 [33m⠏[0m solara [[32m⣿⣿⣿⣿⣿⣿⣿⣿⣿⣿⣿[0m] 39.45MB / 47.8MB  Pulling [34m4.0s [0m
[?25h[1A[1A[1A[0G[?25l[+] Pulling 12/13
 [32m✔[0m app Skipped - Image is already present locally [32m[0m[34m0.0s [0m
 [33m⠋[0m solara [[32m⣿⣿⣿⣿⣿⣿⣿⣿⣿⣿⣿[0m] 39.45MB / 47.8MB  Pulling [34m4.1s [0m
[?25h[1A[1A[1A[0G[?25l[+] Pulling 12/13
 [32m✔[0m app Skipped - Image is already present locally [32m[0m[34m0.0s [0m
 [33m⠙[0m solara [[32m⣿⣿⣿⣿⣿⣿⣿⣿⣿⣿⣿[0m] 39.45MB / 47.8MB  Pulling [34m4.2s [0m
[?25h[1A[1A[1A[0G[?25l[+] Pulling 11/13
 [32m✔[0m app Skipped - Image is already present locally [32m[0m[34m0.0s [0m
 [33m⠹[0m solara [[32m⣿⣿⣿⣿⣿⣿⣿⣿⣿⣿⣿[0m] 39.45MB / 47.8MB  Pulling [34m4.3s [0m
[?25h[1A[1A[1A[0G[?25l[+] Pulling 11/13
 [32m✔[0m app Skipped - Image is already present locally [32m[0m[34m0.0s [0m
 [33m⠸[0m solara [[32m⣿⣿⣿⣿⣿⣿⣿⣿⣿⣿⣿[0m] 39.45MB / 47.8MB  Pulling [34m4.4s [0m
[?25h[1A[1A[1A[0G[?25l[+] Pulling 11/13
 [32m✔[0m app Skipped - Image is already present locally [32m[0m[34m0.0s [0m
 [33m⠼[0m solara [[32m⣿⣿⣿⣿⣿⣿⣿⣿⣿⣿⣿[0m] 39.45MB / 47.8MB  Pulling [34m4.5s [0m
[?25h[1A[1A[1A[0G[?25l[+] Pulling 11/13
 [32m✔[0m app Skipped - Image is already present locally [32m[0m[34m0.0s [0m
 [33m⠴[0m solara [[32m⣿⣿⣿⣿⣿⣿⣿⣿⣿⣿⣿[0m] 39.45MB / 47.8MB  Pulling [34m4.6s [0m
[?25h[1A[1A[1A[0G[?25l[+] Pulling 11/13
 [32m✔[0m app Skipped - Image is already present locally [32m[0m[34m0.0s [0m
 [33m⠦[0m solara [[32m⣿⣿⣿⣿⣿⣿⣿⣿⣿⣿⣿[0m] 39.45MB / 47.8MB  Pulling [34m4.7s [0m
[?25h[1A[1A[1A[0G[?25l[+] Pulling 11/13
 [32m✔[0m app Skipped - Image is already present locally [32m[0m[34m0.0s [0m
 [33m⠧[0m solara [[32m⣿⣿⣿⣿⣿⣿⣿⣿⣿⣿⣿[0m] 39.45MB / 47.8MB  Pulling [34m4.8s [0m
[?25h[1A[1A[1A[0G[?25l[+] Pulling 11/13
 [32m✔[0m app Skipped - Image is already present locally [32m[0m[34m0.0s [0m
 [33m⠇[0m solara [[32m⣿⣿⣿⣿⣿⣿⣿⣿⣿⣿⣿[0m] 39.45MB / 47.8MB  Pulling [34m4.9s [0m
[?25h[1A[1A[1A[0G[?25l[+] Pulling 11/13
 [32m✔[0m app Skipped - Image is already present locally [32m[0m[34m0.0s [0m
 [33m⠏[0m solara [[32m⣿⣿⣿⣿⣿⣿⣿⣿⣿⣿⣿[0m] 39.45MB / 47.8MB  Pulling [34m5.0s [0m
[?25h[1A[1A[1A[0G[?25l[+] Pulling 11/13
 [32m✔[0m app Skipped - Image is already present locally [32m[0m[34m0.0s [0m
 [33m⠋[0m solara [[32m⣿⣿⣿⣿⣿⣿⣿⣿⣿⣿⣿[0m] 39.45MB / 47.8MB  Pulling [34m5.1s [0m
[?25h[1A[1A[1A[0G[?25l[+] Pulling 11/13
 [32m✔[0m app Skipped - Image is already present locally [32m[0m[34m0.0s [0m
 [33m⠙[0m solara [[32m⣿⣿⣿⣿⣿⣿⣿⣿⣿⣿⣿[0m] 39.45MB / 47.8MB  Pulling [34m5.2s [0m
[?25h[1A[1A[1A[0G[?25l[+] Pulling 11/13
 [32m✔[0m app Skipped - Image is already present locally [32m[0m[34m0.0s [0m
 [33m⠹[0m solara [[32m⣿⣿⣿⣿⣿⣿⣿⣿⣿⣿⣿[0m] 39.45MB / 47.8MB  Pulling [34m5.3s [0m
[?25h[1A[1A[1A[0G[?25l[+] Pulling 11/13
 [32m✔[0m app Skipped - Image is already present locally [32m[0m[34m0.0s [0m
 [33m⠸[0m solara [[32m⣿⣿⣿⣿⣿⣿⣿⣿⣿⣿⣿[0m] 39.45MB / 47.8MB  Pulling [34m5.4s [0m
[?25h[1A[1A[1A[0G[?25l[+] Pulling 11/13
 [32m✔[0m app Skipped - Image is already present locally [32m[0m[34m0.0s [0m
 [33m⠼[0m solara [[32m⣿⣿⣿⣿⣿⣿⣿⣿⣿⣿⣿[0m] 39.45MB / 47.8MB  Pulling [34m5.5s [0m
[?25h[1A[1A[1A[0G[?25l[+] Pulling 11/13
 [32m✔[0m app Skipped - Image is already present locally [32m[0m[34m0.0s [0m
 [33m⠴[0m solara [[32m⣿⣿⣿⣿⣿⣿⣿⣿⣿⣿⣿[0m] 39.45MB / 47.8MB  Pulling [34m5.6s [0m
[?25h[1A[1A[1A[0G[?25l[+] Pulling 11/13
 [32m✔[0m app Skipped - Image is already present locally [32m[0m[34m0.0s [0m
 [33m⠦[0m solara [[32m⣿⣿⣿⣿⣿⣿⣿⣿⣿⣿⣿[0m]  40.1MB / 47.8MB  Pulling [34m5.7s [0m
[?25h[1A[1A[1A[0G[?25l[+] Pulling 11/13
 [32m✔[0m app Skipped - Image is already present locally [32m[0m[34m0.0s [0m
 [33m⠧[0m solara [[32m⣿⣿⣿⣿⣿⣿⣿⣿⣿⣿⣿[0m]  40.1MB / 47.8MB  Pulling [34m5.8s [0m
[?25h[1A[1A[1A[0G[?25l[+] Pulling 11/13
 [32m✔[0m app Skipped - Image is already present locally [32m[0m[34m0.0s [0m
 [33m⠇[0m solara [[32m⣿⣿⣿⣿⣿⣿⣿⣿⣿⣿⣿[0m] 41.35MB / 47.8MB  Pulling [34m5.9s [0m
[?25h[1A[1A[1A[0G[?25l[+] Pulling 11/13
 [32m✔[0m app Skipped - Image is already present locally [32m[0m[34m0.0s [0m
 [33m⠏[0m solara [[32m⣿⣿⣿⣿⣿⣿⣿⣿⣿⣿⣿[0m] 41.35MB / 47.8MB  Pulling [34m6.0s [0m
[?25h[1A[1A[1A[0G[?25l[+] Pulling 11/13
 [32m✔[0m app Skipped - Image is already present locally [32m[0m[34m0.0s [0m
 [33m⠋[0m solara [[32m⣿⣿⣿⣿⣿⣿⣿⣿⣿⣿⣿[0m] 41.35MB / 47.8MB  Pulling [34m6.1s [0m
[?25h[1A[1A[1A[0G[?25l[+] Pulling 12/13
 [32m✔[0m app Skipped - Image is already present locally [32m[0m[34m0.0s [0m
 [33m⠙[0m solara [[32m⣿⣿⣿⣿⣿⣿⣿⣿⣿⣿⣿[0m] 41.35MB / 47.8MB  Pulling [34m6.2s [0m
[?25h[1A[1A[1A[0G[?25l[+] Pulling 11/13
 [32m✔[0m app Skipped - Image is already present locally [32m[0m[34m0.0s [0m
 [33m⠹[0m solara [[32m⣿⣿⣿⣿⣿⣿⣿⣿⣿⣿⣿[0m] 41.35MB / 47.8MB  Pulling [34m6.3s [0m
[?25h[1A[1A[1A[0G[?25l[+] Pulling 11/13
 [32m✔[0m app Skipped - Image is already present locally [32m[0m[34m0.0s [0m
 [33m⠸[0m solara [[32m⣿⣿⣿⣿⣿⣿⣿⣿⣿⣿⣿[0m] 41.35MB / 47.8MB  Pulling [34m6.4s [0m
[?25h[1A[1A[1A[0G[?25l[+] Pulling 11/13
 [32m✔[0m app Skipped - Image is already present locally [32m[0m[34m0.0s [0m
 [33m⠼[0m solara [[32m⣿⣿⣿⣿⣿⣿⣿⣿⣿⣿⣿[0m] 41.35MB / 47.8MB  Pulling [34m6.5s [0m
[?25h[1A[1A[1A[0G[?25l[+] Pulling 11/13
 [32m✔[0m app Skipped - Image is already present locally [32m[0m[34m0.0s [0m
 [33m⠴[0m solara [[32m⣿⣿⣿⣿⣿⣿⣿⣿⣿⣿⣿[0m] 41.35MB / 47.8MB  Pulling [34m6.6s [0m
[?25h[1A[1A[1A[0G[?25l[+] Pulling 11/13
 [32m✔[0m app Skipped - Image is already present locally [32m[0m[34m0.0s [0m
 [33m⠦[0m solara [[32m⣿⣿⣿⣿⣿⣿⣿⣿⣿⣿⣿[0m] 41.35MB / 47.8MB  Pulling [34m6.7s [0m
[?25h[1A[1A[1A[0G[?25l[+] Pulling 11/13
 [32m✔[0m app Skipped - Image is already present locally [32m[0m[34m0.0s [0m
 [33m⠧[0m solara [[32m⣿⣿⣿⣿⣿⣿⣿⣿⣿⣿⣿[0m] 41.35MB / 47.8MB  Pulling [34m6.8s [0m
[?25h[1A[1A[1A[0G[?25l[+] Pulling 12/13
 [32m✔[0m app Skipped - Image is already present locally [32m[0m[34m0.0s [0m
 [33m⠇[0m solara [[32m⣿⣿⣿⣿⣿⣿⣿⣿⣿⣿⣿[0m] 41.35MB / 47.8MB  Pulling [34m6.9s [0m
[?25h[1A[1A[1A[0G[?25l[+] Pulling 11/13
 [32m✔[0m app Skipped - Image is already present locally [32m[0m[34m0.0s [0m
 [33m⠏[0m solara [[32m⣿⣿⣿⣿⣿⣿⣿⣿⣿⣿⣿[0m] 41.35MB / 47.8MB  Pulling [34m7.0s [0m
[?25h[1A[1A[1A[0G[?25l[+] Pulling 11/13
 [32m✔[0m app Skipped - Image is already present locally [32m[0m[34m0.0s [0m
 [33m⠋[0m solara [[32m⣿⣿⣿⣿⣿⣿⣿⣿⣿⣿⣿[0m] 41.35MB / 47.8MB  Pulling [34m7.1s [0m
[?25h[1A[1A[1A[0G[?25l[+] Pulling 11/13
 [32m✔[0m app Skipped - Image is already present locally [32m[0m[34m0.0s [0m
 [33m⠙[0m solara [[32m⣿⣿⣿⣿⣿⣿⣿⣿⣿⣿⣿[0m] 41.35MB / 47.8MB  Pulling [34m7.2s [0m
[?25h[1A[1A[1A[0G[?25l[+] Pulling 11/13
 [32m✔[0m app Skipped - Image is already present locally [32m[0m[34m0.0s [0m
 [33m⠹[0m solara [[32m⣿⣿⣿⣿⣿⣿⣿⣿⣿⣿⣿[0m] 41.35MB / 47.8MB  Pulling [34m7.3s [0m
[?25h[1A[1A[1A[0G[?25l[+] Pulling 12/13
 [32m✔[0m app Skipped - Image is already present locally [32m[0m[34m0.0s [0m
 [33m⠸[0m solara [[32m⣿⣿⣿⣿⣿⣿⣿⣿⣿⣿⣿[0m] 41.35MB / 47.8MB  Pulling [34m7.4s [0m
[?25h[1A[1A[1A[0G[?25l[+] Pulling 12/13
 [32m✔[0m app Skipped - Image is already present locally [32m[0m[34m0.0s [0m
 [33m⠼[0m solara [[32m⣿⣿⣿⣿⣿⣿⣿⣿⣿⣿⣿[0m] 41.35MB / 47.8MB  Pulling [34m7.5s [0m
[?25h[1A[1A[1A[0G[?25l[+] Pulling 11/13
 [32m✔[0m app Skipped - Image is already present locally [32m[0m[34m0.0s [0m
 [33m⠴[0m solara [[32m⣿⣿⣿⣿⣿⣿⣿⣿⣿⣿⣿[0m] 41.35MB / 47.8MB  Pulling [34m7.6s [0m
[?25h[1A[1A[1A[0G[?25l[+] Pulling 11/13
 [32m✔[0m app Skipped - Image is already present locally [32m[0m[34m0.0s [0m
 [33m⠦[0m solara [[32m⣿⣿⣿⣿⣿⣿⣿⣿⣿⣿⣿[0m] 41.35MB / 47.8MB  Pulling [34m7.7s [0m
[?25h[1A[1A[1A[0G[?25l[+] Pulling 11/13
 [32m✔[0m app Skipped - Image is already present locally [32m[0m[34m0.0s [0m
 [33m⠧[0m solara [[32m⣿⣿⣿⣿⣿⣿⣿⣿⣿⣿⣿[0m] 41.35MB / 47.8MB  Pulling [34m7.8s [0m
[?25h[1A[1A[1A[0G[?25l[+] Pulling 11/13
 [32m✔[0m app Skipped - Image is already present locally [32m[0m[34m0.0s [0m
 [33m⠇[0m solara [[32m⣿⣿⣿⣿⣿⣿⣿⣿⣿⣿⣿[0m] 41.35MB / 47.8MB  Pulling [34m7.9s [0m
[?25h[1A[1A[1A[0G[?25l[+] Pulling 11/13
 [32m✔[0m app Skipped - Image is already present locally [32m[0m[34m0.0s [0m
 [33m⠏[0m solara [[32m⣿⣿⣿⣿⣿⣿⣿⣿⣿⣿⣿[0m] 41.35MB / 47.8MB  Pulling [34m8.0s [0m
[?25h[1A[1A[1A[0G[?25l[+] Pulling 11/13
 [32m✔[0m app Skipped - Image is already present locally [32m[0m[34m0.0s [0m
 [33m⠋[0m solara [[32m⣿⣿⣿⣿⣿⣿⣿⣿⣿⣿⣿[0m] 41.35MB / 47.8MB  Pulling [34m8.1s [0m
[?25h[1A[1A[1A[0G[?25l[+] Pulling 12/13
 [32m✔[0m app Skipped - Image is already present locally [32m[0m[34m0.0s [0m
 [33m⠙[0m solara [[32m⣿⣿⣿⣿⣿⣿⣿⣿⣿⣿⣿[0m] 41.35MB / 47.8MB  Pulling [34m8.2s [0m
[?25h[1A[1A[1A[0G[?25l[+] Pulling 11/13
 [32m✔[0m app Skipped - Image is already present locally [32m[0m[34m0.0s [0m
 [33m⠹[0m solara [[32m⣿⣿⣿⣿⣿⣿⣿⣿⣿⣿⣿[0m] 41.35MB / 47.8MB  Pulling [34m8.3s [0m
[?25h[1A[1A[1A[0G[?25l[+] Pulling 11/13
 [32m✔[0m app Skipped - Image is already present locally [32m[0m[34m0.0s [0m
 [33m⠸[0m solara [[32m⣿⣿⣿⣿⣿⣿⣿⣿⣿⣿⣿[0m] 41.35MB / 47.8MB  Pulling [34m8.4s [0m
[?25h[1A[1A[1A[0G[?25l[+] Pulling 11/13
 [32m✔[0m app Skipped - Image is already present locally [32m[0m[34m0.0s [0m
 [33m⠼[0m solara [[32m⣿⣿⣿⣿⣿⣿⣿⣿⣿⣿⣿[0m] 41.35MB / 47.8MB  Pulling [34m8.5s [0m
[?25h[1A[1A[1A[0G[?25l[+] Pulling 11/13
 [32m✔[0m app Skipped - Image is already present locally [32m[0m[34m0.0s [0m
 [33m⠴[0m solara [[32m⣿⣿⣿⣿⣿⣿⣿⣿⣿⣿⣿[0m] 41.35MB / 47.8MB  Pulling [34m8.6s [0m
[?25h[1A[1A[1A[0G[?25l[+] Pulling 11/13
 [32m✔[0m app Skipped - Image is already present locally [32m[0m[34m0.0s [0m
 [33m⠦[0m solara [[32m⣿⣿⣿⣿⣿⣿⣿⣿⣿⣿⣿[0m] 41.35MB / 47.8MB  Pulling [34m8.7s [0m
[?25h[1A[1A[1A[0G[?25l[+] Pulling 12/13
 [32m✔[0m app Skipped - Image is already present locally [32m[0m[34m0.0s [0m
 [33m⠧[0m solara [[32m⣿⣿⣿⣿⣿⣿⣿⣿⣿⣿⣿[0m] 41.35MB / 47.8MB  Pulling [34m8.8s [0m
[?25h[1A[1A[1A[0G[?25l[+] Pulling 11/13
 [32m✔[0m app Skipped - Image is already present locally [32m[0m[34m0.0s [0m
 [33m⠇[0m solara [[32m⣿⣿⣿⣿⣿⣿⣿⣿⣿⣿⣿[0m] 41.35MB / 47.8MB  Pulling [34m8.9s [0m
[?25h[1A[1A[1A[0G[?25l[+] Pulling 11/13
 [32m✔[0m app Skipped - Image is already present locally [32m[0m[34m0.0s [0m
 [33m⠏[0m solara [[32m⣿⣿⣿⣿⣿⣿⣿⣿⣿⣿⣿[0m] 41.35MB / 47.8MB  Pulling [34m9.0s [0m
[?25h[1A[1A[1A[0G[?25l[+] Pulling 11/13
 [32m✔[0m app Skipped - Image is already present locally [32m[0m[34m0.0s [0m
 [33m⠋[0m solara [[32m⣿⣿⣿⣿⣿⣿⣿⣿⣿⣿⣿[0m] 41.39MB / 47.8MB  Pulling [34m9.1s [0m
[?25h[1A[1A[1A[0G[?25l[+] Pulling 11/13
 [32m✔[0m app Skipped - Image is already present locally [32m[0m[34m0.0s [0m
 [33m⠙[0m solara [[32m⣿⣿⣿⣿⣿⣿⣿⣿⣿⣿⣿[0m] 41.65MB / 47.8MB  Pulling [34m9.2s [0m
[?25h[1A[1A[1A[0G[?25l[+] Pulling 11/13
 [32m✔[0m app Skipped - Image is already present locally [32m[0m[34m0.0s [0m
 [33m⠹[0m solara [[32m⣿⣿⣿⣿⣿⣿⣿⣿⣿⣿⣿[0m] 42.17MB / 47.8MB  Pulling [34m9.3s [0m
[?25h[1A[1A[1A[0G[?25l[+] Pulling 11/13
 [32m✔[0m app Skipped - Image is already present locally [32m[0m[34m0.0s [0m
 [33m⠸[0m solara [[32m⣿⣿⣿⣿⣿⣿⣿⣿⣿⣿⣿[0m] 43.65MB / 47.8MB  Pulling [34m9.4s [0m
[?25h[1A[1A[1A[0G[?25l[+] Pulling 11/13
 [32m✔[0m app Skipped - Image is already present locally [32m[0m[34m0.0s [0m
 [33m⠼[0m solara [[32m⣿⣿⣿⣿⣿⣿⣿⣿⣿⣿⣿[0m] 44.17MB / 47.8MB  Pulling [34m9.5s [0m
[?25h[1A[1A[1A[0G[?25l[+] Pulling 11/13
 [32m✔[0m app Skipped - Image is already present locally [32m[0m[34m0.0s [0m
 [33m⠴[0m solara [[32m⣿⣿⣿⣿⣿⣿⣿⣿⣿⣿⣿[0m] 44.17MB / 47.8MB  Pulling [34m9.6s [0m
[?25h[1A[1A[1A[0G[?25l[+] Pulling 11/13
 [32m✔[0m app Skipped - Image is already present locally [32m[0m[34m0.0s [0m
 [33m⠦[0m solara [[32m⣿⣿⣿⣿⣿⣿⣿⣿⣿⣿⣿[0m] 44.17MB / 47.8MB  Pulling [34m9.7s [0m
[?25h[1A[1A[1A[0G[?25l[+] Pulling 11/13
 [32m✔[0m app Skipped - Image is already present locally [32m[0m[34m0.0s [0m
 [33m⠧[0m solara [[32m⣿⣿⣿⣿⣿⣿⣿⣿⣿⣿⣿[0m] 44.17MB / 47.8MB  Pulling [34m9.8s [0m
[?25h[1A[1A[1A[0G[?25l[+] Pulling 12/13
 [32m✔[0m app Skipped - Image is already present locally [32m[0m[34m0.0s [0m
 [33m⠇[0m solara [[32m⣿⣿⣿⣿⣿⣿⣿⣿⣿⣿⣿[0m] 44.17MB / 47.8MB  Pulling [34m9.9s [0m
[?25h[1A[1A[1A[0G[?25l[+] Pulling 11/13
 [32m✔[0m app Skipped - Image is already present locally [32m[0m[34m0.0s [0m
 [33m⠏[0m solara [[32m⣿⣿⣿⣿⣿⣿⣿⣿⣿⣿⣿[0m] 44.19MB / 47.8MB  Pulling [34m10.0s [0m
[?25h[1A[1A[1A[0G[?25l[+] Pulling 11/13
 [32m✔[0m app Skipped - Image is already present locally [32m[0m[34m0.0s [0m
 [33m⠋[0m solara [[32m⣿⣿⣿⣿⣿⣿⣿⣿⣿⣿⣿[0m] 44.19MB / 47.8MB  Pulling [34m10.1s [0m
[?25h[1A[1A[1A[0G[?25l[+] Pulling 11/13
 [32m✔[0m app Skipped - Image is already present locally [32m[0m[34m0.0s [0m
 [33m⠙[0m solara [[32m⣿⣿⣿⣿⣿⣿⣿⣿⣿⣿⣿[0m] 45.59MB / 47.8MB  Pulling [34m10.2s [0m
[?25h[1A[1A[1A[0G[?25l[+] Pulling 11/13
 [32m✔[0m app Skipped - Image is already present locally [32m[0m[34m0.0s [0m
 [33m⠹[0m solara [[32m⣿⣿⣿⣿⣿⣿⣿⣿⣿⣿⣿[0m] 45.59MB / 47.8MB  Pulling [34m10.3s [0m
[?25h[1A[1A[1A[0G[?25l[+] Pulling 11/13
 [32m✔[0m app Skipped - Image is already present locally [32m[0m[34m0.0s [0m
 [33m⠸[0m solara [[32m⣿⣿⣿⣿⣿⣿⣿⣿⣿⣿⣿[0m] 45.59MB / 47.8MB  Pulling [34m10.4s [0m
[?25h[1A[1A[1A[0G[?25l[+] Pulling 12/13
 [32m✔[0m app Skipped - Image is already present locally [32m[0m[34m0.0s [0m
 [33m⠼[0m solara [[32m⣿⣿⣿⣿⣿⣿⣿⣿⣿⣿⣿[0m] 45.59MB / 47.8MB  Pulling [34m10.5s [0m
[?25h[1A[1A[1A[0G[?25l[+] Pulling 11/13
 [32m✔[0m app Skipped - Image is already present locally [32m[0m[34m0.0s [0m
 [33m⠴[0m solara [[32m⣿⣿⣿⣿⣿⣿⣿⣿⣿⣿⣿[0m] 45.59MB / 47.8MB  Pulling [34m10.6s [0m
[?25h[1A[1A[1A[0G[?25l[+] Pulling 11/13
 [32m✔[0m app Skipped - Image is already present locally [32m[0m[34m0.0s [0m
 [33m⠦[0m solara [[32m⣿⣿⣿⣿⣿⣿⣿⣿⣿⣿⣿[0m] 45.59MB / 47.8MB  Pulling [34m10.7s [0m
[?25h[1A[1A[1A[0G[?25l[+] Pulling 11/13
 [32m✔[0m app Skipped - Image is already present locally [32m[0m[34m0.0s [0m
 [33m⠧[0m solara [[32m⣿⣿⣿⣿⣿⣿⣿⣿⣿⣿⣿[0m] 45.59MB / 47.8MB  Pulling [34m10.8s [0m
[?25h[1A[1A[1A[0G[?25l[+] Pulling 11/13
 [32m✔[0m app Skipped - Image is already present locally [32m[0m[34m0.0s [0m
 [33m⠇[0m solara [[32m⣿⣿⣿⣿⣿⣿⣿⣿⣿⣿⣿[0m] 45.59MB / 47.8MB  Pulling [34m10.9s [0m
[?25h[1A[1A[1A[0G[?25l[+] Pulling 11/13
 [32m✔[0m app Skipped - Image is already present locally [32m[0m[34m0.0s [0m
 [33m⠏[0m solara [[32m⣿⣿⣿⣿⣿⣿⣿⣿⣿⣿⣿[0m] 45.59MB / 47.8MB  Pulling [34m11.0s [0m
[?25h[1A[1A[1A[0G[?25l[+] Pulling 12/13
 [32m✔[0m app Skipped - Image is already present locally [32m[0m[34m0.0s [0m
 [33m⠋[0m solara [[32m⣿⣿⣿⣿⣿⣿⣿⣿⣿⣿⣿[0m] 45.59MB / 47.8MB  Pulling [34m11.1s [0m
[?25h[1A[1A[1A[0G[?25l[+] Pulling 12/13
 [32m✔[0m app Skipped - Image is already present locally [32m[0m[34m0.0s [0m
 [33m⠙[0m solara [[32m⣿⣿⣿⣿⣿⣿⣿⣿⣿⣿⣿[0m] 45.59MB / 47.8MB  Pulling [34m11.2s [0m
[?25h[1A[1A[1A[0G[?25l[+] Pulling 12/13
 [32m✔[0m app Skipped - Image is already present locally [32m[0m[34m0.0s [0m
 [33m⠹[0m solara [[32m⣿⣿⣿⣿⣿⣿⣿⣿⣿⣿⣿[0m] 45.59MB / 47.8MB  Pulling [34m11.3s [0m
[?25h[1A[1A[1A[0G[?25l[+] Pulling 12/13
 [32m✔[0m app Skipped - Image is already present locally [32m[0m[34m0.0s [0m
 [33m⠸[0m solara [[32m⣿⣿⣿⣿⣿⣿⣿⣿⣿⣿⣿[0m] 45.59MB / 47.8MB  Pulling [34m11.4s [0m
[?25h[1A[1A[1A[0G[?25l[+] Pulling 12/13
 [32m✔[0m app Skipped - Image is already present locally [32m[0m[34m0.0s [0m
 [33m⠼[0m solara [[32m⣿⣿⣿⣿⣿⣿⣿⣿⣿⣿⣿[0m] 45.59MB / 47.8MB  Pulling [34m11.5s [0m
[?25h[1A[1A[1A[0G[?25l[+] Pulling 12/13
 [32m✔[0m app Skipped - Image is already present locally [32m[0m[34m0.0s [0m
 [33m⠴[0m solara [[32m⣿⣿⣿⣿⣿⣿⣿⣿⣿⣿⣿[0m] 45.59MB / 47.8MB  Pulling [34m11.6s [0m
[?25h[1A[1A[1A[0G[?25l[+] Pulling 12/13
 [32m✔[0m app Skipped - Image is already present locally [32m[0m[34m0.0s [0m
 [33m⠦[0m solara [[32m⣿⣿⣿⣿⣿⣿⣿⣿⣿⣿⣿[0m] 45.59MB / 47.8MB  Pulling [34m11.7s [0m
[?25h[1A[1A[1A[0G[?25l[+] Pulling 12/13
 [32m✔[0m app Skipped - Image is already present locally [32m[0m[34m0.0s [0m
 [33m⠧[0m solara [[32m⣿⣿⣿⣿⣿⣿⣿⣿⣿⣿⣿[0m] 45.59MB / 47.8MB  Pulling [34m11.8s [0m
[?25h[1A[1A[1A[0G[?25l[+] Pulling 12/13
 [32m✔[0m app Skipped - Image is already present locally [32m[0m[34m0.0s [0m
 [33m⠇[0m solara [[32m⣿⣿⣿⣿⣿⣿⣿⣿⣿⣿⣿[0m] 45.59MB / 47.8MB  Pulling [34m11.9s [0m
[?25h[1A[1A[1A[0G[?25l[+] Pulling 12/13
 [32m✔[0m app Skipped - Image is already present locally [32m[0m[34m0.0s [0m
 [33m⠏[0m solara [[32m⣿⣿⣿⣿⣿⣿⣿⣿⣿⣿⣿[0m] 45.59MB / 47.8MB  Pulling [34m12.0s [0m
[?25h[1A[1A[1A[0G[?25l[+] Pulling 12/13
 [32m✔[0m app Skipped - Image is already present locally [32m[0m[34m0.0s [0m
 [33m⠋[0m solara [[32m⣿⣿⣿⣿⣿⣿⣿⣿⣿⣿⣿[0m] 45.59MB / 47.8MB  Pulling [34m12.1s [0m
[?25h[1A[1A[1A[0G[?25l[+] Pulling 12/13
 [32m✔[0m app Skipped - Image is already present locally [32m[0m[34m0.0s [0m
 [33m⠙[0m solara [[32m⣿⣿⣿⣿⣿⣿⣿⣿⣿⣿⣿[0m] 45.59MB / 47.8MB  Pulling [34m12.2s [0m
[?25h[1A[1A[1A[0G[?25l[+] Pulling 12/13
 [32m✔[0m app Skipped - Image is already present locally [32m[0m[34m0.0s [0m
 [33m⠹[0m solara [[32m⣿⣿⣿⣿⣿⣿⣿⣿⣿⣿⣿[0m] 45.59MB / 47.8MB  Pulling [34m12.3s [0m
[?25h[1A[1A[1A[0G[?25l[+] Pulling 12/13
 [32m✔[0m app Skipped - Image is already present locally [32m[0m[34m0.0s [0m
 [33m⠸[0m solara [[32m⣿⣿⣿⣿⣿⣿⣿⣿⣿⣿⣿[0m] 45.59MB / 47.8MB  Pulling [34m12.4s [0m
[?25h[1A[1A[1A[0G[?25l[+] Pulling 11/13
 [32m✔[0m app Skipped - Image is already present locally [32m[0m[34m0.0s [0m
 [33m⠼[0m solara [[32m⣿⣿⣿⣿⣿⣿⣿⣿⣿⣿⣿[0m] 45.59MB / 47.8MB  Pulling [34m12.5s [0m
[?25h[1A[1A[1A[0G[?25l[+] Pulling 11/13
 [32m✔[0m app Skipped - Image is already present locally [32m[0m[34m0.0s [0m
 [33m⠴[0m solara [[32m⣿⣿⣿⣿⣿⣿⣿⣿⣿⣿⣿[0m] 45.59MB / 47.8MB  Pulling [34m12.6s [0m
[?25h[1A[1A[1A[0G[?25l[+] Pulling 11/13
 [32m✔[0m app Skipped - Image is already present locally [32m[0m[34m0.0s [0m
 [33m⠦[0m solara [[32m⣿⣿⣿⣿⣿⣿⣿⣿⣿⣿⣿[0m] 45.59MB / 47.8MB  Pulling [34m12.7s [0m
[?25h[1A[1A[1A[0G[?25l[+] Pulling 11/13
 [32m✔[0m app Skipped - Image is already present locally [32m[0m[34m0.0s [0m
 [33m⠧[0m solara [[32m⣿⣿⣿⣿⣿⣿⣿⣿⣿⣿⣿[0m] 45.59MB / 47.8MB  Pulling [34m12.8s [0m
[?25h[1A[1A[1A[0G[?25l[+] Pulling 12/13
 [32m✔[0m app Skipped - Image is already present locally [32m[0m[34m0.0s [0m
 [33m⠇[0m solara [[32m⣿⣿⣿⣿⣿⣿⣿⣿⣿⣿⣿[0m] 45.59MB / 47.8MB  Pulling [34m12.9s [0m
[?25h[1A[1A[1A[0G[?25l[+] Pulling 11/13
 [32m✔[0m app Skipped - Image is already present locally [32m[0m[34m0.0s [0m
 [33m⠏[0m solara [[32m⣿⣿⣿⣿⣿⣿⣿⣿⣿⣿⣿[0m] 45.59MB / 47.8MB  Pulling [34m13.0s [0m
[?25h[1A[1A[1A[0G[?25l[+] Pulling 11/13
 [32m✔[0m app Skipped - Image is already present locally [32m[0m[34m0.0s [0m
 [33m⠋[0m solara [[32m⣿⣿⣿⣿⣿⣿⣿⣿⣿⣿⣿[0m] 45.59MB / 47.8MB  Pulling [34m13.1s [0m
[?25h[1A[1A[1A[0G[?25l[+] Pulling 11/13
 [32m✔[0m app Skipped - Image is already present locally [32m[0m[34m0.0s [0m
 [33m⠙[0m solara [[32m⣿⣿⣿⣿⣿⣿⣿⣿⣿⣿⣿[0m] 45.62MB / 47.8MB  Pulling [34m13.2s [0m
[?25h[1A[1A[1A[0G[?25l[+] Pulling 11/13
 [32m✔[0m app Skipped - Image is already present locally [32m[0m[34m0.0s [0m
 [33m⠹[0m solara [[32m⣿⣿⣿⣿⣿⣿⣿⣿⣿⣿⣿[0m] 46.05MB / 47.8MB  Pulling [34m13.3s [0m
[?25h[1A[1A[1A[0G[?25l[+] Pulling 11/13
 [32m✔[0m app Skipped - Image is already present locally [32m[0m[34m0.0s [0m
 [33m⠸[0m solara [[32m⣿⣿⣿⣿⣿⣿⣿⣿⣿⣿⣿[0m]  47.8MB / 47.8MB  Pulling [34m13.4s [0m
[?25h[1A[1A[1A[0G[?25l[+] Pulling 11/13
 [32m✔[0m app Skipped - Image is already present locally [32m[0m[34m0.0s [0m
 [33m⠼[0m solara [[32m⣿⣿⣿⣿⣿⣿⣿⣿⣿⣿⣿[0m]  47.8MB / 47.8MB  Pulling [34m13.5s [0m
[?25h[1A[1A[1A[0G[?25l[+] Pulling 11/13
 [32m✔[0m app Skipped - Image is already present locally [32m[0m[34m0.0s [0m
 [33m⠴[0m solara [[32m⣿⣿⣿⣿⣿⣿⣿⣿⣿⣿⣿[0m]  47.8MB / 47.8MB  Pulling [34m13.6s [0m
[?25h[1A[1A[1A[0G[?25l[+] Pulling 12/13
 [32m✔[0m app Skipped - Image is already present locally [32m[0m[34m0.0s [0m
 [33m⠦[0m solara [[32m⣿⣿⣿⣿⣿⣿⣿⣿⣿⣿⣿[0m]  47.8MB / 47.8MB  Pulling [34m13.7s [0m
[?25h[1A[1A[1A[0G[?25l[+] Pulling 12/13
 [32m✔[0m app Skipped - Image is already present locally [32m[0m[34m0.0s [0m
 [33m⠧[0m solara [[32m⣿⣿⣿⣿⣿⣿⣿⣿⣿⣿⣿[0m]  47.8MB / 47.8MB  Pulling [34m13.8s [0m
[?25h[1A[1A[1A[0G[?25l[+] Pulling 12/13
 [32m✔[0m app Skipped - Image is already present locally [32m[0m[34m0.0s [0m
 [33m⠇[0m solara [[32m⣿⣿⣿⣿⣿⣿⣿⣿⣿⣿⣿[0m]  47.8MB / 47.8MB  Pulling [34m13.9s [0m
[?25h[1A[1A[1A[0G[?25l[+] Pulling 12/13
 [32m✔[0m app Skipped - Image is already present locally [32m[0m[34m0.0s [0m
 [33m⠏[0m solara [[32m⣿⣿⣿⣿⣿⣿⣿⣿⣿⣿⣿[0m]  47.8MB / 47.8MB  Pulling [34m14.0s [0m
[?25h[1A[1A[1A[0G[?25l[+] Pulling 12/13
 [32m✔[0m app Skipped - Image is already present locally [32m[0m[34m0.0s [0m
 [33m⠋[0m solara [[32m⣿⣿⣿⣿⣿⣿⣿⣿⣿⣿⣿[0m]  47.8MB / 47.8MB  Pulling [34m14.1s [0m
[?25h[1A[1A[1A[0G[?25l[+] Pulling 13/13
 [32m✔[0m app Skipped - Image is already present locally [32m[0m[34m0.0s [0m
 [32m✔[0m solara Pulled            [32m[0m[34m14.1s [0m
[?25h