[
  {
    "id": "12D3KooWLSgi8393n55MLNZ2eKWG7JgKnff7zypPNxqYqYUQqA27",
    "auth_token": "TODO",
    "country": "cn",
    "traffic_limit": 1000,
    "bandwidth_limit": 800,
    "version": "aa110bcf1",
    "startAt": {
      "seconds": 1760462695,
      "nanos": 242144624
    },
    "priority": 60,
    "disable_auto_select": false,
    "Online": true,
    "AddrInfo": {
      "ID": "12D3KooWLSgi8393n55MLNZ2eKWG7JgKnff7zypPNxqYqYUQqA27",
      "Addrs": [
        "/ip4/183.136.206.164/tcp/4001",
        "/ip4/183.136.206.164/tcp/4001/ws"
      ]
    }
  },
  {
    "id": "12D3KooWFd4noKubT52xXD9huT9H3uE1YWfX77TsKdBThcEqaqtL",
    "auth_token": "TODO",
    "country": "sg",
    "traffic_limit": 750,
    "bandwidth_limit": 10000,
    "version": "aa110bcf1",
    "startAt": {
      "seconds": 1760707531,
      "nanos": 820520513
    },
    "disable_auto_select": false,
    "Online": true,
    "AddrInfo": {
      "ID": "12D3KooWFd4noKubT52xXD9huT9H3uE1YWfX77TsKdBThcEqaqtL",
      "Addrs": [
        "/ip4/69.161.221.36/tcp/4001",
        "/ip4/69.161.221.36/tcp/4001/ws"
      ]
    }
  },
  {
    "id": "12D3KooWPU7sTiuCzvMYi862L7vF7JhDk5Ee4CNU3rvywh5tpgRQ",
    "auth_token": "TODO",
    "country": "es",
    "traffic_limit": 1000,
    "bandwidth_limit": 1000,
    "version": "aa110bcf1",
    "startAt": {
      "seconds": 1760587533,
      "nanos": 434686173
    },
    "disable_auto_select": false,
    "Online": true,
    "AddrInfo": {
      "ID": "12D3KooWPU7sTiuCzvMYi862L7vF7JhDk5Ee4CNU3rvywh5tpgRQ",
      "Addrs": [
        "/ip4/208.85.18.252/tcp/4001",
        "/ip4/208.85.18.252/tcp/4001/ws"
      ]
    }
  },
  {
    "id": "12D3KooWN72vG8cfLrT3LX8pF2WDYoLetiR5TkRPUu4x3FoBbb4G",
    "auth_token": "TODO",
    "country": "za",
    "traffic_limit": 1000,
    "bandwidth_limit": 1000,
    "version": "aa110bcf1",
    "startAt": {
      "seconds": 1762834136,
      "nanos": 267251994
    },
    "disable_auto_select": false,
    "Online": true,
    "AddrInfo": {
      "ID": "12D3KooWN72vG8cfLrT3LX8pF2WDYoLetiR5TkRPUu4x3FoBbb4G",
      "Addrs": [
        "/ip4/139.84.241.187/tcp/4001",
        "/ip4/139.84.241.187/tcp/4001/ws"
      ]
    }
  },
  {
    "id": "12D3KooWGdT9D1NeEyBN68afktJN9rhUgLNeESX6Y3J2FRJhYwaN",
    "auth_token": "TODO",
    "country": "us",
    "traffic_limit": 4000,
    "bandwidth_limit": 1000,
    "version": "aa110bcf1",
    "startAt": {
      "seconds": 1760586817,
      "nanos": 619786255
    },
    "disable_auto_select": false,
    "Online": true,
    "AddrInfo": {
      "ID": "12D3KooWGdT9D1NeEyBN68afktJN9rhUgLNeESX6Y3J2FRJhYwaN",
      "Addrs": [
        "/ip4/107.172.76.12/tcp/4001",
        "/ip4/107.172.76.12/tcp/4001/ws"
      ]
    }
  },
  {
    "id": "12D3KooWAN8a5wM1ijWDvncAhhj71X6swXqYt319kiHzYgeZyR6o",
    "auth_token": "TODO",
    "country": "cn",
    "traffic_limit": 1000,
    "bandwidth_limit": 500,
    "version": "aa110bcf1",
    "startAt": {
      "seconds": 1760463119,
      "nanos": 746390759
    },
    "priority": 40,
    "disable_auto_select": false,
    "Online": true,
    "AddrInfo": {
      "ID": "12D3KooWAN8a5wM1ijWDvncAhhj71X6swXqYt319kiHzYgeZyR6o",
      "Addrs": [
        "/ip4/110.42.99.21/tcp/4001",
        "/ip4/110.42.99.21/tcp/4001/ws"
      ]
    }
  },
  {
    "id": "12D3KooWGDaCjwJPAfeLGLKwUFtr7hxVt1FeqvZxdGpVWaDYpWAM",
    "auth_token": "TODO",
    "country": "cn",
    "traffic_limit": 1024,
    "bandwidth_limit": 200,
    "version": "aa110bcf1",
    "startAt": {
      "seconds": 1762779271,
      "nanos": 764621093
    },
    "priority": 16,
    "disable_auto_select": false,
    "Online": true,
    "AddrInfo": {
      "ID": "12D3KooWGDaCjwJPAfeLGLKwUFtr7hxVt1FeqvZxdGpVWaDYpWAM",
      "Addrs": [
        "/ip4/114.66.59.177/tcp/4001/ws",
        "/ip4/114.66.59.177/tcp/4001"
      ]
    }
  },
  {
    "id": "12D3KooWGXNE7qfcShaFfetHNni79VxLrTTswK1Jo94VX81ZN2yX",
    "auth_token": "TODO",
    "country": "au",
    "traffic_limit": 2000,
    "bandwidth_limit": 1000,
    "version": "aa110bcf1",
    "startAt": {
      "seconds": 1760587472,
      "nanos": 793567512
    },
    "disable_auto_select": false,
    "Online": true,
    "AddrInfo": {
      "ID": "12D3KooWGXNE7qfcShaFfetHNni79VxLrTTswK1Jo94VX81ZN2yX",
      "Addrs": [
        "/ip4/139.180.182.231/tcp/4001/ws",
        "/ip4/139.180.182.231/tcp/4001"
      ]
    }
  },
  {
    "id": "12D3KooWGenintfRZyR7U3FdPXvnzDg4w8bSPEa8Yu51tDGgwUx3",
    "auth_token": "TODO",
    "country": "jp",
    "traffic_limit": 1000,
    "bandwidth_limit": 1000,
    "version": "v0.0.0-20250618080031-063903cb14b1",
    "startAt": {
      "seconds": 1760587365,
      "nanos": 399066556
    },
    "disable_auto_select": false,
    "Online": true,
    "AddrInfo": {
      "ID": "12D3KooWGenintfRZyR7U3FdPXvnzDg4w8bSPEa8Yu51tDGgwUx3",
      "Addrs": [
        "/ip4/141.11.139.150/tcp/4001",
        "/ip4/141.11.139.150/tcp/40011/ws"
      ]
    }
  },
  {
    "id": "12D3KooWLvk2qFzHKV7z7djWv9E2PpaQ9EDKBYnvS6BvdntbSaWn",
    "auth_token": "TODO",
    "country": "cn",
    "bandwidth_limit": 80,
    "version": "v0.0.0-20250418071340-a700003b12a8",
    "startAt": {
      "seconds": 1762852293,
      "nanos": 859966225
    },
    "priority": 20,
    "disable_auto_select": true,
    "Online": true,
    "AddrInfo": {
      "ID": "12D3KooWLvk2qFzHKV7z7djWv9E2PpaQ9EDKBYnvS6BvdntbSaWn",
      "Addrs": [
        "/ip4/59.173.31.112/tcp/4001",
        "/ip4/59.173.31.112/tcp/40011/ws"
      ]
    }
  },
  {
    "id": "12D3KooWKK8ALdMm7ubobKcaAnN8VgUKYLobQ5xaAmyWiyL5YBRU",
    "auth_token": "TODO",
    "country": "gb",
    "traffic_limit": 1000,
    "bandwidth_limit": 1000,
    "version": "aa110bcf1",
    "startAt": {
      "seconds": 1760587518,
      "nanos": 397799186
    },
    "disable_auto_select": false,
    "Online": true,
    "AddrInfo": {
      "ID": "12D3KooWKK8ALdMm7ubobKcaAnN8VgUKYLobQ5xaAmyWiyL5YBRU",
      "Addrs": [
        "/ip4/95.179.192.146/tcp/4001/ws",
        "/ip4/95.179.192.146/tcp/4001"
      ]
    }
  },
  {
    "id": "12D3KooWBdFmJrGXVERtVtCUYd3zYQ6LqceMvKf4aNgdGYUyZLdk",
    "auth_token": "TODO",
    "country": "nl",
    "traffic_limit": 2000,
    "bandwidth_limit": 1000,
    "version": "aa110bcf1",
    "startAt": {
      "seconds": 1760587496,
      "nanos": 452687738
    },
    "disable_auto_select": false,
    "Online": true,
    "AddrInfo": {
      "ID": "12D3KooWBdFmJrGXVERtVtCUYd3zYQ6LqceMvKf4aNgdGYUyZLdk",
      "Addrs": [
        "/ip4/45.32.239.193/tcp/4001",
        "/ip4/45.32.239.193/tcp/4001/ws"
      ]
    }
  }
]
Peer: 12D3KooWPU7sTiuCzvMYi862L7vF7JhDk5Ee4CNU3rvywh5tpgRQ,IP: 208.85.18.252,Country: es, Ping: 0m0.001s
Peer: 12D3KooWGdT9D1NeEyBN68afktJN9rhUgLNeESX6Y3J2FRJhYwaN,IP: 107.172.76.12,Country: us, Ping: 0m0.001s
Peer: 12D3KooWKK8ALdMm7ubobKcaAnN8VgUKYLobQ5xaAmyWiyL5YBRU,IP: 95.179.192.146,Country: gb, Ping: 0m0.001s
Peer: 12D3KooWGXNE7qfcShaFfetHNni79VxLrTTswK1Jo94VX81ZN2yX,IP: 139.180.182.231,Country: au, Ping: 0m0.000s
Peer: 12D3KooWFd4noKubT52xXD9huT9H3uE1YWfX77TsKdBThcEqaqtL,IP: 69.161.221.36,Country: sg, Ping: 0m0.004s
Peer: 12D3KooWLSgi8393n55MLNZ2eKWG7JgKnff7zypPNxqYqYUQqA27,IP: 183.136.206.164,Country: cn, Ping: 0m0.000s
Peer: 12D3KooWN72vG8cfLrT3LX8pF2WDYoLetiR5TkRPUu4x3FoBbb4G,IP: 139.84.241.187,Country: za, Ping: 0m0.004s
Peer: 12D3KooWAN8a5wM1ijWDvncAhhj71X6swXqYt319kiHzYgeZyR6o,IP: 110.42.99.21,Country: cn, Ping: 0m0.000s
Peer: 12D3KooWGDaCjwJPAfeLGLKwUFtr7hxVt1FeqvZxdGpVWaDYpWAM,IP: 114.66.59.177,Country: cn, Ping: 0m0.000s
Peer: 12D3KooWBdFmJrGXVERtVtCUYd3zYQ6LqceMvKf4aNgdGYUyZLdk,IP: 45.32.239.193,Country: nl, Ping: 0m0.000s
Peer: 12D3KooWLvk2qFzHKV7z7djWv9E2PpaQ9EDKBYnvS6BvdntbSaWn,IP: 59.173.31.112,Country: cn, Ping: 0m0.003s
Peer: 12D3KooWGenintfRZyR7U3FdPXvnzDg4w8bSPEa8Yu51tDGgwUx3,IP: 141.11.139.150,Country: jp, Ping: 0m0.000s

real	0m0.755s
user	0m0.680s
sys	0m0.050s
