CONTAINER ID   IMAGE                                              COMMAND                  CREATED        STATUS                  PORTS     NAMES
85c1380a6df9   registry.lazycat.cloud/lzc/lzcapp:3.20.3           "/lzcinit/cloud.lazy…"   45 hours ago   Up 45 hours                       lzc-shell-app-1
0c93ad8d9442   registry.lazycat.cloud/lzc/lzcapp:3.20.3           "/lzcapp/pkg/content…"   45 hours ago   Up 45 hours                       lzc-shell-iscsi-1
791742f4c5b5   registry.lazycat.cloud/lzc/lzcapp:3.20.3           "/sspk/bin/lzc-ingre…"   45 hours ago   Up 45 hours (healthy)             lzc-runtime-ingress-control-1
65fd62496ce0   registry.lazycat.cloud/lzc/lzcapp:3.20.3           "/sspk/bin/lzc-pkgm"     45 hours ago   Up 45 hours (healthy)             lzc-runtime-pkgm-1
fa6aabd66175   registry.lazycat.cloud/lzc/lzcapp:3.20.3           "/sspk/bin/pd-service"   45 hours ago   Up 45 hours                       lzc-runtime-peripheral-device-1
e40430a95da8   registry.lazycat.cloud/dexidp/dex:v2.42.0-alpine   "/usr/local/bin/dock…"   45 hours ago   Up 45 hours                       lzc-runtime-dex
51f62b239bb3   registry.lazycat.cloud/lzc/lzcapp:3.20.3           "/sspk/bin/lzc-apise…"   45 hours ago   Up 45 hours (healthy)             lzc-runtime-api-servers-1
5d7aa52b1cac   registry.lazycat.cloud/lzc/lzcapp:3.20.3           "/sspk/lzc-registry-…"   45 hours ago   Up 45 hours                       lzc-registry-proxy
fca647c06b45   registry.lazycat.cloud/lzc/lzcapp:3.20.3           "/sspk/lzc-installer"    45 hours ago   Up 45 hours                       lzc-installer
8de7c46e1414   registry.lazycat.cloud/lzc/lzcapp:3.20.3           "/sspk/lzc-hal"          45 hours ago   Up 45 hours                       lzc-hal
cbd5c9af5aab   registry.lazycat.cloud/lzc/lzcapp:3.20.3           "/sspk/bin/lzc-recov…"   45 hours ago   Up 45 hours                       lzc-recovery
8abb27492073   registry.lazycat.cloud/lzc/lzcapp:3.20.3           "/sspk/bin/hext -l /…"   45 hours ago   Up 45 hours                       hext
NETWORK ID     NAME         DRIVER    SCOPE
10702947fc3b   bridge       bridge    local
952fb6f0def8   home-cloud   bridge    local
60b824d4438d   host         host      local
be4cc43967c0   none         null      local
正在检查网络: bridge
[
    {
        "Name": "bridge",
        "Id": "10702947fc3b6ade3e8acfd0ccde94fde5c35e9d4f375d27a16fa32d81c16f1e",
        "Created": "2025-11-14T23:44:32.986497727+08:00",
        "Scope": "local",
        "Driver": "bridge",
        "EnableIPv6": false,
        "IPAM": {
            "Driver": "default",
            "Options": null,
            "Config": [
                {
                    "Subnet": "172.17.0.0/16",
                    "Gateway": "172.17.0.1"
                }
            ]
        },
        "Internal": false,
        "Attachable": false,
        "Ingress": false,
        "ConfigFrom": {
            "Network": ""
        },
        "ConfigOnly": false,
        "Containers": {},
        "Options": {
            "com.docker.network.bridge.default_bridge": "true",
            "com.docker.network.bridge.enable_icc": "true",
            "com.docker.network.bridge.enable_ip_masquerade": "true",
            "com.docker.network.bridge.host_binding_ipv4": "0.0.0.0",
            "com.docker.network.bridge.name": "docker0",
            "com.docker.network.driver.mtu": "1500"
        },
        "Labels": {}
    }
]
正在检查网络: home-cloud
[
    {
        "Name": "home-cloud",
        "Id": "952fb6f0def83ad85f30735d54ae40fec36c8019822533f84050e82b0d53dd5c",
        "Created": "2025-11-14T23:44:33.859882722+08:00",
        "Scope": "local",
        "Driver": "bridge",
        "EnableIPv6": true,
        "IPAM": {
            "Driver": "default",
            "Options": {},
            "Config": [
                {
                    "Subnet": "172.18.0.0/16",
                    "Gateway": "172.18.0.1"
                },
                {
                    "Subnet": "fdbb:3b64:9bbc::/64",
                    "Gateway": "fdbb:3b64:9bbc::1/64"
                }
            ]
        },
        "Internal": false,
        "Attachable": false,
        "Ingress": false,
        "ConfigFrom": {
            "Network": ""
        },
        "ConfigOnly": false,
        "Containers": {
            "5d7aa52b1cac65e84d1572271b1845ddda8874680cef12559d400bf2e363c7f1": {
                "Name": "lzc-registry-proxy",
                "EndpointID": "063910dbb54a34a141a0725983a96219d5897afa94f2bb27d1e5b0bc36a00237",
                "MacAddress": "02:42:ac:12:00:81",
                "IPv4Address": "172.18.0.129/16",
                "IPv6Address": "fdbb:3b64:9bbc::2/64"
            },
            "85c1380a6df9b73566900b89c206f7b2941f990dcd556c8f70d8c33f3e0ebdfa": {
                "Name": "lzc-shell-app-1",
                "EndpointID": "d3b4e8fd05e143e9234c9526364fee2900d3e0b166f0ebcd30981deaa3f693a8",
                "MacAddress": "02:42:ac:12:00:0b",
                "IPv4Address": "172.18.0.11/16",
                "IPv6Address": "fdbb:3b64:9bbc::4/64"
            },
            "e40430a95da830c9a071d64334b860843d146f72d3a46b8d7d0d2c7c5d4244f9": {
                "Name": "lzc-runtime-dex",
                "EndpointID": "2674df4e4f5058f2c6d5affa2616061dd9d6c276dca43017b741ee27403b6731",
                "MacAddress": "02:42:ac:12:00:02",
                "IPv4Address": "172.18.0.2/16",
                "IPv6Address": "fdbb:3b64:9bbc::3/64"
            }
        },
        "Options": {},
        "Labels": {}
    }
]
正在检查网络: host
[
    {
        "Name": "host",
        "Id": "60b824d4438d638de8a5f055b84da7693a918d381b6f8f5cbc4a11f6b541e44e",
        "Created": "2025-11-14T23:44:32.896325455+08:00",
        "Scope": "local",
        "Driver": "host",
        "EnableIPv6": false,
        "IPAM": {
            "Driver": "default",
            "Options": null,
            "Config": null
        },
        "Internal": false,
        "Attachable": false,
        "Ingress": false,
        "ConfigFrom": {
            "Network": ""
        },
        "ConfigOnly": false,
        "Containers": {
            "0c93ad8d9442129aff2bc2400d09cb8d215189c99f13d3cfd84837831471c884": {
                "Name": "lzc-shell-iscsi-1",
                "EndpointID": "98b3e238bfcf4e1a2770f5221bcda88633364167429043283128b3fd8048766c",
                "MacAddress": "",
                "IPv4Address": "",
                "IPv6Address": ""
            },
            "51f62b239bb3613ba0599899bae617059d41315c215886eefa13609e463bb957": {
                "Name": "lzc-runtime-api-servers-1",
                "EndpointID": "3c69cb394afa5ca71a37dccad4c2733037dbdf4c2185367ab13984b13af042ea",
                "MacAddress": "",
                "IPv4Address": "",
                "IPv6Address": ""
            },
            "65fd62496ce086217c91ace54e1682af1469f54adb85a5320dc34d6be413ae21": {
                "Name": "lzc-runtime-pkgm-1",
                "EndpointID": "b42f000ffd3b416e4debe14133d598bd3f8a2dd60066d6dbe1e33b34afc8090b",
                "MacAddress": "",
                "IPv4Address": "",
                "IPv6Address": ""
            },
            "791742f4c5b585108fe4e12fe7f50842f5528ee64d8df974c33326ecd7e9829d": {
                "Name": "lzc-runtime-ingress-control-1",
                "EndpointID": "226fc0b1a1aeec27ba456d90f6aa2f773bd2ace42e863a62d81cea5f814be37d",
                "MacAddress": "",
                "IPv4Address": "",
                "IPv6Address": ""
            },
            "8abb27492073eea569fb229fa1268e72083838af98e9480028d2a934d88294bd": {
                "Name": "hext",
                "EndpointID": "bab5f40c06b1941c41b29cf93607659c97c24675c7f9bb93949d64ca87c58a7b",
                "MacAddress": "",
                "IPv4Address": "",
                "IPv6Address": ""
            },
            "8de7c46e14143ce9cf89c7e85ac278770f322e0387139dd7c578c97aaebeec2b": {
                "Name": "lzc-hal",
                "EndpointID": "0d4dd597243341f3a32e52168e2e8cde12fa863d41783cdce10ad0ebf9996697",
                "MacAddress": "",
                "IPv4Address": "",
                "IPv6Address": ""
            },
            "cbd5c9af5aab8d5d884923f983f145e1fc2d4bfeaa7c2afafaa8bcbd3647c084": {
                "Name": "lzc-recovery",
                "EndpointID": "21102b89ccfc07984705b5c4922b87a8713c41921c5c090a1a5652bcb1545c44",
                "MacAddress": "",
                "IPv4Address": "",
                "IPv6Address": ""
            },
            "fa6aabd66175e3feb5ac5ed45e1facc91bea21d15b7974395e4e27ea5e6dcd5e": {
                "Name": "lzc-runtime-peripheral-device-1",
                "EndpointID": "10f23fea5e6beecd21b9ffc41382aa743e27eaa0c03bc19810d8296c9472ab85",
                "MacAddress": "",
                "IPv4Address": "",
                "IPv6Address": ""
            },
            "fca647c06b455f0e3a267916c73da140ad21b502564d6616015b2326839df5f4": {
                "Name": "lzc-installer",
                "EndpointID": "6b4174066497002105ad0059beee00378f02f8dfb0bf3fa5c8a822f57b946c42",
                "MacAddress": "",
                "IPv4Address": "",
                "IPv6Address": ""
            }
        },
        "Options": {},
        "Labels": {}
    }
]
正在检查网络: none
[
    {
        "Name": "none",
        "Id": "be4cc43967c0f27373e7ea1ed6190df8e7fde276adf125384f76cb297d4181fa",
        "Created": "2025-11-14T23:44:32.827017679+08:00",
        "Scope": "local",
        "Driver": "null",
        "EnableIPv6": false,
        "IPAM": {
            "Driver": "default",
            "Options": null,
            "Config": null
        },
        "Internal": false,
        "Attachable": false,
        "Ingress": false,
        "ConfigFrom": {
            "Network": ""
        },
        "ConfigOnly": false,
        "Containers": {},
        "Options": {},
        "Labels": {}
    }
]

real	0m0.323s
user	0m0.174s
sys	0m0.201s
