[2025-10-19T13:04:45.373Z] nav - startPollMessageCount error: Error: Response closed without headers
Stack: @user-script:13:19:33
@http://localhost:56941/assets/index-BO2WmJde.js:995:137263
---
[2025-10-19T15:11:28.977Z] error Error: Response closed without headers
Stack: @user-script:13:19:33
@http://localhost:56941/assets/index-BO2WmJde.js:1016:83
---
[2025-10-20T05:33:28.742Z] pollingRuntime updateBoxList Error: Response closed without headers 2
Stack: @user-script:13:19:33
@http://localhost:56941/assets/index-BO2WmJde.js:1015:278273
---
[2025-10-20T05:52:26.471Z] error Error: Response closed without headers
Stack: @user-script:13:19:33
@http://localhost:56941/assets/index-BO2WmJde.js:1016:83
---
[2025-10-21T12:12:38.996Z] error Error: Response closed without headers
Stack: @user-script:13:19:33
@http://localhost:51645/assets/index-BO2WmJde.js:1016:83
---
[2025-10-21T12:12:39.090Z] pollingRuntime updateBoxList Error: Response closed without headers 2
Stack: @user-script:13:19:33
@http://localhost:51645/assets/index-BO2WmJde.js:1015:278273
---
[2025-10-21T12:12:39.932Z] pollingRuntime updateBoxList Error: 盒子调度还未开始 2
Stack: @user-script:13:19:33
@http://localhost:51645/assets/index-BO2WmJde.js:1015:278273
---
[2025-10-21T12:12:40.826Z] pollingRuntime updateBoxList Error: 盒子调度还未开始 2
Stack: @user-script:13:19:33
@http://localhost:51645/assets/index-BO2WmJde.js:1015:278273
---
[2025-10-21T12:12:42.135Z] Error: Response closed without headers
Stack: @user-script:13:19:33
@http://localhost:51645/assets/index-BO2WmJde.js:1015:225772
---
[2025-10-21T12:13:05.738Z] Error: connection error: desc = "error reading server preface: stream reset"
Stack: @user-script:13:19:33
@http://localhost:51645/assets/index-BO2WmJde.js:1015:225772
---
[2025-10-21T12:13:05.739Z] nav - startPollMessageCount error: Error: Response closed without headers
Stack: @user-script:13:19:33
@http://localhost:51645/assets/index-BO2WmJde.js:995:137263
---
[2025-10-21T12:13:28.977Z] Error: connection error: desc = "error reading server preface: stream reset"
Stack: @user-script:13:19:33
@http://localhost:51645/assets/index-BO2WmJde.js:1015:225772
---
[2025-10-21T12:13:28.978Z] nav - startPollMessageCount error: Error: Response closed without headers
Stack: @user-script:13:19:33
@http://localhost:51645/assets/index-BO2WmJde.js:995:137263
---
[2025-10-21T12:13:57.947Z] Error: connection error: desc = "error reading server preface: stream reset"
Stack: @user-script:13:19:33
@http://localhost:51645/assets/index-BO2WmJde.js:1015:225772
---
[2025-10-21T12:13:57.953Z] nav - startPollMessageCount error: Error: Response closed without headers
Stack: @user-script:13:19:33
@http://localhost:51645/assets/index-BO2WmJde.js:995:137263
---
[2025-10-21T13:44:52.185Z] error Error: Response closed without headers
Stack: @user-script:13:19:33
@http://localhost:51645/assets/index-BO2WmJde.js:1016:83
---
[2025-10-21T22:36:32.692Z] pollingRuntime updateBoxList Error: Response closed without headers 2
Stack: @user-script:13:19:33
@http://localhost:51645/assets/index-BO2WmJde.js:1015:278273
---
[2025-10-22T02:06:06.229Z] nav - startPollMessageCount error: Error: Response closed without headers
Stack: @user-script:13:19:33
@http://localhost:51645/assets/index-BO2WmJde.js:995:137263
---
[2025-10-22T02:06:51.238Z] getDomain:  Error: Response closed without headers
Stack: @user-script:13:19:33
@http://localhost:51645/assets/index-BO2WmJde.js:56:18722
---
[2025-10-22T04:07:08.765Z] pollingRuntime updateBoxList Error: Response closed without headers 2
Stack: @user-script:13:19:33
@http://localhost:51645/assets/index-BO2WmJde.js:1015:278273
---
[2025-11-16T05:48:17.394Z] error Error: Response closed without headers
Stack: @user-script:13:19:33
@http://localhost:61506/assets/index-BO2WmJde.js:1016:83
---
[2025-11-16T05:48:17.510Z] pollingRuntime updateBoxList Error: Response closed without headers 2
Stack: @user-script:13:19:33
@http://localhost:61506/assets/index-BO2WmJde.js:1015:278273
---
[2025-11-16T08:55:32.688Z] error Error: Response closed without headers
Stack: @user-script:13:19:33
@http://localhost:61506/assets/index-BO2WmJde.js:1016:83
---
