1.76104875896437e+09	info	maintenance	started background certificate maintenance	{"cache": "0x130380380"}
2025-10-21 20:12:38.981 network-extension[5445:7625991] <WORKFLOW>: CrashReporterLite : App Group Enabled : YES
2025-10-21 20:12:38.981 network-extension[5445:7625991] <WORKFLOW>: CrashReporterLite : Start Install Uncaught Exception Handler Version: 1.0
2025-10-21 20:12:38.981 network-extension[5445:7625991] <WORKFLOW>: CrashReporterLite : Uncaught Exception Handler has been installed! SDK Version: 1.0
2025-10-21 20:12:38.981 network-extension[5445:7625991] <WORKFLOW>: CrashReporterLite : CrashReporterLite success installed !
2025/10/22 07:11:20 http: TLS handshake error from [::1]:56650: EOF
2025/10/22 07:11:21 http: TLS handshake error from [::1]:56651: EOF
2025/10/22 08:11:22 http: TLS handshake error from [::1]:59310: EOF
2025/10/22 08:11:23 http: TLS handshake error from [::1]:59311: EOF
2025/10/22 08:41:23 http: TLS handshake error from [::1]:60061: EOF
2025/10/22 08:41:24 http: TLS handshake error from [::1]:60062: EOF
2025/10/22 09:11:25 http: TLS handshake error from [::1]:60918: EOF
2025/10/22 09:11:25 http: TLS handshake error from [::1]:60920: EOF
2025/10/22 09:41:26 http: TLS handshake error from [::1]:61712: EOF
2025/10/22 09:41:26 http: TLS handshake error from [::1]:61714: EOF
2025/10/22 10:11:27 http: TLS handshake error from [::1]:62962: EOF
2025/10/22 11:41:30 http: TLS handshake error from [::1]:52478: EOF
2025/10/22 11:41:30 http: TLS handshake error from [::1]:52479: EOF
2025/10/22 12:11:33 http: TLS handshake error from [::1]:55509: read tcp [::1]:51661->[::1]:55509: read: connection reset by peer
2025/10/22 12:11:33 http: TLS handshake error from [::1]:55508: EOF
2025/10/22 13:11:33 http: TLS handshake error from [::1]:57679: EOF
2025/10/22 13:11:33 http: TLS handshake error from [::1]:57680: EOF
2025/10/22 13:41:34 http: TLS handshake error from [::1]:58303: EOF
2025/10/22 13:41:34 http: TLS handshake error from [::1]:58304: EOF
2025/10/22 14:11:35 http: TLS handshake error from [::1]:58828: EOF
2025/10/22 14:11:35 http: TLS handshake error from [::1]:58829: EOF
2025/10/22 14:41:36 http: TLS handshake error from [::1]:59328: read tcp [::1]:51661->[::1]:59328: read: connection reset by peer
2025/10/22 14:41:36 http: TLS handshake error from [::1]:59329: EOF
2025/10/22 15:11:37 http: TLS handshake error from [::1]:59536: EOF
2025/10/22 15:11:37 http: TLS handshake error from [::1]:59535: EOF
2025/10/22 15:41:38 http: TLS handshake error from [::1]:59962: EOF
2025/10/22 15:41:38 http: TLS handshake error from [::1]:59963: EOF
2025/10/22 16:11:40 http: TLS handshake error from [::1]:60572: EOF
2025/10/22 16:11:40 http: TLS handshake error from [::1]:60573: EOF
2025/10/22 16:41:40 http: TLS handshake error from [::1]:61069: EOF
2025/10/22 16:41:40 http: TLS handshake error from [::1]:61070: EOF
2025/10/22 17:41:42 http: TLS handshake error from [::1]:62442: EOF
2025/10/22 17:41:42 http: TLS handshake error from [::1]:62443: EOF
1.761136911917364e+09	info	maintenance	started background certificate maintenance	{"cache": "0x1302d03f0"}
2025-10-22 20:41:51.925 network-extension[17145:8386875] <WORKFLOW>: CrashReporterLite : App Group Enabled : YES
2025-10-22 20:41:51.925 network-extension[17145:8386875] <WORKFLOW>: CrashReporterLite : Start Install Uncaught Exception Handler Version: 1.0
2025-10-22 20:41:51.925 network-extension[17145:8386875] <WORKFLOW>: CrashReporterLite : Uncaught Exception Handler has been installed! SDK Version: 1.0
2025-10-22 20:41:51.925 network-extension[17145:8386875] <WORKFLOW>: CrashReporterLite : CrashReporterLite success installed !
2025/10/23 07:43:01 http: TLS handshake error from [::1]:60069: EOF
2025/10/23 07:43:13 http: TLS handshake error from [::1]:60081: EOF
2025/10/23 08:13:02 http: TLS handshake error from [::1]:61099: EOF
2025/10/23 08:43:03 http: TLS handshake error from [::1]:62001: EOF
2025/10/23 09:13:04 http: TLS handshake error from [::1]:63111: EOF
1.7611837129103649e+09	info	maintenance	advancing OCSP staple	{"identifiers": ["9c-11a9-2e27-8177-253e-0.d.heiyu.space"], "from": 1761483153, "to": 1761770227}
2025/10/23 09:43:05 http: TLS handshake error from [::1]:64331: EOF
2025/10/23 10:13:06 http: TLS handshake error from [::1]:65387: EOF
2025/10/23 10:13:18 http: TLS handshake error from [::1]:65393: EOF
2025/10/23 10:43:07 http: TLS handshake error from [::1]:50078: EOF
2025/10/23 10:43:19 http: TLS handshake error from [::1]:50083: EOF
2025/10/23 14:13:22 http: TLS handshake error from [::1]:56792: EOF
2025/10/23 14:13:54 http: TLS handshake error from [::1]:56799: EOF
1.7632720970810869e+09	info	maintenance	started background certificate maintenance	{"cache": "0x13031fa40"}
2025-11-16 13:48:17.097 network-extension[19097:1297442] <WORKFLOW>: CrashReporterLite : App Group Enabled : YES
2025-11-16 13:48:17.097 network-extension[19097:1297442] <WORKFLOW>: CrashReporterLite : Start Install Uncaught Exception Handler Version: 1.0
2025-11-16 13:48:17.097 network-extension[19097:1297442] <WORKFLOW>: CrashReporterLite : Uncaught Exception Handler has been installed! SDK Version: 1.0
2025-11-16 13:48:17.097 network-extension[19097:1297442] <WORKFLOW>: CrashReporterLite : CrashReporterLite success installed !
1.763282897779846e+09	info	maintenance	advancing OCSP staple	{"identifiers": ["9c-11a9-2e27-8177-253e-0.d.heiyu.space"], "from": 1763584619, "to": 1763887023}
