Nov 14 23:44:36 lzcbox-60378f6b e40430a95da8[606]: time=2025-11-14T23:44:36.329+08:00 level=INFO msg="Version info" dex_version=v2.42.0 go.version=go1.24.0 go.os=linux go.arch=amd64
Nov 14 23:44:36 lzcbox-60378f6b e40430a95da8[606]: time=2025-11-14T23:44:36.329+08:00 level=INFO msg="config issuer" issuer=https://axy.heiyu.space/sys/oauth
Nov 14 23:44:36 lzcbox-60378f6b e40430a95da8[606]: time=2025-11-14T23:44:36.338+08:00 level=INFO msg="config storage" storage_type=sqlite3
Nov 14 23:44:36 lzcbox-60378f6b e40430a95da8[606]: time=2025-11-14T23:44:36.338+08:00 level=INFO msg="config connector" connector_id=hportal
Nov 14 23:44:36 lzcbox-60378f6b e40430a95da8[606]: time=2025-11-14T23:44:36.338+08:00 level=INFO msg="config refresh tokens rotation" enabled=true
Nov 14 23:44:36 lzcbox-60378f6b e40430a95da8[606]: time=2025-11-14T23:44:36.341+08:00 level=INFO msg="keys expired, rotating"
Nov 14 23:44:36 lzcbox-60378f6b e40430a95da8[606]: time=2025-11-14T23:44:36.688+08:00 level=INFO msg="keys rotated" next_rotation=2025-11-14T21:44:36.687Z
Nov 14 23:44:36 lzcbox-60378f6b e40430a95da8[606]: time=2025-11-14T23:44:36.688+08:00 level=INFO msg="listening on" server=http address=0.0.0.0:8000
Nov 14 23:44:36 lzcbox-60378f6b e40430a95da8[606]: time=2025-11-14T23:44:36.688+08:00 level=INFO msg="listening on" server=grpc address=0.0.0.0:5557
Nov 14 23:44:36 lzcbox-60378f6b e40430a95da8[606]: time=2025-11-14T23:44:36.689+08:00 level=INFO msg="enabling reflection in grpc service"
Nov 15 05:44:37 lzcbox-60378f6b e40430a95da8[606]: time=2025-11-15T05:44:37.105+08:00 level=INFO msg="keys expired, rotating"
Nov 15 05:44:37 lzcbox-60378f6b e40430a95da8[606]: time=2025-11-15T05:44:37.197+08:00 level=INFO msg="keys rotated" next_rotation=2025-11-15T03:44:37.196Z
Nov 15 11:44:37 lzcbox-60378f6b e40430a95da8[606]: time=2025-11-15T11:44:37.568+08:00 level=INFO msg="keys expired, rotating"
Nov 15 11:44:37 lzcbox-60378f6b e40430a95da8[606]: time=2025-11-15T11:44:37.945+08:00 level=INFO msg="keys rotated" next_rotation=2025-11-15T09:44:37.944Z
Nov 15 17:44:38 lzcbox-60378f6b e40430a95da8[606]: time=2025-11-15T17:44:38.467+08:00 level=INFO msg="keys expired, rotating"
Nov 15 17:44:38 lzcbox-60378f6b e40430a95da8[606]: time=2025-11-15T17:44:38.611+08:00 level=INFO msg="keys rotated" next_rotation=2025-11-15T15:44:38.610Z
Nov 15 23:44:39 lzcbox-60378f6b e40430a95da8[606]: time=2025-11-15T23:44:39.344+08:00 level=INFO msg="keys expired, rotating"
Nov 15 23:44:39 lzcbox-60378f6b e40430a95da8[606]: time=2025-11-15T23:44:39.645+08:00 level=INFO msg="keys rotated" next_rotation=2025-11-15T21:44:39.644Z
Nov 16 05:44:40 lzcbox-60378f6b e40430a95da8[606]: time=2025-11-16T05:44:40.678+08:00 level=INFO msg="keys expired, rotating"
Nov 16 05:44:40 lzcbox-60378f6b e40430a95da8[606]: time=2025-11-16T05:44:40.878+08:00 level=INFO msg="keys rotated" next_rotation=2025-11-16T03:44:40.878Z
Nov 16 11:44:42 lzcbox-60378f6b e40430a95da8[606]: time=2025-11-16T11:44:42.754+08:00 level=INFO msg="keys expired, rotating"
Nov 16 11:44:42 lzcbox-60378f6b e40430a95da8[606]: time=2025-11-16T11:44:42.807+08:00 level=INFO msg="keys rotated" next_rotation=2025-11-16T09:44:42.806Z
Nov 16 17:44:45 lzcbox-60378f6b e40430a95da8[606]: time=2025-11-16T17:44:45.609+08:00 level=INFO msg="keys expired, rotating"
Nov 16 17:44:46 lzcbox-60378f6b e40430a95da8[606]: time=2025-11-16T17:44:46.114+08:00 level=INFO msg="keys rotated" next_rotation=2025-11-16T15:44:46.114Z
