Nov 14 23:44:36 lzcbox-60378f6b 51f62b239bb3[606]: 2025-11-14T23:44:36.177+0800	INFO	apiserver	apiserver/main.go:36	Begin dns.Start
Nov 14 23:44:36 lzcbox-60378f6b 51f62b239bb3[606]: 
Nov 14 23:44:36 lzcbox-60378f6b 51f62b239bb3[606]: INIT GATEWAY v4: 172.18.0.1 v6: 
Nov 14 23:44:36 lzcbox-60378f6b 51f62b239bb3[606]: Using upstream dns server as fallback: 127.0.0.53:53
Nov 14 23:44:36 lzcbox-60378f6b 51f62b239bb3[606]: 2025-11-14T23:44:36.181+0800	INFO	apiserver	apiserver/builtin.go:56	devopt services started, cost:84.205µs
Nov 14 23:44:36 lzcbox-60378f6b 51f62b239bb3[606]: 2025-11-14T23:44:36.181+0800	INFO	devopt	devopt/sshd.go:160	/etc/shadow changed, sync it to /lzcsys/var/config/lzc-recovery/root.shadow<nil>
Nov 14 23:44:36 lzcbox-60378f6b 51f62b239bb3[606]: 2025-11-14T23:44:36.256+0800	INFO	apiserver	apiserver/builtin.go:64	network manager services started, cost:74.652661ms
Nov 14 23:44:36 lzcbox-60378f6b 51f62b239bb3[606]: 2025-11-14T23:44:36.256+0800	INFO	apiserver	apiserver/builtin.go:72	API gateway services started, cost:486.066µs
Nov 14 23:44:36 lzcbox-60378f6b 51f62b239bb3[606]: 2025-11-14T23:44:36.343+0800	INFO	apiserver	apiserver/builtin.go:80	userm services started, cost:86.448152ms
Nov 14 23:44:36 lzcbox-60378f6b 51f62b239bb3[606]: 2025-11-14T23:44:36.343+0800	INFO	apiserver	apiserver/builtin.go:88	box info services started, cost:424.713µs
Nov 14 23:44:36 lzcbox-60378f6b 51f62b239bb3[606]: 2025-11-14T23:44:36.345+0800	INFO	apiserver	apiserver/builtin.go:92	message box services started, cost:1.232331ms
Nov 14 23:44:36 lzcbox-60378f6b 51f62b239bb3[606]: 2025-11-14T23:44:36.345+0800	INFO	apiserver	apiserver/builtin.go:96	btrfs services started, cost:3.259µs
Nov 14 23:44:36 lzcbox-60378f6b 51f62b239bb3[606]: 2025-11-14T23:44:36.345+0800	INFO	apiserver	apiserver/builtin.go:100	media monitor services started, cost:5.223µs
Nov 14 23:44:36 lzcbox-60378f6b 51f62b239bb3[606]: 2025-11-14T23:44:36.345+0800	INFO	apiserver	apiserver/builtin.go:109	EndDevice services started, cost:192.728µs
Nov 14 23:44:36 lzcbox-60378f6b 51f62b239bb3[606]: 2025-11-14T23:44:36.345+0800	INFO	apiserver	apiserver/builtin.go:116	Events services started, cost:57.617µs
Nov 14 23:44:36 lzcbox-60378f6b 51f62b239bb3[606]: 2025-11-14T23:44:36.345+0800	INFO	apiserver	apiserver/builtin.go:124	All builtin services started, cost:164.01851ms
Nov 14 23:44:44 lzcbox-60378f6b 51f62b239bb3[606]: 2025/11/14 23:44:44 device.go:66: new user session event, clearing end device cache...
Nov 14 23:44:44 lzcbox-60378f6b 51f62b239bb3[606]: 2025/11/14 23:44:44 device.go:66: new user session event, clearing end device cache...
Nov 14 23:45:22 lzcbox-60378f6b 51f62b239bb3[606]: domain added: app.cloud.lazycat.shell.appstore.lzcapp -> v4:172.28.0.2 v6:fd03:1136:3800::2
Nov 14 23:45:26 lzcbox-60378f6b 51f62b239bb3[606]: domain added: smbforward.cloud.lazycat.shell.files.lzcapp -> v4:172.18.0.1 v6:
Nov 14 23:45:26 lzcbox-60378f6b 51f62b239bb3[606]: domain added: lzcai.cloud.lazycat.shell.files.lzcapp -> v4:172.28.0.66 v6:fd03:1136:3800::42
Nov 14 23:45:28 lzcbox-60378f6b 51f62b239bb3[606]: domain added: app.cloud.lazycat.app.contacts.lzcapp -> v4:172.28.0.130 v6:fd03:1136:3800::82
Nov 14 23:45:32 lzcbox-60378f6b 51f62b239bb3[606]: domain added: mountserver.cloud.lazycat.shell.files.lzcapp -> v4:172.28.0.67 v6:fd03:1136:3800::43
Nov 14 23:45:35 lzcbox-60378f6b 51f62b239bb3[606]: domain added: lzcmedia.cloud.lazycat.shell.files.lzcapp -> v4:172.28.0.68 v6:fd03:1136:3800::44
Nov 14 23:45:36 lzcbox-60378f6b 51f62b239bb3[606]: domain added: tts.cloud.lazycat.shell.files.lzcapp -> v4:172.28.0.69 v6:fd03:1136:3800::45
Nov 14 23:45:41 lzcbox-60378f6b 51f62b239bb3[606]: domain added: app.cloud.lazycat.shell.files.lzcapp -> v4:172.28.0.70 v6:fd03:1136:3800::46
Nov 14 23:45:41 lzcbox-60378f6b 51f62b239bb3[606]: 2025-11-14T23:45:41.727+0800	INFO	apiserver	apiserver/httpapi.go:53	register http server ai: /sys/s/ai/
Nov 14 23:45:41 lzcbox-60378f6b 51f62b239bb3[606]: 
Nov 14 23:45:41 lzcbox-60378f6b 51f62b239bb3[606]: 2025-11-14T23:45:41.944+0800	INFO	apiserver	apiserver/httpapi.go:53	register http server thumbnail2: /sys/s/thumbnail2/
Nov 14 23:45:41 lzcbox-60378f6b 51f62b239bb3[606]: 
Nov 14 23:45:41 lzcbox-60378f6b 51f62b239bb3[606]: 2025-11-14T23:45:41.947+0800	INFO	apiserver	apiserver/httpapi.go:53	register http server thumbnail: /sys/s/thumbnail/
Nov 14 23:45:41 lzcbox-60378f6b 51f62b239bb3[606]: 
Nov 14 23:45:41 lzcbox-60378f6b 51f62b239bb3[606]: 2025-11-14T23:45:41.948+0800	INFO	apiserver	apiserver/httpapi.go:53	register http server media2: /sys/s/media2/
Nov 14 23:45:41 lzcbox-60378f6b 51f62b239bb3[606]: 
Nov 14 23:45:41 lzcbox-60378f6b 51f62b239bb3[606]: 2025-11-14T23:45:41.949+0800	INFO	apiserver	apiserver/httpapi.go:53	register http server media: /sys/s/media/
Nov 14 23:45:41 lzcbox-60378f6b 51f62b239bb3[606]: 
Nov 14 23:45:43 lzcbox-60378f6b 51f62b239bb3[606]: domain added: smbserver.cloud.lazycat.shell.files.lzcapp -> v4:172.28.0.71 v6:fd03:1136:3800::47
Nov 14 23:45:54 lzcbox-60378f6b 51f62b239bb3[606]: domain added: app.lazycat.community.app.openlist.lzcapp -> v4:172.28.1.2 v6:fd03:1136:3800::102
Nov 14 23:46:02 lzcbox-60378f6b 51f62b239bb3[606]: domain added: openlist.lazycat.community.app.openlist.lzcapp -> v4:172.28.1.3 v6:fd03:1136:3800::103
Nov 14 23:46:02 lzcbox-60378f6b 51f62b239bb3[606]: 2025-11-14T23:46:02.443+0800	INFO	apiserver	apiserver/httpapi.go:53	register http server smbapi: /sys/s/smbapi/
Nov 14 23:46:02 lzcbox-60378f6b 51f62b239bb3[606]: 
Nov 14 23:46:10 lzcbox-60378f6b 51f62b239bb3[606]: domain added: mdns_discovery.cloud.lazycat.app.ai.lzcapp -> v4:172.18.0.1 v6:
Nov 14 23:46:12 lzcbox-60378f6b 51f62b239bb3[606]: domain added: postgres.cloud.lazycat.app.ai.lzcapp -> v4:172.28.0.194 v6:fd03:1136:3800::c2
Nov 14 23:46:15 lzcbox-60378f6b 51f62b239bb3[606]: domain added: mtrans.cloud.lazycat.app.ai.lzcapp -> v4:172.28.0.195 v6:fd03:1136:3800::c3
Nov 14 23:46:16 lzcbox-60378f6b 51f62b239bb3[606]: domain added: app.cloud.lazycat.app.customrelay.lzcapp -> v4:172.28.1.66 v6:fd03:1136:3800::142
Nov 14 23:46:19 lzcbox-60378f6b 51f62b239bb3[606]: domain added: app.cloud.lazycat.app.ai.lzcapp -> v4:172.28.0.196 v6:fd03:1136:3800::c4
Nov 14 23:46:20 lzcbox-60378f6b 51f62b239bb3[606]: domain added: caddy.cloud.lazycat.app.ai.lzcapp -> v4:172.28.0.197 v6:fd03:1136:3800::c5
Nov 14 23:46:28 lzcbox-60378f6b 51f62b239bb3[606]: domain added: convert.cloud.lazycat.app.ai.lzcapp -> v4:172.28.0.198 v6:fd03:1136:3800::c6
Nov 14 23:46:29 lzcbox-60378f6b 51f62b239bb3[606]: domain added: backend.cloud.lazycat.app.ai.lzcapp -> v4:172.28.0.199 v6:fd03:1136:3800::c7
Nov 14 23:46:32 lzcbox-60378f6b 51f62b239bb3[606]: 2025-11-14T23:46:32.712+0800	INFO	apiserver	apiserver/httpapi.go:53	register http server aipod_backend: /sys/s/aipod_backend/
Nov 14 23:46:32 lzcbox-60378f6b 51f62b239bb3[606]: 
Nov 14 23:47:33 lzcbox-60378f6b 51f62b239bb3[606]: 2025/11/14 23:47:33 device.go:66: new user session event, clearing end device cache...
Nov 14 23:47:33 lzcbox-60378f6b 51f62b239bb3[606]: 2025/11/14 23:47:33 device.go:66: new user session event, clearing end device cache...
Nov 14 23:50:37 lzcbox-60378f6b 51f62b239bb3[606]: 2025/11/14 23:50:37 device.go:66: new user session event, clearing end device cache...
Nov 14 23:50:37 lzcbox-60378f6b 51f62b239bb3[606]: 2025/11/14 23:50:37 device.go:66: new user session event, clearing end device cache...
Nov 14 23:51:04 lzcbox-60378f6b 51f62b239bb3[606]: 2025/11/14 23:51:04 device.go:66: new user session event, clearing end device cache...
Nov 14 23:51:04 lzcbox-60378f6b 51f62b239bb3[606]: 2025/11/14 23:51:04 device.go:66: new user session event, clearing end device cache...
Nov 14 23:51:10 lzcbox-60378f6b 51f62b239bb3[606]: 2025/11/14 23:51:10 device.go:66: new user session event, clearing end device cache...
Nov 14 23:52:17 lzcbox-60378f6b 51f62b239bb3[606]: 2025/11/14 23:52:17 device.go:66: new user session event, clearing end device cache...
Nov 14 23:59:53 lzcbox-60378f6b 51f62b239bb3[606]: 2025/11/14 23:59:53 device.go:66: new user session event, clearing end device cache...
Nov 15 00:03:03 lzcbox-60378f6b 51f62b239bb3[606]: 2025/11/15 00:03:03 device.go:66: new user session event, clearing end device cache...
Nov 15 00:03:13 lzcbox-60378f6b 51f62b239bb3[606]: 2025/11/15 00:03:13 device.go:66: new user session event, clearing end device cache...
Nov 15 00:03:13 lzcbox-60378f6b 51f62b239bb3[606]: 2025/11/15 00:03:13 device.go:66: new user session event, clearing end device cache...
Nov 15 00:43:14 lzcbox-60378f6b 51f62b239bb3[606]: 2025/11/15 00:43:14 device.go:66: new user session event, clearing end device cache...
Nov 15 00:43:14 lzcbox-60378f6b 51f62b239bb3[606]: 2025/11/15 00:43:14 device.go:66: new user session event, clearing end device cache...
Nov 15 00:47:47 lzcbox-60378f6b 51f62b239bb3[606]: 2025/11/15 00:47:47 device.go:66: new user session event, clearing end device cache...
Nov 15 08:41:06 lzcbox-60378f6b 51f62b239bb3[606]: 2025/11/15 08:41:06 device.go:66: new user session event, clearing end device cache...
Nov 15 08:41:06 lzcbox-60378f6b 51f62b239bb3[606]: 2025/11/15 08:41:06 device.go:66: new user session event, clearing end device cache...
Nov 15 09:07:25 lzcbox-60378f6b 51f62b239bb3[606]: 2025/11/15 09:07:25 device.go:66: new user session event, clearing end device cache...
Nov 15 09:07:25 lzcbox-60378f6b 51f62b239bb3[606]: 2025/11/15 09:07:25 device.go:66: new user session event, clearing end device cache...
Nov 15 10:08:49 lzcbox-60378f6b 51f62b239bb3[606]: 2025/11/15 10:08:49 device.go:66: new user session event, clearing end device cache...
Nov 15 10:08:53 lzcbox-60378f6b 51f62b239bb3[606]: 2025/11/15 10:08:53 device.go:66: new user session event, clearing end device cache...
Nov 15 10:08:53 lzcbox-60378f6b 51f62b239bb3[606]: 2025/11/15 10:08:53 device.go:66: new user session event, clearing end device cache...
Nov 15 10:09:49 lzcbox-60378f6b 51f62b239bb3[606]: 2025/11/15 10:09:49 device.go:66: new user session event, clearing end device cache...
Nov 15 10:09:56 lzcbox-60378f6b 51f62b239bb3[606]: 2025/11/15 10:09:56 device.go:66: new user session event, clearing end device cache...
Nov 15 10:09:56 lzcbox-60378f6b 51f62b239bb3[606]: 2025/11/15 10:09:56 device.go:66: new user session event, clearing end device cache...
Nov 15 11:31:24 lzcbox-60378f6b 51f62b239bb3[606]: 2025/11/15 11:31:24 device.go:66: new user session event, clearing end device cache...
Nov 15 11:31:27 lzcbox-60378f6b 51f62b239bb3[606]: 2025/11/15 11:31:27 device.go:66: new user session event, clearing end device cache...
Nov 15 11:31:28 lzcbox-60378f6b 51f62b239bb3[606]: 2025/11/15 11:31:28 device.go:66: new user session event, clearing end device cache...
Nov 15 12:57:05 lzcbox-60378f6b 51f62b239bb3[606]: 2025/11/15 12:57:05 device.go:66: new user session event, clearing end device cache...
Nov 15 13:15:39 lzcbox-60378f6b 51f62b239bb3[606]: 2025/11/15 13:15:39 device.go:66: new user session event, clearing end device cache...
Nov 15 13:15:40 lzcbox-60378f6b 51f62b239bb3[606]: 2025/11/15 13:15:40 device.go:66: new user session event, clearing end device cache...
Nov 15 13:18:28 lzcbox-60378f6b 51f62b239bb3[606]: 2025/11/15 13:18:28 device.go:66: new user session event, clearing end device cache...
Nov 15 13:18:31 lzcbox-60378f6b 51f62b239bb3[606]: 2025/11/15 13:18:31 device.go:66: new user session event, clearing end device cache...
Nov 15 13:18:32 lzcbox-60378f6b 51f62b239bb3[606]: 2025/11/15 13:18:32 device.go:66: new user session event, clearing end device cache...
Nov 15 13:20:19 lzcbox-60378f6b 51f62b239bb3[606]: 2025/11/15 13:20:19 device.go:66: new user session event, clearing end device cache...
Nov 15 13:20:23 lzcbox-60378f6b 51f62b239bb3[606]: 2025/11/15 13:20:23 device.go:66: new user session event, clearing end device cache...
Nov 15 13:20:23 lzcbox-60378f6b 51f62b239bb3[606]: 2025/11/15 13:20:23 device.go:66: new user session event, clearing end device cache...
Nov 15 13:22:54 lzcbox-60378f6b 51f62b239bb3[606]: 2025/11/15 13:22:54 device.go:66: new user session event, clearing end device cache...
Nov 15 13:22:54 lzcbox-60378f6b 51f62b239bb3[606]: 2025/11/15 13:22:54 device.go:66: new user session event, clearing end device cache...
Nov 15 14:04:57 lzcbox-60378f6b 51f62b239bb3[606]: 2025/11/15 14:04:57 device.go:66: new user session event, clearing end device cache...
Nov 15 14:38:07 lzcbox-60378f6b 51f62b239bb3[606]: 2025/11/15 14:38:07 device.go:66: new user session event, clearing end device cache...
Nov 15 14:38:07 lzcbox-60378f6b 51f62b239bb3[606]: 2025/11/15 14:38:07 device.go:66: new user session event, clearing end device cache...
Nov 15 15:27:17 lzcbox-60378f6b 51f62b239bb3[606]: 2025/11/15 15:27:17 device.go:66: new user session event, clearing end device cache...
Nov 15 15:27:38 lzcbox-60378f6b 51f62b239bb3[606]: 2025/11/15 15:27:38 device.go:66: new user session event, clearing end device cache...
Nov 15 15:27:38 lzcbox-60378f6b 51f62b239bb3[606]: 2025/11/15 15:27:38 device.go:66: new user session event, clearing end device cache...
Nov 15 16:18:31 lzcbox-60378f6b 51f62b239bb3[606]: 2025/11/15 16:18:31 device.go:66: new user session event, clearing end device cache...
Nov 15 16:18:47 lzcbox-60378f6b 51f62b239bb3[606]: 2025/11/15 16:18:47 device.go:66: new user session event, clearing end device cache...
Nov 15 16:18:47 lzcbox-60378f6b 51f62b239bb3[606]: 2025/11/15 16:18:47 device.go:66: new user session event, clearing end device cache...
Nov 15 16:42:37 lzcbox-60378f6b 51f62b239bb3[606]: 2025/11/15 16:42:37 device.go:66: new user session event, clearing end device cache...
Nov 15 16:43:50 lzcbox-60378f6b 51f62b239bb3[606]: 2025/11/15 16:43:50 device.go:66: new user session event, clearing end device cache...
Nov 15 16:43:50 lzcbox-60378f6b 51f62b239bb3[606]: 2025/11/15 16:43:50 device.go:66: new user session event, clearing end device cache...
Nov 15 16:53:44 lzcbox-60378f6b 51f62b239bb3[606]: 2025/11/15 16:53:44 device.go:66: new user session event, clearing end device cache...
Nov 15 16:53:45 lzcbox-60378f6b 51f62b239bb3[606]: 2025/11/15 16:53:45 device.go:66: new user session event, clearing end device cache...
Nov 15 16:53:45 lzcbox-60378f6b 51f62b239bb3[606]: 2025/11/15 16:53:45 device.go:66: new user session event, clearing end device cache...
Nov 15 17:32:02 lzcbox-60378f6b 51f62b239bb3[606]: 2025/11/15 17:32:02 device.go:66: new user session event, clearing end device cache...
Nov 15 17:32:09 lzcbox-60378f6b 51f62b239bb3[606]: 2025/11/15 17:32:09 device.go:66: new user session event, clearing end device cache...
Nov 15 17:32:09 lzcbox-60378f6b 51f62b239bb3[606]: 2025/11/15 17:32:09 device.go:66: new user session event, clearing end device cache...
Nov 15 17:44:27 lzcbox-60378f6b 51f62b239bb3[606]: domain added: app.cloud.lazycat.app.dockge.lzcapp -> v4:172.28.1.130 v6:fd03:1136:3800::182
Nov 15 17:44:28 lzcbox-60378f6b 51f62b239bb3[606]: domain added: back.cloud.lazycat.app.dockge.lzcapp -> v4:172.28.1.131 v6:fd03:1136:3800::183
Nov 15 17:59:38 lzcbox-60378f6b 51f62b239bb3[606]: domain added: app.top.j0k3r.lpk-inspector.lzcapp -> v4:172.28.1.194 v6:fd03:1136:3800::1c2
Nov 15 18:01:40 lzcbox-60378f6b 51f62b239bb3[606]: 2025-11-15T18:01:40.834+0800	INFO	nm	nm/api.go:186	api.WifiScan() -> ok
Nov 15 18:03:07 lzcbox-60378f6b 51f62b239bb3[606]: 2025/11/15 18:03:07 device.go:66: new user session event, clearing end device cache...
Nov 15 18:03:13 lzcbox-60378f6b 51f62b239bb3[606]: 2025/11/15 18:03:13 device.go:66: new user session event, clearing end device cache...
Nov 15 18:03:13 lzcbox-60378f6b 51f62b239bb3[606]: 2025/11/15 18:03:13 device.go:66: new user session event, clearing end device cache...
Nov 15 18:03:52 lzcbox-60378f6b 51f62b239bb3[606]: 2025-11-15T18:03:52.037+0800	INFO	nm	nm/api.go:186	api.WifiScan() -> ok
Nov 15 18:22:34 lzcbox-60378f6b 51f62b239bb3[606]: 2025/11/15 18:22:34 device.go:66: new user session event, clearing end device cache...
Nov 15 18:22:36 lzcbox-60378f6b 51f62b239bb3[606]: 2025/11/15 18:22:36 device.go:66: new user session event, clearing end device cache...
Nov 15 18:22:37 lzcbox-60378f6b 51f62b239bb3[606]: 2025/11/15 18:22:37 device.go:66: new user session event, clearing end device cache...
Nov 15 18:22:38 lzcbox-60378f6b 51f62b239bb3[606]: 2025/11/15 18:22:38 device.go:66: new user session event, clearing end device cache...
Nov 15 18:22:40 lzcbox-60378f6b 51f62b239bb3[606]: 2025/11/15 18:22:40 device.go:66: new user session event, clearing end device cache...
Nov 15 18:22:43 lzcbox-60378f6b 51f62b239bb3[606]: 2025/11/15 18:22:43 device.go:66: new user session event, clearing end device cache...
Nov 15 18:22:45 lzcbox-60378f6b 51f62b239bb3[606]: 2025/11/15 18:22:45 device.go:66: new user session event, clearing end device cache...
Nov 15 18:22:47 lzcbox-60378f6b 51f62b239bb3[606]: 2025/11/15 18:22:47 device.go:66: new user session event, clearing end device cache...
Nov 15 18:22:50 lzcbox-60378f6b 51f62b239bb3[606]: 2025/11/15 18:22:50 device.go:66: new user session event, clearing end device cache...
Nov 15 18:22:52 lzcbox-60378f6b 51f62b239bb3[606]: 2025/11/15 18:22:52 device.go:66: new user session event, clearing end device cache...
Nov 15 18:22:54 lzcbox-60378f6b 51f62b239bb3[606]: 2025/11/15 18:22:54 device.go:66: new user session event, clearing end device cache...
Nov 15 18:22:57 lzcbox-60378f6b 51f62b239bb3[606]: 2025/11/15 18:22:57 device.go:66: new user session event, clearing end device cache...
Nov 15 18:22:59 lzcbox-60378f6b 51f62b239bb3[606]: 2025/11/15 18:22:59 device.go:66: new user session event, clearing end device cache...
Nov 15 18:23:01 lzcbox-60378f6b 51f62b239bb3[606]: 2025/11/15 18:23:01 device.go:66: new user session event, clearing end device cache...
Nov 15 18:23:03 lzcbox-60378f6b 51f62b239bb3[606]: 2025/11/15 18:23:03 device.go:66: new user session event, clearing end device cache...
Nov 15 18:23:06 lzcbox-60378f6b 51f62b239bb3[606]: 2025/11/15 18:23:06 device.go:66: new user session event, clearing end device cache...
Nov 15 18:23:06 lzcbox-60378f6b 51f62b239bb3[606]: 2025/11/15 18:23:06 device.go:66: new user session event, clearing end device cache...
Nov 15 18:23:29 lzcbox-60378f6b 51f62b239bb3[606]: 2025/11/15 18:23:29 device.go:66: new user session event, clearing end device cache...
Nov 15 18:23:29 lzcbox-60378f6b 51f62b239bb3[606]: 2025/11/15 18:23:29 device.go:66: new user session event, clearing end device cache...
Nov 15 18:30:57 lzcbox-60378f6b 51f62b239bb3[606]: 2025/11/15 18:30:57 device.go:66: new user session event, clearing end device cache...
Nov 15 18:34:41 lzcbox-60378f6b 51f62b239bb3[606]: 2025/11/15 18:34:41 device.go:66: new user session event, clearing end device cache...
Nov 15 18:34:41 lzcbox-60378f6b 51f62b239bb3[606]: 2025/11/15 18:34:41 device.go:66: new user session event, clearing end device cache...
Nov 15 18:36:57 lzcbox-60378f6b 51f62b239bb3[606]: 2025/11/15 18:36:57 device.go:66: new user session event, clearing end device cache...
Nov 15 18:56:29 lzcbox-60378f6b 51f62b239bb3[606]: 2025/11/15 18:56:29 device.go:66: new user session event, clearing end device cache...
Nov 15 18:56:30 lzcbox-60378f6b 51f62b239bb3[606]: 2025/11/15 18:56:30 device.go:66: new user session event, clearing end device cache...
Nov 15 18:56:51 lzcbox-60378f6b 51f62b239bb3[606]: 2025/11/15 18:56:51 device.go:66: new user session event, clearing end device cache...
Nov 15 18:56:51 lzcbox-60378f6b 51f62b239bb3[606]: 2025/11/15 18:56:51 device.go:66: new user session event, clearing end device cache...
Nov 15 19:23:55 lzcbox-60378f6b 51f62b239bb3[606]: domain added: app.cloud.lazycat.app.onemcp.lzcapp -> v4:172.28.2.2 v6:fd03:1136:3800::202
Nov 15 19:23:56 lzcbox-60378f6b 51f62b239bb3[606]: domain added: onemcp.cloud.lazycat.app.onemcp.lzcapp -> v4:172.28.2.3 v6:fd03:1136:3800::203
Nov 15 20:09:28 lzcbox-60378f6b 51f62b239bb3[606]: 2025/11/15 20:09:28 device.go:66: new user session event, clearing end device cache...
Nov 15 20:11:36 lzcbox-60378f6b 51f62b239bb3[606]: 2025/11/15 20:11:36 device.go:66: new user session event, clearing end device cache...
Nov 15 20:11:36 lzcbox-60378f6b 51f62b239bb3[606]: 2025/11/15 20:11:36 device.go:66: new user session event, clearing end device cache...
Nov 15 20:11:44 lzcbox-60378f6b 51f62b239bb3[606]: 2025/11/15 20:11:44 device.go:66: new user session event, clearing end device cache...
Nov 15 20:11:45 lzcbox-60378f6b 51f62b239bb3[606]: 2025/11/15 20:11:45 device.go:66: new user session event, clearing end device cache...
Nov 15 20:36:19 lzcbox-60378f6b 51f62b239bb3[606]: 2025/11/15 20:36:19 device.go:66: new user session event, clearing end device cache...
Nov 15 20:36:22 lzcbox-60378f6b 51f62b239bb3[606]: 2025/11/15 20:36:22 device.go:66: new user session event, clearing end device cache...
Nov 15 20:36:23 lzcbox-60378f6b 51f62b239bb3[606]: 2025/11/15 20:36:23 device.go:66: new user session event, clearing end device cache...
Nov 15 21:10:13 lzcbox-60378f6b 51f62b239bb3[606]: 2025/11/15 21:10:13 device.go:66: new user session event, clearing end device cache...
Nov 15 21:25:10 lzcbox-60378f6b 51f62b239bb3[606]: 2025/11/15 21:25:10 device.go:66: new user session event, clearing end device cache...
Nov 15 21:25:10 lzcbox-60378f6b 51f62b239bb3[606]: 2025/11/15 21:25:10 device.go:66: new user session event, clearing end device cache...
Nov 15 21:26:09 lzcbox-60378f6b 51f62b239bb3[606]: 2025/11/15 21:26:09 device.go:66: new user session event, clearing end device cache...
Nov 15 21:26:13 lzcbox-60378f6b 51f62b239bb3[606]: 2025/11/15 21:26:13 device.go:66: new user session event, clearing end device cache...
Nov 15 21:26:14 lzcbox-60378f6b 51f62b239bb3[606]: 2025/11/15 21:26:14 device.go:66: new user session event, clearing end device cache...
Nov 15 21:26:35 lzcbox-60378f6b 51f62b239bb3[606]: 2025/11/15 21:26:35 device.go:66: new user session event, clearing end device cache...
Nov 15 21:26:35 lzcbox-60378f6b 51f62b239bb3[606]: 2025/11/15 21:26:35 device.go:66: new user session event, clearing end device cache...
Nov 15 21:31:38 lzcbox-60378f6b 51f62b239bb3[606]: 2025/11/15 21:31:38 device.go:66: new user session event, clearing end device cache...
Nov 15 21:31:59 lzcbox-60378f6b 51f62b239bb3[606]: 2025/11/15 21:31:59 device.go:66: new user session event, clearing end device cache...
Nov 15 21:31:59 lzcbox-60378f6b 51f62b239bb3[606]: 2025/11/15 21:31:59 device.go:66: new user session event, clearing end device cache...
Nov 15 21:32:21 lzcbox-60378f6b 51f62b239bb3[606]: 2025/11/15 21:32:21 device.go:66: new user session event, clearing end device cache...
Nov 15 21:32:22 lzcbox-60378f6b 51f62b239bb3[606]: 2025/11/15 21:32:22 device.go:66: new user session event, clearing end device cache...
Nov 15 21:32:58 lzcbox-60378f6b 51f62b239bb3[606]: 2025/11/15 21:32:58 device.go:66: new user session event, clearing end device cache...
Nov 15 21:33:15 lzcbox-60378f6b 51f62b239bb3[606]: 2025/11/15 21:33:15 device.go:66: new user session event, clearing end device cache...
Nov 15 21:33:15 lzcbox-60378f6b 51f62b239bb3[606]: 2025/11/15 21:33:15 device.go:66: new user session event, clearing end device cache...
Nov 15 22:13:32 lzcbox-60378f6b 51f62b239bb3[606]: domain added: app.cloud.lazycat.app.jellyfinsingle.lzcapp -> v4:172.28.2.66 v6:fd03:1136:3800::242
Nov 15 22:13:33 lzcbox-60378f6b 51f62b239bb3[606]: domain added: jellyfin.cloud.lazycat.app.jellyfinsingle.lzcapp -> v4:172.28.2.67 v6:fd03:1136:3800::243
Nov 15 22:33:27 lzcbox-60378f6b 51f62b239bb3[606]: 2025/11/15 22:33:27 device.go:66: new user session event, clearing end device cache...
Nov 16 00:04:29 lzcbox-60378f6b 51f62b239bb3[606]: 2025/11/16 00:04:29 device.go:66: new user session event, clearing end device cache...
Nov 16 04:00:23 lzcbox-60378f6b 51f62b239bb3[606]: 2025/11/16 04:00:23 device.go:66: new user session event, clearing end device cache...
Nov 16 04:01:19 lzcbox-60378f6b 51f62b239bb3[606]: 2025/11/16 04:01:19 device.go:66: new user session event, clearing end device cache...
Nov 16 04:01:19 lzcbox-60378f6b 51f62b239bb3[606]: 2025/11/16 04:01:19 device.go:66: new user session event, clearing end device cache...
Nov 16 08:54:58 lzcbox-60378f6b 51f62b239bb3[606]: 2025/11/16 08:54:58 device.go:66: new user session event, clearing end device cache...
Nov 16 08:54:58 lzcbox-60378f6b 51f62b239bb3[606]: 2025/11/16 08:54:58 device.go:66: new user session event, clearing end device cache...
Nov 16 08:58:40 lzcbox-60378f6b 51f62b239bb3[606]: domain added: app.cloud.lazycat.app.logviewer.lzcapp -> v4:172.28.2.130 v6:fd03:1136:3800::282
Nov 16 08:58:40 lzcbox-60378f6b 51f62b239bb3[606]: domain added: webapp.cloud.lazycat.app.logviewer.lzcapp -> v4:172.28.2.131 v6:fd03:1136:3800::283
Nov 16 09:04:19 lzcbox-60378f6b 51f62b239bb3[606]: 2025/11/16 09:04:19 device.go:66: new user session event, clearing end device cache...
Nov 16 09:04:19 lzcbox-60378f6b 51f62b239bb3[606]: 2025/11/16 09:04:19 device.go:66: new user session event, clearing end device cache...
Nov 16 09:04:21 lzcbox-60378f6b 51f62b239bb3[606]: 2025/11/16 09:04:21 device.go:66: new user session event, clearing end device cache...
Nov 16 09:04:21 lzcbox-60378f6b 51f62b239bb3[606]: 2025/11/16 09:04:21 device.go:66: new user session event, clearing end device cache...
Nov 16 09:04:23 lzcbox-60378f6b 51f62b239bb3[606]: 2025/11/16 09:04:23 device.go:66: new user session event, clearing end device cache...
Nov 16 09:04:23 lzcbox-60378f6b 51f62b239bb3[606]: 2025/11/16 09:04:23 device.go:66: new user session event, clearing end device cache...
Nov 16 09:04:25 lzcbox-60378f6b 51f62b239bb3[606]: 2025/11/16 09:04:25 device.go:66: new user session event, clearing end device cache...
Nov 16 09:04:25 lzcbox-60378f6b 51f62b239bb3[606]: 2025/11/16 09:04:25 device.go:66: new user session event, clearing end device cache...
Nov 16 09:04:25 lzcbox-60378f6b 51f62b239bb3[606]: 2025/11/16 09:04:25 device.go:66: new user session event, clearing end device cache...
Nov 16 09:04:27 lzcbox-60378f6b 51f62b239bb3[606]: 2025/11/16 09:04:27 device.go:66: new user session event, clearing end device cache...
Nov 16 09:04:27 lzcbox-60378f6b 51f62b239bb3[606]: 2025/11/16 09:04:27 device.go:66: new user session event, clearing end device cache...
Nov 16 09:04:29 lzcbox-60378f6b 51f62b239bb3[606]: 2025/11/16 09:04:29 device.go:66: new user session event, clearing end device cache...
Nov 16 09:04:29 lzcbox-60378f6b 51f62b239bb3[606]: 2025/11/16 09:04:29 device.go:66: new user session event, clearing end device cache...
Nov 16 09:04:31 lzcbox-60378f6b 51f62b239bb3[606]: 2025/11/16 09:04:31 device.go:66: new user session event, clearing end device cache...
Nov 16 09:04:31 lzcbox-60378f6b 51f62b239bb3[606]: 2025/11/16 09:04:31 device.go:66: new user session event, clearing end device cache...
Nov 16 09:04:34 lzcbox-60378f6b 51f62b239bb3[606]: 2025/11/16 09:04:34 device.go:66: new user session event, clearing end device cache...
Nov 16 09:04:34 lzcbox-60378f6b 51f62b239bb3[606]: 2025/11/16 09:04:34 device.go:66: new user session event, clearing end device cache...
Nov 16 09:04:36 lzcbox-60378f6b 51f62b239bb3[606]: 2025/11/16 09:04:36 device.go:66: new user session event, clearing end device cache...
Nov 16 09:04:36 lzcbox-60378f6b 51f62b239bb3[606]: 2025/11/16 09:04:36 device.go:66: new user session event, clearing end device cache...
Nov 16 09:04:38 lzcbox-60378f6b 51f62b239bb3[606]: 2025/11/16 09:04:38 device.go:66: new user session event, clearing end device cache...
Nov 16 09:04:38 lzcbox-60378f6b 51f62b239bb3[606]: 2025/11/16 09:04:38 device.go:66: new user session event, clearing end device cache...
Nov 16 09:04:40 lzcbox-60378f6b 51f62b239bb3[606]: 2025/11/16 09:04:40 device.go:66: new user session event, clearing end device cache...
Nov 16 09:04:40 lzcbox-60378f6b 51f62b239bb3[606]: 2025/11/16 09:04:40 device.go:66: new user session event, clearing end device cache...
Nov 16 09:04:42 lzcbox-60378f6b 51f62b239bb3[606]: 2025/11/16 09:04:42 device.go:66: new user session event, clearing end device cache...
Nov 16 09:04:42 lzcbox-60378f6b 51f62b239bb3[606]: 2025/11/16 09:04:42 device.go:66: new user session event, clearing end device cache...
Nov 16 09:04:44 lzcbox-60378f6b 51f62b239bb3[606]: 2025/11/16 09:04:44 device.go:66: new user session event, clearing end device cache...
Nov 16 09:04:44 lzcbox-60378f6b 51f62b239bb3[606]: 2025/11/16 09:04:44 device.go:66: new user session event, clearing end device cache...
Nov 16 09:04:46 lzcbox-60378f6b 51f62b239bb3[606]: 2025/11/16 09:04:46 device.go:66: new user session event, clearing end device cache...
Nov 16 09:04:46 lzcbox-60378f6b 51f62b239bb3[606]: 2025/11/16 09:04:46 device.go:66: new user session event, clearing end device cache...
Nov 16 09:04:48 lzcbox-60378f6b 51f62b239bb3[606]: 2025/11/16 09:04:48 device.go:66: new user session event, clearing end device cache...
Nov 16 09:04:49 lzcbox-60378f6b 51f62b239bb3[606]: 2025/11/16 09:04:49 device.go:66: new user session event, clearing end device cache...
Nov 16 09:04:51 lzcbox-60378f6b 51f62b239bb3[606]: 2025/11/16 09:04:51 device.go:66: new user session event, clearing end device cache...
Nov 16 09:04:51 lzcbox-60378f6b 51f62b239bb3[606]: 2025/11/16 09:04:51 device.go:66: new user session event, clearing end device cache...
Nov 16 09:04:51 lzcbox-60378f6b 51f62b239bb3[606]: 2025/11/16 09:04:51 device.go:66: new user session event, clearing end device cache...
Nov 16 09:04:53 lzcbox-60378f6b 51f62b239bb3[606]: 2025/11/16 09:04:53 device.go:66: new user session event, clearing end device cache...
Nov 16 09:04:53 lzcbox-60378f6b 51f62b239bb3[606]: 2025/11/16 09:04:53 device.go:66: new user session event, clearing end device cache...
Nov 16 09:04:55 lzcbox-60378f6b 51f62b239bb3[606]: 2025/11/16 09:04:55 device.go:66: new user session event, clearing end device cache...
Nov 16 09:04:55 lzcbox-60378f6b 51f62b239bb3[606]: 2025/11/16 09:04:55 device.go:66: new user session event, clearing end device cache...
Nov 16 09:04:57 lzcbox-60378f6b 51f62b239bb3[606]: 2025/11/16 09:04:57 device.go:66: new user session event, clearing end device cache...
Nov 16 09:04:57 lzcbox-60378f6b 51f62b239bb3[606]: 2025/11/16 09:04:57 device.go:66: new user session event, clearing end device cache...
Nov 16 09:04:59 lzcbox-60378f6b 51f62b239bb3[606]: 2025/11/16 09:04:59 device.go:66: new user session event, clearing end device cache...
Nov 16 09:04:59 lzcbox-60378f6b 51f62b239bb3[606]: 2025/11/16 09:04:59 device.go:66: new user session event, clearing end device cache...
Nov 16 09:05:01 lzcbox-60378f6b 51f62b239bb3[606]: 2025/11/16 09:05:01 device.go:66: new user session event, clearing end device cache...
Nov 16 09:05:01 lzcbox-60378f6b 51f62b239bb3[606]: 2025/11/16 09:05:01 device.go:66: new user session event, clearing end device cache...
Nov 16 09:05:03 lzcbox-60378f6b 51f62b239bb3[606]: 2025/11/16 09:05:03 device.go:66: new user session event, clearing end device cache...
Nov 16 09:05:03 lzcbox-60378f6b 51f62b239bb3[606]: 2025/11/16 09:05:03 device.go:66: new user session event, clearing end device cache...
Nov 16 09:05:06 lzcbox-60378f6b 51f62b239bb3[606]: 2025/11/16 09:05:06 device.go:66: new user session event, clearing end device cache...
Nov 16 09:05:06 lzcbox-60378f6b 51f62b239bb3[606]: 2025/11/16 09:05:06 device.go:66: new user session event, clearing end device cache...
Nov 16 09:05:08 lzcbox-60378f6b 51f62b239bb3[606]: 2025/11/16 09:05:08 device.go:66: new user session event, clearing end device cache...
Nov 16 09:05:08 lzcbox-60378f6b 51f62b239bb3[606]: 2025/11/16 09:05:08 device.go:66: new user session event, clearing end device cache...
Nov 16 09:05:10 lzcbox-60378f6b 51f62b239bb3[606]: 2025/11/16 09:05:10 device.go:66: new user session event, clearing end device cache...
Nov 16 09:05:10 lzcbox-60378f6b 51f62b239bb3[606]: 2025/11/16 09:05:10 device.go:66: new user session event, clearing end device cache...
Nov 16 09:05:12 lzcbox-60378f6b 51f62b239bb3[606]: 2025/11/16 09:05:12 device.go:66: new user session event, clearing end device cache...
Nov 16 09:05:12 lzcbox-60378f6b 51f62b239bb3[606]: 2025/11/16 09:05:12 device.go:66: new user session event, clearing end device cache...
Nov 16 09:05:14 lzcbox-60378f6b 51f62b239bb3[606]: 2025/11/16 09:05:14 device.go:66: new user session event, clearing end device cache...
Nov 16 09:05:14 lzcbox-60378f6b 51f62b239bb3[606]: 2025/11/16 09:05:14 device.go:66: new user session event, clearing end device cache...
Nov 16 09:05:16 lzcbox-60378f6b 51f62b239bb3[606]: 2025/11/16 09:05:16 device.go:66: new user session event, clearing end device cache...
Nov 16 09:05:16 lzcbox-60378f6b 51f62b239bb3[606]: 2025/11/16 09:05:16 device.go:66: new user session event, clearing end device cache...
Nov 16 09:05:18 lzcbox-60378f6b 51f62b239bb3[606]: 2025/11/16 09:05:18 device.go:66: new user session event, clearing end device cache...
Nov 16 09:05:18 lzcbox-60378f6b 51f62b239bb3[606]: 2025/11/16 09:05:18 device.go:66: new user session event, clearing end device cache...
Nov 16 09:05:20 lzcbox-60378f6b 51f62b239bb3[606]: 2025/11/16 09:05:20 device.go:66: new user session event, clearing end device cache...
Nov 16 09:05:20 lzcbox-60378f6b 51f62b239bb3[606]: 2025/11/16 09:05:20 device.go:66: new user session event, clearing end device cache...
Nov 16 09:05:21 lzcbox-60378f6b 51f62b239bb3[606]: 2025/11/16 09:05:21 device.go:66: new user session event, clearing end device cache...
Nov 16 09:05:23 lzcbox-60378f6b 51f62b239bb3[606]: 2025/11/16 09:05:23 device.go:66: new user session event, clearing end device cache...
Nov 16 09:05:23 lzcbox-60378f6b 51f62b239bb3[606]: 2025/11/16 09:05:23 device.go:66: new user session event, clearing end device cache...
Nov 16 09:05:25 lzcbox-60378f6b 51f62b239bb3[606]: 2025/11/16 09:05:25 device.go:66: new user session event, clearing end device cache...
Nov 16 09:05:25 lzcbox-60378f6b 51f62b239bb3[606]: 2025/11/16 09:05:25 device.go:66: new user session event, clearing end device cache...
Nov 16 09:05:27 lzcbox-60378f6b 51f62b239bb3[606]: 2025/11/16 09:05:27 device.go:66: new user session event, clearing end device cache...
Nov 16 09:05:27 lzcbox-60378f6b 51f62b239bb3[606]: 2025/11/16 09:05:27 device.go:66: new user session event, clearing end device cache...
Nov 16 09:05:29 lzcbox-60378f6b 51f62b239bb3[606]: 2025/11/16 09:05:29 device.go:66: new user session event, clearing end device cache...
Nov 16 09:05:29 lzcbox-60378f6b 51f62b239bb3[606]: 2025/11/16 09:05:29 device.go:66: new user session event, clearing end device cache...
Nov 16 09:05:31 lzcbox-60378f6b 51f62b239bb3[606]: 2025/11/16 09:05:31 device.go:66: new user session event, clearing end device cache...
Nov 16 09:05:31 lzcbox-60378f6b 51f62b239bb3[606]: 2025/11/16 09:05:31 device.go:66: new user session event, clearing end device cache...
Nov 16 09:05:33 lzcbox-60378f6b 51f62b239bb3[606]: 2025/11/16 09:05:33 device.go:66: new user session event, clearing end device cache...
Nov 16 09:05:33 lzcbox-60378f6b 51f62b239bb3[606]: 2025/11/16 09:05:33 device.go:66: new user session event, clearing end device cache...
Nov 16 09:05:35 lzcbox-60378f6b 51f62b239bb3[606]: 2025/11/16 09:05:35 device.go:66: new user session event, clearing end device cache...
Nov 16 09:05:35 lzcbox-60378f6b 51f62b239bb3[606]: 2025/11/16 09:05:35 device.go:66: new user session event, clearing end device cache...
Nov 16 09:05:37 lzcbox-60378f6b 51f62b239bb3[606]: 2025/11/16 09:05:37 device.go:66: new user session event, clearing end device cache...
Nov 16 09:05:37 lzcbox-60378f6b 51f62b239bb3[606]: 2025/11/16 09:05:37 device.go:66: new user session event, clearing end device cache...
Nov 16 09:05:40 lzcbox-60378f6b 51f62b239bb3[606]: 2025/11/16 09:05:40 device.go:66: new user session event, clearing end device cache...
Nov 16 09:05:40 lzcbox-60378f6b 51f62b239bb3[606]: 2025/11/16 09:05:40 device.go:66: new user session event, clearing end device cache...
Nov 16 09:05:42 lzcbox-60378f6b 51f62b239bb3[606]: 2025/11/16 09:05:42 device.go:66: new user session event, clearing end device cache...
Nov 16 09:05:42 lzcbox-60378f6b 51f62b239bb3[606]: 2025/11/16 09:05:42 device.go:66: new user session event, clearing end device cache...
Nov 16 09:05:44 lzcbox-60378f6b 51f62b239bb3[606]: 2025/11/16 09:05:44 device.go:66: new user session event, clearing end device cache...
Nov 16 09:05:44 lzcbox-60378f6b 51f62b239bb3[606]: 2025/11/16 09:05:44 device.go:66: new user session event, clearing end device cache...
Nov 16 09:05:46 lzcbox-60378f6b 51f62b239bb3[606]: 2025/11/16 09:05:46 device.go:66: new user session event, clearing end device cache...
Nov 16 09:05:46 lzcbox-60378f6b 51f62b239bb3[606]: 2025/11/16 09:05:46 device.go:66: new user session event, clearing end device cache...
Nov 16 09:05:48 lzcbox-60378f6b 51f62b239bb3[606]: 2025/11/16 09:05:48 device.go:66: new user session event, clearing end device cache...
Nov 16 09:05:48 lzcbox-60378f6b 51f62b239bb3[606]: 2025/11/16 09:05:48 device.go:66: new user session event, clearing end device cache...
Nov 16 09:05:50 lzcbox-60378f6b 51f62b239bb3[606]: 2025/11/16 09:05:50 device.go:66: new user session event, clearing end device cache...
Nov 16 09:05:50 lzcbox-60378f6b 51f62b239bb3[606]: 2025/11/16 09:05:50 device.go:66: new user session event, clearing end device cache...
Nov 16 09:05:51 lzcbox-60378f6b 51f62b239bb3[606]: 2025/11/16 09:05:51 device.go:66: new user session event, clearing end device cache...
Nov 16 09:05:52 lzcbox-60378f6b 51f62b239bb3[606]: 2025/11/16 09:05:52 device.go:66: new user session event, clearing end device cache...
Nov 16 09:05:52 lzcbox-60378f6b 51f62b239bb3[606]: 2025/11/16 09:05:52 device.go:66: new user session event, clearing end device cache...
Nov 16 09:05:54 lzcbox-60378f6b 51f62b239bb3[606]: 2025/11/16 09:05:54 device.go:66: new user session event, clearing end device cache...
Nov 16 09:05:55 lzcbox-60378f6b 51f62b239bb3[606]: 2025/11/16 09:05:55 device.go:66: new user session event, clearing end device cache...
Nov 16 09:05:57 lzcbox-60378f6b 51f62b239bb3[606]: 2025/11/16 09:05:57 device.go:66: new user session event, clearing end device cache...
Nov 16 09:05:57 lzcbox-60378f6b 51f62b239bb3[606]: 2025/11/16 09:05:57 device.go:66: new user session event, clearing end device cache...
Nov 16 09:05:59 lzcbox-60378f6b 51f62b239bb3[606]: 2025/11/16 09:05:59 device.go:66: new user session event, clearing end device cache...
Nov 16 09:05:59 lzcbox-60378f6b 51f62b239bb3[606]: 2025/11/16 09:05:59 device.go:66: new user session event, clearing end device cache...
Nov 16 09:06:01 lzcbox-60378f6b 51f62b239bb3[606]: 2025/11/16 09:06:01 device.go:66: new user session event, clearing end device cache...
Nov 16 09:06:01 lzcbox-60378f6b 51f62b239bb3[606]: 2025/11/16 09:06:01 device.go:66: new user session event, clearing end device cache...
Nov 16 09:06:03 lzcbox-60378f6b 51f62b239bb3[606]: 2025/11/16 09:06:03 device.go:66: new user session event, clearing end device cache...
Nov 16 09:06:03 lzcbox-60378f6b 51f62b239bb3[606]: 2025/11/16 09:06:03 device.go:66: new user session event, clearing end device cache...
Nov 16 09:06:05 lzcbox-60378f6b 51f62b239bb3[606]: 2025/11/16 09:06:05 device.go:66: new user session event, clearing end device cache...
Nov 16 09:06:05 lzcbox-60378f6b 51f62b239bb3[606]: 2025/11/16 09:06:05 device.go:66: new user session event, clearing end device cache...
Nov 16 09:06:07 lzcbox-60378f6b 51f62b239bb3[606]: 2025/11/16 09:06:07 device.go:66: new user session event, clearing end device cache...
Nov 16 09:06:07 lzcbox-60378f6b 51f62b239bb3[606]: 2025/11/16 09:06:07 device.go:66: new user session event, clearing end device cache...
Nov 16 09:06:09 lzcbox-60378f6b 51f62b239bb3[606]: 2025/11/16 09:06:09 device.go:66: new user session event, clearing end device cache...
Nov 16 09:06:09 lzcbox-60378f6b 51f62b239bb3[606]: 2025/11/16 09:06:09 device.go:66: new user session event, clearing end device cache...
Nov 16 09:06:11 lzcbox-60378f6b 51f62b239bb3[606]: 2025/11/16 09:06:11 device.go:66: new user session event, clearing end device cache...
Nov 16 09:06:12 lzcbox-60378f6b 51f62b239bb3[606]: 2025/11/16 09:06:12 device.go:66: new user session event, clearing end device cache...
Nov 16 09:06:14 lzcbox-60378f6b 51f62b239bb3[606]: 2025/11/16 09:06:14 device.go:66: new user session event, clearing end device cache...
Nov 16 09:06:14 lzcbox-60378f6b 51f62b239bb3[606]: 2025/11/16 09:06:14 device.go:66: new user session event, clearing end device cache...
Nov 16 09:06:16 lzcbox-60378f6b 51f62b239bb3[606]: 2025/11/16 09:06:16 device.go:66: new user session event, clearing end device cache...
Nov 16 09:06:16 lzcbox-60378f6b 51f62b239bb3[606]: 2025/11/16 09:06:16 device.go:66: new user session event, clearing end device cache...
Nov 16 09:06:18 lzcbox-60378f6b 51f62b239bb3[606]: 2025/11/16 09:06:18 device.go:66: new user session event, clearing end device cache...
Nov 16 09:06:18 lzcbox-60378f6b 51f62b239bb3[606]: 2025/11/16 09:06:18 device.go:66: new user session event, clearing end device cache...
Nov 16 09:06:20 lzcbox-60378f6b 51f62b239bb3[606]: 2025/11/16 09:06:20 device.go:66: new user session event, clearing end device cache...
Nov 16 09:06:20 lzcbox-60378f6b 51f62b239bb3[606]: 2025/11/16 09:06:20 device.go:66: new user session event, clearing end device cache...
Nov 16 09:06:21 lzcbox-60378f6b 51f62b239bb3[606]: 2025/11/16 09:06:21 device.go:66: new user session event, clearing end device cache...
Nov 16 09:06:22 lzcbox-60378f6b 51f62b239bb3[606]: 2025/11/16 09:06:22 device.go:66: new user session event, clearing end device cache...
Nov 16 09:06:22 lzcbox-60378f6b 51f62b239bb3[606]: 2025/11/16 09:06:22 device.go:66: new user session event, clearing end device cache...
Nov 16 09:06:24 lzcbox-60378f6b 51f62b239bb3[606]: 2025/11/16 09:06:24 device.go:66: new user session event, clearing end device cache...
Nov 16 09:06:24 lzcbox-60378f6b 51f62b239bb3[606]: 2025/11/16 09:06:24 device.go:66: new user session event, clearing end device cache...
Nov 16 09:06:40 lzcbox-60378f6b 51f62b239bb3[606]: 2025/11/16 09:06:40 device.go:66: new user session event, clearing end device cache...
Nov 16 09:06:42 lzcbox-60378f6b 51f62b239bb3[606]: 2025/11/16 09:06:42 device.go:66: new user session event, clearing end device cache...
Nov 16 09:06:42 lzcbox-60378f6b 51f62b239bb3[606]: 2025/11/16 09:06:42 device.go:66: new user session event, clearing end device cache...
Nov 16 09:06:44 lzcbox-60378f6b 51f62b239bb3[606]: 2025/11/16 09:06:44 device.go:66: new user session event, clearing end device cache...
Nov 16 09:06:44 lzcbox-60378f6b 51f62b239bb3[606]: 2025/11/16 09:06:44 device.go:66: new user session event, clearing end device cache...
Nov 16 09:06:46 lzcbox-60378f6b 51f62b239bb3[606]: 2025/11/16 09:06:46 device.go:66: new user session event, clearing end device cache...
Nov 16 09:06:46 lzcbox-60378f6b 51f62b239bb3[606]: 2025/11/16 09:06:46 device.go:66: new user session event, clearing end device cache...
Nov 16 09:06:48 lzcbox-60378f6b 51f62b239bb3[606]: 2025/11/16 09:06:48 device.go:66: new user session event, clearing end device cache...
Nov 16 09:06:48 lzcbox-60378f6b 51f62b239bb3[606]: 2025/11/16 09:06:48 device.go:66: new user session event, clearing end device cache...
Nov 16 09:06:50 lzcbox-60378f6b 51f62b239bb3[606]: 2025/11/16 09:06:50 device.go:66: new user session event, clearing end device cache...
Nov 16 09:06:50 lzcbox-60378f6b 51f62b239bb3[606]: 2025/11/16 09:06:50 device.go:66: new user session event, clearing end device cache...
Nov 16 09:06:51 lzcbox-60378f6b 51f62b239bb3[606]: 2025/11/16 09:06:51 device.go:66: new user session event, clearing end device cache...
Nov 16 09:06:52 lzcbox-60378f6b 51f62b239bb3[606]: 2025/11/16 09:06:52 device.go:66: new user session event, clearing end device cache...
Nov 16 09:06:52 lzcbox-60378f6b 51f62b239bb3[606]: 2025/11/16 09:06:52 device.go:66: new user session event, clearing end device cache...
Nov 16 09:06:55 lzcbox-60378f6b 51f62b239bb3[606]: 2025/11/16 09:06:55 device.go:66: new user session event, clearing end device cache...
Nov 16 09:06:55 lzcbox-60378f6b 51f62b239bb3[606]: 2025/11/16 09:06:55 device.go:66: new user session event, clearing end device cache...
Nov 16 09:06:57 lzcbox-60378f6b 51f62b239bb3[606]: 2025/11/16 09:06:57 device.go:66: new user session event, clearing end device cache...
Nov 16 09:06:57 lzcbox-60378f6b 51f62b239bb3[606]: 2025/11/16 09:06:57 device.go:66: new user session event, clearing end device cache...
Nov 16 09:06:59 lzcbox-60378f6b 51f62b239bb3[606]: 2025/11/16 09:06:59 device.go:66: new user session event, clearing end device cache...
Nov 16 09:06:59 lzcbox-60378f6b 51f62b239bb3[606]: 2025/11/16 09:06:59 device.go:66: new user session event, clearing end device cache...
Nov 16 09:07:01 lzcbox-60378f6b 51f62b239bb3[606]: 2025/11/16 09:07:01 device.go:66: new user session event, clearing end device cache...
Nov 16 09:07:01 lzcbox-60378f6b 51f62b239bb3[606]: 2025/11/16 09:07:01 device.go:66: new user session event, clearing end device cache...
Nov 16 09:07:03 lzcbox-60378f6b 51f62b239bb3[606]: 2025/11/16 09:07:03 device.go:66: new user session event, clearing end device cache...
Nov 16 09:07:03 lzcbox-60378f6b 51f62b239bb3[606]: 2025/11/16 09:07:03 device.go:66: new user session event, clearing end device cache...
Nov 16 09:07:05 lzcbox-60378f6b 51f62b239bb3[606]: 2025/11/16 09:07:05 device.go:66: new user session event, clearing end device cache...
Nov 16 09:07:05 lzcbox-60378f6b 51f62b239bb3[606]: 2025/11/16 09:07:05 device.go:66: new user session event, clearing end device cache...
Nov 16 09:07:07 lzcbox-60378f6b 51f62b239bb3[606]: 2025/11/16 09:07:07 device.go:66: new user session event, clearing end device cache...
Nov 16 09:07:07 lzcbox-60378f6b 51f62b239bb3[606]: 2025/11/16 09:07:07 device.go:66: new user session event, clearing end device cache...
Nov 16 09:07:16 lzcbox-60378f6b 51f62b239bb3[606]: 2025/11/16 09:07:16 device.go:66: new user session event, clearing end device cache...
Nov 16 09:07:16 lzcbox-60378f6b 51f62b239bb3[606]: 2025/11/16 09:07:16 device.go:66: new user session event, clearing end device cache...
Nov 16 09:07:18 lzcbox-60378f6b 51f62b239bb3[606]: 2025/11/16 09:07:18 device.go:66: new user session event, clearing end device cache...
Nov 16 09:07:20 lzcbox-60378f6b 51f62b239bb3[606]: 2025/11/16 09:07:20 device.go:66: new user session event, clearing end device cache...
Nov 16 09:07:20 lzcbox-60378f6b 51f62b239bb3[606]: 2025/11/16 09:07:20 device.go:66: new user session event, clearing end device cache...
Nov 16 09:15:02 lzcbox-60378f6b 51f62b239bb3[606]: 2025/11/16 09:15:02 device.go:66: new user session event, clearing end device cache...
Nov 16 09:15:02 lzcbox-60378f6b 51f62b239bb3[606]: 2025/11/16 09:15:02 device.go:66: new user session event, clearing end device cache...
Nov 16 09:15:28 lzcbox-60378f6b 51f62b239bb3[606]: domain added: registry.cloud.lazycat.developer.tools.lzcapp -> v4:172.28.2.194 v6:fd03:1136:3800::2c2
Nov 16 09:15:29 lzcbox-60378f6b 51f62b239bb3[606]: 2025/11/16 09:15:29 device.go:66: new user session event, clearing end device cache...
Nov 16 09:15:29 lzcbox-60378f6b 51f62b239bb3[606]: 2025/11/16 09:15:29 device.go:66: new user session event, clearing end device cache...
Nov 16 09:15:29 lzcbox-60378f6b 51f62b239bb3[606]: domain added: dozzle.cloud.lazycat.developer.tools.lzcapp -> v4:172.28.2.195 v6:fd03:1136:3800::2c3
Nov 16 09:15:30 lzcbox-60378f6b 51f62b239bb3[606]: domain added: app.cloud.lazycat.developer.tools.lzcapp -> v4:172.28.2.196 v6:fd03:1136:3800::2c4
Nov 16 09:15:32 lzcbox-60378f6b 51f62b239bb3[606]: domain added: registry-proxy.cloud.lazycat.developer.tools.lzcapp -> v4:172.18.0.1 v6:
Nov 16 09:16:02 lzcbox-60378f6b 51f62b239bb3[606]: domain added: app.cloud.lzcapp.qemu.lzcapp -> v4:172.28.3.2 v6:fd03:1136:3800::302
Nov 16 09:16:02 lzcbox-60378f6b 51f62b239bb3[606]: domain added: qemu.cloud.lzcapp.qemu.lzcapp -> v4:172.28.3.3 v6:fd03:1136:3800::303
Nov 16 09:16:04 lzcbox-60378f6b 51f62b239bb3[606]: domain deleted: qemu.cloud.lzcapp.qemu.lzcapp
Nov 16 09:19:29 lzcbox-60378f6b 51f62b239bb3[606]: domain deleted: app.cloud.lzcapp.qemu.lzcapp
Nov 16 09:27:30 lzcbox-60378f6b 51f62b239bb3[606]: domain added: app.cloud.lzcapp.qemu.lzcapp -> v4:172.28.3.2 v6:fd03:1136:3800::302
Nov 16 09:27:31 lzcbox-60378f6b 51f62b239bb3[606]: domain added: qemu.cloud.lzcapp.qemu.lzcapp -> v4: v6:
Nov 16 09:27:31 lzcbox-60378f6b 51f62b239bb3[606]: domain deleted: qemu.cloud.lzcapp.qemu.lzcapp
Nov 16 09:28:54 lzcbox-60378f6b 51f62b239bb3[606]: 2025/11/16 09:28:54 device.go:66: new user session event, clearing end device cache...
Nov 16 09:28:54 lzcbox-60378f6b 51f62b239bb3[606]: 2025/11/16 09:28:54 device.go:66: new user session event, clearing end device cache...
Nov 16 09:32:17 lzcbox-60378f6b 51f62b239bb3[606]: domain deleted: app.cloud.lzcapp.qemu.lzcapp
Nov 16 09:41:54 lzcbox-60378f6b 51f62b239bb3[606]: domain added: app.cloud.lzcapp.qemu.lzcapp -> v4:172.28.3.2 v6:fd03:1136:3800::302
Nov 16 09:41:54 lzcbox-60378f6b 51f62b239bb3[606]: domain added: qemu.cloud.lzcapp.qemu.lzcapp -> v4:172.28.3.3 v6:fd03:1136:3800::303
Nov 16 09:49:22 lzcbox-60378f6b 51f62b239bb3[606]: domain deleted: app.cloud.lzcapp.qemu.lzcapp
Nov 16 09:49:23 lzcbox-60378f6b 51f62b239bb3[606]: domain deleted: qemu.cloud.lzcapp.qemu.lzcapp
Nov 16 09:49:28 lzcbox-60378f6b 51f62b239bb3[606]: domain added: app.cloud.lzcapp.qemu.lzcapp -> v4:172.28.3.2 v6:fd03:1136:3800::302
Nov 16 09:49:28 lzcbox-60378f6b 51f62b239bb3[606]: domain added: qemu.cloud.lzcapp.qemu.lzcapp -> v4:172.28.3.3 v6:fd03:1136:3800::303
Nov 16 09:49:30 lzcbox-60378f6b 51f62b239bb3[606]: domain deleted: app.cloud.lzcapp.qemu.lzcapp
Nov 16 09:49:33 lzcbox-60378f6b 51f62b239bb3[606]: domain deleted: qemu.cloud.lzcapp.qemu.lzcapp
Nov 16 09:49:38 lzcbox-60378f6b 51f62b239bb3[606]: domain added: app.cloud.lzcapp.qemu.lzcapp -> v4:172.28.3.2 v6:fd03:1136:3800::302
Nov 16 09:49:38 lzcbox-60378f6b 51f62b239bb3[606]: domain added: qemu.cloud.lzcapp.qemu.lzcapp -> v4:172.28.3.3 v6:fd03:1136:3800::303
Nov 16 09:55:14 lzcbox-60378f6b 51f62b239bb3[606]: domain deleted: qemu.cloud.lzcapp.qemu.lzcapp
Nov 16 09:55:15 lzcbox-60378f6b 51f62b239bb3[606]: domain deleted: app.cloud.lzcapp.qemu.lzcapp
Nov 16 09:55:20 lzcbox-60378f6b 51f62b239bb3[606]: domain added: app.cloud.lzcapp.qemu.lzcapp -> v4:172.28.3.2 v6:fd03:1136:3800::302
Nov 16 09:55:20 lzcbox-60378f6b 51f62b239bb3[606]: domain added: qemu.cloud.lzcapp.qemu.lzcapp -> v4:172.28.3.3 v6:fd03:1136:3800::303
Nov 16 09:55:22 lzcbox-60378f6b 51f62b239bb3[606]: domain deleted: qemu.cloud.lzcapp.qemu.lzcapp
Nov 16 09:55:24 lzcbox-60378f6b 51f62b239bb3[606]: domain deleted: app.cloud.lzcapp.qemu.lzcapp
Nov 16 09:55:29 lzcbox-60378f6b 51f62b239bb3[606]: domain added: qemu.cloud.lzcapp.qemu.lzcapp -> v4:172.28.3.2 v6:fd03:1136:3800::302
Nov 16 09:55:30 lzcbox-60378f6b 51f62b239bb3[606]: domain added: app.cloud.lzcapp.qemu.lzcapp -> v4:172.28.3.3 v6:fd03:1136:3800::303
Nov 16 10:01:00 lzcbox-60378f6b 51f62b239bb3[606]: domain deleted: app.cloud.lzcapp.qemu.lzcapp
Nov 16 10:01:00 lzcbox-60378f6b 51f62b239bb3[606]: domain deleted: qemu.cloud.lzcapp.qemu.lzcapp
Nov 16 10:01:05 lzcbox-60378f6b 51f62b239bb3[606]: domain added: qemu.cloud.lzcapp.qemu.lzcapp -> v4:172.28.3.2 v6:fd03:1136:3800::302
Nov 16 10:01:06 lzcbox-60378f6b 51f62b239bb3[606]: domain added: app.cloud.lzcapp.qemu.lzcapp -> v4:172.28.3.3 v6:fd03:1136:3800::303
Nov 16 10:01:07 lzcbox-60378f6b 51f62b239bb3[606]: domain deleted: qemu.cloud.lzcapp.qemu.lzcapp
Nov 16 10:01:10 lzcbox-60378f6b 51f62b239bb3[606]: domain deleted: app.cloud.lzcapp.qemu.lzcapp
Nov 16 10:01:15 lzcbox-60378f6b 51f62b239bb3[606]: domain added: app.cloud.lzcapp.qemu.lzcapp -> v4:172.28.3.2 v6:fd03:1136:3800::302
Nov 16 10:01:15 lzcbox-60378f6b 51f62b239bb3[606]: domain added: qemu.cloud.lzcapp.qemu.lzcapp -> v4:172.28.3.3 v6:fd03:1136:3800::303
Nov 16 10:03:21 lzcbox-60378f6b 51f62b239bb3[606]: domain deleted: app.cloud.lzcapp.qemu.lzcapp
Nov 16 10:03:21 lzcbox-60378f6b 51f62b239bb3[606]: domain deleted: qemu.cloud.lzcapp.qemu.lzcapp
Nov 16 10:03:26 lzcbox-60378f6b 51f62b239bb3[606]: domain added: qemu.cloud.lzcapp.qemu.lzcapp -> v4:172.28.3.2 v6:fd03:1136:3800::302
Nov 16 10:03:27 lzcbox-60378f6b 51f62b239bb3[606]: domain added: app.cloud.lzcapp.qemu.lzcapp -> v4:172.28.3.3 v6:fd03:1136:3800::303
Nov 16 10:07:22 lzcbox-60378f6b 51f62b239bb3[606]: 2025/11/16 10:07:22 device.go:66: new user session event, clearing end device cache...
Nov 16 10:07:22 lzcbox-60378f6b 51f62b239bb3[606]: 2025/11/16 10:07:22 device.go:66: new user session event, clearing end device cache...
Nov 16 10:07:22 lzcbox-60378f6b 51f62b239bb3[606]: 2025/11/16 10:07:22 device.go:66: new user session event, clearing end device cache...
Nov 16 10:21:57 lzcbox-60378f6b 51f62b239bb3[606]: domain added: caddy.cloud.lazycat.aipod.knowledge.lzcapp -> v4:172.28.3.67 v6:fd03:1136:3800::343
Nov 16 10:21:57 lzcbox-60378f6b 51f62b239bb3[606]: domain added: app.cloud.lazycat.aipod.knowledge.lzcapp -> v4:172.28.3.66 v6:fd03:1136:3800::342
Nov 16 10:22:00 lzcbox-60378f6b 51f62b239bb3[606]: domain added: fileloader.cloud.lazycat.aipod.knowledge.lzcapp -> v4:172.28.3.68 v6:fd03:1136:3800::344
Nov 16 10:22:00 lzcbox-60378f6b 51f62b239bb3[606]: domain added: postgres.cloud.lazycat.aipod.knowledge.lzcapp -> v4:172.28.3.69 v6:fd03:1136:3800::345
Nov 16 10:22:30 lzcbox-60378f6b 51f62b239bb3[606]: domain added: backend.cloud.lazycat.aipod.knowledge.lzcapp -> v4:172.28.3.70 v6:fd03:1136:3800::346
Nov 16 10:29:14 lzcbox-60378f6b 51f62b239bb3[606]: 2025/11/16 10:29:14 device.go:66: new user session event, clearing end device cache...
Nov 16 10:29:14 lzcbox-60378f6b 51f62b239bb3[606]: 2025/11/16 10:29:14 device.go:66: new user session event, clearing end device cache...
Nov 16 10:31:16 lzcbox-60378f6b 51f62b239bb3[606]: 2025/11/16 10:31:16 device.go:66: new user session event, clearing end device cache...
Nov 16 10:33:08 lzcbox-60378f6b 51f62b239bb3[606]: 2025/11/16 10:33:08 device.go:66: new user session event, clearing end device cache...
Nov 16 10:33:08 lzcbox-60378f6b 51f62b239bb3[606]: 2025/11/16 10:33:08 device.go:66: new user session event, clearing end device cache...
Nov 16 10:34:48 lzcbox-60378f6b 51f62b239bb3[606]: 2025/11/16 10:34:48 device.go:66: new user session event, clearing end device cache...
Nov 16 10:39:00 lzcbox-60378f6b 51f62b239bb3[606]: 2025/11/16 10:39:00 device.go:66: new user session event, clearing end device cache...
Nov 16 10:40:07 lzcbox-60378f6b 51f62b239bb3[606]: 2025/11/16 10:40:07 device.go:66: new user session event, clearing end device cache...
Nov 16 10:40:07 lzcbox-60378f6b 51f62b239bb3[606]: 2025/11/16 10:40:07 device.go:66: new user session event, clearing end device cache...
Nov 16 10:42:56 lzcbox-60378f6b 51f62b239bb3[606]: 2025/11/16 10:42:56 device.go:66: new user session event, clearing end device cache...
Nov 16 10:42:56 lzcbox-60378f6b 51f62b239bb3[606]: 2025/11/16 10:42:56 device.go:66: new user session event, clearing end device cache...
Nov 16 10:43:36 lzcbox-60378f6b 51f62b239bb3[606]: 2025/11/16 10:43:36 device.go:66: new user session event, clearing end device cache...
Nov 16 10:49:27 lzcbox-60378f6b 51f62b239bb3[606]: domain added: fs.cloud.lazycat.app.create.lzcapp -> v4:172.28.3.130 v6:fd03:1136:3800::382
Nov 16 10:49:29 lzcbox-60378f6b 51f62b239bb3[606]: domain added: app.cloud.lazycat.app.create.lzcapp -> v4:172.28.3.131 v6:fd03:1136:3800::383
Nov 16 10:51:46 lzcbox-60378f6b 51f62b239bb3[606]: domain added: app.xyz.mxue.maxkb.lzcapp -> v4:172.28.3.194 v6:fd03:1136:3800::3c2
Nov 16 10:51:46 lzcbox-60378f6b 51f62b239bb3[606]: domain added: maxkb.xyz.mxue.maxkb.lzcapp -> v4:172.28.3.195 v6:fd03:1136:3800::3c3
Nov 16 10:53:57 lzcbox-60378f6b 51f62b239bb3[606]: 2025/11/16 10:53:57 device.go:66: new user session event, clearing end device cache...
Nov 16 10:54:08 lzcbox-60378f6b 51f62b239bb3[606]: 2025/11/16 10:54:08 device.go:66: new user session event, clearing end device cache...
Nov 16 10:54:08 lzcbox-60378f6b 51f62b239bb3[606]: 2025/11/16 10:54:08 device.go:66: new user session event, clearing end device cache...
Nov 16 10:58:21 lzcbox-60378f6b 51f62b239bb3[606]: 2025/11/16 10:58:21 device.go:66: new user session event, clearing end device cache...
Nov 16 10:58:21 lzcbox-60378f6b 51f62b239bb3[606]: 2025/11/16 10:58:21 device.go:66: new user session event, clearing end device cache...
Nov 16 10:58:36 lzcbox-60378f6b 51f62b239bb3[606]: 2025/11/16 10:58:36 device.go:66: new user session event, clearing end device cache...
Nov 16 11:29:50 lzcbox-60378f6b 51f62b239bb3[606]: 2025/11/16 11:29:50 device.go:66: new user session event, clearing end device cache...
Nov 16 11:29:50 lzcbox-60378f6b 51f62b239bb3[606]: 2025/11/16 11:29:50 device.go:66: new user session event, clearing end device cache...
Nov 16 11:30:33 lzcbox-60378f6b 51f62b239bb3[606]: 2025/11/16 11:30:33 device.go:66: new user session event, clearing end device cache...
Nov 16 11:30:33 lzcbox-60378f6b 51f62b239bb3[606]: 2025/11/16 11:30:33 device.go:66: new user session event, clearing end device cache...
Nov 16 11:30:36 lzcbox-60378f6b 51f62b239bb3[606]: 2025/11/16 11:30:36 device.go:66: new user session event, clearing end device cache...
Nov 16 11:30:36 lzcbox-60378f6b 51f62b239bb3[606]: 2025/11/16 11:30:36 device.go:66: new user session event, clearing end device cache...
Nov 16 11:30:53 lzcbox-60378f6b 51f62b239bb3[606]: 2025/11/16 11:30:53 device.go:66: new user session event, clearing end device cache...
Nov 16 11:30:53 lzcbox-60378f6b 51f62b239bb3[606]: 2025/11/16 11:30:53 device.go:66: new user session event, clearing end device cache...
Nov 16 11:35:11 lzcbox-60378f6b 51f62b239bb3[606]: 2025/11/16 11:35:11 device.go:66: new user session event, clearing end device cache...
Nov 16 11:35:11 lzcbox-60378f6b 51f62b239bb3[606]: 2025/11/16 11:35:11 device.go:66: new user session event, clearing end device cache...
Nov 16 11:35:35 lzcbox-60378f6b 51f62b239bb3[606]: 2025/11/16 11:35:35 device.go:66: new user session event, clearing end device cache...
Nov 16 11:35:35 lzcbox-60378f6b 51f62b239bb3[606]: 2025/11/16 11:35:35 device.go:66: new user session event, clearing end device cache...
Nov 16 12:09:32 lzcbox-60378f6b 51f62b239bb3[606]: 2025/11/16 12:09:32 device.go:66: new user session event, clearing end device cache...
Nov 16 12:09:42 lzcbox-60378f6b 51f62b239bb3[606]: 2025/11/16 12:09:42 device.go:66: new user session event, clearing end device cache...
Nov 16 12:09:42 lzcbox-60378f6b 51f62b239bb3[606]: 2025/11/16 12:09:42 device.go:66: new user session event, clearing end device cache...
Nov 16 12:12:40 lzcbox-60378f6b 51f62b239bb3[606]: domain added: axy.clash.com.lxy.app.clash.lzcapp -> v4:172.18.0.1 v6:
Nov 16 12:12:41 lzcbox-60378f6b 51f62b239bb3[606]: domain added: axy.app.com.lxy.app.clash.lzcapp -> v4:172.28.4.2 v6:fd03:1136:3800::402
Nov 16 12:13:06 lzcbox-60378f6b 51f62b239bb3[606]: 2025/11/16 12:13:06 device.go:66: new user session event, clearing end device cache...
Nov 16 12:15:36 lzcbox-60378f6b 51f62b239bb3[606]: 2025/11/16 12:15:36 device.go:66: new user session event, clearing end device cache...
Nov 16 12:15:36 lzcbox-60378f6b 51f62b239bb3[606]: 2025/11/16 12:15:36 device.go:66: new user session event, clearing end device cache...
Nov 16 12:32:04 lzcbox-60378f6b 51f62b239bb3[606]: 2025/11/16 12:32:04 device.go:66: new user session event, clearing end device cache...
Nov 16 12:32:04 lzcbox-60378f6b 51f62b239bb3[606]: 2025/11/16 12:32:04 device.go:66: new user session event, clearing end device cache...
Nov 16 12:33:32 lzcbox-60378f6b 51f62b239bb3[606]: 2025/11/16 12:33:32 device.go:66: new user session event, clearing end device cache...
Nov 16 12:33:32 lzcbox-60378f6b 51f62b239bb3[606]: 2025/11/16 12:33:32 device.go:66: new user session event, clearing end device cache...
Nov 16 12:33:59 lzcbox-60378f6b 51f62b239bb3[606]: 2025/11/16 12:33:59 device.go:66: new user session event, clearing end device cache...
Nov 16 12:33:59 lzcbox-60378f6b 51f62b239bb3[606]: 2025/11/16 12:33:59 device.go:66: new user session event, clearing end device cache...
Nov 16 12:59:05 lzcbox-60378f6b 51f62b239bb3[606]: domain added: caddy.cloud.lazycat.aipod.rag.lzcapp -> v4:172.28.4.66 v6:fd03:1136:3800::442
Nov 16 12:59:07 lzcbox-60378f6b 51f62b239bb3[606]: domain added: backend_filechat.cloud.lazycat.aipod.rag.lzcapp -> v4:172.28.4.67 v6:fd03:1136:3800::443
Nov 16 12:59:09 lzcbox-60378f6b 51f62b239bb3[606]: domain added: app.cloud.lazycat.aipod.rag.lzcapp -> v4:172.28.4.68 v6:fd03:1136:3800::444
Nov 16 12:59:11 lzcbox-60378f6b 51f62b239bb3[606]: domain added: backend_rag.cloud.lazycat.aipod.rag.lzcapp -> v4:172.28.4.69 v6:fd03:1136:3800::445
Nov 16 12:59:12 lzcbox-60378f6b 51f62b239bb3[606]: domain added: backend_videorag.cloud.lazycat.aipod.rag.lzcapp -> v4:172.28.4.70 v6:fd03:1136:3800::446
Nov 16 12:59:14 lzcbox-60378f6b 51f62b239bb3[606]: domain added: backend_jieba.cloud.lazycat.aipod.rag.lzcapp -> v4:172.28.4.71 v6:fd03:1136:3800::447
Nov 16 12:59:16 lzcbox-60378f6b 51f62b239bb3[606]: domain added: postgres.cloud.lazycat.aipod.rag.lzcapp -> v4:172.28.4.72 v6:fd03:1136:3800::448
Nov 16 12:59:31 lzcbox-60378f6b 51f62b239bb3[606]: domain added: backend.cloud.lazycat.aipod.rag.lzcapp -> v4:172.28.4.73 v6:fd03:1136:3800::449
Nov 16 12:59:36 lzcbox-60378f6b 51f62b239bb3[606]: 2025/11/16 12:59:36 device.go:66: new user session event, clearing end device cache...
Nov 16 13:00:00 lzcbox-60378f6b 51f62b239bb3[606]: 2025/11/16 13:00:00 device.go:66: new user session event, clearing end device cache...
Nov 16 13:00:00 lzcbox-60378f6b 51f62b239bb3[606]: 2025/11/16 13:00:00 device.go:66: new user session event, clearing end device cache...
Nov 16 13:00:23 lzcbox-60378f6b 51f62b239bb3[606]: 2025/11/16 13:00:23 device.go:66: new user session event, clearing end device cache...
Nov 16 13:00:23 lzcbox-60378f6b 51f62b239bb3[606]: 2025/11/16 13:00:23 device.go:66: new user session event, clearing end device cache...
Nov 16 13:00:59 lzcbox-60378f6b 51f62b239bb3[606]: 2025/11/16 13:00:59 device.go:66: new user session event, clearing end device cache...
Nov 16 13:00:59 lzcbox-60378f6b 51f62b239bb3[606]: 2025/11/16 13:00:59 device.go:66: new user session event, clearing end device cache...
Nov 16 13:05:10 lzcbox-60378f6b 51f62b239bb3[606]: domain deleted: app.cloud.lzcapp.qemu.lzcapp
Nov 16 13:05:11 lzcbox-60378f6b 51f62b239bb3[606]: domain deleted: qemu.cloud.lzcapp.qemu.lzcapp
Nov 16 13:05:16 lzcbox-60378f6b 51f62b239bb3[606]: domain added: app.cloud.lzcapp.qemu.lzcapp -> v4:172.28.3.2 v6:fd03:1136:3800::302
Nov 16 13:05:17 lzcbox-60378f6b 51f62b239bb3[606]: domain added: qemu.cloud.lzcapp.qemu.lzcapp -> v4:172.28.3.3 v6:fd03:1136:3800::303
Nov 16 13:05:18 lzcbox-60378f6b 51f62b239bb3[606]: domain deleted: qemu.cloud.lzcapp.qemu.lzcapp
Nov 16 13:19:09 lzcbox-60378f6b 51f62b239bb3[606]: domain deleted: app.cloud.lzcapp.qemu.lzcapp
Nov 16 13:19:15 lzcbox-60378f6b 51f62b239bb3[606]: domain added: qemu.cloud.lzcapp.qemu.lzcapp -> v4:172.28.3.2 v6:fd03:1136:3800::302
Nov 16 13:19:15 lzcbox-60378f6b 51f62b239bb3[606]: domain added: app.cloud.lzcapp.qemu.lzcapp -> v4:172.28.3.3 v6:fd03:1136:3800::303
Nov 16 13:19:16 lzcbox-60378f6b 51f62b239bb3[606]: domain deleted: qemu.cloud.lzcapp.qemu.lzcapp
Nov 16 13:21:16 lzcbox-60378f6b 51f62b239bb3[606]: domain deleted: app.cloud.lzcapp.qemu.lzcapp
Nov 16 13:21:22 lzcbox-60378f6b 51f62b239bb3[606]: domain added: app.cloud.lzcapp.qemu.lzcapp -> v4:172.28.3.2 v6:fd03:1136:3800::302
Nov 16 13:21:22 lzcbox-60378f6b 51f62b239bb3[606]: domain added: qemu.cloud.lzcapp.qemu.lzcapp -> v4:172.28.3.3 v6:fd03:1136:3800::303
Nov 16 13:21:24 lzcbox-60378f6b 51f62b239bb3[606]: domain deleted: qemu.cloud.lzcapp.qemu.lzcapp
Nov 16 13:21:24 lzcbox-60378f6b 51f62b239bb3[606]: domain deleted: app.cloud.lzcapp.qemu.lzcapp
Nov 16 13:21:28 lzcbox-60378f6b 51f62b239bb3[606]: domain added: app.cloud.lzcapp.qemu.lzcapp -> v4:172.28.3.2 v6:fd03:1136:3800::302
Nov 16 13:21:29 lzcbox-60378f6b 51f62b239bb3[606]: domain added: qemu.cloud.lzcapp.qemu.lzcapp -> v4:172.28.3.3 v6:fd03:1136:3800::303
Nov 16 13:21:30 lzcbox-60378f6b 51f62b239bb3[606]: domain deleted: qemu.cloud.lzcapp.qemu.lzcapp
Nov 16 13:22:20 lzcbox-60378f6b 51f62b239bb3[606]: domain deleted: app.cloud.lzcapp.qemu.lzcapp
Nov 16 13:22:25 lzcbox-60378f6b 51f62b239bb3[606]: domain added: app.cloud.lzcapp.qemu.lzcapp -> v4:172.28.3.2 v6:fd03:1136:3800::302
Nov 16 13:22:25 lzcbox-60378f6b 51f62b239bb3[606]: domain added: qemu.cloud.lzcapp.qemu.lzcapp -> v4:172.28.3.3 v6:fd03:1136:3800::303
Nov 16 13:22:27 lzcbox-60378f6b 51f62b239bb3[606]: domain deleted: app.cloud.lzcapp.qemu.lzcapp
Nov 16 13:22:27 lzcbox-60378f6b 51f62b239bb3[606]: domain deleted: qemu.cloud.lzcapp.qemu.lzcapp
Nov 16 13:22:33 lzcbox-60378f6b 51f62b239bb3[606]: domain added: app.cloud.lzcapp.qemu.lzcapp -> v4:172.28.3.2 v6:fd03:1136:3800::302
Nov 16 13:22:33 lzcbox-60378f6b 51f62b239bb3[606]: domain added: qemu.cloud.lzcapp.qemu.lzcapp -> v4:172.28.3.3 v6:fd03:1136:3800::303
Nov 16 13:22:34 lzcbox-60378f6b 51f62b239bb3[606]: domain deleted: qemu.cloud.lzcapp.qemu.lzcapp
Nov 16 13:24:04 lzcbox-60378f6b 51f62b239bb3[606]: domain deleted: app.cloud.lzcapp.qemu.lzcapp
Nov 16 13:24:09 lzcbox-60378f6b 51f62b239bb3[606]: domain added: app.cloud.lzcapp.qemu.lzcapp -> v4:172.28.3.2 v6:fd03:1136:3800::302
Nov 16 13:24:10 lzcbox-60378f6b 51f62b239bb3[606]: domain added: qemu.cloud.lzcapp.qemu.lzcapp -> v4:172.28.3.3 v6:fd03:1136:3800::303
Nov 16 13:24:11 lzcbox-60378f6b 51f62b239bb3[606]: domain deleted: qemu.cloud.lzcapp.qemu.lzcapp
Nov 16 13:25:13 lzcbox-60378f6b 51f62b239bb3[606]: domain deleted: app.cloud.lzcapp.qemu.lzcapp
Nov 16 13:25:19 lzcbox-60378f6b 51f62b239bb3[606]: domain added: app.cloud.lzcapp.qemu.lzcapp -> v4:172.28.3.2 v6:fd03:1136:3800::302
Nov 16 13:25:19 lzcbox-60378f6b 51f62b239bb3[606]: domain added: qemu.cloud.lzcapp.qemu.lzcapp -> v4:172.28.3.3 v6:fd03:1136:3800::303
Nov 16 13:25:21 lzcbox-60378f6b 51f62b239bb3[606]: domain deleted: qemu.cloud.lzcapp.qemu.lzcapp
Nov 16 13:25:21 lzcbox-60378f6b 51f62b239bb3[606]: domain deleted: app.cloud.lzcapp.qemu.lzcapp
Nov 16 13:25:28 lzcbox-60378f6b 51f62b239bb3[606]: domain added: qemu.cloud.lzcapp.qemu.lzcapp -> v4: v6:
Nov 16 13:25:28 lzcbox-60378f6b 51f62b239bb3[606]: domain added: app.cloud.lzcapp.qemu.lzcapp -> v4:172.28.3.3 v6:fd03:1136:3800::303
Nov 16 13:25:28 lzcbox-60378f6b 51f62b239bb3[606]: domain deleted: qemu.cloud.lzcapp.qemu.lzcapp
Nov 16 13:26:25 lzcbox-60378f6b 51f62b239bb3[606]: domain deleted: app.cloud.lzcapp.qemu.lzcapp
Nov 16 13:26:30 lzcbox-60378f6b 51f62b239bb3[606]: domain added: app.cloud.lzcapp.qemu.lzcapp -> v4:172.28.3.2 v6:fd03:1136:3800::302
Nov 16 13:26:30 lzcbox-60378f6b 51f62b239bb3[606]: domain added: qemu.cloud.lzcapp.qemu.lzcapp -> v4:172.28.3.3 v6:fd03:1136:3800::303
Nov 16 13:26:32 lzcbox-60378f6b 51f62b239bb3[606]: domain deleted: qemu.cloud.lzcapp.qemu.lzcapp
Nov 16 13:26:34 lzcbox-60378f6b 51f62b239bb3[606]: domain deleted: app.cloud.lzcapp.qemu.lzcapp
Nov 16 13:26:40 lzcbox-60378f6b 51f62b239bb3[606]: domain added: app.cloud.lzcapp.qemu.lzcapp -> v4:172.28.3.2 v6:fd03:1136:3800::302
Nov 16 13:26:40 lzcbox-60378f6b 51f62b239bb3[606]: domain added: qemu.cloud.lzcapp.qemu.lzcapp -> v4:172.28.3.3 v6:fd03:1136:3800::303
Nov 16 13:26:41 lzcbox-60378f6b 51f62b239bb3[606]: domain deleted: qemu.cloud.lzcapp.qemu.lzcapp
Nov 16 13:30:28 lzcbox-60378f6b 51f62b239bb3[606]: domain deleted: app.cloud.lzcapp.qemu.lzcapp
Nov 16 13:30:33 lzcbox-60378f6b 51f62b239bb3[606]: domain added: app.cloud.lzcapp.qemu.lzcapp -> v4:172.28.3.2 v6:fd03:1136:3800::302
Nov 16 13:30:34 lzcbox-60378f6b 51f62b239bb3[606]: domain added: qemu.cloud.lzcapp.qemu.lzcapp -> v4:172.28.3.3 v6:fd03:1136:3800::303
Nov 16 13:30:36 lzcbox-60378f6b 51f62b239bb3[606]: 2025-11-16T13:30:36.478+0800	WARN	dns	dns/upstream.go:42	query [{dl-cdn.alpinelinux.org. 1 1}] failed from 172.28.3.3:54870 err:read udp 127.0.0.1:44658->127.0.0.53:53: i/o timeout
Nov 16 13:31:10 lzcbox-60378f6b 51f62b239bb3[606]: domain deleted: app.cloud.lzcapp.qemu.lzcapp
Nov 16 13:31:11 lzcbox-60378f6b 51f62b239bb3[606]: domain deleted: qemu.cloud.lzcapp.qemu.lzcapp
Nov 16 13:31:17 lzcbox-60378f6b 51f62b239bb3[606]: domain added: app.cloud.lzcapp.qemu.lzcapp -> v4:172.28.3.2 v6:fd03:1136:3800::302
Nov 16 13:31:17 lzcbox-60378f6b 51f62b239bb3[606]: domain added: qemu.cloud.lzcapp.qemu.lzcapp -> v4:172.28.3.3 v6:fd03:1136:3800::303
Nov 16 13:31:19 lzcbox-60378f6b 51f62b239bb3[606]: domain deleted: qemu.cloud.lzcapp.qemu.lzcapp
Nov 16 13:31:19 lzcbox-60378f6b 51f62b239bb3[606]: domain deleted: app.cloud.lzcapp.qemu.lzcapp
Nov 16 13:31:24 lzcbox-60378f6b 51f62b239bb3[606]: domain added: app.cloud.lzcapp.qemu.lzcapp -> v4:172.28.3.2 v6:fd03:1136:3800::302
Nov 16 13:31:24 lzcbox-60378f6b 51f62b239bb3[606]: domain added: qemu.cloud.lzcapp.qemu.lzcapp -> v4:172.28.3.3 v6:fd03:1136:3800::303
Nov 16 13:32:25 lzcbox-60378f6b 51f62b239bb3[606]: domain deleted: app.cloud.lzcapp.qemu.lzcapp
Nov 16 13:32:25 lzcbox-60378f6b 51f62b239bb3[606]: domain deleted: qemu.cloud.lzcapp.qemu.lzcapp
Nov 16 13:32:31 lzcbox-60378f6b 51f62b239bb3[606]: domain added: app.cloud.lzcapp.qemu.lzcapp -> v4:172.28.3.2 v6:fd03:1136:3800::302
Nov 16 13:32:31 lzcbox-60378f6b 51f62b239bb3[606]: domain added: qemu.cloud.lzcapp.qemu.lzcapp -> v4:172.28.3.3 v6:fd03:1136:3800::303
Nov 16 13:33:57 lzcbox-60378f6b 51f62b239bb3[606]: domain deleted: app.cloud.lzcapp.qemu.lzcapp
Nov 16 13:33:57 lzcbox-60378f6b 51f62b239bb3[606]: domain deleted: qemu.cloud.lzcapp.qemu.lzcapp
Nov 16 13:34:26 lzcbox-60378f6b 51f62b239bb3[606]: domain added: app.cloud.lzcapp.qemu.lzcapp -> v4:172.28.3.2 v6:fd03:1136:3800::302
Nov 16 13:34:26 lzcbox-60378f6b 51f62b239bb3[606]: domain added: qemu.cloud.lzcapp.qemu.lzcapp -> v4:172.28.3.3 v6:fd03:1136:3800::303
Nov 16 13:39:22 lzcbox-60378f6b 51f62b239bb3[606]: domain deleted: qemu.cloud.lzcapp.qemu.lzcapp
Nov 16 13:39:22 lzcbox-60378f6b 51f62b239bb3[606]: domain deleted: app.cloud.lzcapp.qemu.lzcapp
Nov 16 13:40:34 lzcbox-60378f6b 51f62b239bb3[606]: 2025/11/16 13:40:34 device.go:66: new user session event, clearing end device cache...
Nov 16 13:40:34 lzcbox-60378f6b 51f62b239bb3[606]: 2025/11/16 13:40:34 device.go:66: new user session event, clearing end device cache...
Nov 16 13:41:13 lzcbox-60378f6b 51f62b239bb3[606]: 2025/11/16 13:41:13 device.go:66: new user session event, clearing end device cache...
Nov 16 13:41:13 lzcbox-60378f6b 51f62b239bb3[606]: 2025/11/16 13:41:13 device.go:66: new user session event, clearing end device cache...
Nov 16 13:41:29 lzcbox-60378f6b 51f62b239bb3[606]: 2025/11/16 13:41:29 device.go:66: new user session event, clearing end device cache...
Nov 16 13:41:29 lzcbox-60378f6b 51f62b239bb3[606]: 2025/11/16 13:41:29 device.go:66: new user session event, clearing end device cache...
Nov 16 13:44:08 lzcbox-60378f6b 51f62b239bb3[606]: 2025/11/16 13:44:08 device.go:66: new user session event, clearing end device cache...
Nov 16 13:44:08 lzcbox-60378f6b 51f62b239bb3[606]: 2025/11/16 13:44:08 device.go:66: new user session event, clearing end device cache...
Nov 16 13:44:29 lzcbox-60378f6b 51f62b239bb3[606]: 2025/11/16 13:44:29 device.go:66: new user session event, clearing end device cache...
Nov 16 13:44:29 lzcbox-60378f6b 51f62b239bb3[606]: 2025/11/16 13:44:29 device.go:66: new user session event, clearing end device cache...
Nov 16 13:44:36 lzcbox-60378f6b 51f62b239bb3[606]: 2025/11/16 13:44:36 device.go:66: new user session event, clearing end device cache...
Nov 16 13:44:36 lzcbox-60378f6b 51f62b239bb3[606]: 2025/11/16 13:44:36 device.go:66: new user session event, clearing end device cache...
Nov 16 13:44:37 lzcbox-60378f6b 51f62b239bb3[606]: 2025/11/16 13:44:37 device.go:66: new user session event, clearing end device cache...
Nov 16 13:46:46 lzcbox-60378f6b 51f62b239bb3[606]: 2025/11/16 13:46:46 device.go:66: new user session event, clearing end device cache...
Nov 16 13:47:02 lzcbox-60378f6b 51f62b239bb3[606]: 2025/11/16 13:47:02 device.go:66: new user session event, clearing end device cache...
Nov 16 13:47:02 lzcbox-60378f6b 51f62b239bb3[606]: 2025/11/16 13:47:02 device.go:66: new user session event, clearing end device cache...
Nov 16 13:47:58 lzcbox-60378f6b 51f62b239bb3[606]: 2025/11/16 13:47:58 device.go:66: new user session event, clearing end device cache...
Nov 16 13:47:58 lzcbox-60378f6b 51f62b239bb3[606]: 2025/11/16 13:47:58 device.go:66: new user session event, clearing end device cache...
Nov 16 13:52:55 lzcbox-60378f6b 51f62b239bb3[606]: domain added: app.cloud.lzcapp.qemu.lzcapp -> v4:172.28.3.2 v6:fd03:1136:3800::302
Nov 16 13:52:55 lzcbox-60378f6b 51f62b239bb3[606]: domain added: qemu.cloud.lzcapp.qemu.lzcapp -> v4:172.28.3.3 v6:fd03:1136:3800::303
Nov 16 13:57:32 lzcbox-60378f6b 51f62b239bb3[606]: 2025/11/16 13:57:32 device.go:66: new user session event, clearing end device cache...
Nov 16 13:57:43 lzcbox-60378f6b 51f62b239bb3[606]: 2025/11/16 13:57:43 device.go:66: new user session event, clearing end device cache...
Nov 16 13:57:43 lzcbox-60378f6b 51f62b239bb3[606]: 2025/11/16 13:57:43 device.go:66: new user session event, clearing end device cache...
Nov 16 14:02:43 lzcbox-60378f6b 51f62b239bb3[606]: domain deleted: app.cloud.lzcapp.qemu.lzcapp
Nov 16 14:02:43 lzcbox-60378f6b 51f62b239bb3[606]: domain deleted: qemu.cloud.lzcapp.qemu.lzcapp
Nov 16 14:05:31 lzcbox-60378f6b 51f62b239bb3[606]: domain added: app.cloud.lzcapp.qemu.lzcapp -> v4:172.28.3.2 v6:fd03:1136:3800::302
Nov 16 14:05:32 lzcbox-60378f6b 51f62b239bb3[606]: domain added: qemu.cloud.lzcapp.qemu.lzcapp -> v4:172.28.3.3 v6:fd03:1136:3800::303
Nov 16 14:20:17 lzcbox-60378f6b 51f62b239bb3[606]: 2025/11/16 14:20:17 device.go:66: new user session event, clearing end device cache...
Nov 16 15:11:27 lzcbox-60378f6b 51f62b239bb3[606]: 2025/11/16 15:11:27 device.go:66: new user session event, clearing end device cache...
Nov 16 15:11:27 lzcbox-60378f6b 51f62b239bb3[606]: 2025/11/16 15:11:27 device.go:66: new user session event, clearing end device cache...
Nov 16 15:11:59 lzcbox-60378f6b 51f62b239bb3[606]: 2025/11/16 15:11:59 device.go:66: new user session event, clearing end device cache...
Nov 16 15:11:59 lzcbox-60378f6b 51f62b239bb3[606]: 2025/11/16 15:11:59 device.go:66: new user session event, clearing end device cache...
Nov 16 15:12:29 lzcbox-60378f6b 51f62b239bb3[606]: 2025/11/16 15:12:29 device.go:66: new user session event, clearing end device cache...
Nov 16 15:12:29 lzcbox-60378f6b 51f62b239bb3[606]: 2025/11/16 15:12:29 device.go:66: new user session event, clearing end device cache...
Nov 16 15:13:01 lzcbox-60378f6b 51f62b239bb3[606]: 2025/11/16 15:13:01 device.go:66: new user session event, clearing end device cache...
Nov 16 15:13:01 lzcbox-60378f6b 51f62b239bb3[606]: 2025/11/16 15:13:01 device.go:66: new user session event, clearing end device cache...
Nov 16 15:13:02 lzcbox-60378f6b 51f62b239bb3[606]: 2025/11/16 15:13:02 device.go:66: new user session event, clearing end device cache...
Nov 16 15:18:08 lzcbox-60378f6b 51f62b239bb3[606]: 2025/11/16 15:18:08 device.go:66: new user session event, clearing end device cache...
Nov 16 15:18:08 lzcbox-60378f6b 51f62b239bb3[606]: 2025/11/16 15:18:08 device.go:66: new user session event, clearing end device cache...
Nov 16 15:18:16 lzcbox-60378f6b 51f62b239bb3[606]: 2025/11/16 15:18:16 device.go:66: new user session event, clearing end device cache...
Nov 16 15:18:17 lzcbox-60378f6b 51f62b239bb3[606]: 2025/11/16 15:18:17 device.go:66: new user session event, clearing end device cache...
Nov 16 15:18:17 lzcbox-60378f6b 51f62b239bb3[606]: 2025/11/16 15:18:17 device.go:66: new user session event, clearing end device cache...
Nov 16 15:18:59 lzcbox-60378f6b 51f62b239bb3[606]: 2025/11/16 15:18:59 device.go:66: new user session event, clearing end device cache...
Nov 16 15:18:59 lzcbox-60378f6b 51f62b239bb3[606]: 2025/11/16 15:18:59 device.go:66: new user session event, clearing end device cache...
Nov 16 15:55:25 lzcbox-60378f6b 51f62b239bb3[606]: domain added: postgres.cloud.lazycat.app.photo.lzcapp -> v4:172.28.4.130 v6:fd03:1136:3800::482
Nov 16 15:55:25 lzcbox-60378f6b 51f62b239bb3[606]: domain added: photosearch.cloud.lazycat.app.photo.lzcapp -> v4:172.28.4.131 v6:fd03:1136:3800::483
Nov 16 15:55:25 lzcbox-60378f6b 51f62b239bb3[606]: domain added: weaviate.cloud.lazycat.app.photo.lzcapp -> v4:172.28.4.132 v6:fd03:1136:3800::484
Nov 16 15:55:39 lzcbox-60378f6b 51f62b239bb3[606]: domain added: app.cloud.lazycat.app.photo.lzcapp -> v4:172.28.4.133 v6:fd03:1136:3800::485
Nov 16 15:55:59 lzcbox-60378f6b 51f62b239bb3[606]: 2025/11/16 15:55:59 device.go:66: new user session event, clearing end device cache...
Nov 16 15:56:01 lzcbox-60378f6b 51f62b239bb3[606]: 2025/11/16 15:56:01 device.go:66: new user session event, clearing end device cache...
Nov 16 15:56:01 lzcbox-60378f6b 51f62b239bb3[606]: 2025/11/16 15:56:01 device.go:66: new user session event, clearing end device cache...
Nov 16 16:18:00 lzcbox-60378f6b 51f62b239bb3[606]: 2025/11/16 16:18:00 device.go:66: new user session event, clearing end device cache...
Nov 16 16:18:00 lzcbox-60378f6b 51f62b239bb3[606]: 2025/11/16 16:18:00 device.go:66: new user session event, clearing end device cache...
Nov 16 16:21:04 lzcbox-60378f6b 51f62b239bb3[606]: 2025/11/16 16:21:04 device.go:66: new user session event, clearing end device cache...
Nov 16 16:25:09 lzcbox-60378f6b 51f62b239bb3[606]: 2025/11/16 16:25:09 device.go:66: new user session event, clearing end device cache...
Nov 16 16:25:09 lzcbox-60378f6b 51f62b239bb3[606]: 2025/11/16 16:25:09 device.go:66: new user session event, clearing end device cache...
Nov 16 16:26:58 lzcbox-60378f6b 51f62b239bb3[606]: 2025/11/16 16:26:58 device.go:66: new user session event, clearing end device cache...
Nov 16 16:29:38 lzcbox-60378f6b 51f62b239bb3[606]: 2025/11/16 16:29:38 device.go:66: new user session event, clearing end device cache...
Nov 16 16:29:38 lzcbox-60378f6b 51f62b239bb3[606]: 2025/11/16 16:29:38 device.go:66: new user session event, clearing end device cache...
Nov 16 16:31:17 lzcbox-60378f6b 51f62b239bb3[606]: 2025/11/16 16:31:16 device.go:66: new user session event, clearing end device cache...
Nov 16 16:32:21 lzcbox-60378f6b 51f62b239bb3[606]: 2025/11/16 16:32:21 device.go:66: new user session event, clearing end device cache...
Nov 16 16:32:21 lzcbox-60378f6b 51f62b239bb3[606]: 2025/11/16 16:32:21 device.go:66: new user session event, clearing end device cache...
Nov 16 16:33:24 lzcbox-60378f6b 51f62b239bb3[606]: 2025/11/16 16:33:24 device.go:66: new user session event, clearing end device cache...
Nov 16 16:33:58 lzcbox-60378f6b 51f62b239bb3[606]: 2025/11/16 16:33:58 device.go:66: new user session event, clearing end device cache...
Nov 16 16:33:58 lzcbox-60378f6b 51f62b239bb3[606]: 2025/11/16 16:33:58 device.go:66: new user session event, clearing end device cache...
Nov 16 16:34:54 lzcbox-60378f6b 51f62b239bb3[606]: 2025/11/16 16:34:54 device.go:66: new user session event, clearing end device cache...
Nov 16 16:36:17 lzcbox-60378f6b 51f62b239bb3[606]: 2025/11/16 16:36:17 device.go:66: new user session event, clearing end device cache...
Nov 16 16:36:17 lzcbox-60378f6b 51f62b239bb3[606]: 2025/11/16 16:36:17 device.go:66: new user session event, clearing end device cache...
Nov 16 16:37:24 lzcbox-60378f6b 51f62b239bb3[606]: 2025/11/16 16:37:24 device.go:66: new user session event, clearing end device cache...
Nov 16 16:38:36 lzcbox-60378f6b 51f62b239bb3[606]: 2025/11/16 16:38:36 device.go:66: new user session event, clearing end device cache...
Nov 16 16:38:36 lzcbox-60378f6b 51f62b239bb3[606]: 2025/11/16 16:38:36 device.go:66: new user session event, clearing end device cache...
Nov 16 16:38:49 lzcbox-60378f6b 51f62b239bb3[606]: 2025/11/16 16:38:49 device.go:66: new user session event, clearing end device cache...
Nov 16 16:38:49 lzcbox-60378f6b 51f62b239bb3[606]: 2025/11/16 16:38:49 device.go:66: new user session event, clearing end device cache...
Nov 16 16:39:28 lzcbox-60378f6b 51f62b239bb3[606]: 2025/11/16 16:39:28 device.go:66: new user session event, clearing end device cache...
Nov 16 16:45:50 lzcbox-60378f6b 51f62b239bb3[606]: 2025/11/16 16:45:50 device.go:66: new user session event, clearing end device cache...
Nov 16 16:45:53 lzcbox-60378f6b 51f62b239bb3[606]: 2025/11/16 16:45:53 device.go:66: new user session event, clearing end device cache...
Nov 16 16:45:53 lzcbox-60378f6b 51f62b239bb3[606]: 2025/11/16 16:45:53 device.go:66: new user session event, clearing end device cache...
Nov 16 16:46:04 lzcbox-60378f6b 51f62b239bb3[606]: 2025/11/16 16:46:04 device.go:66: new user session event, clearing end device cache...
Nov 16 16:46:04 lzcbox-60378f6b 51f62b239bb3[606]: 2025/11/16 16:46:04 device.go:66: new user session event, clearing end device cache...
Nov 16 16:46:35 lzcbox-60378f6b 51f62b239bb3[606]: 2025/11/16 16:46:35 device.go:66: new user session event, clearing end device cache...
Nov 16 16:46:35 lzcbox-60378f6b 51f62b239bb3[606]: 2025/11/16 16:46:35 device.go:66: new user session event, clearing end device cache...
Nov 16 16:49:09 lzcbox-60378f6b 51f62b239bb3[606]: 2025/11/16 16:49:09 device.go:66: new user session event, clearing end device cache...
Nov 16 16:49:09 lzcbox-60378f6b 51f62b239bb3[606]: 2025/11/16 16:49:09 device.go:66: new user session event, clearing end device cache...
Nov 16 16:50:05 lzcbox-60378f6b 51f62b239bb3[606]: 2025/11/16 16:50:05 device.go:66: new user session event, clearing end device cache...
Nov 16 16:50:07 lzcbox-60378f6b 51f62b239bb3[606]: 2025/11/16 16:50:07 device.go:66: new user session event, clearing end device cache...
Nov 16 16:50:07 lzcbox-60378f6b 51f62b239bb3[606]: 2025/11/16 16:50:07 device.go:66: new user session event, clearing end device cache...
Nov 16 16:50:11 lzcbox-60378f6b 51f62b239bb3[606]: 2025/11/16 16:50:11 device.go:66: new user session event, clearing end device cache...
Nov 16 16:50:12 lzcbox-60378f6b 51f62b239bb3[606]: 2025/11/16 16:50:12 device.go:66: new user session event, clearing end device cache...
Nov 16 16:50:12 lzcbox-60378f6b 51f62b239bb3[606]: 2025/11/16 16:50:12 device.go:66: new user session event, clearing end device cache...
Nov 16 16:50:24 lzcbox-60378f6b 51f62b239bb3[606]: 2025/11/16 16:50:24 device.go:66: new user session event, clearing end device cache...
Nov 16 16:50:24 lzcbox-60378f6b 51f62b239bb3[606]: 2025/11/16 16:50:24 device.go:66: new user session event, clearing end device cache...
Nov 16 16:50:25 lzcbox-60378f6b 51f62b239bb3[606]: 2025/11/16 16:50:25 device.go:66: new user session event, clearing end device cache...
Nov 16 16:50:25 lzcbox-60378f6b 51f62b239bb3[606]: 2025/11/16 16:50:25 device.go:66: new user session event, clearing end device cache...
Nov 16 16:50:33 lzcbox-60378f6b 51f62b239bb3[606]: 2025/11/16 16:50:33 device.go:66: new user session event, clearing end device cache...
Nov 16 16:51:01 lzcbox-60378f6b 51f62b239bb3[606]: 2025/11/16 16:51:01 device.go:66: new user session event, clearing end device cache...
Nov 16 16:51:02 lzcbox-60378f6b 51f62b239bb3[606]: 2025/11/16 16:51:02 device.go:66: new user session event, clearing end device cache...
Nov 16 17:03:41 lzcbox-60378f6b 51f62b239bb3[606]: 2025/11/16 17:03:41 device.go:66: new user session event, clearing end device cache...
Nov 16 17:03:41 lzcbox-60378f6b 51f62b239bb3[606]: 2025/11/16 17:03:41 device.go:66: new user session event, clearing end device cache...
Nov 16 17:03:56 lzcbox-60378f6b 51f62b239bb3[606]: 2025/11/16 17:03:56 device.go:66: new user session event, clearing end device cache...
Nov 16 17:03:58 lzcbox-60378f6b 51f62b239bb3[606]: 2025/11/16 17:03:58 device.go:66: new user session event, clearing end device cache...
Nov 16 17:04:31 lzcbox-60378f6b 51f62b239bb3[606]: domain added: lan.cloud.lazycat.app.forward.lzcapp -> v4:172.18.0.1 v6:
Nov 16 17:04:32 lzcbox-60378f6b 51f62b239bb3[606]: domain added: app.cloud.lazycat.app.forward.lzcapp -> v4:172.28.4.194 v6:fd03:1136:3800::4c2
Nov 16 17:04:56 lzcbox-60378f6b 51f62b239bb3[606]: 2025/11/16 17:04:56 device.go:66: new user session event, clearing end device cache...
Nov 16 17:05:09 lzcbox-60378f6b 51f62b239bb3[606]: 2025/11/16 17:05:09 device.go:66: new user session event, clearing end device cache...
Nov 16 17:05:11 lzcbox-60378f6b 51f62b239bb3[606]: 2025/11/16 17:05:11 device.go:66: new user session event, clearing end device cache...
Nov 16 17:05:12 lzcbox-60378f6b 51f62b239bb3[606]: 2025/11/16 17:05:12 device.go:66: new user session event, clearing end device cache...
Nov 16 17:05:30 lzcbox-60378f6b 51f62b239bb3[606]: 2025/11/16 17:05:30 device.go:66: new user session event, clearing end device cache...
Nov 16 17:05:32 lzcbox-60378f6b 51f62b239bb3[606]: 2025/11/16 17:05:32 device.go:66: new user session event, clearing end device cache...
Nov 16 17:05:32 lzcbox-60378f6b 51f62b239bb3[606]: 2025/11/16 17:05:32 device.go:66: new user session event, clearing end device cache...
Nov 16 17:13:49 lzcbox-60378f6b 51f62b239bb3[606]: domain deleted: registry-proxy.cloud.lazycat.developer.tools.lzcapp
Nov 16 17:13:51 lzcbox-60378f6b 51f62b239bb3[606]: domain deleted: dozzle.cloud.lazycat.developer.tools.lzcapp
Nov 16 17:13:51 lzcbox-60378f6b 51f62b239bb3[606]: domain deleted: app.cloud.lazycat.developer.tools.lzcapp
Nov 16 17:13:53 lzcbox-60378f6b 51f62b239bb3[606]: domain deleted: registry.cloud.lazycat.developer.tools.lzcapp
Nov 16 17:14:22 lzcbox-60378f6b 51f62b239bb3[606]: domain added: dozzle.cloud.lazycat.developer.tools.lzcapp -> v4:172.28.2.194 v6:fd03:1136:3800::2c2
Nov 16 17:14:24 lzcbox-60378f6b 51f62b239bb3[606]: domain added: registry.cloud.lazycat.developer.tools.lzcapp -> v4:172.28.2.195 v6:fd03:1136:3800::2c3
Nov 16 17:14:24 lzcbox-60378f6b 51f62b239bb3[606]: domain added: app.cloud.lazycat.developer.tools.lzcapp -> v4:172.28.2.196 v6:fd03:1136:3800::2c4
Nov 16 17:14:26 lzcbox-60378f6b 51f62b239bb3[606]: domain added: registry-proxy.cloud.lazycat.developer.tools.lzcapp -> v4:172.18.0.1 v6:
Nov 16 17:22:30 lzcbox-60378f6b 51f62b239bb3[606]: 2025/11/16 17:22:30 device.go:66: new user session event, clearing end device cache...
Nov 16 17:22:30 lzcbox-60378f6b 51f62b239bb3[606]: 2025/11/16 17:22:30 device.go:66: new user session event, clearing end device cache...
Nov 16 17:23:08 lzcbox-60378f6b 51f62b239bb3[606]: 2025/11/16 17:23:08 device.go:66: new user session event, clearing end device cache...
Nov 16 17:40:11 lzcbox-60378f6b 51f62b239bb3[606]: 2025/11/16 17:40:11 device.go:66: new user session event, clearing end device cache...
Nov 16 17:40:11 lzcbox-60378f6b 51f62b239bb3[606]: 2025/11/16 17:40:11 device.go:66: new user session event, clearing end device cache...
Nov 16 17:40:49 lzcbox-60378f6b 51f62b239bb3[606]: 2025/11/16 17:40:49 device.go:66: new user session event, clearing end device cache...
Nov 16 17:41:54 lzcbox-60378f6b 51f62b239bb3[606]: 2025/11/16 17:41:54 device.go:66: new user session event, clearing end device cache...
Nov 16 17:41:54 lzcbox-60378f6b 51f62b239bb3[606]: 2025/11/16 17:41:54 device.go:66: new user session event, clearing end device cache...
Nov 16 17:42:59 lzcbox-60378f6b 51f62b239bb3[606]: 2025/11/16 17:42:59 device.go:66: new user session event, clearing end device cache...
Nov 16 17:46:26 lzcbox-60378f6b 51f62b239bb3[606]: 2025/11/16 17:46:26 device.go:66: new user session event, clearing end device cache...
Nov 16 17:46:26 lzcbox-60378f6b 51f62b239bb3[606]: 2025/11/16 17:46:26 device.go:66: new user session event, clearing end device cache...
Nov 16 17:47:35 lzcbox-60378f6b 51f62b239bb3[606]: 2025/11/16 17:47:35 device.go:66: new user session event, clearing end device cache...
Nov 16 17:47:50 lzcbox-60378f6b 51f62b239bb3[606]: 2025/11/16 17:47:50 device.go:66: new user session event, clearing end device cache...
Nov 16 17:47:50 lzcbox-60378f6b 51f62b239bb3[606]: 2025/11/16 17:47:50 device.go:66: new user session event, clearing end device cache...
Nov 16 17:48:28 lzcbox-60378f6b 51f62b239bb3[606]: 2025/11/16 17:48:28 device.go:66: new user session event, clearing end device cache...
Nov 16 17:49:02 lzcbox-60378f6b 51f62b239bb3[606]: 2025/11/16 17:49:02 device.go:66: new user session event, clearing end device cache...
Nov 16 17:49:02 lzcbox-60378f6b 51f62b239bb3[606]: 2025/11/16 17:49:02 device.go:66: new user session event, clearing end device cache...
Nov 16 17:50:40 lzcbox-60378f6b 51f62b239bb3[606]: 2025/11/16 17:50:40 device.go:66: new user session event, clearing end device cache...
Nov 16 18:16:00 lzcbox-60378f6b 51f62b239bb3[606]: 2025/11/16 18:16:00 device.go:66: new user session event, clearing end device cache...
Nov 16 18:16:00 lzcbox-60378f6b 51f62b239bb3[606]: 2025/11/16 18:16:00 device.go:66: new user session event, clearing end device cache...
Nov 16 18:16:38 lzcbox-60378f6b 51f62b239bb3[606]: 2025/11/16 18:16:38 device.go:66: new user session event, clearing end device cache...
Nov 16 18:35:27 lzcbox-60378f6b 51f62b239bb3[606]: 2025/11/16 18:35:27 device.go:66: new user session event, clearing end device cache...
Nov 16 18:35:27 lzcbox-60378f6b 51f62b239bb3[606]: 2025/11/16 18:35:27 device.go:66: new user session event, clearing end device cache...
Nov 16 18:36:48 lzcbox-60378f6b 51f62b239bb3[606]: 2025/11/16 18:36:48 device.go:66: new user session event, clearing end device cache...
Nov 16 18:43:50 lzcbox-60378f6b 51f62b239bb3[606]: 2025/11/16 18:43:50 device.go:66: new user session event, clearing end device cache...
Nov 16 18:43:50 lzcbox-60378f6b 51f62b239bb3[606]: 2025/11/16 18:43:50 device.go:66: new user session event, clearing end device cache...
Nov 16 18:44:59 lzcbox-60378f6b 51f62b239bb3[606]: 2025/11/16 18:44:59 device.go:66: new user session event, clearing end device cache...
Nov 16 18:47:44 lzcbox-60378f6b 51f62b239bb3[606]: 2025/11/16 18:47:44 device.go:66: new user session event, clearing end device cache...
Nov 16 18:49:30 lzcbox-60378f6b 51f62b239bb3[606]: 2025/11/16 18:49:30 device.go:66: new user session event, clearing end device cache...
Nov 16 18:49:30 lzcbox-60378f6b 51f62b239bb3[606]: 2025/11/16 18:49:30 device.go:66: new user session event, clearing end device cache...
Nov 16 18:50:09 lzcbox-60378f6b 51f62b239bb3[606]: 2025/11/16 18:50:09 device.go:66: new user session event, clearing end device cache...
Nov 16 18:50:51 lzcbox-60378f6b 51f62b239bb3[606]: 2025/11/16 18:50:51 device.go:66: new user session event, clearing end device cache...
Nov 16 18:50:51 lzcbox-60378f6b 51f62b239bb3[606]: 2025/11/16 18:50:51 device.go:66: new user session event, clearing end device cache...
Nov 16 18:51:29 lzcbox-60378f6b 51f62b239bb3[606]: 2025/11/16 18:51:29 device.go:66: new user session event, clearing end device cache...
Nov 16 18:51:55 lzcbox-60378f6b 51f62b239bb3[606]: 2025/11/16 18:51:55 device.go:66: new user session event, clearing end device cache...
Nov 16 18:51:55 lzcbox-60378f6b 51f62b239bb3[606]: 2025/11/16 18:51:55 device.go:66: new user session event, clearing end device cache...
Nov 16 18:51:59 lzcbox-60378f6b 51f62b239bb3[606]: 2025/11/16 18:51:59 device.go:66: new user session event, clearing end device cache...
Nov 16 18:52:20 lzcbox-60378f6b 51f62b239bb3[606]: 2025/11/16 18:52:20 device.go:66: new user session event, clearing end device cache...
Nov 16 18:52:20 lzcbox-60378f6b 51f62b239bb3[606]: 2025/11/16 18:52:20 device.go:66: new user session event, clearing end device cache...
Nov 16 18:52:45 lzcbox-60378f6b 51f62b239bb3[606]: 2025/11/16 18:52:45 device.go:66: new user session event, clearing end device cache...
Nov 16 18:52:45 lzcbox-60378f6b 51f62b239bb3[606]: 2025/11/16 18:52:45 device.go:66: new user session event, clearing end device cache...
Nov 16 18:53:02 lzcbox-60378f6b 51f62b239bb3[606]: 2025/11/16 18:53:02 device.go:66: new user session event, clearing end device cache...
Nov 16 18:53:02 lzcbox-60378f6b 51f62b239bb3[606]: 2025/11/16 18:53:02 device.go:66: new user session event, clearing end device cache...
Nov 16 18:53:06 lzcbox-60378f6b 51f62b239bb3[606]: 2025/11/16 18:53:06 device.go:66: new user session event, clearing end device cache...
Nov 16 18:53:06 lzcbox-60378f6b 51f62b239bb3[606]: 2025/11/16 18:53:06 device.go:66: new user session event, clearing end device cache...
Nov 16 18:53:30 lzcbox-60378f6b 51f62b239bb3[606]: 2025/11/16 18:53:30 device.go:66: new user session event, clearing end device cache...
Nov 16 18:53:31 lzcbox-60378f6b 51f62b239bb3[606]: 2025/11/16 18:53:31 device.go:66: new user session event, clearing end device cache...
Nov 16 18:54:50 lzcbox-60378f6b 51f62b239bb3[606]: 2025/11/16 18:54:50 device.go:66: new user session event, clearing end device cache...
Nov 16 18:54:56 lzcbox-60378f6b 51f62b239bb3[606]: 2025/11/16 18:54:56 device.go:66: new user session event, clearing end device cache...
Nov 16 18:54:56 lzcbox-60378f6b 51f62b239bb3[606]: 2025/11/16 18:54:56 device.go:66: new user session event, clearing end device cache...
Nov 16 18:55:43 lzcbox-60378f6b 51f62b239bb3[606]: 2025/11/16 18:55:43 device.go:66: new user session event, clearing end device cache...
Nov 16 18:55:43 lzcbox-60378f6b 51f62b239bb3[606]: 2025/11/16 18:55:43 device.go:66: new user session event, clearing end device cache...
Nov 16 18:56:29 lzcbox-60378f6b 51f62b239bb3[606]: 2025/11/16 18:56:29 device.go:66: new user session event, clearing end device cache...
Nov 16 18:56:30 lzcbox-60378f6b 51f62b239bb3[606]: 2025/11/16 18:56:30 device.go:66: new user session event, clearing end device cache...
Nov 16 18:56:44 lzcbox-60378f6b 51f62b239bb3[606]: 2025/11/16 18:56:44 device.go:66: new user session event, clearing end device cache...
Nov 16 18:56:49 lzcbox-60378f6b 51f62b239bb3[606]: 2025/11/16 18:56:49 device.go:66: new user session event, clearing end device cache...
Nov 16 18:56:49 lzcbox-60378f6b 51f62b239bb3[606]: 2025/11/16 18:56:49 device.go:66: new user session event, clearing end device cache...
Nov 16 18:59:41 lzcbox-60378f6b 51f62b239bb3[606]: 2025/11/16 18:59:41 device.go:66: new user session event, clearing end device cache...
Nov 16 19:12:37 lzcbox-60378f6b 51f62b239bb3[606]: 2025/11/16 19:12:37 device.go:66: new user session event, clearing end device cache...
Nov 16 19:12:42 lzcbox-60378f6b 51f62b239bb3[606]: 2025/11/16 19:12:42 device.go:66: new user session event, clearing end device cache...
Nov 16 19:12:42 lzcbox-60378f6b 51f62b239bb3[606]: 2025/11/16 19:12:42 device.go:66: new user session event, clearing end device cache...
Nov 16 19:35:00 lzcbox-60378f6b 51f62b239bb3[606]: 2025/11/16 19:35:00 device.go:66: new user session event, clearing end device cache...
Nov 16 20:35:22 lzcbox-60378f6b 51f62b239bb3[606]: 2025/11/16 20:35:22 device.go:66: new user session event, clearing end device cache...
Nov 16 20:35:22 lzcbox-60378f6b 51f62b239bb3[606]: 2025/11/16 20:35:22 device.go:66: new user session event, clearing end device cache...
Nov 16 20:45:12 lzcbox-60378f6b 51f62b239bb3[606]: 2025/11/16 20:45:12 device.go:66: new user session event, clearing end device cache...
Nov 16 20:45:12 lzcbox-60378f6b 51f62b239bb3[606]: 2025/11/16 20:45:12 device.go:66: new user session event, clearing end device cache...
