UNIT FILE                                                                     STATE           PRESET
proc-sys-fs-binfmt_misc.automount                                             static          -
dev-hugepages.mount                                                           static          -
dev-mqueue.mount                                                              static          -
proc-fs-nfsd.mount                                                            static          -
proc-sys-fs-binfmt_misc.mount                                                 disabled        disabled
root.mount                                                                    generated       -
run-rpc_pipefs.mount                                                          generated       -
sys-fs-fuse-connections.mount                                                 static          -
sys-kernel-config.mount                                                       static          -
sys-kernel-debug.mount                                                        static          -
sys-kernel-tracing.mount                                                      static          -
var-lib-nfs-rpc_pipefs.mount                                                  static          -
var-log-journal.mount                                                         generated       -
systemd-ask-password-console.path                                             static          -
systemd-ask-password-wall.path                                                static          -
docker-0245f0a5895b09e063817c540fa5c5e539c037021064b37365902720973a75ab.scope transient       -
docker-03d0b1b584314428629685a97089753faf35e81d07adbece0bebb516c4651b7b.scope transient       -
docker-06547fa1b0ca770176c77b60254c4655dcd84fdec48da88b2a0c79540b3bbe17.scope transient       -
docker-0a4bc94f69f98d46446d32ee51c76d3c8cf4ff43c6c8844c8dfba5e31da335a1.scope transient       -
docker-0c93ad8d9442129aff2bc2400d09cb8d215189c99f13d3cfd84837831471c884.scope transient       -
docker-0e909255e0a6df030c257aded0b9b55b17b33113d8c54c538d9167e6979e39e7.scope transient       -
docker-104294e3395deee3905a75ef8715e6c5ab328483bc06c972a4e53875076de106.scope transient       -
docker-16481e1a6a8c1add0e0e9ea3bd1ac47c3390113be18299db28784bef578c4bd5.scope transient       -
docker-1b5ebc5c35ebcab5ad77266b54ba723d5ab6cf7c9f6684543e1e14da75d1c1fa.scope transient       -
docker-1be9683beb3059524f58a04a3c2b4b6b552d4bd23740f0517dbfbd9072f73a61.scope transient       -
docker-1e5130fe8aa2c7724e939cc446667012e6dafff374728b31c629d23b216757e7.scope transient       -
docker-1f39777be01c8439cd7893b520b82fcba56b63d83daffeff67513726306e0c3a.scope transient       -
docker-20771b056459a1fe2d87b9e2adee136dcef5380203d021ad9a388ccc9c5b2352.scope transient       -
docker-2aa1cd4ecb4e87feb1fbceaaf405c0593e82ee982390b69f90b565f7cb152f98.scope transient       -
docker-2d69322ac75bacafa57f60df20e1a6d7e0661182927f6a78d5d3d7dbeaa01309.scope transient       -
docker-2fc3045a36a6f5537ed06fb6ff436fad150447ed024c062d8688110b419e1d36.scope transient       -
docker-3e8a45dd32d588dc9d3e4408c7e7c099e4aafc947cda7208733589c600ec0f54.scope transient       -
docker-41bf21e970cd855c6ef70c09102bb7d8b409208a47b68a52a273510e4126738d.scope transient       -
docker-42ac4c47098c2a60890c48eab03ea9fd852882571d6b6d38940213d72ca39664.scope transient       -
docker-4c31b456cfeb5f5c80d236d2e2aef1dade889652418b020d866bd0d856db0fc2.scope transient       -
docker-4d426929027afb81bdaba75cd7cad45746a2921971fa9d1f0d623f957f1632c5.scope transient       -
docker-4ea2fc16b064a65a20305e8e05cd947cb0abdfb3831cbd829f2cfe598a53c747.scope transient       -
docker-51f62b239bb3613ba0599899bae617059d41315c215886eefa13609e463bb957.scope transient       -
docker-5d7aa52b1cac65e84d1572271b1845ddda8874680cef12559d400bf2e363c7f1.scope transient       -
docker-5f72e8e169efd5d48276004f261dea118b410cf05f2e5d8cb22115848c6d3dcf.scope transient       -
docker-6074fa3459ab4232a18207efb68667f9f6580b2cdd43b9c11db5b739250d5ea5.scope transient       -
docker-61a23ae8593a581cfd0244fe41b573e2f4ad61d99bd99638c1bab4860e739463.scope transient       -
docker-633898f317b02329e825251e94044fcb20db24ed2c8b6d6a99a06ada358acedd.scope transient       -
docker-65fd62496ce086217c91ace54e1682af1469f54adb85a5320dc34d6be413ae21.scope transient       -
docker-684bb7777299c1d09dabf53a7b1f48f02063b2256d05c0d26d4324bd86daabb0.scope transient       -
docker-6d617429621207f11e3eb8138e9d5914aae56ff9cd21e2d7bd0d4a5e9e0e82b4.scope transient       -
docker-6d6ebdc51570dbc70fe8f4af2cf2ed39e542337199fae3a46d9ca0ca65ed1e66.scope transient       -
docker-7275ad2640886a9681c2d8b521919e7da79826efa66c0d63c65918829b6345ca.scope transient       -
docker-789910d2bdf89fdd961cc3deef50adbd83abb8f5aab1e6d39237f48c484a67f5.scope transient       -
docker-791742f4c5b585108fe4e12fe7f50842f5528ee64d8df974c33326ecd7e9829d.scope transient       -
docker-81dfe4fd2362ca26714bf84c6f7d3b3acfc4406664acf24556bcca53db24cd22.scope transient       -
docker-85c1380a6df9b73566900b89c206f7b2941f990dcd556c8f70d8c33f3e0ebdfa.scope transient       -
docker-86cac99ecb3e5831748d6328cbf96d3a84006b33737dcf168c198bc81f487462.scope transient       -
docker-8abb27492073eea569fb229fa1268e72083838af98e9480028d2a934d88294bd.scope transient       -
docker-8de7c46e14143ce9cf89c7e85ac278770f322e0387139dd7c578c97aaebeec2b.scope transient       -
docker-8faee164fdb0bcddc2ead25b1580f6dba10452044d35bfac71d40962e66f1635.scope transient       -
docker-921de5a6b269cbc8784483cdfcd8963181e44621ac5a8a59ac20f25391552559.scope transient       -
docker-94074c01b7185abe2a78f8aa1f2472939bfb2d8522156190de616240d8a2d07a.scope transient       -
docker-94e19b39929a112e7fd09e1350254ba319d171ef73f6b514e0e0d9fc80065d52.scope transient       -
docker-9c03a296cfa76edd1cddd66f10cadb97ca5030843b260008ead3d45af100753a.scope transient       -
docker-9d86db7fc369252055796dcccb8d003aa9ba047f6091ac22b145cc87a83a13c8.scope transient       -
docker-9f8877ce6f9cc3e33d51589b5ce64228c12874c6f4289ffbbf1091dd8c02264d.scope transient       -
docker-a03b45c4ae3a4e8c52e1867d45bac2ca79c7fb7529bb4f6a5bc5d4895d1fc0b2.scope transient       -
docker-a8168fa366c60c75822cac38e5c9e7826cf1c6351b9f94b609231afc4ccd5444.scope transient       -
docker-ac29844475845825cc0bb4c042cfaa2c8ad431349b3fa1372b52d87b97b333c9.scope transient       -
docker-ac3482f35b35a795c8fea00acad2d86a7e936b1c7bf7c1b32787504952195180.scope transient       -
docker-b01803726dd1cb727618515d23e5b0e9db58bcdf711a7d12036d74e42712721e.scope transient       -
docker-b0f6e1822ab89cc46ee509b58b34da6d8c28b1d8a329dc4bea13cd31f869db68.scope transient       -
docker-b967afcb364a24f1fcaf644f6a668f09b29b851311d1e57af431e4a33954a013.scope transient       -
docker-bf11feb443ce5da7d8d94f112ca033083e9cec3c9aa437de60fe733a586868c3.scope transient       -
docker-c22ddfb6a5368dcf0e1a081c8e894c0c186e13037d938ec9fd43e78327a81718.scope transient       -
docker-c2a386c957c202bbfce596129a9e6dfa4fa0c5061d8592b52434b6250662324b.scope transient       -
docker-c614148b5c2d42261e173ed3103c02e7f9faad104cd040f9b316452f6095b8cb.scope transient       -
docker-cbd5c9af5aab8d5d884923f983f145e1fc2d4bfeaa7c2afafaa8bcbd3647c084.scope transient       -
docker-d2068bff4daf0304e528af628d2d6e40e8753d3176dddc91b04b7dade634638c.scope transient       -
docker-da928bbc14df60919e4c9442fcfda7beca595d6e03ec1e7315e4f4e376c6f8a2.scope transient       -
docker-e07eb14b137e1a0b99826e9d90a326db443438c59af2b9da1a1d77b264f72f36.scope transient       -
docker-e25a2994a42e21f5d9cdc71dfdda88abac9e24229c9b4284acba6e623810a73a.scope transient       -
docker-e40430a95da830c9a071d64334b860843d146f72d3a46b8d7d0d2c7c5d4244f9.scope transient       -
docker-e431293aae03319c3f62c232c40f48b96f9660ac2735008b27e4e470c6fe8ea2.scope transient       -
docker-e46ce7898ded6203e82fe93b226a0e24a34edb2c3bf7ce0c53913c9eb0d2a4a6.scope transient       -
docker-ea760d245b88027153b57794d03929ad1e3d9df8601e37f564b468279a441118.scope transient       -
docker-ee262912e36ecfe1cd3b769ba9efe3c966af781151314f0089c6733d8c8cb4d6.scope transient       -
docker-f6d05025b77b4f88de3527b6a43c01838bd284df36c2b52354c1e428c3bd8124.scope transient       -
docker-f7504ce4803c66c68fed52d87daa02c4b0996fd5c3d24f2873733844b24fe2ef.scope transient       -
docker-f7f79e9043d436ef3c8e3ee77ac3d741239054891a5dec448973eff02420195d.scope transient       -
docker-fa6aabd66175e3feb5ac5ed45e1facc91bea21d15b7974395e4e27ea5e6dcd5e.scope transient       -
docker-fca647c06b455f0e3a267916c73da140ad21b502564d6616015b2326839df5f4.scope transient       -
runc-b75f6d649f882deabea30cf1e3222d3881a78e14d8a93ebb04e1957aa786a0c4.scope   transient       -
session-5.scope                                                               transient       -
alsa-restore.service                                                          static          -
alsa-state.service                                                            static          -
alsa-utils.service                                                            masked          enabled
apparmor.service                                                              enabled         enabled
apt-daily-upgrade.service                                                     masked          enabled
apt-daily.service                                                             masked          enabled
auth-rpcgss-module.service                                                    static          -
autovt@.service                                                               alias           -
bluetooth.service                                                             enabled         enabled
box-system.service                                                            disabled        enabled
btrbk.service                                                                 masked          enabled
console-getty.service                                                         masked          disabled
container-getty@.service                                                      static          -
containerd.service                                                            enabled         enabled
cryptdisks-early.service                                                      masked          enabled
cryptdisks.service                                                            masked          enabled
dbus-org.bluez.service                                                        alias           -
dbus-org.freedesktop.hostname1.service                                        alias           -
dbus-org.freedesktop.locale1.service                                          alias           -
dbus-org.freedesktop.login1.service                                           alias           -
dbus-org.freedesktop.timedate1.service                                        alias           -
dbus-org.freedesktop.timesync1.service                                        alias           -
dbus.service                                                                  static          -
debug-shell.service                                                           disabled        disabled
docker.service                                                                enabled         enabled
dpkg-db-backup.service                                                        static          -
e2scrub@.service                                                              static          -
e2scrub_all.service                                                           static          -
e2scrub_fail@.service                                                         static          -
e2scrub_reap.service                                                          enabled         enabled
earlyoom.service                                                              enabled         enabled
emergency.service                                                             static          -
fstrim.service                                                                static          -
getty-static.service                                                          static          -
getty@.service                                                                enabled         enabled
hwclock.service                                                               masked          enabled
initrd-cleanup.service                                                        static          -
initrd-parse-etc.service                                                      static          -
initrd-switch-root.service                                                    static          -
initrd-udevadm-cleanup-db.service                                             static          -
iscsi.service                                                                 alias           -
iscsid.service                                                                disabled        enabled
kmod-static-nodes.service                                                     static          -
kmod.service                                                                  alias           -
ldconfig.service                                                              static          -
lm-sensors.service                                                            enabled         enabled
lzc-docker.service                                                            static          -
lzc-os-shutdown.service                                                       enabled         enabled
man-db.service                                                                static          -
mdadm-grow-continue@.service                                                  static          -
mdadm-last-resort@.service                                                    static          -
mdadm-shutdown.service                                                        enabled         enabled
mdadm-waitidle.service                                                        masked          enabled
mdadm.service                                                                 masked          enabled
mdcheck_continue.service                                                      static          -
mdcheck_start.service                                                         static          -
mdmon@.service                                                                static          -
mdmonitor-oneshot.service                                                     static          -
mdmonitor.service                                                             static          -
modprobe@.service                                                             static          -
nfs-common.service                                                            masked          enabled
nfs-idmapd.service                                                            static          -
nfs-utils.service                                                             static          -
open-iscsi.service                                                            enabled         enabled
pam_namespace.service                                                         static          -
playground-config.service                                                     enabled         enabled
playground-docker.service                                                     disabled        enabled
portmap.service                                                               alias           -
procps.service                                                                alias           -
quotaon.service                                                               static          -
rc-local.service                                                              static          -
rc.service                                                                    masked          enabled
rcS.service                                                                   masked          enabled
rescue.service                                                                static          -
rpc-gssd.service                                                              static          -
rpc-statd-notify.service                                                      static          -
rpc-statd.service                                                             static          -
rpc-svcgssd.service                                                           static          -
rpcbind.service                                                               enabled         enabled
rsync.service                                                                 disabled        enabled
serial-getty@.service                                                         disabled        enabled
smartd.service                                                                alias           -
smartmontools.service                                                         enabled         enabled
ssh.service                                                                   disabled        enabled
sshd-keygen.service                                                           enabled         enabled
sshd@.service                                                                 static          -
sysbox-fs.service                                                             disabled        enabled
sysbox-mgr.service                                                            disabled        enabled
sysbox.service                                                                masked          enabled
system-update-cleanup.service                                                 static          -
systemd-ask-password-console.service                                          static          -
systemd-ask-password-wall.service                                             static          -
systemd-backlight@.service                                                    static          -
systemd-battery-check.service                                                 static          -
systemd-binfmt.service                                                        static          -
systemd-boot-check-no-failures.service                                        disabled        disabled
systemd-confext.service                                                       disabled        enabled
systemd-exit.service                                                          static          -
systemd-firstboot.service                                                     static          -
systemd-fsck-root.service                                                     static          -
systemd-fsck@.service                                                         static          -
systemd-growfs-root.service                                                   static          -
systemd-growfs@.service                                                       static          -
systemd-halt.service                                                          static          -
systemd-hibernate.service                                                     static          -
systemd-hostnamed.service                                                     static          -
systemd-hwdb-update.service                                                   static          -
systemd-hybrid-sleep.service                                                  static          -
systemd-initctl.service                                                       static          -
systemd-journal-catalog-update.service                                        static          -
systemd-journal-flush.service                                                 static          -
systemd-journald.service                                                      static          -
systemd-journald@.service                                                     static          -
systemd-kexec.service                                                         static          -
systemd-localed.service                                                       static          -
systemd-logind.service                                                        static          -
systemd-machine-id-commit.service                                             static          -
systemd-modules-load.service                                                  static          -
systemd-network-generator.service                                             disabled        enabled
systemd-networkd-wait-online.service                                          disabled        enabled
systemd-networkd-wait-online@.service                                         disabled        enabled
systemd-networkd.service                                                      disabled        enabled
systemd-pcrfs-root.service                                                    static          -
systemd-pcrfs@.service                                                        static          -
systemd-pcrmachine.service                                                    static          -
systemd-pcrphase-initrd.service                                               static          -
systemd-pcrphase-sysinit.service                                              static          -
systemd-pcrphase.service                                                      static          -
systemd-poweroff.service                                                      static          -
systemd-pstore.service                                                        enabled         enabled
systemd-quotacheck.service                                                    static          -
systemd-random-seed.service                                                   static          -
systemd-reboot.service                                                        static          -
systemd-remount-fs.service                                                    enabled-runtime enabled
systemd-repart.service                                                        static          -
systemd-rfkill.service                                                        static          -
systemd-soft-reboot.service                                                   static          -
systemd-suspend-then-hibernate.service                                        static          -
systemd-suspend.service                                                       static          -
systemd-sysctl.service                                                        static          -
systemd-sysext.service                                                        disabled        enabled
systemd-sysupdate-reboot.service                                              indirect        enabled
systemd-sysupdate.service                                                     indirect        enabled
systemd-sysusers.service                                                      static          -
systemd-time-wait-sync.service                                                disabled        disabled
systemd-timedated.service                                                     static          -
systemd-timesyncd.service                                                     enabled         enabled
systemd-tmpfiles-clean.service                                                static          -
systemd-tmpfiles-setup-dev-early.service                                      static          -
systemd-tmpfiles-setup-dev.service                                            static          -
systemd-tmpfiles-setup.service                                                static          -
systemd-udev-settle.service                                                   static          -
systemd-udev-trigger.service                                                  static          -
systemd-udevd.service                                                         static          -
systemd-update-done.service                                                   static          -
systemd-update-utmp-runlevel.service                                          static          -
systemd-update-utmp.service                                                   static          -
systemd-user-sessions.service                                                 static          -
systemd-volatile-root.service                                                 static          -
udev.service                                                                  alias           -
udiskie.service                                                               disabled        enabled
user-runtime-dir@.service                                                     static          -
user@.service                                                                 static          -
x11-common.service                                                            masked          enabled
lzcapp.slice                                                                  static          -
machine.slice                                                                 static          -
pg_docker.slice                                                               static          -
sys_docker.slice                                                              static          -
system-systemd\x2dcryptsetup.slice                                            static          -
system-systemd\x2dveritysetup.slice                                           static          -
user.slice                                                                    static          -
dbus.socket                                                                   static          -
docker.socket                                                                 enabled         enabled
iscsid.socket                                                                 disabled        enabled
playground-docker.socket                                                      enabled         enabled
rpcbind.socket                                                                enabled         enabled
ssh.socket                                                                    disabled        enabled
syslog.socket                                                                 static          -
systemd-initctl.socket                                                        static          -
systemd-journald-audit.socket                                                 disabled        enabled
systemd-journald-dev-log.socket                                               static          -
systemd-journald-varlink@.socket                                              static          -
systemd-journald.socket                                                       static          -
systemd-journald@.socket                                                      static          -
systemd-networkd.socket                                                       disabled        enabled
systemd-rfkill.socket                                                         static          -
systemd-udevd-control.socket                                                  static          -
systemd-udevd-kernel.socket                                                   static          -
basic.target                                                                  static          -
blockdev@.target                                                              static          -
bluetooth.target                                                              static          -
boot-complete.target                                                          static          -
cryptsetup-pre.target                                                         static          -
cryptsetup.target                                                             static          -
ctrl-alt-del.target                                                           alias           -
default.target                                                                alias           -
emergency.target                                                              static          -
exit.target                                                                   disabled        disabled
factory-reset.target                                                          static          -
final.target                                                                  static          -
first-boot-complete.target                                                    static          -
getty-pre.target                                                              static          -
getty.target                                                                  static          -
graphical.target                                                              static          -
halt.target                                                                   disabled        disabled
hibernate.target                                                              static          -
hybrid-sleep.target                                                           static          -
initrd-fs.target                                                              static          -
initrd-root-device.target                                                     static          -
initrd-root-fs.target                                                         static          -
initrd-switch-root.target                                                     static          -
initrd-usr-fs.target                                                          static          -
initrd.target                                                                 static          -
integritysetup-pre.target                                                     static          -
integritysetup.target                                                         static          -
kexec.target                                                                  disabled        disabled
local-fs-pre.target                                                           static          -
local-fs.target                                                               static          -
multi-user.target                                                             indirect        enabled
network-online.target                                                         static          -
network-pre.target                                                            static          -
network.target                                                                static          -
nfs-client.target                                                             enabled         enabled
nss-lookup.target                                                             static          -
nss-user-lookup.target                                                        static          -
paths.target                                                                  static          -
poweroff.target                                                               disabled        disabled
printer.target                                                                static          -
reboot.target                                                                 disabled        enabled
remote-cryptsetup.target                                                      disabled        enabled
remote-fs-pre.target                                                          static          -
remote-fs.target                                                              enabled         enabled
remote-veritysetup.target                                                     disabled        enabled
rescue-ssh.target                                                             static          -
rescue.target                                                                 static          -
rpc_pipefs.target                                                             generated       -
rpcbind.target                                                                static          -
runlevel0.target                                                              alias           -
runlevel1.target                                                              alias           -
runlevel2.target                                                              alias           -
runlevel3.target                                                              alias           -
runlevel4.target                                                              alias           -
runlevel5.target                                                              alias           -
runlevel6.target                                                              alias           -
shutdown.target                                                               static          -
sigpwr.target                                                                 static          -
sleep.target                                                                  static          -
slices.target                                                                 static          -
smartcard.target                                                              static          -
sockets.target                                                                static          -
soft-reboot.target                                                            static          -
sound.target                                                                  static          -
suspend-then-hibernate.target                                                 static          -
suspend.target                                                                static          -
swap.target                                                                   static          -
sysinit.target                                                                static          -
system-update-pre.target                                                      static          -
system-update.target                                                          static          -
time-set.target                                                               static          -
time-sync.target                                                              static          -
timers.target                                                                 static          -
umount.target                                                                 static          -
usb-gadget.target                                                             static          -
veritysetup-pre.target                                                        static          -
veritysetup.target                                                            static          -
apt-daily-upgrade.timer                                                       masked          enabled
apt-daily.timer                                                               masked          enabled
btrbk.timer                                                                   masked          enabled
dpkg-db-backup.timer                                                          enabled         enabled
e2scrub_all.timer                                                             enabled         enabled
fstrim.timer                                                                  enabled         enabled
man-db.timer                                                                  enabled         enabled
mdadm-last-resort@.timer                                                      static          -
mdcheck_continue.timer                                                        disabled        enabled
mdcheck_start.timer                                                           disabled        enabled
mdmonitor-oneshot.timer                                                       disabled        enabled
systemd-sysupdate-reboot.timer                                                disabled        enabled
systemd-sysupdate.timer                                                       disabled        enabled
systemd-tmpfiles-clean.timer                                                  static          -

369 unit files listed.
