default.target
● ├─containerd.service
● ├─dbus.service
● ├─docker.service
○ ├─e2scrub_reap.service
● ├─earlyoom.service
● ├─lm-sensors.service
● ├─lzc-os-shutdown.service
× ├─playground-config.service
● ├─rpcbind.service
○ ├─smartmontools.service
● ├─systemd-ask-password-wall.path
● ├─systemd-logind.service
○ ├─systemd-update-utmp-runlevel.service
● ├─systemd-user-sessions.service
× ├─udiskie.service
● ├─basic.target
○ │ ├─tmp.mount
● │ ├─paths.target
● │ ├─slices.target
● │ │ ├─-.slice
● │ │ └─system.slice
● │ ├─sockets.target
● │ │ ├─dbus.socket
● │ │ ├─docker.socket
● │ │ ├─playground-docker.socket
● │ │ ├─rpcbind.socket
● │ │ ├─systemd-initctl.socket
● │ │ ├─systemd-journald-dev-log.socket
● │ │ ├─systemd-journald.socket
● │ │ ├─systemd-udevd-control.socket
● │ │ └─systemd-udevd-kernel.socket
● │ ├─sysinit.target
○ │ │ ├─apparmor.service
● │ │ ├─box-system.service
● │ │ ├─dev-hugepages.mount
● │ │ ├─dev-mqueue.mount
● │ │ ├─kmod-static-nodes.service
● │ │ ├─ldconfig.service
○ │ │ ├─mdadm-shutdown.service
○ │ │ ├─open-iscsi.service
● │ │ ├─proc-sys-fs-binfmt_misc.automount
● │ │ ├─sys-fs-fuse-connections.mount
● │ │ ├─sys-kernel-config.mount
● │ │ ├─sys-kernel-debug.mount
● │ │ ├─sys-kernel-tracing.mount
● │ │ ├─systemd-ask-password-console.path
● │ │ ├─systemd-binfmt.service
○ │ │ ├─systemd-firstboot.service
○ │ │ ├─systemd-hwdb-update.service
● │ │ ├─systemd-journal-catalog-update.service
● │ │ ├─systemd-journal-flush.service
● │ │ ├─systemd-journald.service
○ │ │ ├─systemd-machine-id-commit.service
● │ │ ├─systemd-modules-load.service
○ │ │ ├─systemd-pcrmachine.service
○ │ │ ├─systemd-pcrphase-sysinit.service
○ │ │ ├─systemd-pcrphase.service
○ │ │ ├─systemd-pstore.service
○ │ │ ├─systemd-random-seed.service
○ │ │ ├─systemd-repart.service
● │ │ ├─systemd-sysctl.service
● │ │ ├─systemd-sysusers.service
○ │ │ ├─systemd-timesyncd.service
● │ │ ├─systemd-tmpfiles-setup-dev-early.service
● │ │ ├─systemd-tmpfiles-setup-dev.service
● │ │ ├─systemd-tmpfiles-setup.service
● │ │ ├─systemd-udev-trigger.service
● │ │ ├─systemd-udevd.service
● │ │ ├─systemd-update-done.service
● │ │ ├─systemd-update-utmp.service
● │ │ ├─cryptsetup.target
● │ │ ├─integritysetup.target
● │ │ ├─local-fs.target
● │ │ │ ├─root.mount
● │ │ │ ├─systemd-remount-fs.service
● │ │ │ └─var-log-journal.mount
● │ │ ├─swap.target
● │ │ └─veritysetup.target
● │ └─timers.target
○ │   ├─apt-daily-upgrade.timer
○ │   ├─apt-daily.timer
● │   ├─dpkg-db-backup.timer
● │   ├─e2scrub_all.timer
○ │   ├─fstrim.timer
● │   ├─man-db.timer
● │   └─systemd-tmpfiles-clean.timer
● ├─getty.target
○ │ ├─console-getty.service
○ │ ├─getty-static.service
● │ └─getty@tty1.service
● ├─nfs-client.target
○ │ ├─auth-rpcgss-module.service
● │ ├─rpc-statd-notify.service
● │ └─remote-fs-pre.target
● └─remote-fs.target
●   └─nfs-client.target
○     ├─auth-rpcgss-module.service
●     ├─rpc-statd-notify.service
●     └─remote-fs-pre.target
