Version=254.26-1~bpo12+1
Features=+PAM +AUDIT +SELINUX +APPARMOR +IMA +SMACK +SECCOMP +GCRYPT -GNUTLS +OPENSSL +ACL +BLKID +CURL +ELFUTILS +FIDO2 +IDN2 -IDN +IPTC +KMOD +LIBCRYPTSETUP +LIBFDISK +PCRE2 -PWQUALITY +P11KIT +QRENCODE +TPM2 +BZIP2 +LZ4 +XZ +ZLIB +ZSTD -BPF_FRAMEWORK -XKBCOMMON +UTMP +SYSVINIT default-hierarchy=unified
Virtualization=container-other
Architecture=x86-64
FirmwareTimestampMonotonic=0
LoaderTimestampMonotonic=0
KernelTimestampMonotonic=0
InitRDTimestampMonotonic=0
UserspaceTimestamp=Fri 2025-11-14 23:44:30 CST
UserspaceTimestampMonotonic=8586092
FinishTimestamp=Fri 2025-11-14 23:44:32 CST
FinishTimestampMonotonic=10239641
SecurityStartTimestampMonotonic=0
SecurityFinishTimestampMonotonic=0
GeneratorsStartTimestamp=Fri 2025-11-14 23:44:30 CST
GeneratorsStartTimestampMonotonic=8609251
GeneratorsFinishTimestamp=Fri 2025-11-14 23:44:30 CST
GeneratorsFinishTimestampMonotonic=8627138
UnitsLoadStartTimestamp=Fri 2025-11-14 23:44:30 CST
UnitsLoadStartTimestampMonotonic=8627147
UnitsLoadFinishTimestamp=Fri 2025-11-14 23:44:30 CST
UnitsLoadFinishTimestampMonotonic=8686163
UnitsLoadTimestamp=Fri 2025-11-14 23:44:32 CST
UnitsLoadTimestampMonotonic=10801629
InitRDSecurityStartTimestampMonotonic=0
InitRDSecurityFinishTimestampMonotonic=0
InitRDGeneratorsStartTimestampMonotonic=0
InitRDGeneratorsFinishTimestampMonotonic=0
InitRDUnitsLoadStartTimestampMonotonic=0
InitRDUnitsLoadFinishTimestampMonotonic=0
LogLevel=info
LogTarget=journal
NNames=797
NFailedUnits=2
NJobs=0
NInstalledJobs=308
NFailedJobs=1
Progress=1
Environment=LANG=C.UTF-8 PATH=/usr/local/sbin:/usr/local/bin:/usr/sbin:/usr/bin:/sbin:/bin
ConfirmSpawn=no
ShowStatus=yes
UnitPath=/etc/systemd/system.control /run/systemd/system.control /run/systemd/transient /run/systemd/generator.early /etc/systemd/system /etc/systemd/system.attached /run/systemd/system /run/systemd/system.attached /run/systemd/generator /usr/local/lib/systemd/system /lib/systemd/system /usr/lib/systemd/system /run/systemd/generator.late
DefaultStandardOutput=journal
DefaultStandardError=inherit
WatchdogLastPingTimestampMonotonic=18446744073709551615
RuntimeWatchdogUSec=0
RuntimeWatchdogPreUSec=0
RebootWatchdogUSec=10min
KExecWatchdogUSec=0
ServiceWatchdogs=yes
ControlGroup=/system.slice/runc-lzc-os.scope
SystemState=degraded
DefaultTimerAccuracyUSec=1min
DefaultTimeoutStartUSec=1min 30s
DefaultTimeoutStopUSec=1min 30s
DefaultTimeoutAbortUSec=1min 30s
DefaultDeviceTimeoutUSec=1min 30s
DefaultRestartUSec=100ms
DefaultStartLimitIntervalUSec=10s
DefaultStartLimitBurst=5
DefaultCPUAccounting=yes
DefaultBlockIOAccounting=no
DefaultIOAccounting=no
DefaultIPAccounting=no
DefaultMemoryAccounting=yes
DefaultTasksAccounting=yes
DefaultLimitCPU=infinity
DefaultLimitCPUSoft=infinity
DefaultLimitFSIZE=infinity
DefaultLimitFSIZESoft=infinity
DefaultLimitDATA=infinity
DefaultLimitDATASoft=infinity
DefaultLimitSTACK=infinity
DefaultLimitSTACKSoft=8388608
DefaultLimitCORE=infinity
DefaultLimitCORESoft=0
DefaultLimitRSS=infinity
DefaultLimitRSSSoft=infinity
DefaultLimitNOFILE=524288
DefaultLimitNOFILESoft=1024
DefaultLimitAS=infinity
DefaultLimitASSoft=infinity
DefaultLimitNPROC=62985
DefaultLimitNPROCSoft=62985
DefaultLimitMEMLOCK=8388608
DefaultLimitMEMLOCKSoft=8388608
DefaultLimitLOCKS=infinity
DefaultLimitLOCKSSoft=infinity
DefaultLimitSIGPENDING=62985
DefaultLimitSIGPENDINGSoft=62985
DefaultLimitMSGQUEUE=819200
DefaultLimitMSGQUEUESoft=819200
DefaultLimitNICE=0
DefaultLimitNICESoft=0
DefaultLimitRTPRIO=0
DefaultLimitRTPRIOSoft=0
DefaultLimitRTTIME=infinity
DefaultLimitRTTIMESoft=infinity
DefaultTasksMax=infinity
DefaultMemoryPressureThresholdUSec=200ms
DefaultMemoryPressureWatch=auto
TimerSlackNSec=50000
DefaultOOMPolicy=stop
DefaultOOMScoreAdjust=0
CtrlAltDelBurstAction=reboot-force
