NAME                            STATUS              CONFIG FILES
cloudlazycataipodknowledge      running(5)          /lzcsys/data/system/pkgm/run/cloud.lazycat.aipod.knowledge/docker-compose.yml,/lzcsys/data/system/pkgm/run/cloud.lazycat.aipod.knowledge/compose.override.yml
cloudlazycataipodrag            running(8)          /lzcsys/data/system/pkgm/run/cloud.lazycat.aipod.rag/docker-compose.yml
cloudlazycatappai               running(7)          /lzcsys/data/system/pkgm/run/cloud.lazycat.app.ai/docker-compose.yml,/lzcsys/data/system/pkgm/run/cloud.lazycat.app.ai/compose.override.yml
cloudlazycatappcontacts         running(1)          /lzcsys/data/system/pkgm/run/cloud.lazycat.app.contacts/docker-compose.yml
cloudlazycatappcreate           running(2)          /lzcsys/data/system/pkgm/run/cloud.lazycat.app.create/docker-compose.yml
cloudlazycatappcustomrelay      running(1)          /lzcsys/data/system/pkgm/run/cloud.lazycat.app.customrelay/docker-compose.yml,/lzcsys/data/system/pkgm/run/cloud.lazycat.app.customrelay/compose.override.yml
cloudlazycatappdockge           running(2)          /lzcsys/data/system/pkgm/run/cloud.lazycat.app.dockge/docker-compose.yml,/lzcsys/data/system/pkgm/run/cloud.lazycat.app.dockge/compose.override.yml
cloudlazycatappforward          running(2)          /lzcsys/data/system/pkgm/run/cloud.lazycat.app.forward/docker-compose.yml,/lzcsys/data/system/pkgm/run/cloud.lazycat.app.forward/compose.override.yml
cloudlazycatappjellyfinsingle   running(2)          /lzcsys/data/system/pkgm/run/cloud.lazycat.app.jellyfinsingle/docker-compose.yml
cloudlazycatapplogviewer        running(2)          /lzcsys/data/system/pkgm/run/cloud.lazycat.app.logviewer/docker-compose.yml
cloudlazycatapponemcp           running(2)          /lzcsys/data/system/pkgm/run/cloud.lazycat.app.onemcp/docker-compose.yml
cloudlazycatappphoto            running(4)          /lzcsys/data/system/pkgm/run/cloud.lazycat.app.photo/docker-compose.yml
cloudlazycatdevelopertools      running(4)          /lzcsys/data/system/pkgm/run/cloud.lazycat.developer.tools/docker-compose.yml
cloudlazycatshellappstore       running(1)          /lzcsys/data/system/pkgm/run/cloud.lazycat.shell.appstore/docker-compose.yml
cloudlazycatshellfiles          running(7)          /lzcsys/data/system/pkgm/run/cloud.lazycat.shell.files/docker-compose.yml,/lzcsys/data/system/pkgm/run/cloud.lazycat.shell.files/compose.override.yml
cloudlzcappqemu                 running(2)          /lzcsys/data/system/pkgm/run/cloud.lzcapp.qemu/docker-compose.yml,/lzcsys/data/system/pkgm/run/cloud.lzcapp.qemu/compose.override.yml
comlxyappclash                  running(2)          /lzcsys/data/system/pkgm/run/com.lxy.app.clash/docker-compose.yml,/lzcsys/data/system/pkgm/run/com.lxy.app.clash/compose.override.yml
lazycatcommunityappopenlist     running(2)          /lzcsys/data/system/pkgm/run/lazycat.community.app.openlist/docker-compose.yml
topj0k3rlpk-inspector           running(1)          /lzcsys/data/system/pkgm/run/top.j0k3r.lpk-inspector/docker-compose.yml
xyzmxuemaxkb                    running(2)          /lzcsys/data/system/pkgm/run/xyz.mxue.maxkb/docker-compose.yml
canceled

real	0m10.001s
user	0m0.554s
sys	0m0.503s
execute "/lzcsys/share/lazycat-cloud/log-scripts/lzcapp/compose" timeout (timeout = 10s)
execute "/lzcsys/share/lazycat-cloud/log-scripts/lzcapp/compose" error code: 124
