Filesystem      Size  Used Avail Use% Mounted on
/dev/nvme0n1p3  463G   50G  412G  11% /run/lzcsys/boot/lzc-os-init
devtmpfs        4.0M     0  4.0M   0% /dev
shm              64M     0   64M   0% /run/lzcsys/boot/lzc-os-init/dev/shm
overlay         7.7G   49M  7.7G   1% /usr/lib/modules
none            256K  105K  147K  42% /run/lzcsys/boot/lzc-os-init/sys/firmware/efi/efivars
none            7.7G  5.2M  7.7G   1% /run
tmpfs           7.7G   49M  7.7G   1% /lzcsys/run/base-os/dbus
none            7.7G     0  7.7G   0% /run/lzcsys/boot/lzc-os-init/tmp
/dev/nvme0n1p3  463G   50G  412G  11% /lzcsys/var
/dev/nvme0n1p3  463G   50G  412G  11% /lzcsys/var/cache
overlay         7.7G   49M  7.7G   1% /run/lzcsys/boot/lzc-os-init/lzcsys/etc/debug.env
/dev/loop8      1.4G  1.4G     0 100% /run/lzcsys/boot/lzc-os-init/lzc-overlay/lzcsys
overlay         463G   50G  412G  11% /
tmpfs           7.7G     0  7.7G   0% /dev/shm
tmpfs           5.0M  8.0K  5.0M   1% /run/lock
tmpfs           1.6G  4.0K  1.6G   1% /run/user/0
overlay         463G   50G  412G  11% /var/lib/docker/overlay2/799b43453a5358ad8179f7bcd6ded34c8e27944af2c5e300c1303c0eb88aed2f/merged
overlay         463G   50G  412G  11% /var/lib/docker/overlay2/06fd94b96e9084dba0c7561eda006e4d56cc635c1baa1c516b26aa88866a9df6/merged
overlay         463G   50G  412G  11% /var/lib/docker/overlay2/cf16981fcd84648d6b3ca5f87792e361910374bbb4bb07abaa8c4652ce15110b/merged
overlay         463G   50G  412G  11% /var/lib/docker/overlay2/cffc6a39a00cb9398d7611059537eb3b1bc6efd1a60c34cde41b69904d5ba9f8/merged
overlay         463G   50G  412G  11% /var/lib/docker/overlay2/7806b0e3349fd828a9a1f934c7cdeda3c4fcc0bec288cb6f5fb6f6a2dc44dd29/merged
/dev/sda1       1.9T  159G  1.7T   9% /lzcsys/data
overlay         463G   50G  412G  11% /var/lib/docker/overlay2/7ad604582e60780f9b86eb01492ab7a8c11b9d2db8ec4bdbd9af773ce3e765aa/merged
overlay         463G   50G  412G  11% /var/lib/docker/overlay2/e634a036b6ae0ac2db562f1280350c669c2a2db4e4f37605fa728d59aa22cae3/merged
overlay         463G   50G  412G  11% /var/lib/docker/overlay2/21bb7caa444173a33287885579736f60d5198f62fb7ad7283032fc63edd77257/merged
overlay         463G   50G  412G  11% /var/lib/docker/overlay2/d57087feb39d33020c445f7015664a7738f4facea01eef38bdd2d06366f561b0/merged
overlay         463G   50G  412G  11% /var/lib/docker/overlay2/7e496c5b6160cb5914b952c4d3f82d20d4e3f62a9295e2fcd5b9a1b3ac6bbf5e/merged
overlay         463G   50G  412G  11% /var/lib/docker/overlay2/7db14f419a3752937e860f27f9c851c3cb7bf992cd1afc1f1f912d9f1416886a/merged
overlay         463G   50G  412G  11% /var/lib/docker/overlay2/51850d9aceaf04faded43151a1edf4c2a10838c8c8b19bca63f80ac9afd7821a/merged
overlay         1.9T  159G  1.7T   9% /lzcsys/data/system/docker/overlay2/fd2654ae40a3f9079e42c5823f3ad02541769b2d81988c01e33726d16b579876/merged
overlay         1.9T  159G  1.7T   9% /lzcsys/data/system/docker/overlay2/ead63a808cfc117622c13618e565c434e78e3bb7954b91526dba6470b812ee58/merged
overlay         1.9T  159G  1.7T   9% /lzcsys/data/system/docker/overlay2/ae1c1b4726ef365597994287413bc6702ab8b9d8f6f96a6448de261d404620d9/merged
overlay         1.9T  159G  1.7T   9% /lzcsys/data/system/docker/overlay2/e220e5f7c0c64240e1b2e2903ab8b3ec1f1076242363a9a7712200dd4f046fb5/merged
overlay         1.9T  159G  1.7T   9% /lzcsys/data/system/docker/overlay2/6ab68284f2cf1348db063e86692d93f57ef1293dda8b1688b418a6548edada11/merged
overlay         1.9T  159G  1.7T   9% /lzcsys/data/system/docker/overlay2/26acd8f1fcfd166d4ed899b4bf3f278e6b6c0b2efd6e6b2cfae5739942da4eee/merged
overlay         1.9T  159G  1.7T   9% /lzcsys/data/system/docker/overlay2/a25be343b982b69d02981fcea55bac0430387ace5ee4c06b97a25571b1c8f9bc/merged
overlay         1.9T  159G  1.7T   9% /lzcsys/data/system/docker/overlay2/911033bb1ccbc43c5e305190f5f35f951da76efbc0d510a32c334fd862a3add2/merged
overlay         1.9T  159G  1.7T   9% /lzcsys/data/system/docker/overlay2/af129fe8727726dd7a701a71b4df7b8b201931fa5efe7232c6b0d428731a37ca/merged
overlay         1.9T  159G  1.7T   9% /lzcsys/data/system/docker/overlay2/972da86214b8a3630c781a942c879c35236fc58d2852423fd55a5899a09f61f0/merged
overlay         1.9T  159G  1.7T   9% /lzcsys/data/system/docker/overlay2/375156b48cd38274e8f591edccb538c797f75559211e2d87f658cd23656055e9/merged
overlay         1.9T  159G  1.7T   9% /lzcsys/data/system/docker/overlay2/21737f585d1e4ff75027842209d059e61b8aef9d38bbe3d112045860eac3d3bd/merged
overlay         1.9T  159G  1.7T   9% /lzcsys/data/system/docker/overlay2/66f2f2d6918412d8480ce8075993cf9bc5657aefd17c933e33c1fd9a17f291eb/merged
overlay         1.9T  159G  1.7T   9% /lzcsys/data/system/docker/overlay2/ec292c916f87f77bed40444218cb61afdaee0fd5f140848f8c4a9dbd0153140c/merged
overlay         1.9T  159G  1.7T   9% /lzcsys/data/system/docker/overlay2/c499a7a590747877ccb408bbc4fe19845dc260ca0c8570f0ccae080b3a89dbc3/merged
overlay         1.9T  159G  1.7T   9% /lzcsys/data/system/docker/overlay2/c1620bfea80bc0650a93c3e0779f295a53cfdfd3cd6f9227d91b4af998086224/merged
overlay         1.9T  159G  1.7T   9% /lzcsys/data/system/docker/overlay2/25122bd05d02aa54fcff3a6a2b6b31de54b33468523fdb5dc1f27da0333df713/merged
overlay         1.9T  159G  1.7T   9% /lzcsys/data/system/docker/overlay2/960bf09f5f2713056fb699f87ee0463f00fa3d2183829ffb8278fef9d57cd059/merged
overlay         1.9T  159G  1.7T   9% /lzcsys/data/system/docker/overlay2/302dd10597090c55a0cb3af1ef269263ec4769467992927fe27aaaf057f37b0f/merged
overlay         1.9T  159G  1.7T   9% /lzcsys/data/playground/data/docker/overlay2/34ff707f92160cae42505e61377dbb12770b4a9e4862dc4eeb5aaaa2c9f0afd0/merged
overlay         1.9T  159G  1.7T   9% /lzcsys/data/playground/data/docker/overlay2/b23f2c16000ab3ec6a3330afa69311baee14f4bd3035967d6bfeeb3bcb88ee27/merged
overlay         1.9T  159G  1.7T   9% /lzcsys/data/system/docker/overlay2/6239cf8213f87bc344fa91e48589a4c5aad40ab86ca9a838cc97690c7c0f7593/merged
overlay         1.9T  159G  1.7T   9% /lzcsys/data/system/docker/overlay2/3e12004d4aa94dcfaa857563693c78f69031f66632117a8b72b7f401fab1995e/merged
overlay         1.9T  159G  1.7T   9% /lzcsys/data/system/docker/overlay2/81b47cb41f45fa88a487ddfab85caaa3558164ec142269cd0dd36f5aec879f21/merged
overlay         1.9T  159G  1.7T   9% /lzcsys/data/system/docker/overlay2/48113647eac81711d562fad79f158724bbdce48676ba9eab22c504aafce57ebd/merged
overlay         1.9T  159G  1.7T   9% /lzcsys/data/system/docker/overlay2/b87fd915cf59185f214632f696396743bf920c2bd623da4219c7e97add5538fe/merged
overlay         1.9T  159G  1.7T   9% /lzcsys/data/system/docker/overlay2/2fcff7abbc24922c6c8eded6a4be978a0911b3fbb9c4344830894085cb0e1357/merged
overlay         1.9T  159G  1.7T   9% /lzcsys/data/system/docker/overlay2/47c89130d6e77f03d41a6e998058cbb144a1cbbba316effd864b82e2f8dba3a3/merged
overlay         1.9T  159G  1.7T   9% /lzcsys/data/system/docker/overlay2/1de394cadc68277323cefb278b386ea5e31c4ebe6f58743e2acdc69b9d2703a6/merged
overlay         1.9T  159G  1.7T   9% /lzcsys/data/system/docker/overlay2/742db932b2aec8d9a631756b9d611ad879aa53ad7c56bf44fb2d2738557fd4e6/merged
overlay         1.9T  159G  1.7T   9% /lzcsys/data/system/docker/overlay2/2b2a51d78df6de206874d7060a93ac788670e628ce953e41b766321b6bdc5ca0/merged
overlay         1.9T  159G  1.7T   9% /lzcsys/data/system/docker/overlay2/3c7de7a9a982fad93e47e83b875b6b9588e7cc3a2728d3cbd83d9c02fe79ed72/merged
overlay         1.9T  159G  1.7T   9% /lzcsys/data/system/docker/overlay2/daadaf4aeb0f2381fca7f75033f6f22a63083ae547f72bb5f1c520051de3c257/merged
overlay         1.9T  159G  1.7T   9% /lzcsys/data/system/docker/overlay2/f295b063d96742e68955655fd0873906c5908ac13c00533115dd4bce9aed7633/merged
overlay         1.9T  159G  1.7T   9% /lzcsys/data/system/docker/overlay2/bea24bf8cb87fde9aa19c79297d5b5bd28a7545f13fc8b6bd127f14300ea958d/merged
overlay         1.9T  159G  1.7T   9% /lzcsys/data/system/docker/overlay2/b818fe923828a8d03003790981010015959fd1f7fb64de0db419cdb03688850b/merged
overlay         1.9T  159G  1.7T   9% /lzcsys/data/system/docker/overlay2/c02a95beabd6d67e88170369583990755c31692ceb467e13639a18ccb3b9121e/merged
overlay         1.9T  159G  1.7T   9% /lzcsys/data/system/docker/overlay2/db0a15c03357d18fab0f261fee77fdae39835ce0614ee4c28e7c6d2269e3946a/merged
overlay         1.9T  159G  1.7T   9% /lzcsys/data/system/docker/overlay2/2502b22c1466e3fb2d1491ac436ef76c35ba9bd80f2b4d37321a21bfb3da6acc/merged
/dev/sda1       1.9T  159G  1.7T   9% /lzcsys/data/system/docker/volumes/00faf56f8882afabbbe11b312cd06e6a90ac77e1a3ed97e536ed8988f3ebf504/_data/app/sandbox/python-packages
overlay         1.9T  159G  1.7T   9% /lzcsys/data/system/docker/overlay2/6dabbba344a1beee53cfde69e047475b14212fea00eb0ef971b4182919bd8d2a/merged
overlay         1.9T  159G  1.7T   9% /lzcsys/data/system/docker/overlay2/9e03307e513ddd5bc6a6f0e8f603bf39bc9bb23d8930ee9b530385bd67427ba2/merged
overlay         1.9T  159G  1.7T   9% /lzcsys/data/system/docker/overlay2/e10d7a83fbba545f237f616d0c4fc437adeabc135a3d8ee783815728dace7f85/merged
overlay         1.9T  159G  1.7T   9% /lzcsys/data/system/docker/overlay2/7e3a76a4e9737f1e92e71103ff9ba12b5312128b09765cd67beafa43ca449b56/merged
overlay         1.9T  159G  1.7T   9% /lzcsys/data/system/docker/overlay2/cb244401dd8ac42618c4e1f914633beda627242bb9a8620ba27db528e4d114ee/merged
overlay         1.9T  159G  1.7T   9% /lzcsys/data/system/docker/overlay2/7dd969e71a81e7011de5ad65becbf6f5dfe495421b0f337ba402d2871e70120d/merged
overlay         1.9T  159G  1.7T   9% /lzcsys/data/system/docker/overlay2/ead481aa328f9b0fdcaf4b087184509d576b744c44851f75a22e849b0232374d/merged
overlay         1.9T  159G  1.7T   9% /lzcsys/data/system/docker/overlay2/58fed0cce2912edbbe9d65298e3efba1704c5c9ed85d3eeb26df21f7d14d0070/merged
overlay         1.9T  159G  1.7T   9% /lzcsys/data/system/docker/overlay2/412b769287e354f43dad3996334e74a5804368b9ba0f52b2e09e84f5072969c8/merged
overlay         1.9T  159G  1.7T   9% /lzcsys/data/system/docker/overlay2/88992f82116a93013592882e10d2fb5954bdb2895196513f245e0b36bea07bb4/merged
overlay         1.9T  159G  1.7T   9% /lzcsys/data/system/docker/overlay2/777ecc359f155bffe4c6bbcd85dd4e2023c5b7d9e388390b2379896b70d9662b/merged
overlay         1.9T  159G  1.7T   9% /lzcsys/data/system/docker/overlay2/e3efbf8a074de19da59b3d7decd11d21396a097ea215c61fe2c224c2ad46c76a/merged
overlay         1.9T  159G  1.7T   9% /lzcsys/data/system/docker/overlay2/dd87009aa62548036e82d4fc5c7e4a17d40d07be47019756e60274c25ce03af1/merged
overlay         1.9T  159G  1.7T   9% /lzcsys/data/system/docker/overlay2/eee0bff9ff65a62de57c8b4b3f18229c9b062069824f94034ec41f8f4f28c235/merged
overlay         1.9T  159G  1.7T   9% /lzcsys/data/system/docker/overlay2/5f810595f263922195ddaeda0ce04fbebed9124ebd8661d0414ed58a056d425c/merged
overlay         1.9T  159G  1.7T   9% /lzcsys/data/system/docker/overlay2/4562ba4bcbc67c2c69f79b6d966a2d38a38b62feb9189dd0d7df89f216da9c5b/merged
overlay         1.9T  159G  1.7T   9% /lzcsys/data/system/docker/overlay2/0abaa12c07e2efd220c8c90424cc09e1308422939871c0c672f9869c2c08c7e6/merged
overlay         1.9T  159G  1.7T   9% /lzcsys/data/system/docker/overlay2/2bd8e6d1138333aa22a18c1f8ab540b3a6ffa6536eb65d9d64be260cde39cf91/merged
overlay         1.9T  159G  1.7T   9% /lzcsys/data/system/docker/overlay2/e4cdf205a32f5ecc8598fcf963d5ecbf88ab69ffaf9efcb53e2fab337ea86715/merged
overlay         1.9T  159G  1.7T   9% /lzcsys/data/system/docker/overlay2/88ff0e9205367c98debc7b5330e890fe0116fdcfd930d633ba26c5d44e69ff8e/merged
overlay         1.9T  159G  1.7T   9% /lzcsys/data/system/docker/overlay2/b208934da2ce30a7351b2198a38855861fb26a72acfa64858be8f9c51f3fc7b4/merged
overlay         1.9T  159G  1.7T   9% /lzcsys/data/system/docker/overlay2/fdbab6fa8325c6b1574c94807338407768692ef3d3bfa515cf82096aa4ec2738/merged

real	0m0.005s
user	0m0.004s
sys	0m0.000s
