======= System Disk IO Report =======

>> Disk Statistics (vmstat -d):
disk- ------------reads------------ ------------writes----------- -----IO------
       total merged sectors      ms  total merged sectors      ms    cur    sec
sdb    45928   4036 8908072  874155 587479 308605 30123168 15181832      0   4276
sda    37220   6397 11643272  857913 318902  71350 16644264 14505586      0   4175
nvme0n1  57734  49480 4966800    8664 1250905 1373905 40394886  335528      0    442
loop0    789      0  114216     388      0      0       0       0      0      0
loop1   3927      0  351336     777      0      0       0       0      0      2
loop2    683      0   61728     189      0      0       0       0      0      0
loop3    402      0   33224     116      0      0       0       0      0      0
loop4    149      0    2560      16      0      0       0       0      0      0
loop5    143      0    7984      29      0      0       0       0      0      0
loop6   3778      0  306066    1002 215895      0 1901216   26923      0     71
loop7     75      0     600      10      0      0       0       0      0      0
loop8  17109      0 1726384    2695      0      0       0       0      0      7

======= End of Report =======

real	0m0.004s
user	0m0.003s
sys	0m0.001s
