/lzcsys/run
/lzcsys/run/machine
/lzcsys/run/machine/hardware.json
/lzcsys/run/machine/pincode
/lzcsys/run/machine/bsid
/lzcsys/run/base-os
/lzcsys/run/base-os/dbus
/lzcsys/run/base-os/dbus/system_bus_socket
/lzcsys/run/base-os/dbus/containers
/lzcsys/run/log
/lzcsys/run/data
/lzcsys/run/wifi_nic.name
/lzcsys/run/eth_nic.name
/lzcsys/run/pprof
/lzcsys/run/pprof/lzc-recovery.sock
/lzcsys/run/pprof/lzc-hal.sock
/lzcsys/run/pprof/lzc-installer.sock
/lzcsys/run/pprof/lzc-apiserver.sock
/lzcsys/run/pprof/lzc-pkgm.sock
/lzcsys/run/pprof/lzc-ingress.sock
/lzcsys/run/media
/lzcsys/run/media/RemoteFS
/lzcsys/run/media/RemoteFS/axy
/lzcsys/run/media/RemoteFS/axy/Openlist
/lzcsys/run/media/RemoteFS/axy/OpenList
/lzcsys/run/media/RemoteFS/error
/lzcsys/run/media/RemoteFS/error/My WebDAV
/lzcsys/run/media/snapshot
/lzcsys/run/media/snapshot/daily
/lzcsys/run/media/snapshot/daily/axy
/lzcsys/run/media/snapshot/daily/error
/lzcsys/run/media/snapshot/snap_cache
/lzcsys/run/media/snapshot/snap_cache/daily
/lzcsys/run/sys
/lzcsys/run/sys/peripheral_deivce.sock
/lzcsys/run/sys/session-hook.sock
/lzcsys/run/sys/lzc_shell_iscsi.sock
/lzcsys/run/sys/pkgm.sock
/lzcsys/run/sys/backuprestore.sock
/lzcsys/run/lzc-dns
/lzcsys/run/lzc-dns/TXT
/lzcsys/run/lzc-dns/TXT/_dnsaddr.axy.heiyu.space
/lzcsys/run/lzc-dns/AAAA
/lzcsys/run/lzc-dns/AAAA/axy.heiyu.space
/lzcsys/run/lzc-dns/AAAA/*.axy.heiyu.space
/lzcsys/run/lzc-dns/AAAA/windows.axy.heiyu.space
/lzcsys/run/lzc-dns/AAAA/dev.axy.heiyu.space
/lzcsys/run/lzc-dns/AAAA/v2raya.axy.heiyu.space
/lzcsys/run/lzc-dns/AAAA/clash2.axy.heiyu.space
/lzcsys/run/lzc-dns/AAAA/mpqb1.axy.heiyu.space
/lzcsys/run/lzc-dns/AAAA/clash.axy.heiyu.space
/lzcsys/run/lzc-dns/AAAA/netmap.axy.heiyu.space
/lzcsys/run/lzc-dns/AAAA/clash1.axy.heiyu.space
/lzcsys/run/lzc-dns/AAAA/file.axy.heiyu.space
/lzcsys/run/lzc-dns/AAAA/entrypoint.axy.heiyu.space
/lzcsys/run/lzc-dns/AAAA/mpqb.axy.heiyu.space
/lzcsys/run/lzc-dns/A
/lzcsys/run/lzc-dns/A/axy.heiyu.space
/lzcsys/run/lzc-dns/A/*.axy.heiyu.space
/lzcsys/run/lzc-docker
/lzcsys/run/lzc-docker/docker
/lzcsys/run/lzc-docker/docker/metrics.sock
/lzcsys/run/lzc-docker/docker/runtime-runc
/lzcsys/run/lzc-docker/docker/runtime-runc/plugins.moby
/lzcsys/run/lzc-docker/docker/runtime-runc/lzc-docker
/lzcsys/run/lzc-docker/docker/libnetwork
/lzcsys/run/lzc-docker/docker/libnetwork/c32e4cbc4403.sock
/lzcsys/run/lzc-docker/docker/swarm
/lzcsys/run/lzc-docker/docker/containerd
/lzcsys/run/lzc-docker/docker/containerd/7275ad2640886a9681c2d8b521919e7da79826efa66c0d63c65918829b6345ca
/lzcsys/run/lzc-docker/docker/containerd/1be9683beb3059524f58a04a3c2b4b6b552d4bd23740f0517dbfbd9072f73a61
/lzcsys/run/lzc-docker/docker/containerd/41bf21e970cd855c6ef70c09102bb7d8b409208a47b68a52a273510e4126738d
/lzcsys/run/lzc-docker/docker/containerd/684bb7777299c1d09dabf53a7b1f48f02063b2256d05c0d26d4324bd86daabb0
/lzcsys/run/lzc-docker/docker/containerd/2fc3045a36a6f5537ed06fb6ff436fad150447ed024c062d8688110b419e1d36
/lzcsys/run/lzc-docker/docker/containerd/e431293aae03319c3f62c232c40f48b96f9660ac2735008b27e4e470c6fe8ea2
/lzcsys/run/lzc-docker/docker/containerd/6d617429621207f11e3eb8138e9d5914aae56ff9cd21e2d7bd0d4a5e9e0e82b4
/lzcsys/run/lzc-docker/docker/containerd/d2068bff4daf0304e528af628d2d6e40e8753d3176dddc91b04b7dade634638c
/lzcsys/run/lzc-docker/docker/containerd/0245f0a5895b09e063817c540fa5c5e539c037021064b37365902720973a75ab
/lzcsys/run/lzc-docker/docker/containerd/921de5a6b269cbc8784483cdfcd8963181e44621ac5a8a59ac20f25391552559
/lzcsys/run/lzc-docker/docker/containerd/5f72e8e169efd5d48276004f261dea118b410cf05f2e5d8cb22115848c6d3dcf
/lzcsys/run/lzc-docker/docker/containerd/ea760d245b88027153b57794d03929ad1e3d9df8601e37f564b468279a441118
/lzcsys/run/lzc-docker/docker/containerd/2d69322ac75bacafa57f60df20e1a6d7e0661182927f6a78d5d3d7dbeaa01309
/lzcsys/run/lzc-docker/docker/containerd/c22ddfb6a5368dcf0e1a081c8e894c0c186e13037d938ec9fd43e78327a81718
/lzcsys/run/lzc-docker/docker/containerd/0e909255e0a6df030c257aded0b9b55b17b33113d8c54c538d9167e6979e39e7
/lzcsys/run/lzc-docker/docker/containerd/c2a386c957c202bbfce596129a9e6dfa4fa0c5061d8592b52434b6250662324b
/lzcsys/run/lzc-docker/docker/containerd/a8168fa366c60c75822cac38e5c9e7826cf1c6351b9f94b609231afc4ccd5444
/lzcsys/run/lzc-docker/docker/containerd/9d86db7fc369252055796dcccb8d003aa9ba047f6091ac22b145cc87a83a13c8
/lzcsys/run/lzc-docker/docker/containerd/bf11feb443ce5da7d8d94f112ca033083e9cec3c9aa437de60fe733a586868c3
/lzcsys/run/lzc-docker/docker/containerd/f7f79e9043d436ef3c8e3ee77ac3d741239054891a5dec448973eff02420195d
/lzcsys/run/lzc-docker/docker/containerd/b01803726dd1cb727618515d23e5b0e9db58bcdf711a7d12036d74e42712721e
/lzcsys/run/lzc-docker/docker/containerd/a03b45c4ae3a4e8c52e1867d45bac2ca79c7fb7529bb4f6a5bc5d4895d1fc0b2
/lzcsys/run/lzc-docker/docker/containerd/20771b056459a1fe2d87b9e2adee136dcef5380203d021ad9a388ccc9c5b2352
/lzcsys/run/lzc-docker/docker/containerd/42ac4c47098c2a60890c48eab03ea9fd852882571d6b6d38940213d72ca39664
/lzcsys/run/lzc-docker/docker/containerd/ac29844475845825cc0bb4c042cfaa2c8ad431349b3fa1372b52d87b97b333c9
/lzcsys/run/lzc-docker/docker/containerd/16481e1a6a8c1add0e0e9ea3bd1ac47c3390113be18299db28784bef578c4bd5
/lzcsys/run/lzc-docker/docker/containerd/789910d2bdf89fdd961cc3deef50adbd83abb8f5aab1e6d39237f48c484a67f5
/lzcsys/run/lzc-docker/docker/containerd/4d426929027afb81bdaba75cd7cad45746a2921971fa9d1f0d623f957f1632c5
/lzcsys/run/lzc-docker/docker/containerd/9c03a296cfa76edd1cddd66f10cadb97ca5030843b260008ead3d45af100753a
/lzcsys/run/lzc-docker/docker/containerd/03d0b1b584314428629685a97089753faf35e81d07adbece0bebb516c4651b7b
/lzcsys/run/lzc-docker/docker/containerd/b967afcb364a24f1fcaf644f6a668f09b29b851311d1e57af431e4a33954a013
/lzcsys/run/lzc-docker/docker/containerd/94074c01b7185abe2a78f8aa1f2472939bfb2d8522156190de616240d8a2d07a
/lzcsys/run/lzc-docker/docker/containerd/0a4bc94f69f98d46446d32ee51c76d3c8cf4ff43c6c8844c8dfba5e31da335a1
/lzcsys/run/lzc-docker/docker/containerd/1b5ebc5c35ebcab5ad77266b54ba723d5ab6cf7c9f6684543e1e14da75d1c1fa
/lzcsys/run/lzc-docker/docker/containerd/94e19b39929a112e7fd09e1350254ba319d171ef73f6b514e0e0d9fc80065d52
/lzcsys/run/lzc-docker/docker/containerd/da928bbc14df60919e4c9442fcfda7beca595d6e03ec1e7315e4f4e376c6f8a2
/lzcsys/run/lzc-docker/docker/containerd/f6d05025b77b4f88de3527b6a43c01838bd284df36c2b52354c1e428c3bd8124
/lzcsys/run/lzc-docker/docker/containerd/e46ce7898ded6203e82fe93b226a0e24a34edb2c3bf7ce0c53913c9eb0d2a4a6
/lzcsys/run/lzc-docker/docker/containerd/2aa1cd4ecb4e87feb1fbceaaf405c0593e82ee982390b69f90b565f7cb152f98
/lzcsys/run/lzc-docker/docker/containerd/e25a2994a42e21f5d9cdc71dfdda88abac9e24229c9b4284acba6e623810a73a
/lzcsys/run/lzc-docker/docker/containerd/1f39777be01c8439cd7893b520b82fcba56b63d83daffeff67513726306e0c3a
/lzcsys/run/lzc-docker/docker/containerd/4ea2fc16b064a65a20305e8e05cd947cb0abdfb3831cbd829f2cfe598a53c747
/lzcsys/run/lzc-docker/docker/containerd/61a23ae8593a581cfd0244fe41b573e2f4ad61d99bd99638c1bab4860e739463
/lzcsys/run/lzc-docker/docker/containerd/86cac99ecb3e5831748d6328cbf96d3a84006b33737dcf168c198bc81f487462
/lzcsys/run/lzc-docker/docker/containerd/c614148b5c2d42261e173ed3103c02e7f9faad104cd040f9b316452f6095b8cb
/lzcsys/run/lzc-docker/docker/containerd/4c31b456cfeb5f5c80d236d2e2aef1dade889652418b020d866bd0d856db0fc2
/lzcsys/run/lzc-docker/docker/containerd/f7504ce4803c66c68fed52d87daa02c4b0996fd5c3d24f2873733844b24fe2ef
/lzcsys/run/lzc-docker/docker/containerd/e07eb14b137e1a0b99826e9d90a326db443438c59af2b9da1a1d77b264f72f36
/lzcsys/run/lzc-docker/docker/containerd/633898f317b02329e825251e94044fcb20db24ed2c8b6d6a99a06ada358acedd
/lzcsys/run/lzc-docker/docker/containerd/1e5130fe8aa2c7724e939cc446667012e6dafff374728b31c629d23b216757e7
/lzcsys/run/lzc-docker/docker/containerd/8faee164fdb0bcddc2ead25b1580f6dba10452044d35bfac71d40962e66f1635
/lzcsys/run/lzc-docker/docker/containerd/6074fa3459ab4232a18207efb68667f9f6580b2cdd43b9c11db5b739250d5ea5
/lzcsys/run/lzc-docker/docker/containerd/b0f6e1822ab89cc46ee509b58b34da6d8c28b1d8a329dc4bea13cd31f869db68
/lzcsys/run/lzc-docker/docker/containerd/3e8a45dd32d588dc9d3e4408c7e7c099e4aafc947cda7208733589c600ec0f54
/lzcsys/run/lzc-docker/docker/containerd/6d6ebdc51570dbc70fe8f4af2cf2ed39e542337199fae3a46d9ca0ca65ed1e66
/lzcsys/run/lzc-docker/docker/containerd/ac3482f35b35a795c8fea00acad2d86a7e936b1c7bf7c1b32787504952195180
/lzcsys/run/lzc-docker/docker/containerd/06547fa1b0ca770176c77b60254c4655dcd84fdec48da88b2a0c79540b3bbe17
/lzcsys/run/lzc-docker/docker/containerd/9f8877ce6f9cc3e33d51589b5ce64228c12874c6f4289ffbbf1091dd8c02264d
/lzcsys/run/lzc-docker/docker/containerd/81dfe4fd2362ca26714bf84c6f7d3b3acfc4406664acf24556bcca53db24cd22
/lzcsys/run/lzc-docker/docker/netns
/lzcsys/run/lzc-docker/docker/netns/c28c60e477a2
/lzcsys/run/lzc-docker/docker/netns/default
/lzcsys/run/lzc-docker/docker/netns/0f192a799777
/lzcsys/run/lzc-docker/docker/netns/04c307df0359
/lzcsys/run/lzc-docker/docker/netns/89d4980e5f0a
/lzcsys/run/lzc-docker/docker/netns/833c5111dfc1
/lzcsys/run/lzc-docker/docker/netns/4c5983966d57
/lzcsys/run/lzc-docker/docker/netns/12ef0517c88c
/lzcsys/run/lzc-docker/docker/netns/98c3e09e2f56
/lzcsys/run/lzc-docker/docker/netns/c4a28dbde44d
/lzcsys/run/lzc-docker/docker/netns/13c53c75ef12
/lzcsys/run/lzc-docker/docker/netns/1b1aa8e3c1a8
/lzcsys/run/lzc-docker/docker/netns/50320ae79d2f
/lzcsys/run/lzc-docker/docker/netns/d093e806e244
/lzcsys/run/lzc-docker/docker/netns/af7620109325
/lzcsys/run/lzc-docker/docker/netns/fddcce1db207
/lzcsys/run/lzc-docker/docker/netns/64bca6b5e5f3
/lzcsys/run/lzc-docker/docker/netns/04fa03e2928f
/lzcsys/run/lzc-docker/docker/netns/3fa22cb2ffaf
/lzcsys/run/lzc-docker/docker/netns/f4f3db9f15cb
/lzcsys/run/lzc-docker/docker/netns/945cd3938da8
/lzcsys/run/lzc-docker/docker/netns/d6df6fd449f9
/lzcsys/run/lzc-docker/docker/netns/e4ce712edbae
/lzcsys/run/lzc-docker/docker/netns/d03eb4ce5625
/lzcsys/run/lzc-docker/docker/netns/61464b599576
/lzcsys/run/lzc-docker/docker/netns/9d180d3019ed
/lzcsys/run/lzc-docker/docker/netns/d2cb589e78fa
/lzcsys/run/lzc-docker/docker/netns/042004f817e9
/lzcsys/run/lzc-docker/docker/netns/58e9041b9b0e
/lzcsys/run/lzc-docker/docker/netns/86351633990b
/lzcsys/run/lzc-docker/docker/netns/f0ed985dddcb
/lzcsys/run/lzc-docker/docker/netns/f2f5ab24fb93
/lzcsys/run/lzc-docker/docker/netns/e640913e48b1
/lzcsys/run/lzc-docker/docker/netns/3dd0ab95c516
/lzcsys/run/lzc-docker/docker/netns/acd80bc3d63b
/lzcsys/run/lzc-docker/docker/netns/b0c15912e8ed
/lzcsys/run/lzc-docker/docker/netns/bc1a134f235a
/lzcsys/run/lzc-docker/docker/netns/1922a41b1633
/lzcsys/run/lzc-docker/docker/netns/356acb7e8db3
/lzcsys/run/lzc-docker/docker/netns/c50236be9b10
/lzcsys/run/lzc-docker/docker/netns/ed3530503869
/lzcsys/run/lzc-docker/docker/netns/ab8c4da869d7
/lzcsys/run/lzc-docker/docker/netns/10aeff91a564
/lzcsys/run/lzc-docker/docker/netns/fab98dc1085b
/lzcsys/run/lzc-docker/docker/netns/8f94dfb97d90
/lzcsys/run/lzc-docker/docker/netns/59265e700777
/lzcsys/run/lzc-docker/docker/netns/65058f8fee6a
/lzcsys/run/lzc-docker/docker/netns/486e40c6e32f
/lzcsys/run/lzc-docker/docker/netns/1a4856b9a206
/lzcsys/run/lzc-docker/docker/netns/6dd564086daf
/lzcsys/run/lzc-docker/docker/netns/7c9120e22a2b
/lzcsys/run/lzc-docker/docker/netns/49c42b4bd291
/lzcsys/run/lzc-docker/docker/netns/affdae130443
/lzcsys/run/lzc-docker/docker/netns/02da79be90ae
/lzcsys/run/lzc-docker/docker/netns/0ac5b47e0e4e
/lzcsys/run/lzc-docker/docker.pid
/lzcsys/run/lzc-docker/docker.sock
/lzcsys/run/lzc-docker/compose
/lzcsys/run/app
/lzcsys/run/app/cloud.lazycat.shell.appstore
/lzcsys/run/app/cloud.lazycat.shell.appstore/setup_scripts
/lzcsys/run/app/cloud.lazycat.shell.appstore/certs
/lzcsys/run/app/cloud.lazycat.shell.appstore/certs/app.crt
/lzcsys/run/app/cloud.lazycat.shell.appstore/certs/app.key
/lzcsys/run/app/cloud.lazycat.shell.appstore/certs/version
/lzcsys/run/app/cloud.lazycat.shell.appstore/certs/box.crt
/lzcsys/run/app/cloud.lazycat.shell.appstore/manifest.yml
/lzcsys/run/app/cloud.lazycat.shell.appstore/sys
/lzcsys/run/app/cloud.lazycat.shell.appstore/mnt
/lzcsys/run/app/cloud.lazycat.shell.appstore/mnt/home
/lzcsys/run/app/cloud.lazycat.shell.appstore/pprof
/lzcsys/run/app/cloud.lazycat.shell.appstore/pprof/cloud.lazycat.shell.appstore-init.sock
/lzcsys/run/app/cloud.lazycat.shell.appstore/lzc-init.sock
/lzcsys/run/app/cloud.lazycat.shell.files
/lzcsys/run/app/cloud.lazycat.shell.files/setup_scripts
/lzcsys/run/app/cloud.lazycat.shell.files/certs
/lzcsys/run/app/cloud.lazycat.shell.files/certs/app.crt
/lzcsys/run/app/cloud.lazycat.shell.files/certs/app.key
/lzcsys/run/app/cloud.lazycat.shell.files/certs/version
/lzcsys/run/app/cloud.lazycat.shell.files/certs/box.crt
/lzcsys/run/app/cloud.lazycat.shell.files/sys
/lzcsys/run/app/cloud.lazycat.shell.files/manifest.yml
/lzcsys/run/app/cloud.lazycat.shell.files/mnt
/lzcsys/run/app/cloud.lazycat.shell.files/mnt/media
/lzcsys/run/app/cloud.lazycat.shell.files/mnt/home
/lzcsys/run/app/cloud.lazycat.shell.files/data
/lzcsys/run/app/cloud.lazycat.shell.files/data/app
/lzcsys/run/app/cloud.lazycat.shell.files/pprof
/lzcsys/run/app/cloud.lazycat.shell.files/pprof/cloud.lazycat.shell.files-init.sock
/lzcsys/run/app/cloud.lazycat.shell.files/pprof/lzc-files.sock
/lzcsys/run/app/cloud.lazycat.shell.files/lzc-init.sock
/lzcsys/run/app/cloud.lazycat.app.contacts
/lzcsys/run/app/cloud.lazycat.app.contacts/setup_scripts
/lzcsys/run/app/cloud.lazycat.app.contacts/certs
/lzcsys/run/app/cloud.lazycat.app.contacts/certs/app.crt
/lzcsys/run/app/cloud.lazycat.app.contacts/certs/app.key
/lzcsys/run/app/cloud.lazycat.app.contacts/certs/version
/lzcsys/run/app/cloud.lazycat.app.contacts/certs/box.crt
/lzcsys/run/app/cloud.lazycat.app.contacts/manifest.yml
/lzcsys/run/app/cloud.lazycat.app.contacts/sys
/lzcsys/run/app/cloud.lazycat.app.contacts/mnt
/lzcsys/run/app/cloud.lazycat.app.contacts/mnt/home
/lzcsys/run/app/cloud.lazycat.app.contacts/pprof
/lzcsys/run/app/cloud.lazycat.app.contacts/pprof/cloud.lazycat.app.contacts-init.sock
/lzcsys/run/app/cloud.lazycat.app.contacts/lzc-init.sock
/lzcsys/run/app/cloud.lazycat.app.ai
/lzcsys/run/app/cloud.lazycat.app.ai/setup_scripts
/lzcsys/run/app/cloud.lazycat.app.ai/setup_scripts/caddy.json
/lzcsys/run/app/cloud.lazycat.app.ai/setup_scripts/caddy.sh
/lzcsys/run/app/cloud.lazycat.app.ai/certs
/lzcsys/run/app/cloud.lazycat.app.ai/certs/app.crt
/lzcsys/run/app/cloud.lazycat.app.ai/certs/app.key
/lzcsys/run/app/cloud.lazycat.app.ai/certs/version
/lzcsys/run/app/cloud.lazycat.app.ai/certs/box.crt
/lzcsys/run/app/cloud.lazycat.app.ai/manifest.yml
/lzcsys/run/app/cloud.lazycat.app.ai/sys
/lzcsys/run/app/cloud.lazycat.app.ai/mnt
/lzcsys/run/app/cloud.lazycat.app.ai/mnt/home
/lzcsys/run/app/cloud.lazycat.app.ai/pprof
/lzcsys/run/app/cloud.lazycat.app.ai/pprof/cloud.lazycat.app.ai-init.sock
/lzcsys/run/app/cloud.lazycat.app.ai/lzc-init.sock
/lzcsys/run/app/lazycat.community.app.openlist
/lzcsys/run/app/lazycat.community.app.openlist/setup_scripts
/lzcsys/run/app/lazycat.community.app.openlist/certs
/lzcsys/run/app/lazycat.community.app.openlist/certs/app.crt
/lzcsys/run/app/lazycat.community.app.openlist/certs/app.key
/lzcsys/run/app/lazycat.community.app.openlist/certs/version
/lzcsys/run/app/lazycat.community.app.openlist/certs/box.crt
/lzcsys/run/app/lazycat.community.app.openlist/sys
/lzcsys/run/app/lazycat.community.app.openlist/manifest.yml
/lzcsys/run/app/lazycat.community.app.openlist/mnt
/lzcsys/run/app/lazycat.community.app.openlist/mnt/home
/lzcsys/run/app/lazycat.community.app.openlist/mnt/media
/lzcsys/run/app/lazycat.community.app.openlist/pprof
/lzcsys/run/app/lazycat.community.app.openlist/pprof/lazycat.community.app.openlist-init.sock
/lzcsys/run/app/lazycat.community.app.openlist/lzc-init.sock
/lzcsys/run/app/cloud.lazycat.app.customrelay
/lzcsys/run/app/cloud.lazycat.app.customrelay/setup_scripts
/lzcsys/run/app/cloud.lazycat.app.customrelay/certs
/lzcsys/run/app/cloud.lazycat.app.customrelay/certs/app.crt
/lzcsys/run/app/cloud.lazycat.app.customrelay/certs/app.key
/lzcsys/run/app/cloud.lazycat.app.customrelay/certs/version
/lzcsys/run/app/cloud.lazycat.app.customrelay/certs/box.crt
/lzcsys/run/app/cloud.lazycat.app.customrelay/sys
/lzcsys/run/app/cloud.lazycat.app.customrelay/manifest.yml
/lzcsys/run/app/cloud.lazycat.app.customrelay/mnt
/lzcsys/run/app/cloud.lazycat.app.customrelay/mnt/home
/lzcsys/run/app/cloud.lazycat.app.customrelay/pprof
/lzcsys/run/app/cloud.lazycat.app.customrelay/pprof/cloud.lazycat.app.customrelay-init.sock
/lzcsys/run/app/cloud.lazycat.app.customrelay/lzc-init.sock
/lzcsys/run/app/cloud.lazycat.app.dockge
/lzcsys/run/app/cloud.lazycat.app.dockge/setup_scripts
/lzcsys/run/app/cloud.lazycat.app.dockge/certs
/lzcsys/run/app/cloud.lazycat.app.dockge/certs/app.crt
/lzcsys/run/app/cloud.lazycat.app.dockge/certs/app.key
/lzcsys/run/app/cloud.lazycat.app.dockge/certs/version
/lzcsys/run/app/cloud.lazycat.app.dockge/certs/box.crt
/lzcsys/run/app/cloud.lazycat.app.dockge/sys
/lzcsys/run/app/cloud.lazycat.app.dockge/manifest.yml
/lzcsys/run/app/cloud.lazycat.app.dockge/mnt
/lzcsys/run/app/cloud.lazycat.app.dockge/mnt/home
/lzcsys/run/app/cloud.lazycat.app.dockge/pprof
/lzcsys/run/app/cloud.lazycat.app.dockge/pprof/cloud.lazycat.app.dockge-init.sock
/lzcsys/run/app/cloud.lazycat.app.dockge/lzc-init.sock
/lzcsys/run/app/cloud.lazycat.app.dockge/playground
/lzcsys/run/app/cloud.lazycat.app.dockge/playground/docker.sock
/lzcsys/run/app/top.j0k3r.lpk-inspector
/lzcsys/run/app/top.j0k3r.lpk-inspector/setup_scripts
/lzcsys/run/app/top.j0k3r.lpk-inspector/certs
/lzcsys/run/app/top.j0k3r.lpk-inspector/certs/app.crt
/lzcsys/run/app/top.j0k3r.lpk-inspector/certs/app.key
/lzcsys/run/app/top.j0k3r.lpk-inspector/certs/version
/lzcsys/run/app/top.j0k3r.lpk-inspector/certs/box.crt
/lzcsys/run/app/top.j0k3r.lpk-inspector/manifest.yml
/lzcsys/run/app/top.j0k3r.lpk-inspector/sys
/lzcsys/run/app/top.j0k3r.lpk-inspector/mnt
/lzcsys/run/app/top.j0k3r.lpk-inspector/mnt/home
/lzcsys/run/app/top.j0k3r.lpk-inspector/pprof
/lzcsys/run/app/top.j0k3r.lpk-inspector/pprof/top.j0k3r.lpk-inspector-init.sock
/lzcsys/run/app/top.j0k3r.lpk-inspector/lzc-init.sock
/lzcsys/run/app/cloud.lazycat.app.onemcp
/lzcsys/run/app/cloud.lazycat.app.onemcp/setup_scripts
/lzcsys/run/app/cloud.lazycat.app.onemcp/certs
/lzcsys/run/app/cloud.lazycat.app.onemcp/certs/app.crt
/lzcsys/run/app/cloud.lazycat.app.onemcp/certs/app.key
/lzcsys/run/app/cloud.lazycat.app.onemcp/certs/version
/lzcsys/run/app/cloud.lazycat.app.onemcp/certs/box.crt
/lzcsys/run/app/cloud.lazycat.app.onemcp/manifest.yml
/lzcsys/run/app/cloud.lazycat.app.onemcp/sys
/lzcsys/run/app/cloud.lazycat.app.onemcp/mnt
/lzcsys/run/app/cloud.lazycat.app.onemcp/mnt/home
/lzcsys/run/app/cloud.lazycat.app.onemcp/pprof
/lzcsys/run/app/cloud.lazycat.app.onemcp/pprof/cloud.lazycat.app.onemcp-init.sock
/lzcsys/run/app/cloud.lazycat.app.onemcp/lzc-init.sock
/lzcsys/run/app/cloud.lazycat.app.jellyfinsingle
/lzcsys/run/app/cloud.lazycat.app.jellyfinsingle/setup_scripts
/lzcsys/run/app/cloud.lazycat.app.jellyfinsingle/certs
/lzcsys/run/app/cloud.lazycat.app.jellyfinsingle/certs/app.crt
/lzcsys/run/app/cloud.lazycat.app.jellyfinsingle/certs/app.key
/lzcsys/run/app/cloud.lazycat.app.jellyfinsingle/certs/version
/lzcsys/run/app/cloud.lazycat.app.jellyfinsingle/certs/box.crt
/lzcsys/run/app/cloud.lazycat.app.jellyfinsingle/manifest.yml
/lzcsys/run/app/cloud.lazycat.app.jellyfinsingle/sys
/lzcsys/run/app/cloud.lazycat.app.jellyfinsingle/mnt
/lzcsys/run/app/cloud.lazycat.app.jellyfinsingle/mnt/home
/lzcsys/run/app/cloud.lazycat.app.jellyfinsingle/mnt/media
/lzcsys/run/app/cloud.lazycat.app.jellyfinsingle/pprof
/lzcsys/run/app/cloud.lazycat.app.jellyfinsingle/pprof/cloud.lazycat.app.jellyfinsingle-init.sock
/lzcsys/run/app/cloud.lazycat.app.jellyfinsingle/lzc-init.sock
/lzcsys/run/app/cloud.lazycat.app.logviewer
/lzcsys/run/app/cloud.lazycat.app.logviewer/setup_scripts
/lzcsys/run/app/cloud.lazycat.app.logviewer/certs
/lzcsys/run/app/cloud.lazycat.app.logviewer/certs/app.crt
/lzcsys/run/app/cloud.lazycat.app.logviewer/certs/app.key
/lzcsys/run/app/cloud.lazycat.app.logviewer/certs/version
/lzcsys/run/app/cloud.lazycat.app.logviewer/certs/box.crt
/lzcsys/run/app/cloud.lazycat.app.logviewer/sys
/lzcsys/run/app/cloud.lazycat.app.logviewer/manifest.yml
/lzcsys/run/app/cloud.lazycat.app.logviewer/mnt
/lzcsys/run/app/cloud.lazycat.app.logviewer/mnt/home
/lzcsys/run/app/cloud.lazycat.app.logviewer/lzc-init.sock
/lzcsys/run/app/cloud.lazycat.app.logviewer/pprof
/lzcsys/run/app/cloud.lazycat.app.logviewer/pprof/cloud.lazycat.app.logviewer-init.sock
/lzcsys/run/app/cloud.lazycat.aipod.knowledge
/lzcsys/run/app/cloud.lazycat.aipod.knowledge/setup_scripts
/lzcsys/run/app/cloud.lazycat.aipod.knowledge/setup_scripts/caddy.json
/lzcsys/run/app/cloud.lazycat.aipod.knowledge/setup_scripts/caddy.sh
/lzcsys/run/app/cloud.lazycat.aipod.knowledge/certs
/lzcsys/run/app/cloud.lazycat.aipod.knowledge/certs/app.crt
/lzcsys/run/app/cloud.lazycat.aipod.knowledge/certs/app.key
/lzcsys/run/app/cloud.lazycat.aipod.knowledge/certs/version
/lzcsys/run/app/cloud.lazycat.aipod.knowledge/certs/box.crt
/lzcsys/run/app/cloud.lazycat.aipod.knowledge/manifest.yml
/lzcsys/run/app/cloud.lazycat.aipod.knowledge/sys
/lzcsys/run/app/cloud.lazycat.aipod.knowledge/mnt
/lzcsys/run/app/cloud.lazycat.aipod.knowledge/mnt/media
/lzcsys/run/app/cloud.lazycat.aipod.knowledge/mnt/home
/lzcsys/run/app/cloud.lazycat.aipod.knowledge/pprof
/lzcsys/run/app/cloud.lazycat.aipod.knowledge/pprof/cloud.lazycat.aipod.knowledge-init.sock
/lzcsys/run/app/cloud.lazycat.aipod.knowledge/lzc-init.sock
/lzcsys/run/app/cloud.lazycat.app.create
/lzcsys/run/app/cloud.lazycat.app.create/setup_scripts
/lzcsys/run/app/cloud.lazycat.app.create/certs
/lzcsys/run/app/cloud.lazycat.app.create/certs/app.crt
/lzcsys/run/app/cloud.lazycat.app.create/certs/app.key
/lzcsys/run/app/cloud.lazycat.app.create/certs/version
/lzcsys/run/app/cloud.lazycat.app.create/certs/box.crt
/lzcsys/run/app/cloud.lazycat.app.create/manifest.yml
/lzcsys/run/app/cloud.lazycat.app.create/sys
/lzcsys/run/app/cloud.lazycat.app.create/mnt
/lzcsys/run/app/cloud.lazycat.app.create/mnt/home
/lzcsys/run/app/cloud.lazycat.app.create/pprof
/lzcsys/run/app/cloud.lazycat.app.create/pprof/cloud.lazycat.app.create-init.sock
/lzcsys/run/app/cloud.lazycat.app.create/lzc-init.sock
/lzcsys/run/app/xyz.mxue.maxkb
/lzcsys/run/app/xyz.mxue.maxkb/setup_scripts
/lzcsys/run/app/xyz.mxue.maxkb/certs
/lzcsys/run/app/xyz.mxue.maxkb/certs/app.crt
/lzcsys/run/app/xyz.mxue.maxkb/certs/app.key
/lzcsys/run/app/xyz.mxue.maxkb/certs/version
/lzcsys/run/app/xyz.mxue.maxkb/certs/box.crt
/lzcsys/run/app/xyz.mxue.maxkb/sys
/lzcsys/run/app/xyz.mxue.maxkb/manifest.yml
/lzcsys/run/app/xyz.mxue.maxkb/mnt
/lzcsys/run/app/xyz.mxue.maxkb/mnt/home
/lzcsys/run/app/xyz.mxue.maxkb/pprof
/lzcsys/run/app/xyz.mxue.maxkb/pprof/xyz.mxue.maxkb-init.sock
/lzcsys/run/app/xyz.mxue.maxkb/lzc-init.sock
/lzcsys/run/app/com.lxy.app.clash
/lzcsys/run/app/com.lxy.app.clash/setup_scripts
/lzcsys/run/app/com.lxy.app.clash/certs
/lzcsys/run/app/com.lxy.app.clash/certs/app.crt
/lzcsys/run/app/com.lxy.app.clash/certs/app.key
/lzcsys/run/app/com.lxy.app.clash/certs/version
/lzcsys/run/app/com.lxy.app.clash/certs/box.crt
/lzcsys/run/app/com.lxy.app.clash/manifest.yml
/lzcsys/run/app/com.lxy.app.clash/sys
/lzcsys/run/app/com.lxy.app.clash/mnt
/lzcsys/run/app/com.lxy.app.clash/mnt/home
/lzcsys/run/app/com.lxy.app.clash/pprof
/lzcsys/run/app/com.lxy.app.clash/pprof/com.lxy.app.clash-init.sock
/lzcsys/run/app/com.lxy.app.clash/lzc-init.sock
/lzcsys/run/app/cloud.lazycat.aipod.rag
/lzcsys/run/app/cloud.lazycat.aipod.rag/setup_scripts
/lzcsys/run/app/cloud.lazycat.aipod.rag/setup_scripts/caddy.json
/lzcsys/run/app/cloud.lazycat.aipod.rag/setup_scripts/caddy.sh
/lzcsys/run/app/cloud.lazycat.aipod.rag/certs
/lzcsys/run/app/cloud.lazycat.aipod.rag/certs/app.crt
/lzcsys/run/app/cloud.lazycat.aipod.rag/certs/app.key
/lzcsys/run/app/cloud.lazycat.aipod.rag/certs/version
/lzcsys/run/app/cloud.lazycat.aipod.rag/certs/box.crt
/lzcsys/run/app/cloud.lazycat.aipod.rag/sys
/lzcsys/run/app/cloud.lazycat.aipod.rag/manifest.yml
/lzcsys/run/app/cloud.lazycat.aipod.rag/mnt
/lzcsys/run/app/cloud.lazycat.aipod.rag/mnt/media
/lzcsys/run/app/cloud.lazycat.aipod.rag/mnt/home
/lzcsys/run/app/cloud.lazycat.aipod.rag/pprof
/lzcsys/run/app/cloud.lazycat.aipod.rag/pprof/cloud.lazycat.aipod.rag-init.sock
/lzcsys/run/app/cloud.lazycat.aipod.rag/lzc-init.sock
/lzcsys/run/app/cloud.lzcapp.qemu
/lzcsys/run/app/cloud.lzcapp.qemu/setup_scripts
/lzcsys/run/app/cloud.lzcapp.qemu/certs
/lzcsys/run/app/cloud.lzcapp.qemu/certs/app.crt
/lzcsys/run/app/cloud.lzcapp.qemu/certs/app.key
/lzcsys/run/app/cloud.lzcapp.qemu/certs/version
/lzcsys/run/app/cloud.lzcapp.qemu/certs/box.crt
/lzcsys/run/app/cloud.lzcapp.qemu/manifest.yml
/lzcsys/run/app/cloud.lzcapp.qemu/sys
/lzcsys/run/app/cloud.lzcapp.qemu/mnt
/lzcsys/run/app/cloud.lzcapp.qemu/mnt/home
/lzcsys/run/app/cloud.lzcapp.qemu/pprof
/lzcsys/run/app/cloud.lzcapp.qemu/pprof/cloud.lzcapp.qemu-init.sock
/lzcsys/run/app/cloud.lzcapp.qemu/lzc-init.sock
/lzcsys/run/app/cloud.lazycat.app.photo
/lzcsys/run/app/cloud.lazycat.app.photo/setup_scripts
/lzcsys/run/app/cloud.lazycat.app.photo/certs
/lzcsys/run/app/cloud.lazycat.app.photo/certs/app.crt
/lzcsys/run/app/cloud.lazycat.app.photo/certs/app.key
/lzcsys/run/app/cloud.lazycat.app.photo/certs/version
/lzcsys/run/app/cloud.lazycat.app.photo/certs/box.crt
/lzcsys/run/app/cloud.lazycat.app.photo/manifest.yml
/lzcsys/run/app/cloud.lazycat.app.photo/sys
/lzcsys/run/app/cloud.lazycat.app.photo/mnt
/lzcsys/run/app/cloud.lazycat.app.photo/mnt/home
/lzcsys/run/app/cloud.lazycat.app.photo/pprof
/lzcsys/run/app/cloud.lazycat.app.photo/pprof/cloud.lazycat.app.photo-init.sock
/lzcsys/run/app/cloud.lazycat.app.photo/pprof/lzc-photo.sock
/lzcsys/run/app/cloud.lazycat.app.photo/lzc-init.sock
/lzcsys/run/app/cloud.lazycat.app.forward
/lzcsys/run/app/cloud.lazycat.app.forward/setup_scripts
/lzcsys/run/app/cloud.lazycat.app.forward/certs
/lzcsys/run/app/cloud.lazycat.app.forward/certs/app.crt
/lzcsys/run/app/cloud.lazycat.app.forward/certs/app.key
/lzcsys/run/app/cloud.lazycat.app.forward/certs/version
/lzcsys/run/app/cloud.lazycat.app.forward/certs/box.crt
/lzcsys/run/app/cloud.lazycat.app.forward/lzc-docker
/lzcsys/run/app/cloud.lazycat.app.forward/sys
/lzcsys/run/app/cloud.lazycat.app.forward/manifest.yml
/lzcsys/run/app/cloud.lazycat.app.forward/mnt
/lzcsys/run/app/cloud.lazycat.app.forward/mnt/home
/lzcsys/run/app/cloud.lazycat.app.forward/data
/lzcsys/run/app/cloud.lazycat.app.forward/data/app
/lzcsys/run/app/cloud.lazycat.app.forward/pprof
/lzcsys/run/app/cloud.lazycat.app.forward/pprof/cloud.lazycat.app.forward-init.sock
/lzcsys/run/app/cloud.lazycat.app.forward/lzc-init.sock
/lzcsys/run/app/cloud.lazycat.developer.tools
/lzcsys/run/app/cloud.lazycat.developer.tools/setup_scripts
/lzcsys/run/app/cloud.lazycat.developer.tools/certs
/lzcsys/run/app/cloud.lazycat.developer.tools/certs/app.crt
/lzcsys/run/app/cloud.lazycat.developer.tools/certs/app.key
/lzcsys/run/app/cloud.lazycat.developer.tools/certs/version
/lzcsys/run/app/cloud.lazycat.developer.tools/certs/box.crt
/lzcsys/run/app/cloud.lazycat.developer.tools/manifest.yml
/lzcsys/run/app/cloud.lazycat.developer.tools/lzc-docker
/lzcsys/run/app/cloud.lazycat.developer.tools/sys
/lzcsys/run/app/cloud.lazycat.developer.tools/mnt
/lzcsys/run/app/cloud.lazycat.developer.tools/mnt/home
/lzcsys/run/app/cloud.lazycat.developer.tools/data
/lzcsys/run/app/cloud.lazycat.developer.tools/data/app
/lzcsys/run/app/cloud.lazycat.developer.tools/pprof
/lzcsys/run/app/cloud.lazycat.developer.tools/pprof/cloud.lazycat.developer.tools-init.sock
/lzcsys/run/app/cloud.lazycat.developer.tools/lzc-init.sock
/lzcsys/run/file_handler
/lzcsys/run/file_handler/globs2
/lzcsys/run/file_handler/actions.json
/lzcsys/run/file_handler/mimetypes.json
/lzcsys/run/license.tss.ok

real	0m0.019s
user	0m0.004s
sys	0m0.002s
