正在处理磁盘: /dev/sda
{
  "json_format_version": [
    1,
    0
  ],
  "smartctl": {
    "version": [
      7,
      4
    ],
    "pre_release": false,
    "svn_revision": "5530",
    "platform_info": "x86_64-linux-6.5.0-0.deb12.4-amd64",
    "build_info": "(local build)",
    "argv": [
      "smartctl",
      "-a",
      "-j",
      "/dev/sda"
    ],
    "drive_database_version": {
      "string": "7.3/5528"
    },
    "exit_status": 0
  },
  "local_time": {
    "time_t": 1763297134,
    "asctime": "Sun Nov 16 20:45:34 2025 CST"
  },
  "device": {
    "name": "/dev/sda",
    "info_name": "/dev/sda [SAT]",
    "type": "sat",
    "protocol": "ATA"
  },
  "model_family": "Western Digital Blue Mobile (SMR)",
  "model_name": "WDC WD10SPZX-22Z10T1",
  "serial_number": "WD-WX42A23PM742",
  "wwn": {
    "naa": 5,
    "oui": 5358,
    "id": 11816354819
  },
  "firmware_version": "04.01A04",
  "user_capacity": {
    "blocks": 1953525168,
    "bytes": 1000204886016
  },
  "logical_block_size": 512,
  "physical_block_size": 4096,
  "rotation_rate": 5400,
  "form_factor": {
    "ata_value": 3,
    "name": "2.5 inches"
  },
  "trim": {
    "supported": true,
    "deterministic": true,
    "zeroed": false
  },
  "in_smartctl_database": true,
  "ata_version": {
    "string": "ACS-3 T13/2161-D revision 5",
    "major_value": 2046,
    "minor_value": 109
  },
  "sata_version": {
    "string": "SATA 3.1",
    "value": 126
  },
  "interface_speed": {
    "max": {
      "sata_value": 14,
      "string": "6.0 Gb/s",
      "units_per_second": 60,
      "bits_per_unit": 100000000
    },
    "current": {
      "sata_value": 3,
      "string": "6.0 Gb/s",
      "units_per_second": 60,
      "bits_per_unit": 100000000
    }
  },
  "smart_support": {
    "available": true,
    "enabled": true
  },
  "smart_status": {
    "passed": true
  },
  "ata_smart_data": {
    "offline_data_collection": {
      "status": {
        "value": 0,
        "string": "was never started"
      },
      "completion_seconds": 1020
    },
    "self_test": {
      "status": {
        "value": 0,
        "string": "completed without error",
        "passed": true
      },
      "polling_minutes": {
        "short": 2,
        "extended": 64,
        "conveyance": 4
      }
    },
    "capabilities": {
      "values": [
        113,
        3
      ],
      "exec_offline_immediate_supported": true,
      "offline_is_aborted_upon_new_cmd": false,
      "offline_surface_scan_supported": false,
      "self_tests_supported": true,
      "conveyance_self_test_supported": true,
      "selective_self_test_supported": true,
      "attribute_autosave_enabled": true,
      "error_logging_supported": true,
      "gp_logging_supported": true
    }
  },
  "ata_sct_capabilities": {
    "value": 12341,
    "error_recovery_control_supported": false,
    "feature_control_supported": true,
    "data_table_supported": true
  },
  "ata_smart_attributes": {
    "revision": 16,
    "table": [
      {
        "id": 1,
        "name": "Raw_Read_Error_Rate",
        "value": 200,
        "worst": 200,
        "thresh": 51,
        "when_failed": "",
        "flags": {
          "value": 47,
          "string": "POSR-K ",
          "prefailure": true,
          "updated_online": true,
          "performance": true,
          "error_rate": true,
          "event_count": false,
          "auto_keep": true
        },
        "raw": {
          "value": 0,
          "string": "0"
        }
      },
      {
        "id": 3,
        "name": "Spin_Up_Time",
        "value": 194,
        "worst": 189,
        "thresh": 21,
        "when_failed": "",
        "flags": {
          "value": 39,
          "string": "POS--K ",
          "prefailure": true,
          "updated_online": true,
          "performance": true,
          "error_rate": false,
          "event_count": false,
          "auto_keep": true
        },
        "raw": {
          "value": 1258,
          "string": "1258"
        }
      },
      {
        "id": 4,
        "name": "Start_Stop_Count",
        "value": 100,
        "worst": 100,
        "thresh": 0,
        "when_failed": "",
        "flags": {
          "value": 50,
          "string": "-O--CK ",
          "prefailure": false,
          "updated_online": true,
          "performance": false,
          "error_rate": false,
          "event_count": true,
          "auto_keep": true
        },
        "raw": {
          "value": 524,
          "string": "524"
        }
      },
      {
        "id": 5,
        "name": "Reallocated_Sector_Ct",
        "value": 200,
        "worst": 200,
        "thresh": 140,
        "when_failed": "",
        "flags": {
          "value": 51,
          "string": "PO--CK ",
          "prefailure": true,
          "updated_online": true,
          "performance": false,
          "error_rate": false,
          "event_count": true,
          "auto_keep": true
        },
        "raw": {
          "value": 0,
          "string": "0"
        }
      },
      {
        "id": 7,
        "name": "Seek_Error_Rate",
        "value": 200,
        "worst": 200,
        "thresh": 0,
        "when_failed": "",
        "flags": {
          "value": 46,
          "string": "-OSR-K ",
          "prefailure": false,
          "updated_online": true,
          "performance": true,
          "error_rate": true,
          "event_count": false,
          "auto_keep": true
        },
        "raw": {
          "value": 0,
          "string": "0"
        }
      },
      {
        "id": 9,
        "name": "Power_On_Hours",
        "value": 93,
        "worst": 93,
        "thresh": 0,
        "when_failed": "",
        "flags": {
          "value": 50,
          "string": "-O--CK ",
          "prefailure": false,
          "updated_online": true,
          "performance": false,
          "error_rate": false,
          "event_count": true,
          "auto_keep": true
        },
        "raw": {
          "value": 5181,
          "string": "5181"
        }
      },
      {
        "id": 10,
        "name": "Spin_Retry_Count",
        "value": 100,
        "worst": 100,
        "thresh": 0,
        "when_failed": "",
        "flags": {
          "value": 50,
          "string": "-O--CK ",
          "prefailure": false,
          "updated_online": true,
          "performance": false,
          "error_rate": false,
          "event_count": true,
          "auto_keep": true
        },
        "raw": {
          "value": 0,
          "string": "0"
        }
      },
      {
        "id": 11,
        "name": "Calibration_Retry_Count",
        "value": 100,
        "worst": 253,
        "thresh": 0,
        "when_failed": "",
        "flags": {
          "value": 50,
          "string": "-O--CK ",
          "prefailure": false,
          "updated_online": true,
          "performance": false,
          "error_rate": false,
          "event_count": true,
          "auto_keep": true
        },
        "raw": {
          "value": 0,
          "string": "0"
        }
      },
      {
        "id": 12,
        "name": "Power_Cycle_Count",
        "value": 100,
        "worst": 100,
        "thresh": 0,
        "when_failed": "",
        "flags": {
          "value": 50,
          "string": "-O--CK ",
          "prefailure": false,
          "updated_online": true,
          "performance": false,
          "error_rate": false,
          "event_count": true,
          "auto_keep": true
        },
        "raw": {
          "value": 61,
          "string": "61"
        }
      },
      {
        "id": 192,
        "name": "Power-Off_Retract_Count",
        "value": 200,
        "worst": 200,
        "thresh": 0,
        "when_failed": "",
        "flags": {
          "value": 50,
          "string": "-O--CK ",
          "prefailure": false,
          "updated_online": true,
          "performance": false,
          "error_rate": false,
          "event_count": true,
          "auto_keep": true
        },
        "raw": {
          "value": 30,
          "string": "30"
        }
      },
      {
        "id": 193,
        "name": "Load_Cycle_Count",
        "value": 30,
        "worst": 30,
        "thresh": 0,
        "when_failed": "",
        "flags": {
          "value": 50,
          "string": "-O--CK ",
          "prefailure": false,
          "updated_online": true,
          "performance": false,
          "error_rate": false,
          "event_count": true,
          "auto_keep": true
        },
        "raw": {
          "value": 511516,
          "string": "511516"
        }
      },
      {
        "id": 194,
        "name": "Temperature_Celsius",
        "value": 110,
        "worst": 96,
        "thresh": 0,
        "when_failed": "",
        "flags": {
          "value": 34,
          "string": "-O---K ",
          "prefailure": false,
          "updated_online": true,
          "performance": false,
          "error_rate": false,
          "event_count": false,
          "auto_keep": true
        },
        "raw": {
          "value": 33,
          "string": "33"
        }
      },
      {
        "id": 196,
        "name": "Reallocated_Event_Count",
        "value": 200,
        "worst": 200,
        "thresh": 0,
        "when_failed": "",
        "flags": {
          "value": 50,
          "string": "-O--CK ",
          "prefailure": false,
          "updated_online": true,
          "performance": false,
          "error_rate": false,
          "event_count": true,
          "auto_keep": true
        },
        "raw": {
          "value": 0,
          "string": "0"
        }
      },
      {
        "id": 197,
        "name": "Current_Pending_Sector",
        "value": 200,
        "worst": 200,
        "thresh": 0,
        "when_failed": "",
        "flags": {
          "value": 50,
          "string": "-O--CK ",
          "prefailure": false,
          "updated_online": true,
          "performance": false,
          "error_rate": false,
          "event_count": true,
          "auto_keep": true
        },
        "raw": {
          "value": 0,
          "string": "0"
        }
      },
      {
        "id": 198,
        "name": "Offline_Uncorrectable",
        "value": 100,
        "worst": 253,
        "thresh": 0,
        "when_failed": "",
        "flags": {
          "value": 48,
          "string": "----CK ",
          "prefailure": false,
          "updated_online": false,
          "performance": false,
          "error_rate": false,
          "event_count": true,
          "auto_keep": true
        },
        "raw": {
          "value": 0,
          "string": "0"
        }
      },
      {
        "id": 199,
        "name": "UDMA_CRC_Error_Count",
        "value": 200,
        "worst": 200,
        "thresh": 0,
        "when_failed": "",
        "flags": {
          "value": 50,
          "string": "-O--CK ",
          "prefailure": false,
          "updated_online": true,
          "performance": false,
          "error_rate": false,
          "event_count": true,
          "auto_keep": true
        },
        "raw": {
          "value": 0,
          "string": "0"
        }
      },
      {
        "id": 200,
        "name": "Multi_Zone_Error_Rate",
        "value": 100,
        "worst": 253,
        "thresh": 0,
        "when_failed": "",
        "flags": {
          "value": 8,
          "string": "---R-- ",
          "prefailure": false,
          "updated_online": false,
          "performance": false,
          "error_rate": true,
          "event_count": false,
          "auto_keep": false
        },
        "raw": {
          "value": 0,
          "string": "0"
        }
      }
    ]
  },
  "power_on_time": {
    "hours": 5181
  },
  "power_cycle_count": 61,
  "temperature": {
    "current": 33
  },
  "ata_smart_error_log": {
    "summary": {
      "revision": 1,
      "count": 0
    }
  },
  "ata_smart_self_test_log": {
    "standard": {
      "revision": 1,
      "count": 0
    }
  },
  "ata_smart_selective_self_test_log": {
    "revision": 1,
    "table": [
      {
        "lba_min": 0,
        "lba_max": 0,
        "status": {
          "value": 0,
          "string": "Not_testing"
        }
      },
      {
        "lba_min": 0,
        "lba_max": 0,
        "status": {
          "value": 0,
          "string": "Not_testing"
        }
      },
      {
        "lba_min": 0,
        "lba_max": 0,
        "status": {
          "value": 0,
          "string": "Not_testing"
        }
      },
      {
        "lba_min": 0,
        "lba_max": 0,
        "status": {
          "value": 0,
          "string": "Not_testing"
        }
      },
      {
        "lba_min": 0,
        "lba_max": 0,
        "status": {
          "value": 0,
          "string": "Not_testing"
        }
      }
    ],
    "flags": {
      "value": 0,
      "remainder_scan_enabled": false
    },
    "power_up_scan_resume_minutes": 0
  }
}
--------------------------------------------------
正在处理磁盘: /dev/sdb
{
  "json_format_version": [
    1,
    0
  ],
  "smartctl": {
    "version": [
      7,
      4
    ],
    "pre_release": false,
    "svn_revision": "5530",
    "platform_info": "x86_64-linux-6.5.0-0.deb12.4-amd64",
    "build_info": "(local build)",
    "argv": [
      "smartctl",
      "-a",
      "-j",
      "/dev/sdb"
    ],
    "drive_database_version": {
      "string": "7.3/5528"
    },
    "exit_status": 0
  },
  "local_time": {
    "time_t": 1763297134,
    "asctime": "Sun Nov 16 20:45:34 2025 CST"
  },
  "device": {
    "name": "/dev/sdb",
    "info_name": "/dev/sdb [SAT]",
    "type": "sat",
    "protocol": "ATA"
  },
  "model_family": "Western Digital Blue Mobile (SMR)",
  "model_name": "WDC WD10SPZX-22Z10T1",
  "serial_number": "WD-WXL2A135XFD2",
  "wwn": {
    "naa": 5,
    "oui": 5358,
    "id": 11816348039
  },
  "firmware_version": "04.01A04",
  "user_capacity": {
    "blocks": 1953525168,
    "bytes": 1000204886016
  },
  "logical_block_size": 512,
  "physical_block_size": 4096,
  "rotation_rate": 5400,
  "form_factor": {
    "ata_value": 3,
    "name": "2.5 inches"
  },
  "trim": {
    "supported": true,
    "deterministic": true,
    "zeroed": false
  },
  "in_smartctl_database": true,
  "ata_version": {
    "string": "ACS-3 T13/2161-D revision 5",
    "major_value": 2046,
    "minor_value": 109
  },
  "sata_version": {
    "string": "SATA 3.1",
    "value": 126
  },
  "interface_speed": {
    "max": {
      "sata_value": 14,
      "string": "6.0 Gb/s",
      "units_per_second": 60,
      "bits_per_unit": 100000000
    },
    "current": {
      "sata_value": 3,
      "string": "6.0 Gb/s",
      "units_per_second": 60,
      "bits_per_unit": 100000000
    }
  },
  "smart_support": {
    "available": true,
    "enabled": true
  },
  "smart_status": {
    "passed": true
  },
  "ata_smart_data": {
    "offline_data_collection": {
      "status": {
        "value": 0,
        "string": "was never started"
      },
      "completion_seconds": 1020
    },
    "self_test": {
      "status": {
        "value": 0,
        "string": "completed without error",
        "passed": true
      },
      "polling_minutes": {
        "short": 2,
        "extended": 66,
        "conveyance": 3
      }
    },
    "capabilities": {
      "values": [
        113,
        3
      ],
      "exec_offline_immediate_supported": true,
      "offline_is_aborted_upon_new_cmd": false,
      "offline_surface_scan_supported": false,
      "self_tests_supported": true,
      "conveyance_self_test_supported": true,
      "selective_self_test_supported": true,
      "attribute_autosave_enabled": true,
      "error_logging_supported": true,
      "gp_logging_supported": true
    }
  },
  "ata_sct_capabilities": {
    "value": 12341,
    "error_recovery_control_supported": false,
    "feature_control_supported": true,
    "data_table_supported": true
  },
  "ata_smart_attributes": {
    "revision": 16,
    "table": [
      {
        "id": 1,
        "name": "Raw_Read_Error_Rate",
        "value": 200,
        "worst": 200,
        "thresh": 51,
        "when_failed": "",
        "flags": {
          "value": 47,
          "string": "POSR-K ",
          "prefailure": true,
          "updated_online": true,
          "performance": true,
          "error_rate": true,
          "event_count": false,
          "auto_keep": true
        },
        "raw": {
          "value": 0,
          "string": "0"
        }
      },
      {
        "id": 3,
        "name": "Spin_Up_Time",
        "value": 195,
        "worst": 191,
        "thresh": 21,
        "when_failed": "",
        "flags": {
          "value": 39,
          "string": "POS--K ",
          "prefailure": true,
          "updated_online": true,
          "performance": true,
          "error_rate": false,
          "event_count": false,
          "auto_keep": true
        },
        "raw": {
          "value": 1233,
          "string": "1233"
        }
      },
      {
        "id": 4,
        "name": "Start_Stop_Count",
        "value": 100,
        "worst": 100,
        "thresh": 0,
        "when_failed": "",
        "flags": {
          "value": 50,
          "string": "-O--CK ",
          "prefailure": false,
          "updated_online": true,
          "performance": false,
          "error_rate": false,
          "event_count": true,
          "auto_keep": true
        },
        "raw": {
          "value": 103,
          "string": "103"
        }
      },
      {
        "id": 5,
        "name": "Reallocated_Sector_Ct",
        "value": 200,
        "worst": 200,
        "thresh": 140,
        "when_failed": "",
        "flags": {
          "value": 51,
          "string": "PO--CK ",
          "prefailure": true,
          "updated_online": true,
          "performance": false,
          "error_rate": false,
          "event_count": true,
          "auto_keep": true
        },
        "raw": {
          "value": 0,
          "string": "0"
        }
      },
      {
        "id": 7,
        "name": "Seek_Error_Rate",
        "value": 200,
        "worst": 200,
        "thresh": 0,
        "when_failed": "",
        "flags": {
          "value": 46,
          "string": "-OSR-K ",
          "prefailure": false,
          "updated_online": true,
          "performance": true,
          "error_rate": true,
          "event_count": false,
          "auto_keep": true
        },
        "raw": {
          "value": 0,
          "string": "0"
        }
      },
      {
        "id": 9,
        "name": "Power_On_Hours",
        "value": 93,
        "worst": 93,
        "thresh": 0,
        "when_failed": "",
        "flags": {
          "value": 50,
          "string": "-O--CK ",
          "prefailure": false,
          "updated_online": true,
          "performance": false,
          "error_rate": false,
          "event_count": true,
          "auto_keep": true
        },
        "raw": {
          "value": 5643,
          "string": "5643"
        }
      },
      {
        "id": 10,
        "name": "Spin_Retry_Count",
        "value": 100,
        "worst": 100,
        "thresh": 0,
        "when_failed": "",
        "flags": {
          "value": 50,
          "string": "-O--CK ",
          "prefailure": false,
          "updated_online": true,
          "performance": false,
          "error_rate": false,
          "event_count": true,
          "auto_keep": true
        },
        "raw": {
          "value": 0,
          "string": "0"
        }
      },
      {
        "id": 11,
        "name": "Calibration_Retry_Count",
        "value": 100,
        "worst": 100,
        "thresh": 0,
        "when_failed": "",
        "flags": {
          "value": 50,
          "string": "-O--CK ",
          "prefailure": false,
          "updated_online": true,
          "performance": false,
          "error_rate": false,
          "event_count": true,
          "auto_keep": true
        },
        "raw": {
          "value": 0,
          "string": "0"
        }
      },
      {
        "id": 12,
        "name": "Power_Cycle_Count",
        "value": 100,
        "worst": 100,
        "thresh": 0,
        "when_failed": "",
        "flags": {
          "value": 50,
          "string": "-O--CK ",
          "prefailure": false,
          "updated_online": true,
          "performance": false,
          "error_rate": false,
          "event_count": true,
          "auto_keep": true
        },
        "raw": {
          "value": 102,
          "string": "102"
        }
      },
      {
        "id": 192,
        "name": "Power-Off_Retract_Count",
        "value": 200,
        "worst": 200,
        "thresh": 0,
        "when_failed": "",
        "flags": {
          "value": 50,
          "string": "-O--CK ",
          "prefailure": false,
          "updated_online": true,
          "performance": false,
          "error_rate": false,
          "event_count": true,
          "auto_keep": true
        },
        "raw": {
          "value": 50,
          "string": "50"
        }
      },
      {
        "id": 193,
        "name": "Load_Cycle_Count",
        "value": 88,
        "worst": 88,
        "thresh": 0,
        "when_failed": "",
        "flags": {
          "value": 50,
          "string": "-O--CK ",
          "prefailure": false,
          "updated_online": true,
          "performance": false,
          "error_rate": false,
          "event_count": true,
          "auto_keep": true
        },
        "raw": {
          "value": 336604,
          "string": "336604"
        }
      },
      {
        "id": 194,
        "name": "Temperature_Celsius",
        "value": 112,
        "worst": 97,
        "thresh": 0,
        "when_failed": "",
        "flags": {
          "value": 34,
          "string": "-O---K ",
          "prefailure": false,
          "updated_online": true,
          "performance": false,
          "error_rate": false,
          "event_count": false,
          "auto_keep": true
        },
        "raw": {
          "value": 31,
          "string": "31"
        }
      },
      {
        "id": 196,
        "name": "Reallocated_Event_Count",
        "value": 200,
        "worst": 200,
        "thresh": 0,
        "when_failed": "",
        "flags": {
          "value": 50,
          "string": "-O--CK ",
          "prefailure": false,
          "updated_online": true,
          "performance": false,
          "error_rate": false,
          "event_count": true,
          "auto_keep": true
        },
        "raw": {
          "value": 0,
          "string": "0"
        }
      },
      {
        "id": 197,
        "name": "Current_Pending_Sector",
        "value": 200,
        "worst": 200,
        "thresh": 0,
        "when_failed": "",
        "flags": {
          "value": 50,
          "string": "-O--CK ",
          "prefailure": false,
          "updated_online": true,
          "performance": false,
          "error_rate": false,
          "event_count": true,
          "auto_keep": true
        },
        "raw": {
          "value": 0,
          "string": "0"
        }
      },
      {
        "id": 198,
        "name": "Offline_Uncorrectable",
        "value": 100,
        "worst": 253,
        "thresh": 0,
        "when_failed": "",
        "flags": {
          "value": 48,
          "string": "----CK ",
          "prefailure": false,
          "updated_online": false,
          "performance": false,
          "error_rate": false,
          "event_count": true,
          "auto_keep": true
        },
        "raw": {
          "value": 0,
          "string": "0"
        }
      },
      {
        "id": 199,
        "name": "UDMA_CRC_Error_Count",
        "value": 200,
        "worst": 200,
        "thresh": 0,
        "when_failed": "",
        "flags": {
          "value": 50,
          "string": "-O--CK ",
          "prefailure": false,
          "updated_online": true,
          "performance": false,
          "error_rate": false,
          "event_count": true,
          "auto_keep": true
        },
        "raw": {
          "value": 0,
          "string": "0"
        }
      },
      {
        "id": 200,
        "name": "Multi_Zone_Error_Rate",
        "value": 100,
        "worst": 253,
        "thresh": 0,
        "when_failed": "",
        "flags": {
          "value": 8,
          "string": "---R-- ",
          "prefailure": false,
          "updated_online": false,
          "performance": false,
          "error_rate": true,
          "event_count": false,
          "auto_keep": false
        },
        "raw": {
          "value": 0,
          "string": "0"
        }
      }
    ]
  },
  "power_on_time": {
    "hours": 5643
  },
  "power_cycle_count": 102,
  "temperature": {
    "current": 31
  },
  "ata_smart_error_log": {
    "summary": {
      "revision": 1,
      "count": 0
    }
  },
  "ata_smart_self_test_log": {
    "standard": {
      "revision": 1,
      "count": 0
    }
  },
  "ata_smart_selective_self_test_log": {
    "revision": 1,
    "table": [
      {
        "lba_min": 0,
        "lba_max": 0,
        "status": {
          "value": 0,
          "string": "Not_testing"
        }
      },
      {
        "lba_min": 0,
        "lba_max": 0,
        "status": {
          "value": 0,
          "string": "Not_testing"
        }
      },
      {
        "lba_min": 0,
        "lba_max": 0,
        "status": {
          "value": 0,
          "string": "Not_testing"
        }
      },
      {
        "lba_min": 0,
        "lba_max": 0,
        "status": {
          "value": 0,
          "string": "Not_testing"
        }
      },
      {
        "lba_min": 0,
        "lba_max": 0,
        "status": {
          "value": 0,
          "string": "Not_testing"
        }
      }
    ],
    "flags": {
      "value": 0,
      "remainder_scan_enabled": false
    },
    "power_up_scan_resume_minutes": 0
  }
}
--------------------------------------------------
正在处理磁盘: /dev/nvme0n1
{
  "json_format_version": [
    1,
    0
  ],
  "smartctl": {
    "version": [
      7,
      4
    ],
    "pre_release": false,
    "svn_revision": "5530",
    "platform_info": "x86_64-linux-6.5.0-0.deb12.4-amd64",
    "build_info": "(local build)",
    "argv": [
      "smartctl",
      "-a",
      "-j",
      "/dev/nvme0n1"
    ],
    "messages": [
      {
        "string": "Read Self-test Log failed: Invalid Field in Command (0x002)",
        "severity": "error"
      }
    ],
    "exit_status": 4
  },
  "local_time": {
    "time_t": 1763297134,
    "asctime": "Sun Nov 16 20:45:34 2025 CST"
  },
  "device": {
    "name": "/dev/nvme0n1",
    "info_name": "/dev/nvme0n1",
    "type": "nvme",
    "protocol": "NVMe"
  },
  "model_name": "SOLIDIGM SSDPFKNU512GZ",
  "serial_number": "BTEH322109UM512A",
  "firmware_version": "002C",
  "nvme_pci_vendor": {
    "id": 606,
    "subsystem_id": 606
  },
  "nvme_ieee_oui_identifier": 13162167,
  "nvme_controller_id": 1,
  "nvme_version": {
    "string": "1.4",
    "value": 66560
  },
  "nvme_number_of_namespaces": 1,
  "nvme_namespaces": [
    {
      "id": 1,
      "size": {
        "blocks": 1000215216,
        "bytes": 512110190592
      },
      "capacity": {
        "blocks": 1000215216,
        "bytes": 512110190592
      },
      "utilization": {
        "blocks": 1000215216,
        "bytes": 512110190592
      },
      "formatted_lba_size": 512
    }
  ],
  "user_capacity": {
    "blocks": 1000215216,
    "bytes": 512110190592
  },
  "logical_block_size": 512,
  "smart_support": {
    "available": true,
    "enabled": true
  },
  "smart_status": {
    "passed": true,
    "nvme": {
      "value": 0
    }
  },
  "nvme_smart_health_information_log": {
    "critical_warning": 0,
    "temperature": 49,
    "available_spare": 100,
    "available_spare_threshold": 10,
    "percentage_used": 2,
    "data_units_read": 46548943,
    "data_units_written": 10324947,
    "host_reads": 359326466,
    "host_writes": 256123358,
    "controller_busy_time": 3376,
    "power_cycles": 359,
    "power_on_hours": 7686,
    "unsafe_shutdowns": 119,
    "media_errors": 0,
    "num_err_log_entries": 0,
    "warning_temp_time": 0,
    "critical_comp_time": 0
  },
  "temperature": {
    "current": 49
  },
  "power_cycle_count": 359,
  "power_on_time": {
    "hours": 7686
  },
  "nvme_error_information_log": {
    "size": 256,
    "read": 16,
    "unread": 0
  }
}
--------------------------------------------------

real	0m0.453s
user	0m0.068s
sys	0m0.011s
