日志打印开始
日志打印结束
日志打印开始
日志打印结束
日志打印开始
日志打印结束
日志打印开始
--------- beginning of (HKS)408B4BBD6E3082C5EB3279D4A8468EAC6778AB3AA34DBFEBFB200422E87841372164B45EB90C05D753A4B718B3C99D511B20E520BC1FC01A2FAC04DEBF3085BA5D84B540EB77E24D8C3F244FCB1F9840D63FD88DA0A05289AAF39B34C06E0CC81A01F12B268F5FF97C2FCCB34B5FF87D0947FD4AB45394B098166B37976E3749051576B8797C2BCFA1B9C770CDA47207C6D3EE19B44AF033AADF5333BD6A58FD7238FF4C650F44D65BC774E0BBD76793516B0EDCAAAD1105CBD57C1978F2EA58F0F28C5FBDADB7D08749EBD9152B9AA7D28E804BEE18489DABD001A98389E4628DA4AA61697B43FF52B0C5FB45937196B49039655673FF2D7A4C78BF39B02C5D(HKE)
日志打印结束
日志打印开始
--------- beginning of (HKS)05A251543AD410BE43D9629A14EAF1A541A358C90C3FFD26160953AE9C3E6C3B7F7957D4C46F8899EDDE8756D62DFE96737E1520A7637F1226CCF0DAC5ECB3F5842E7E761EB90AFA26EF255B856E3F0799E78BE4CA8797CA0FBE57AE2857DE577195C197B3C456CAB2F309113C1CBC5912DE0A6D2A57AC99F75D556EE67330BD1AD8D18EB755C4F3DF3EFD5216033DE544052F67E49C4261EF3863231FE4E159DEABB10053421B6E36EB5247BA0412C0ABA5DA5144A40E972BDB749A510F29732555EC545B8FBC0D2A75A202DA2DD253734EC1ABD7A2551430D5342F474AA25640856FDDD90C237AF61ECECAEB8BE625B32A5B1BAB5E97979798A2BDC56980B2(HKE)
日志打印结束
日志打印开始
--------- beginning of (HKS)5187EEA4C2A5B48FDD65C7B51A8AFB80CE4809F089C54EBB8390081D287DC73167524754ABD627D5D746C455359600BEC2D29066F0FCD6FCCEC6E36434C35F20461485A93B470076CA520DF2A95E9BBA29416447999EC6A7F335CB794CE0608B735A1F215765D1FC9766842F325FF991980DC009759A3346C9935117E6591AC6A16B339BC07A2AC02609BA0370A6613A058537116783E247A1A56A04923345BAB6F01A2B5D7141D99D0BC1B4300B9D1C05EDB757CEA387CA9FD2B13C7E3BC26820CF4B1F326A511365F9572BDE9BB25AA9E322479D9B4CCCC7E3993CBCB80EC776D859E4A1B5FD77BC6E47436316D7B7A0B5ED4780C09BEE487A889C126E2246(HKE)
日志打印结束
日志打印开始
--------- beginning of (HKS)8008A8B49E1A51650568FF5E3C9B4FB335FE2CA951814C0F041AF6D8372D43424B5ECD998925C5EB3120561D9A3983DC467AFC3E402099D7AAC809F386E08ABA6A6CD4909335A24F02225EACEB58E7E99D4FE4814F97DBFF179A273009570BE33387AFEB98807D374D29F4336D86CD8ADF1F864C223AE963DAC40A541424190DEAA14220A0783547A6E327C07F75D83085350DFE7CF75BF81408A3435C361DBD8C710D1E9DF49115B2B1008E068DBF0DB699F5863D0606DC4A55EAF2A989E75CC41B44239EEDC840CA709DEE5EFF87AED54C8917B4427A5E74F21C1042C8AE5E382AFEC7E0B7A8775BFE150B5249579A71FE99D5F066F22B35061B120E7B1F06(HKE)
日志打印结束
日志打印开始
--------- beginning of (HKS)4AAB53841D8605A339C1AEC95B812C8E84DC53F938F77F6C518DD5460E91598642184988B547B9C3C6B1598C5596F4D7C597B6A1A465340B9408C420156AC4C298C7093EE8AC6D902B801829F499E91EE769168A48E175B73F4A31B03895F72A8EBF49C6254DBF5867AD31E3503B9B5ECE7574DEA54F814A325C288DCA0FCC77F3D990D00457C2EEF90B6B42A71A95063112A4355BA72EB285F418D987C94F24029831C9CDB5181A18DC822C45FB79FB4DB14727461A59F4F4C13098A0CB9B3037A08419A81C2835F813D6BDC75EA40DEBFA9E23355863C69ED1EB722500808A91366F343F4D2AE3F23D1AC44663A6E63F6F3052B0E18CEFF7B4FAC0F70D9EF8(HKE)
日志打印结束
日志打印开始
--------- beginning of (HKS)76C0C4CCA898F19A1373900B1DD91FF29407890B7ECBFCEB9F5988B548A8CBB3F63E1EBA17DE6D2B387D493738B30C5DB7BE59BEF00107C6C2D22BEE600762ACA859B0022E5D88B9D890AA62A304EF9E6660E9F2D1E55831A115BB1E65829EBEE4CF238A1C6CC32DD720A571ADB1008C1159F739123178CED249E596D94D0CA1887D177C0B65C40D84153CDA19319F34AF51DBC4BB7212BD6AF126B94CB9795E9E56C11CD583DF8C6A077F1953986345A91F432AD3AD4A94596F2ADF3D5241A736A0DFA90FB5F5A7C07C5037AE5C193588ADCA66B7C8825C0CC0CD0A46E73C839C105F25A8A0993388696C53A00C6480B12D945F4B00A0FB5055FCEC7603AEFB(HKE)
日志打印结束
日志打印开始
--------- beginning of (HKS)8815903C79B9C9706B1334BF26448FEA81B050F30CD9755DB2CAD1669B1809C70C5C75470157B88C5B9E1550C354FB3A215AD3700EBC6907427DBA944BAE76CDE57848D15DC5E5E653B88BD5F8A7CF788B99F706B58C64B80626486941F6BA4E83416CC1081E3ACA4D4A579B5F9B787E0C7333E34C2EFDEC8313444DD93F9C00857B8179CA16B8F3C9BA59E7071B22B0BB9D82E2511863D15DF95399C30D5529D397AA015A1E3A7230DB34AB382E070306D7FE91587EE7E2E45773FEA0AF46C6BE73E4F4D95801FB71539FFA755921244CEE013ECE60A8826D7C87D41D5DDEDE6A1D2AC7727DE253B5A04E35E6B746A5B75862E3D36E74D706796FD06E75A909(HKE)
日志打印结束
日志打印开始
--------- beginning of (HKS)01D97A5149A630AFC64E7FF399E087D19D76D6CB8E048C432A0E186325B2797E7D0D1F494DB84742E7978DB4E95CA101CE1403CB59D7A9B11E4E52D35C384CC329FCEE9A68A52313252171E053E6A180A695729E6AE41A95D9D3CB4AA99BB844F30CB3F64328B993DCF3E4836845D049F490507582871AC09C08D839E1C9914FF54D042349A28998564FC9B6BCE49D9CB50921C0E139363067866A3E6244ECF848BC77A1D8ACCD8C3BE39BC0CC7391B5F88B4721A81DE1638512FA95FCFF4E8C4FA30E4926959ACE5BC05AFFC186FBC3C6100A97C6ED508B74EDD81F41B7A7A4D28471DEC4D0E1FC894D163FE89A0FE61FA5A6D9B41D44C3C41C892D7A4B4311(HKE)
日志打印结束
日志打印开始
--------- beginning of (HKS)4450B71C47A7ABED8F6DC5A656212D0F9AD8FC1453EF0C62EB04BC8A837C09DF9159CB1BEAA4DF7C13A10FB9C13A2FDFAF36D6B96C2443D368068A6E76B2A9CA6C152289828A6D6E95E73F1DC0A58A6749522464DBD61C70D6AD7249B3D2FEDE0243F33603AD23EEC5EA54BFC860717F3CF43401EAF2728ED884D42402B3520EE8B79249B2640BFD2101FD212874F5F9C0A6F5B7AC95193A1A67604C59362310F690054913A4487C149725CB23922CBC72FFF0BA04A3D7E4BFFD7F19BF0931A34CBBCBE6617D50E2E5CBFF3D32BF3DC88BFAE9A55B8D28024539205305AAE7FFC30F58EA07891FAC4D07055AF1D6A03000252B8B9FB8D71AB5EF60B177BB0A11(HKE)
日志打印结束
