[2025-10-18 23:09:32.294] [info]  [
  'nav_appstore|1|https://appstore.metaverse.heiyu.space/_nuxt/CZSaYe98-legacy.js|Uncaught ReferenceError: System is not defined'
]
[2025-10-18 23:09:32.656] [info]  [
  'nav_appstore|42|https://appstore.metaverse.heiyu.space/_nuxt/D_qAgtMO.js|hello lzc-appstore-client'
]
[2025-10-18 23:09:32.672] [info]  [
  'nav_appstore|19|https://appstore.metaverse.heiyu.space/_nuxt/1iISB6lO.js|%c The @lazycatcloud/sdk version is %c 0.1.477 %c background:#35495E; padding: 1px; border-radius: 3px 0 0 3px; color: #fff; background:#3488ff; padding: 1px; border-radius: 0 3px 3px 0;  color: #fff; background:transparent'
]
[2025-10-18 23:09:32.672] [info]  [
  'nav_appstore|19|https://appstore.metaverse.heiyu.space/_nuxt/1iISB6lO.js|on AppChange next loop'
]
[2025-10-18 23:09:32.700] [info]  [
  'nav_appstore|19|https://appstore.metaverse.heiyu.space/_nuxt/1iISB6lO.js|%c LZC SDK Version is %c unknown %c background:#35495E; padding: 1px; border-radius: 3px 0 0 3px; color: #fff; background:#3488ff; padding: 1px; border-radius: 0 3px 3px 0;  color: #fff; background:transparent'
]
[2025-10-18 23:10:00.428] [info]  [
  'nav_appstore|19|https://appstore.metaverse.heiyu.space/_nuxt/1iISB6lO.js|onAppChange triggered'
]
[2025-10-18 23:10:01.245] [info]  [
  'nav_appstore|19|https://appstore.metaverse.heiyu.space/_nuxt/1iISB6lO.js|onAppChange triggered'
]
[2025-10-18 23:10:01.511] [info]  [
  'nav_appstore|19|https://appstore.metaverse.heiyu.space/_nuxt/1iISB6lO.js|onAppChange triggered'
]
[2025-10-18 23:10:05.582] [info]  [
  'nav_appstore|19|https://appstore.metaverse.heiyu.space/_nuxt/1iISB6lO.js|onAppChange triggered'
]
[2025-10-18 23:10:05.673] [info]  [
  'nav_appstore|19|https://appstore.metaverse.heiyu.space/_nuxt/1iISB6lO.js|onAppChange triggered'
]
[2025-10-18 23:10:05.768] [info]  [
  'nav_appstore|19|https://appstore.metaverse.heiyu.space/_nuxt/1iISB6lO.js|onAppChange triggered'
]
[2025-10-18 23:10:05.769] [info]  [
  'nav_appstore|19|https://appstore.metaverse.heiyu.space/_nuxt/1iISB6lO.js|onAppChange triggered'
]
[2025-10-18 23:10:05.770] [info]  [
  'nav_appstore|19|https://appstore.metaverse.heiyu.space/_nuxt/1iISB6lO.js|onAppChange triggered'
]
[2025-10-18 23:10:05.796] [info]  [
  'nav_appstore|19|https://appstore.metaverse.heiyu.space/_nuxt/1iISB6lO.js|onAppChange triggered'
]
[2025-10-18 23:10:09.563] [info]  [
  'nav_appstore|19|https://appstore.metaverse.heiyu.space/_nuxt/1iISB6lO.js|onAppChange triggered'
]
[2025-10-18 23:10:14.042] [info]  [
  'nav_appstore|19|https://appstore.metaverse.heiyu.space/_nuxt/1iISB6lO.js|onAppChange triggered'
]
[2025-10-18 23:10:14.600] [info]  [
  'nav_appstore|19|https://appstore.metaverse.heiyu.space/_nuxt/1iISB6lO.js|onAppChange triggered'
]
[2025-10-18 23:11:28.091] [info]  [
  'nav_assistant|19|https://appstore.metaverse.heiyu.space/_nuxt/1iISB6lO.js|onAppChange error: Error: Response closed without grpc-status (Headers only)'
]
[2025-10-18 23:11:29.249] [info]  [
  'nav_assistant|24|https://appstore.metaverse.heiyu.space/_modules/assistant/assets/assistantListStore-DC6CXn0C.js|%c The @lazycatcloud/sdk version is %c 0.1.464 %c background:#35495E; padding: 1px; border-radius: 3px 0 0 3px; color: #fff; background:#3488ff; padding: 1px; border-radius: 0 3px 3px 0;  color: #fff; background:transparent'
]
[2025-10-18 23:11:29.267] [info]  [
  'nav_assistant|24|https://appstore.metaverse.heiyu.space/_modules/assistant/assets/assistantListStore-DC6CXn0C.js|%c LZC SDK Version is %c unknown %c background:#35495E; padding: 1px; border-radius: 3px 0 0 3px; color: #fff; background:#3488ff; padding: 1px; border-radius: 0 3px 3px 0;  color: #fff; background:transparent'
]
[2025-11-16 17:09:09.070] [info]  [
  'nav_appstore|45|https://appstore.metaverse.heiyu.space/_nuxt/CaObsFBr.js|hello lzc-appstore-client'
]
[2025-11-16 17:09:09.081] [info]  [
  'nav_appstore|24|https://appstore.metaverse.heiyu.space/_nuxt/DMjWgIdn.js|%c The @lazycatcloud/sdk version is %c 0.1.477 %c background:#35495E; padding: 1px; border-radius: 3px 0 0 3px; color: #fff; background:#3488ff; padding: 1px; border-radius: 0 3px 3px 0;  color: #fff; background:transparent'
]
[2025-11-16 17:09:09.082] [info]  [
  'nav_appstore|24|https://appstore.metaverse.heiyu.space/_nuxt/DMjWgIdn.js|on AppChange next loop'
]
[2025-11-16 17:09:09.108] [info]  [
  'nav_appstore|24|https://appstore.metaverse.heiyu.space/_nuxt/DMjWgIdn.js|%c LZC SDK Version is %c unknown %c background:#35495E; padding: 1px; border-radius: 3px 0 0 3px; color: #fff; background:#3488ff; padding: 1px; border-radius: 0 3px 3px 0;  color: #fff; background:transparent'
]
[2025-11-16 17:09:30.958] [info]  [
  'nav_appstore|24|https://appstore.metaverse.heiyu.space/_nuxt/DMjWgIdn.js|onAppChange triggered'
]
[2025-11-16 17:09:37.205] [info]  [
  'nav_appstore|24|https://appstore.metaverse.heiyu.space/_nuxt/DMjWgIdn.js|onAppChange triggered'
]
[2025-11-16 17:09:37.478] [info]  [
  'nav_appstore|24|https://appstore.metaverse.heiyu.space/_nuxt/DMjWgIdn.js|onAppChange triggered'
]
[2025-11-16 17:09:42.540] [info]  [
  'nav_appstore|24|https://appstore.metaverse.heiyu.space/_nuxt/DMjWgIdn.js|onAppChange triggered'
]
[2025-11-16 17:09:42.552] [info]  [
  'nav_appstore|24|https://appstore.metaverse.heiyu.space/_nuxt/DMjWgIdn.js|onAppChange triggered'
]
[2025-11-16 17:09:42.660] [info]  [
  'nav_appstore|24|https://appstore.metaverse.heiyu.space/_nuxt/DMjWgIdn.js|onAppChange triggered'
]
[2025-11-16 17:09:42.662] [info]  [
  'nav_appstore|24|https://appstore.metaverse.heiyu.space/_nuxt/DMjWgIdn.js|onAppChange triggered'
]
[2025-11-16 17:09:42.678] [info]  [
  'nav_appstore|24|https://appstore.metaverse.heiyu.space/_nuxt/DMjWgIdn.js|onAppChange triggered'
]
[2025-11-16 17:09:42.699] [info]  [
  'nav_appstore|24|https://appstore.metaverse.heiyu.space/_nuxt/DMjWgIdn.js|onAppChange triggered'
]
[2025-11-16 17:09:46.729] [info]  [
  'nav_appstore|24|https://appstore.metaverse.heiyu.space/_nuxt/DMjWgIdn.js|onAppChange triggered'
]
[2025-11-16 17:09:51.759] [info]  [
  'nav_appstore|24|https://appstore.metaverse.heiyu.space/_nuxt/DMjWgIdn.js|onAppChange triggered'
]
[2025-11-16 17:10:14.567] [info]  [
  'nav_launcher|24|https://appstore.metaverse.heiyu.space/_nuxt/DMjWgIdn.js|onAppChange error: Error: Response closed without grpc-status (Headers only)'
]
[2025-11-16 17:10:16.880] [info]  [
  'nav_appstore|45|https://appstore.metaverse.heiyu.space/_nuxt/CaObsFBr.js|hello lzc-appstore-client'
]
[2025-11-16 17:10:16.891] [info]  [
  'nav_appstore|24|https://appstore.metaverse.heiyu.space/_nuxt/DMjWgIdn.js|%c The @lazycatcloud/sdk version is %c 0.1.477 %c background:#35495E; padding: 1px; border-radius: 3px 0 0 3px; color: #fff; background:#3488ff; padding: 1px; border-radius: 0 3px 3px 0;  color: #fff; background:transparent'
]
[2025-11-16 17:10:16.891] [info]  [
  'nav_appstore|24|https://appstore.metaverse.heiyu.space/_nuxt/DMjWgIdn.js|on AppChange next loop'
]
[2025-11-16 17:10:16.906] [info]  [
  'nav_appstore|24|https://appstore.metaverse.heiyu.space/_nuxt/DMjWgIdn.js|%c LZC SDK Version is %c unknown %c background:#35495E; padding: 1px; border-radius: 3px 0 0 3px; color: #fff; background:#3488ff; padding: 1px; border-radius: 0 3px 3px 0;  color: #fff; background:transparent'
]
[2025-11-16 17:10:35.694] [info]  [
  'nav_box_setting|24|https://appstore.metaverse.heiyu.space/_nuxt/DMjWgIdn.js|onAppChange error: Error: Response closed without headers'
]
[2025-11-16 17:29:43.203] [info]  [
  'nav_appstore|45|https://appstore.metaverse.heiyu.space/_nuxt/CaObsFBr.js|hello lzc-appstore-client'
]
[2025-11-16 17:29:43.218] [info]  [
  'nav_appstore|24|https://appstore.metaverse.heiyu.space/_nuxt/DMjWgIdn.js|%c The @lazycatcloud/sdk version is %c 0.1.477 %c background:#35495E; padding: 1px; border-radius: 3px 0 0 3px; color: #fff; background:#3488ff; padding: 1px; border-radius: 0 3px 3px 0;  color: #fff; background:transparent'
]
[2025-11-16 17:29:43.218] [info]  [
  'nav_appstore|24|https://appstore.metaverse.heiyu.space/_nuxt/DMjWgIdn.js|on AppChange next loop'
]
[2025-11-16 17:29:43.238] [info]  [
  'nav_appstore|24|https://appstore.metaverse.heiyu.space/_nuxt/DMjWgIdn.js|%c LZC SDK Version is %c unknown %c background:#35495E; padding: 1px; border-radius: 3px 0 0 3px; color: #fff; background:#3488ff; padding: 1px; border-radius: 0 3px 3px 0;  color: #fff; background:transparent'
]
[2025-11-16 17:29:44.442] [info]  [
  'nav_launcher|24|https://appstore.metaverse.heiyu.space/_nuxt/DMjWgIdn.js|onAppChange error: Error: Response closed without headers'
]
