/lzcsys/etc
/lzcsys/etc/erofstab
/lzcsys/etc/lzc-os.json
/lzcsys/etc/os-profile
/lzcsys/etc/prod-tool.json
/lzcsys/etc/update-tool.json
/lzcsys/etc/update-tool.pub
/lzcsys/etc/wpa_supplicant.conf.in
/lzcsys/etc/dnsmasq.conf
/lzcsys/etc/hportal-server
/lzcsys/etc/hportal-server/users.db
/lzcsys/etc/hportal-server/users.db/.temp
/lzcsys/etc/hportal-server/users.db/diskUsage.cache
/lzcsys/etc/hportal-server/users.db/e6
/lzcsys/etc/hportal-server/users.db/e6/ef7307a2fd72eff84c626a8699010841f0e61d
/lzcsys/etc/hportal-server/box.name
/lzcsys/etc/hportal-server/box.domain
/lzcsys/etc/hportal-server/box.key
/lzcsys/etc/hportal-server/box.id
/lzcsys/etc/hportal-server/device_bind_info.db
/lzcsys/etc/hportal-server/device_bind_info.db/.temp
/lzcsys/etc/hportal-server/device_bind_info.db/3c
/lzcsys/etc/hportal-server/device_bind_info.db/3c/32c4dda7af8229a7ba9ebf63e8e859693a8a9d
/lzcsys/etc/hportal-server/device_bind_info.db/db
/lzcsys/etc/hportal-server/device_bind_info.db/db/9b3a346e2bcb567016c757a3263a57a422d6c6
/lzcsys/etc/hportal-server/device_bind_info.db/diskUsage.cache
/lzcsys/etc/hportal-server/device_bind_info.db/9f
/lzcsys/etc/hportal-server/device_bind_info.db/9f/f6acc8c4f1bfb47ceccd1d30e785f879ac21ad
/lzcsys/etc/hportal-server/device_bind_info.db/94
/lzcsys/etc/hportal-server/device_bind_info.db/f0
/lzcsys/etc/hportal-server/device_bind_info.db/f0/a8aa2be86fcf3c3c0ed8c0a56b90f90f691588
/lzcsys/etc/hportal-server/device_bind_info.db/c9
/lzcsys/etc/hportal-server/device_bind_info.db/92
/lzcsys/etc/hportal-server/device_bind_info.db/92/41de148cd93f5f843c984ee9b97aa917cd0830
/lzcsys/etc/hportal-server/device_bind_info.db/fc
/lzcsys/etc/hportal-server/device_bind_info.db/fc/cedfa20c63cd1def18e9c021331d71761deb5e
/lzcsys/etc/hportal-server/device_bind_info.db/fd
/lzcsys/etc/hportal-server/device_bind_info.db/77
/lzcsys/etc/hportal-server/device_bind_info.db/77/676d14d585c8649278d9a63f1a2a9c7b44b578
/lzcsys/etc/hportal-server/device_bind_info.db/68
/lzcsys/etc/hportal-server/device_bind_info.db/68/c0267d2f1598714319a93fd51f861ceae9b9fc
/lzcsys/etc/hportal-server/device_bind_info.db/b8
/lzcsys/etc/hportal-server/device_bind_info.db/b8/d93c9ef91575df7cf4f223934c3100097afdbe
/lzcsys/etc/hportal-server/device_bind_info.db/fb
/lzcsys/etc/hportal-server/device_bind_info.db/fb/024509a82a1632d7aa3dfaa0b53cf6fd951139
/lzcsys/etc/hportal-server/box.origin
/lzcsys/etc/wpa_supplicant.conf
/lzcsys/etc/debug.env
/lzcsys/etc/machine.bsid
/lzcsys/etc/stress.json
/lzcsys/etc/box.data.path

real	0m0.036s
user	0m0.017s
sys	0m0.007s
