/run/lzcsys/var
/run/lzcsys/var/hportal
/run/lzcsys/var/hportal/users.db
/run/lzcsys/var/hportal/users.db/.temp
/run/lzcsys/var/hportal/users.db/diskUsage.cache
/run/lzcsys/var/hportal/users.db/e6
/run/lzcsys/var/hportal/users.db/e6/ef7307a2fd72eff84c626a8699010841f0e61d
/run/lzcsys/var/hportal/box.name
/run/lzcsys/var/hportal/box.domain
/run/lzcsys/var/hportal/box.key
/run/lzcsys/var/hportal/box.id
/run/lzcsys/var/hportal/device_bind_info.db
/run/lzcsys/var/hportal/device_bind_info.db/.temp
/run/lzcsys/var/hportal/device_bind_info.db/3c
/run/lzcsys/var/hportal/device_bind_info.db/3c/32c4dda7af8229a7ba9ebf63e8e859693a8a9d
/run/lzcsys/var/hportal/device_bind_info.db/db
/run/lzcsys/var/hportal/device_bind_info.db/db/9b3a346e2bcb567016c757a3263a57a422d6c6
/run/lzcsys/var/hportal/device_bind_info.db/diskUsage.cache
/run/lzcsys/var/hportal/device_bind_info.db/9f
/run/lzcsys/var/hportal/device_bind_info.db/9f/f6acc8c4f1bfb47ceccd1d30e785f879ac21ad
/run/lzcsys/var/hportal/device_bind_info.db/94
/run/lzcsys/var/hportal/device_bind_info.db/f0
/run/lzcsys/var/hportal/device_bind_info.db/f0/a8aa2be86fcf3c3c0ed8c0a56b90f90f691588
/run/lzcsys/var/hportal/device_bind_info.db/c9
/run/lzcsys/var/hportal/device_bind_info.db/92
/run/lzcsys/var/hportal/device_bind_info.db/92/41de148cd93f5f843c984ee9b97aa917cd0830
/run/lzcsys/var/hportal/device_bind_info.db/fc
/run/lzcsys/var/hportal/device_bind_info.db/fc/cedfa20c63cd1def18e9c021331d71761deb5e
/run/lzcsys/var/hportal/device_bind_info.db/fd
/run/lzcsys/var/hportal/device_bind_info.db/77
/run/lzcsys/var/hportal/device_bind_info.db/77/676d14d585c8649278d9a63f1a2a9c7b44b578
/run/lzcsys/var/hportal/device_bind_info.db/68
/run/lzcsys/var/hportal/device_bind_info.db/68/c0267d2f1598714319a93fd51f861ceae9b9fc
/run/lzcsys/var/hportal/device_bind_info.db/b8
/run/lzcsys/var/hportal/device_bind_info.db/b8/d93c9ef91575df7cf4f223934c3100097afdbe
/run/lzcsys/var/hportal/device_bind_info.db/fb
/run/lzcsys/var/hportal/device_bind_info.db/fb/024509a82a1632d7aa3dfaa0b53cf6fd951139
/run/lzcsys/var/hportal/box.origin
/run/lzcsys/var/lost+found
/run/lzcsys/var/journal
/run/lzcsys/var/journal/4556ef2360817ef0401987d867f37ccc
/run/lzcsys/var/journal/4556ef2360817ef0401987d867f37ccc/system@cce24818ae1d46deb5ebaadd3ec06604-0000000002ab1f9a-00063fd981e5cfd9.journal
/run/lzcsys/var/journal/4556ef2360817ef0401987d867f37ccc/system@36a8018863024d46842639466b82fe0d-0000000002acfe95-0006417d8c713530.journal
/run/lzcsys/var/journal/4556ef2360817ef0401987d867f37ccc/system@7742b47114cb4a18843a7f4c5ebeed66-0000000002acf9c0-0006417c97b167d9.journal
/run/lzcsys/var/journal/4556ef2360817ef0401987d867f37ccc/system@6db3af2107494f269f53874b99a5344b-0000000002ad265e-0006417f2795fc96.journal
/run/lzcsys/var/journal/4556ef2360817ef0401987d867f37ccc/system@85b5552fdbc64d9987b4fce32af744cc-0000000002af7a54-0006436785e0d313.journal
/run/lzcsys/var/journal/4556ef2360817ef0401987d867f37ccc/system@c8dcc21461b74e98a82f57e475307d58-0000000002addb75-000641e5c2d32d08.journal
/run/lzcsys/var/journal/4556ef2360817ef0401987d867f37ccc/system@7742b47114cb4a18843a7f4c5ebeed66-0000000002acfab7-0006417cc01add0e.journal
/run/lzcsys/var/journal/4556ef2360817ef0401987d867f37ccc/system@0006417f59d55b8f-76703177cff0c93c.journal~
/run/lzcsys/var/journal/4556ef2360817ef0401987d867f37ccc/system@c8dcc21461b74e98a82f57e475307d58-0000000002aef25f-000642afa04466e1.journal
/run/lzcsys/var/journal/4556ef2360817ef0401987d867f37ccc/system@7742b47114cb4a18843a7f4c5ebeed66-0000000002ace9f0-00064178c289fab8.journal
/run/lzcsys/var/journal/4556ef2360817ef0401987d867f37ccc/system@ab9cfca7e476494e962c98f2fc45f7a5-0000000002ad1536-0006417dbf45bd8a.journal
/run/lzcsys/var/journal/4556ef2360817ef0401987d867f37ccc/system@c8dcc21461b74e98a82f57e475307d58-0000000002ae1bd6-0006420d43b3d7f2.journal
/run/lzcsys/var/journal/4556ef2360817ef0401987d867f37ccc/system@f8dcfb436ca04937a7d4bb023da857f8-0000000002ad3253-0006417f3cce706c.journal
/run/lzcsys/var/journal/4556ef2360817ef0401987d867f37ccc/system@0006412c17a451d7-c2387c24fd03580d.journal~
/run/lzcsys/var/journal/4556ef2360817ef0401987d867f37ccc/system@49cb369547e145c5a1dd90d5197d9f24-0000000002acb1b3-00064158e61ec6ff.journal
/run/lzcsys/var/journal/4556ef2360817ef0401987d867f37ccc/system@20e710c6d9f34053a91a73a48619e855-0000000002ad1a05-0006417eaa4d029f.journal
/run/lzcsys/var/journal/4556ef2360817ef0401987d867f37ccc/system@7742b47114cb4a18843a7f4c5ebeed66-0000000002acf29a-00064178c4eddccd.journal
/run/lzcsys/var/journal/4556ef2360817ef0401987d867f37ccc/system@c8dcc21461b74e98a82f57e475307d58-0000000002af5165-0006433383b06997.journal
/run/lzcsys/var/journal/4556ef2360817ef0401987d867f37ccc/system@c8dcc21461b74e98a82f57e475307d58-0000000002ae6d99-00064275b65ed116.journal
/run/lzcsys/var/journal/4556ef2360817ef0401987d867f37ccc/system@c8dcc21461b74e98a82f57e475307d58-0000000002ad9c2d-000641bd4080b4ab.journal
/run/lzcsys/var/journal/4556ef2360817ef0401987d867f37ccc/system@0dfd228b34b2447f93f8868d87fb07ea-0000000002abd79b-000640af2ffff7a1.journal
/run/lzcsys/var/journal/4556ef2360817ef0401987d867f37ccc/system@0006417f53f51848-7007842fa2c085b7.journal~
/run/lzcsys/var/journal/4556ef2360817ef0401987d867f37ccc/system@0006417eaa4d64ad-a4b1cfd2e8a6e10c.journal~
/run/lzcsys/var/journal/4556ef2360817ef0401987d867f37ccc/system@679b3fa848584564a55bb3ce1ec9c112-0000000002ab9309-00063fff2dfc8a6a.journal
/run/lzcsys/var/journal/4556ef2360817ef0401987d867f37ccc/system@d051aadc2b1d47ff9ca76f3afb13ff5c-0000000002ac7171-0006412c17a3d535.journal
/run/lzcsys/var/journal/4556ef2360817ef0401987d867f37ccc/system@fdf9e572940442f9a2961b9fc0da2b34-0000000002ab5b0b-00063fe96116d5cf.journal
/run/lzcsys/var/journal/4556ef2360817ef0401987d867f37ccc/system@000640ffc0d3ec5e-79c961b9fedfc812.journal~
/run/lzcsys/var/journal/4556ef2360817ef0401987d867f37ccc/system@ab9cfca7e476494e962c98f2fc45f7a5-0000000002ad0b14-0006417db1360944.journal
/run/lzcsys/var/journal/4556ef2360817ef0401987d867f37ccc/system@ab9cfca7e476494e962c98f2fc45f7a5-0000000002ad167e-0006417df4338b47.journal
/run/lzcsys/var/journal/4556ef2360817ef0401987d867f37ccc/system@4ceb4b0829c948b19c9aef3249b301cf-0000000002ab2c6f-00063fd994606cb6.journal
/run/lzcsys/var/journal/4556ef2360817ef0401987d867f37ccc/system@d051aadc2b1d47ff9ca76f3afb13ff5c-0000000002ac7a06-0006412c1b0c050f.journal
/run/lzcsys/var/journal/4556ef2360817ef0401987d867f37ccc/system@0006417f27969e9b-00fb45cb88b49b0b.journal~
/run/lzcsys/var/journal/4556ef2360817ef0401987d867f37ccc/system@59de9d2914264ca4b43fad50b08718df-0000000002ab4be3-00063fe7d0d766a7.journal
/run/lzcsys/var/journal/4556ef2360817ef0401987d867f37ccc/system@b1812c66faee41fe8a4d8d1c0ad3dde1-0000000002ad4f19-0006417f59d4b622.journal
/run/lzcsys/var/journal/4556ef2360817ef0401987d867f37ccc/system@0006417d8c718b6b-b87a05a173d0957f.journal~
/run/lzcsys/var/journal/4556ef2360817ef0401987d867f37ccc/system@7c7aaa9db2ec462996299dcf3688c44a-0000000002abcd96-00064040d369813f.journal
/run/lzcsys/var/journal/4556ef2360817ef0401987d867f37ccc/system.journal
/run/lzcsys/var/journal/4556ef2360817ef0401987d867f37ccc/system@0dfd228b34b2447f93f8868d87fb07ea-0000000002abe044-000640af3183be13.journal
/run/lzcsys/var/NetworkManager
/run/lzcsys/var/NetworkManager/system-connections
/run/lzcsys/var/NetworkManager/system-connections/Wired connection 1.nmconnection

real	0m0.005s
user	0m0.004s
sys	0m0.001s
