/sys/module/iwlwifi/parameters/11n_disable:0
/sys/module/iwlwifi/parameters/power_save:N
/sys/module/iwlwifi/parameters/swcrypto:0
/sys/module/iwlwifi/parameters/power_level:5
/sys/module/iwlwifi/parameters/amsdu_size:0
/sys/module/iwlwifi/parameters/uapsd_disable:3
/sys/module/iwlwifi/parameters/fw_restart:Y
/sys/module/iwlwifi/parameters/disable_11be:N
/sys/module/iwlwifi/parameters/led_mode:0
/sys/module/iwlwifi/parameters/disable_11ax:N
grep: /sys/module/iwlwifi/parameters/enable_ini: Operation not permitted
/sys/module/iwlwifi/parameters/disable_11ac:N
/sys/module/iwlwifi/parameters/bt_coex_active:Y
/sys/module/iwlwifi/parameters/remove_when_gone:N
/sys/module/iwlwifi/parameters/nvm_file:(null)
/sys/module/iwlmvm/parameters/power_scheme:1
/sys/module/iwlmvm/parameters/init_dbg:N

real	0m0.005s
user	0m0.003s
sys	0m0.002s
execute "/lzcsys/share/lazycat-cloud/log-scripts/lzc-base-os-net/module" error code: 2
