GENERAL.DEVICE:                         enp2s0
GENERAL.TYPE:                           ethernet
GENERAL.HWADDR:                         04:2B:58:14:FD:1E
GENERAL.MTU:                            1500
GENERAL.STATE:                          100 (connected)
GENERAL.CONNECTION:                     Wired connection 1
GENERAL.CON-PATH:                       /org/freedesktop/NetworkManager/ActiveConnection/2
WIRED-PROPERTIES.CARRIER:               on
IP4.ADDRESS[1]:                         192.168.3.173/24
IP4.GATEWAY:                            192.168.3.1
IP4.ROUTE[1]:                           dst = 192.168.3.0/24, nh = 0.0.0.0, mt = 100
IP4.ROUTE[2]:                           dst = 0.0.0.0/0, nh = 192.168.3.1, mt = 100
IP4.DNS[1]:                             192.168.3.1
IP4.DOMAIN[1]:                          lan
IP6.ADDRESS[1]:                         240e:36d:326:9620:ee26:e189:dda7:a7f5/64
IP6.ADDRESS[2]:                         fe80::2d3a:c669:fbe5:bc66/64
IP6.GATEWAY:                            fe80::62be:b4ff:fe04:c10
IP6.ROUTE[1]:                           dst = 240e:36d:326:9620::/64, nh = ::, mt = 100
IP6.ROUTE[2]:                           dst = 240e:36d:326:9600::/56, nh = fe80::62be:b4ff:fe04:c10, mt = 100
IP6.ROUTE[3]:                           dst = fe80::/64, nh = ::, mt = 1024
IP6.ROUTE[4]:                           dst = ::/0, nh = fe80::62be:b4ff:fe04:c10, mt = 100

GENERAL.DEVICE:                         br-952fb6f0def8
GENERAL.TYPE:                           bridge
GENERAL.HWADDR:                         02:42:B5:A6:49:7B
GENERAL.MTU:                            1500
GENERAL.STATE:                          100 (connected (externally))
GENERAL.CONNECTION:                     br-952fb6f0def8
GENERAL.CON-PATH:                       /org/freedesktop/NetworkManager/ActiveConnection/4
IP4.ADDRESS[1]:                         172.18.0.1/16
IP4.GATEWAY:                            --
IP4.ROUTE[1]:                           dst = 172.18.0.0/16, nh = 0.0.0.0, mt = 0
IP6.ADDRESS[1]:                         fdbb:3b64:9bbc::1/64
IP6.ADDRESS[2]:                         fe80::42:b5ff:fea6:497b/64
IP6.GATEWAY:                            --
IP6.ROUTE[1]:                           dst = fdbb:3b64:9bbc::/64, nh = ::, mt = 256
IP6.ROUTE[2]:                           dst = fe80::/64, nh = ::, mt = 256

GENERAL.DEVICE:                         lzc-br-0e2b9ad0
GENERAL.TYPE:                           bridge
GENERAL.HWADDR:                         02:42:FC:AB:4D:FC
GENERAL.MTU:                            1500
GENERAL.STATE:                          100 (connected (externally))
GENERAL.CONNECTION:                     lzc-br-0e2b9ad0
GENERAL.CON-PATH:                       /org/freedesktop/NetworkManager/ActiveConnection/10
IP4.ADDRESS[1]:                         172.28.1.65/26
IP4.GATEWAY:                            --
IP4.ROUTE[1]:                           dst = 172.28.1.64/26, nh = 0.0.0.0, mt = 0
IP6.ADDRESS[1]:                         fd03:1136:3800::141/122
IP6.ADDRESS[2]:                         fe80::42:fcff:feab:4dfc/64
IP6.GATEWAY:                            --
IP6.ROUTE[1]:                           dst = fd03:1136:3800::140/122, nh = ::, mt = 256
IP6.ROUTE[2]:                           dst = fe80::/64, nh = ::, mt = 256

GENERAL.DEVICE:                         lzc-br-168be677
GENERAL.TYPE:                           bridge
GENERAL.HWADDR:                         02:42:43:90:3C:A3
GENERAL.MTU:                            1500
GENERAL.STATE:                          100 (connected (externally))
GENERAL.CONNECTION:                     lzc-br-168be677
GENERAL.CON-PATH:                       /org/freedesktop/NetworkManager/ActiveConnection/63
IP4.ADDRESS[1]:                         172.28.2.193/26
IP4.GATEWAY:                            --
IP4.ROUTE[1]:                           dst = 172.28.2.192/26, nh = 0.0.0.0, mt = 0
IP6.ADDRESS[1]:                         fd03:1136:3800::2c1/122
IP6.ADDRESS[2]:                         fe80::42:43ff:fe90:3ca3/64
IP6.GATEWAY:                            --
IP6.ROUTE[1]:                           dst = fd03:1136:3800::2c0/122, nh = ::, mt = 256
IP6.ROUTE[2]:                           dst = fe80::/64, nh = ::, mt = 256

GENERAL.DEVICE:                         lzc-br-2b4d7248
GENERAL.TYPE:                           bridge
GENERAL.HWADDR:                         02:42:DF:9C:E5:7A
GENERAL.MTU:                            1500
GENERAL.STATE:                          100 (connected (externally))
GENERAL.CONNECTION:                     lzc-br-2b4d7248
GENERAL.CON-PATH:                       /org/freedesktop/NetworkManager/ActiveConnection/7
IP4.ADDRESS[1]:                         172.28.0.129/26
IP4.GATEWAY:                            --
IP4.ROUTE[1]:                           dst = 172.28.0.128/26, nh = 0.0.0.0, mt = 0
IP6.ADDRESS[1]:                         fd03:1136:3800::81/122
IP6.ADDRESS[2]:                         fe80::42:dfff:fe9c:e57a/64
IP6.GATEWAY:                            --
IP6.ROUTE[1]:                           dst = fd03:1136:3800::80/122, nh = ::, mt = 256
IP6.ROUTE[2]:                           dst = fe80::/64, nh = ::, mt = 256

GENERAL.DEVICE:                         lzc-br-307a08f5
GENERAL.TYPE:                           bridge
GENERAL.HWADDR:                         02:42:A2:9B:DA:A6
GENERAL.MTU:                            1500
GENERAL.STATE:                          100 (connected (externally))
GENERAL.CONNECTION:                     lzc-br-307a08f5
GENERAL.CON-PATH:                       /org/freedesktop/NetworkManager/ActiveConnection/22
IP4.ADDRESS[1]:                         172.28.2.1/26
IP4.GATEWAY:                            --
IP4.ROUTE[1]:                           dst = 172.28.2.0/26, nh = 0.0.0.0, mt = 0
IP6.ADDRESS[1]:                         fd03:1136:3800::201/122
IP6.ADDRESS[2]:                         fe80::42:a2ff:fe9b:daa6/64
IP6.GATEWAY:                            --
IP6.ROUTE[1]:                           dst = fd03:1136:3800::200/122, nh = ::, mt = 256
IP6.ROUTE[2]:                           dst = fe80::/64, nh = ::, mt = 256

GENERAL.DEVICE:                         lzc-br-4c9c5c7e
GENERAL.TYPE:                           bridge
GENERAL.HWADDR:                         02:42:50:52:90:1F
GENERAL.MTU:                            1500
GENERAL.STATE:                          100 (connected (externally))
GENERAL.CONNECTION:                     lzc-br-4c9c5c7e
GENERAL.CON-PATH:                       /org/freedesktop/NetworkManager/ActiveConnection/42
IP4.ADDRESS[1]:                         172.28.4.65/26
IP4.GATEWAY:                            --
IP4.ROUTE[1]:                           dst = 172.28.4.64/26, nh = 0.0.0.0, mt = 0
IP6.ADDRESS[1]:                         fd03:1136:3800::441/122
IP6.ADDRESS[2]:                         fe80::42:50ff:fe52:901f/64
IP6.GATEWAY:                            --
IP6.ROUTE[1]:                           dst = fd03:1136:3800::440/122, nh = ::, mt = 256
IP6.ROUTE[2]:                           dst = fe80::/64, nh = ::, mt = 256

GENERAL.DEVICE:                         lzc-br-547c8c61
GENERAL.TYPE:                           bridge
GENERAL.HWADDR:                         02:42:CA:9C:FD:AD
GENERAL.MTU:                            1500
GENERAL.STATE:                          100 (connected (externally))
GENERAL.CONNECTION:                     lzc-br-547c8c61
GENERAL.CON-PATH:                       /org/freedesktop/NetworkManager/ActiveConnection/60
IP4.ADDRESS[1]:                         172.28.3.1/26
IP4.GATEWAY:                            --
IP4.ROUTE[1]:                           dst = 172.28.3.0/26, nh = 0.0.0.0, mt = 0
IP6.ADDRESS[1]:                         fd03:1136:3800::301/122
IP6.ADDRESS[2]:                         fe80::42:caff:fe9c:fdad/64
IP6.GATEWAY:                            --
IP6.ROUTE[1]:                           dst = fd03:1136:3800::300/122, nh = ::, mt = 256
IP6.ROUTE[2]:                           dst = fe80::/64, nh = ::, mt = 256

GENERAL.DEVICE:                         lzc-br-66744eb8
GENERAL.TYPE:                           bridge
GENERAL.HWADDR:                         02:42:BE:3F:1D:69
GENERAL.MTU:                            1500
GENERAL.STATE:                          100 (connected (externally))
GENERAL.CONNECTION:                     lzc-br-66744eb8
GENERAL.CON-PATH:                       /org/freedesktop/NetworkManager/ActiveConnection/41
IP4.ADDRESS[1]:                         172.28.4.1/26
IP4.GATEWAY:                            --
IP4.ROUTE[1]:                           dst = 172.28.4.0/26, nh = 0.0.0.0, mt = 0
IP6.ADDRESS[1]:                         fd03:1136:3800::401/122
IP6.ADDRESS[2]:                         fe80::42:beff:fe3f:1d69/64
IP6.GATEWAY:                            --
IP6.ROUTE[1]:                           dst = fd03:1136:3800::400/122, nh = ::, mt = 256
IP6.ROUTE[2]:                           dst = fe80::/64, nh = ::, mt = 256

GENERAL.DEVICE:                         lzc-br-6d8f079f
GENERAL.TYPE:                           bridge
GENERAL.HWADDR:                         02:42:D2:3E:65:AC
GENERAL.MTU:                            1500
GENERAL.STATE:                          100 (connected (externally))
GENERAL.CONNECTION:                     lzc-br-6d8f079f
GENERAL.CON-PATH:                       /org/freedesktop/NetworkManager/ActiveConnection/6
IP4.ADDRESS[1]:                         172.28.0.65/26
IP4.GATEWAY:                            --
IP4.ROUTE[1]:                           dst = 172.28.0.64/26, nh = 0.0.0.0, mt = 0
IP6.ADDRESS[1]:                         fd03:1136:3800::41/122
IP6.ADDRESS[2]:                         fe80::42:d2ff:fe3e:65ac/64
IP6.GATEWAY:                            --
IP6.ROUTE[1]:                           dst = fd03:1136:3800::40/122, nh = ::, mt = 256
IP6.ROUTE[2]:                           dst = fe80::/64, nh = ::, mt = 256

GENERAL.DEVICE:                         lzc-br-6e79d680
GENERAL.TYPE:                           bridge
GENERAL.HWADDR:                         02:42:02:50:26:2A
GENERAL.MTU:                            1500
GENERAL.STATE:                          100 (connected (externally))
GENERAL.CONNECTION:                     lzc-br-6e79d680
GENERAL.CON-PATH:                       /org/freedesktop/NetworkManager/ActiveConnection/8
IP4.ADDRESS[1]:                         172.28.0.193/26
IP4.GATEWAY:                            --
IP4.ROUTE[1]:                           dst = 172.28.0.192/26, nh = 0.0.0.0, mt = 0
IP6.ADDRESS[1]:                         fd03:1136:3800::c1/122
IP6.ADDRESS[2]:                         fe80::42:2ff:fe50:262a/64
IP6.GATEWAY:                            --
IP6.ROUTE[1]:                           dst = fd03:1136:3800::c0/122, nh = ::, mt = 256
IP6.ROUTE[2]:                           dst = fe80::/64, nh = ::, mt = 256

GENERAL.DEVICE:                         lzc-br-7a6c78ec
GENERAL.TYPE:                           bridge
GENERAL.HWADDR:                         02:42:39:B2:B6:AC
GENERAL.MTU:                            1500
GENERAL.STATE:                          100 (connected (externally))
GENERAL.CONNECTION:                     lzc-br-7a6c78ec
GENERAL.CON-PATH:                       /org/freedesktop/NetworkManager/ActiveConnection/5
IP4.ADDRESS[1]:                         172.28.0.1/26
IP4.GATEWAY:                            --
IP4.ROUTE[1]:                           dst = 172.28.0.0/26, nh = 0.0.0.0, mt = 0
IP6.ADDRESS[1]:                         fd03:1136:3800::1/122
IP6.ADDRESS[2]:                         fe80::42:39ff:feb2:b6ac/64
IP6.GATEWAY:                            --
IP6.ROUTE[1]:                           dst = fd03:1136:3800::/122, nh = ::, mt = 256
IP6.ROUTE[2]:                           dst = fe80::/64, nh = ::, mt = 256

GENERAL.DEVICE:                         lzc-br-8d9c1795
GENERAL.TYPE:                           bridge
GENERAL.HWADDR:                         02:42:C4:91:68:78
GENERAL.MTU:                            1500
GENERAL.STATE:                          100 (connected (externally))
GENERAL.CONNECTION:                     lzc-br-8d9c1795
GENERAL.CON-PATH:                       /org/freedesktop/NetworkManager/ActiveConnection/21
IP4.ADDRESS[1]:                         172.28.1.193/26
IP4.GATEWAY:                            --
IP4.ROUTE[1]:                           dst = 172.28.1.192/26, nh = 0.0.0.0, mt = 0
IP6.ADDRESS[1]:                         fd03:1136:3800::1c1/122
IP6.ADDRESS[2]:                         fe80::42:c4ff:fe91:6878/64
IP6.GATEWAY:                            --
IP6.ROUTE[1]:                           dst = fd03:1136:3800::1c0/122, nh = ::, mt = 256
IP6.ROUTE[2]:                           dst = fe80::/64, nh = ::, mt = 256

GENERAL.DEVICE:                         lzc-br-9963f095
GENERAL.TYPE:                           bridge
GENERAL.HWADDR:                         02:42:38:35:E3:74
GENERAL.MTU:                            1500
GENERAL.STATE:                          100 (connected (externally))
GENERAL.CONNECTION:                     lzc-br-9963f095
GENERAL.CON-PATH:                       /org/freedesktop/NetworkManager/ActiveConnection/9
IP4.ADDRESS[1]:                         172.28.1.1/26
IP4.GATEWAY:                            --
IP4.ROUTE[1]:                           dst = 172.28.1.0/26, nh = 0.0.0.0, mt = 0
IP6.ADDRESS[1]:                         fd03:1136:3800::101/122
IP6.ADDRESS[2]:                         fe80::42:38ff:fe35:e374/64
IP6.GATEWAY:                            --
IP6.ROUTE[1]:                           dst = fd03:1136:3800::100/122, nh = ::, mt = 256
IP6.ROUTE[2]:                           dst = fe80::/64, nh = ::, mt = 256

GENERAL.DEVICE:                         lzc-br-9ec31e64
GENERAL.TYPE:                           bridge
GENERAL.HWADDR:                         02:42:92:D4:55:9C
GENERAL.MTU:                            1500
GENERAL.STATE:                          100 (connected (externally))
GENERAL.CONNECTION:                     lzc-br-9ec31e64
GENERAL.CON-PATH:                       /org/freedesktop/NetworkManager/ActiveConnection/19
IP4.ADDRESS[1]:                         172.28.1.129/26
IP4.GATEWAY:                            --
IP4.ROUTE[1]:                           dst = 172.28.1.128/26, nh = 0.0.0.0, mt = 0
IP6.ADDRESS[1]:                         fd03:1136:3800::181/122
IP6.ADDRESS[2]:                         fe80::42:92ff:fed4:559c/64
IP6.GATEWAY:                            --
IP6.ROUTE[1]:                           dst = fd03:1136:3800::180/122, nh = ::, mt = 256
IP6.ROUTE[2]:                           dst = fe80::/64, nh = ::, mt = 256

GENERAL.DEVICE:                         lzc-br-a62bee66
GENERAL.TYPE:                           bridge
GENERAL.HWADDR:                         02:42:EA:95:17:85
GENERAL.MTU:                            1500
GENERAL.STATE:                          100 (connected (externally))
GENERAL.CONNECTION:                     lzc-br-a62bee66
GENERAL.CON-PATH:                       /org/freedesktop/NetworkManager/ActiveConnection/24
IP4.ADDRESS[1]:                         172.28.2.129/26
IP4.GATEWAY:                            --
IP4.ROUTE[1]:                           dst = 172.28.2.128/26, nh = 0.0.0.0, mt = 0
IP6.ADDRESS[1]:                         fd03:1136:3800::281/122
IP6.ADDRESS[2]:                         fe80::42:eaff:fe95:1785/64
IP6.GATEWAY:                            --
IP6.ROUTE[1]:                           dst = fd03:1136:3800::280/122, nh = ::, mt = 256
IP6.ROUTE[2]:                           dst = fe80::/64, nh = ::, mt = 256

GENERAL.DEVICE:                         lzc-br-aaefacac
GENERAL.TYPE:                           bridge
GENERAL.HWADDR:                         02:42:CE:0D:C9:45
GENERAL.MTU:                            1500
GENERAL.STATE:                          100 (connected (externally))
GENERAL.CONNECTION:                     lzc-br-aaefacac
GENERAL.CON-PATH:                       /org/freedesktop/NetworkManager/ActiveConnection/62
IP4.ADDRESS[1]:                         172.28.4.193/26
IP4.GATEWAY:                            --
IP4.ROUTE[1]:                           dst = 172.28.4.192/26, nh = 0.0.0.0, mt = 0
IP6.ADDRESS[1]:                         fd03:1136:3800::4c1/122
IP6.ADDRESS[2]:                         fe80::42:ceff:fe0d:c945/64
IP6.GATEWAY:                            --
IP6.ROUTE[1]:                           dst = fd03:1136:3800::4c0/122, nh = ::, mt = 256
IP6.ROUTE[2]:                           dst = fe80::/64, nh = ::, mt = 256

GENERAL.DEVICE:                         lzc-br-ac3d70db
GENERAL.TYPE:                           bridge
GENERAL.HWADDR:                         02:42:EB:ED:F6:5E
GENERAL.MTU:                            1500
GENERAL.STATE:                          100 (connected (externally))
GENERAL.CONNECTION:                     lzc-br-ac3d70db
GENERAL.CON-PATH:                       /org/freedesktop/NetworkManager/ActiveConnection/40
IP4.ADDRESS[1]:                         172.28.3.193/26
IP4.GATEWAY:                            --
IP4.ROUTE[1]:                           dst = 172.28.3.192/26, nh = 0.0.0.0, mt = 0
IP6.ADDRESS[1]:                         fd03:1136:3800::3c1/122
IP6.ADDRESS[2]:                         fe80::42:ebff:feed:f65e/64
IP6.GATEWAY:                            --
IP6.ROUTE[1]:                           dst = fd03:1136:3800::3c0/122, nh = ::, mt = 256
IP6.ROUTE[2]:                           dst = fe80::/64, nh = ::, mt = 256

GENERAL.DEVICE:                         lzc-br-c65e581b
GENERAL.TYPE:                           bridge
GENERAL.HWADDR:                         02:42:7E:8E:64:76
GENERAL.MTU:                            1500
GENERAL.STATE:                          100 (connected (externally))
GENERAL.CONNECTION:                     lzc-br-c65e581b
GENERAL.CON-PATH:                       /org/freedesktop/NetworkManager/ActiveConnection/61
IP4.ADDRESS[1]:                         172.28.4.129/26
IP4.GATEWAY:                            --
IP4.ROUTE[1]:                           dst = 172.28.4.128/26, nh = 0.0.0.0, mt = 0
IP6.ADDRESS[1]:                         fd03:1136:3800::481/122
IP6.ADDRESS[2]:                         fe80::42:7eff:fe8e:6476/64
IP6.GATEWAY:                            --
IP6.ROUTE[1]:                           dst = fd03:1136:3800::480/122, nh = ::, mt = 256
IP6.ROUTE[2]:                           dst = fe80::/64, nh = ::, mt = 256

GENERAL.DEVICE:                         lzc-br-d8c56011
GENERAL.TYPE:                           bridge
GENERAL.HWADDR:                         02:42:25:1C:CE:37
GENERAL.MTU:                            1500
GENERAL.STATE:                          100 (connected (externally))
GENERAL.CONNECTION:                     lzc-br-d8c56011
GENERAL.CON-PATH:                       /org/freedesktop/NetworkManager/ActiveConnection/39
IP4.ADDRESS[1]:                         172.28.3.129/26
IP4.GATEWAY:                            --
IP4.ROUTE[1]:                           dst = 172.28.3.128/26, nh = 0.0.0.0, mt = 0
IP6.ADDRESS[1]:                         fd03:1136:3800::381/122
IP6.ADDRESS[2]:                         fe80::42:25ff:fe1c:ce37/64
IP6.GATEWAY:                            --
IP6.ROUTE[1]:                           dst = fd03:1136:3800::380/122, nh = ::, mt = 256
IP6.ROUTE[2]:                           dst = fe80::/64, nh = ::, mt = 256

GENERAL.DEVICE:                         lzc-br-d9e21c5c
GENERAL.TYPE:                           bridge
GENERAL.HWADDR:                         02:42:91:50:94:10
GENERAL.MTU:                            1500
GENERAL.STATE:                          100 (connected (externally))
GENERAL.CONNECTION:                     lzc-br-d9e21c5c
GENERAL.CON-PATH:                       /org/freedesktop/NetworkManager/ActiveConnection/38
IP4.ADDRESS[1]:                         172.28.3.65/26
IP4.GATEWAY:                            --
IP4.ROUTE[1]:                           dst = 172.28.3.64/26, nh = 0.0.0.0, mt = 0
IP6.ADDRESS[1]:                         fe80::42:91ff:fe50:9410/64
IP6.ADDRESS[2]:                         fd03:1136:3800::341/122
IP6.GATEWAY:                            --
IP6.ROUTE[1]:                           dst = fd03:1136:3800::340/122, nh = ::, mt = 256
IP6.ROUTE[2]:                           dst = fe80::/64, nh = ::, mt = 256

GENERAL.DEVICE:                         lzc-br-f809b5bf
GENERAL.TYPE:                           bridge
GENERAL.HWADDR:                         02:42:DE:AA:4F:CC
GENERAL.MTU:                            1500
GENERAL.STATE:                          100 (connected (externally))
GENERAL.CONNECTION:                     lzc-br-f809b5bf
GENERAL.CON-PATH:                       /org/freedesktop/NetworkManager/ActiveConnection/23
IP4.ADDRESS[1]:                         172.28.2.65/26
IP4.GATEWAY:                            --
IP4.ROUTE[1]:                           dst = 172.28.2.64/26, nh = 0.0.0.0, mt = 0
IP6.ADDRESS[1]:                         fd03:1136:3800::241/122
IP6.ADDRESS[2]:                         fe80::42:deff:feaa:4fcc/64
IP6.GATEWAY:                            --
IP6.ROUTE[1]:                           dst = fd03:1136:3800::240/122, nh = ::, mt = 256
IP6.ROUTE[2]:                           dst = fe80::/64, nh = ::, mt = 256

GENERAL.DEVICE:                         br-ef22ca40c60d
GENERAL.TYPE:                           bridge
GENERAL.HWADDR:                         02:42:02:10:30:53
GENERAL.MTU:                            1500
GENERAL.STATE:                          100 (connected (externally))
GENERAL.CONNECTION:                     br-ef22ca40c60d
GENERAL.CON-PATH:                       /org/freedesktop/NetworkManager/ActiveConnection/13
IP4.ADDRESS[1]:                         172.100.1.1/24
IP4.GATEWAY:                            --
IP4.ROUTE[1]:                           dst = 172.100.1.0/24, nh = 0.0.0.0, mt = 0
IP6.ADDRESS[1]:                         fe80::42:2ff:fe10:3053/64
IP6.GATEWAY:                            --
IP6.ROUTE[1]:                           dst = fe80::/64, nh = ::, mt = 256

GENERAL.DEVICE:                         br-f068c6ffd9d7
GENERAL.TYPE:                           bridge
GENERAL.HWADDR:                         02:42:4F:85:9F:99
GENERAL.MTU:                            1500
GENERAL.STATE:                          100 (connected (externally))
GENERAL.CONNECTION:                     br-f068c6ffd9d7
GENERAL.CON-PATH:                       /org/freedesktop/NetworkManager/ActiveConnection/14
IP4.ADDRESS[1]:                         172.100.6.1/24
IP4.GATEWAY:                            --
IP4.ROUTE[1]:                           dst = 172.100.6.0/24, nh = 0.0.0.0, mt = 0
IP6.ADDRESS[1]:                         fe80::42:4fff:fe85:9f99/64
IP6.GATEWAY:                            --
IP6.ROUTE[1]:                           dst = fe80::/64, nh = ::, mt = 256

GENERAL.DEVICE:                         br-fd6e939c220d
GENERAL.TYPE:                           bridge
GENERAL.HWADDR:                         02:42:D0:82:DE:76
GENERAL.MTU:                            1500
GENERAL.STATE:                          100 (connected (externally))
GENERAL.CONNECTION:                     br-fd6e939c220d
GENERAL.CON-PATH:                       /org/freedesktop/NetworkManager/ActiveConnection/20
IP4.ADDRESS[1]:                         172.100.7.1/24
IP4.GATEWAY:                            --
IP4.ROUTE[1]:                           dst = 172.100.7.0/24, nh = 0.0.0.0, mt = 0
IP6.ADDRESS[1]:                         fe80::42:d0ff:fe82:de76/64
IP6.GATEWAY:                            --
IP6.ROUTE[1]:                           dst = fe80::/64, nh = ::, mt = 256

GENERAL.DEVICE:                         docker0
GENERAL.TYPE:                           bridge
GENERAL.HWADDR:                         02:42:50:C9:2F:22
GENERAL.MTU:                            1500
GENERAL.STATE:                          100 (connected (externally))
GENERAL.CONNECTION:                     docker0
GENERAL.CON-PATH:                       /org/freedesktop/NetworkManager/ActiveConnection/18
IP4.ADDRESS[1]:                         172.100.0.1/24
IP4.GATEWAY:                            --
IP4.ROUTE[1]:                           dst = 172.100.0.0/24, nh = 0.0.0.0, mt = 0
IP6.ADDRESS[1]:                         fe80::42:50ff:fec9:2f22/64
IP6.GATEWAY:                            --
IP6.ROUTE[1]:                           dst = fe80::/64, nh = ::, mt = 256

GENERAL.DEVICE:                         lo
GENERAL.TYPE:                           loopback
GENERAL.HWADDR:                         00:00:00:00:00:00
GENERAL.MTU:                            65536
GENERAL.STATE:                          100 (connected (externally))
GENERAL.CONNECTION:                     lo
GENERAL.CON-PATH:                       /org/freedesktop/NetworkManager/ActiveConnection/1
IP4.ADDRESS[1]:                         127.0.0.1/8
IP4.GATEWAY:                            --
IP6.ADDRESS[1]:                         ::1/128
IP6.GATEWAY:                            --

GENERAL.DEVICE:                         br-2ad7ecfa93f1
GENERAL.TYPE:                           bridge
GENERAL.HWADDR:                         02:42:5A:1C:19:08
GENERAL.MTU:                            1500
GENERAL.STATE:                          100 (connected (externally))
GENERAL.CONNECTION:                     br-2ad7ecfa93f1
GENERAL.CON-PATH:                       /org/freedesktop/NetworkManager/ActiveConnection/15
IP4.ADDRESS[1]:                         172.100.2.1/24
IP4.GATEWAY:                            --
IP4.ROUTE[1]:                           dst = 172.100.2.0/24, nh = 0.0.0.0, mt = 0
IP6.GATEWAY:                            --

GENERAL.DEVICE:                         br-3e48c347405c
GENERAL.TYPE:                           bridge
GENERAL.HWADDR:                         02:42:B9:87:DA:2A
GENERAL.MTU:                            1500
GENERAL.STATE:                          100 (connected (externally))
GENERAL.CONNECTION:                     br-3e48c347405c
GENERAL.CON-PATH:                       /org/freedesktop/NetworkManager/ActiveConnection/16
IP4.ADDRESS[1]:                         172.100.3.1/24
IP4.GATEWAY:                            --
IP4.ROUTE[1]:                           dst = 172.100.3.0/24, nh = 0.0.0.0, mt = 0
IP6.GATEWAY:                            --

GENERAL.DEVICE:                         br-821c696c094a
GENERAL.TYPE:                           bridge
GENERAL.HWADDR:                         02:42:12:B9:9D:7E
GENERAL.MTU:                            1500
GENERAL.STATE:                          100 (connected (externally))
GENERAL.CONNECTION:                     br-821c696c094a
GENERAL.CON-PATH:                       /org/freedesktop/NetworkManager/ActiveConnection/11
IP4.ADDRESS[1]:                         172.100.4.1/24
IP4.GATEWAY:                            --
IP4.ROUTE[1]:                           dst = 172.100.4.0/24, nh = 0.0.0.0, mt = 0
IP6.GATEWAY:                            --

GENERAL.DEVICE:                         br-abe566e36e91
GENERAL.TYPE:                           bridge
GENERAL.HWADDR:                         02:42:DC:25:9C:6A
GENERAL.MTU:                            1500
GENERAL.STATE:                          100 (connected (externally))
GENERAL.CONNECTION:                     br-abe566e36e91
GENERAL.CON-PATH:                       /org/freedesktop/NetworkManager/ActiveConnection/12
IP4.ADDRESS[1]:                         172.100.5.1/24
IP4.GATEWAY:                            --
IP4.ROUTE[1]:                           dst = 172.100.5.0/24, nh = 0.0.0.0, mt = 0
IP6.GATEWAY:                            --

GENERAL.DEVICE:                         wlp4s0
GENERAL.TYPE:                           wifi
GENERAL.HWADDR:                         0E:36:BA:95:B6:0C
GENERAL.MTU:                            1500
GENERAL.STATE:                          30 (disconnected)
GENERAL.CONNECTION:                     --
GENERAL.CON-PATH:                       --
IP4.GATEWAY:                            --
IP6.GATEWAY:                            --

GENERAL.DEVICE:                         veth01eee8a
GENERAL.TYPE:                           ethernet
GENERAL.HWADDR:                         22:E7:B1:A7:5E:51
GENERAL.MTU:                            1500
GENERAL.STATE:                          10 (unmanaged)
GENERAL.CONNECTION:                     --
GENERAL.CON-PATH:                       --
WIRED-PROPERTIES.CARRIER:               on
IP4.GATEWAY:                            --
IP6.ADDRESS[1]:                         fe80::20e7:b1ff:fea7:5e51/64
IP6.GATEWAY:                            --
IP6.ROUTE[1]:                           dst = fe80::/64, nh = ::, mt = 256

GENERAL.DEVICE:                         veth0f3f0c4
GENERAL.TYPE:                           ethernet
GENERAL.HWADDR:                         46:31:B0:8E:BE:F2
GENERAL.MTU:                            1500
GENERAL.STATE:                          10 (unmanaged)
GENERAL.CONNECTION:                     --
GENERAL.CON-PATH:                       --
WIRED-PROPERTIES.CARRIER:               on
IP4.GATEWAY:                            --
IP6.ADDRESS[1]:                         fe80::4431:b0ff:fe8e:bef2/64
IP6.GATEWAY:                            --
IP6.ROUTE[1]:                           dst = fe80::/64, nh = ::, mt = 256

GENERAL.DEVICE:                         veth18fce8c
GENERAL.TYPE:                           ethernet
GENERAL.HWADDR:                         66:36:A3:4C:73:CB
GENERAL.MTU:                            1500
GENERAL.STATE:                          10 (unmanaged)
GENERAL.CONNECTION:                     --
GENERAL.CON-PATH:                       --
WIRED-PROPERTIES.CARRIER:               on
IP4.GATEWAY:                            --
IP6.ADDRESS[1]:                         fe80::6436:a3ff:fe4c:73cb/64
IP6.GATEWAY:                            --
IP6.ROUTE[1]:                           dst = fe80::/64, nh = ::, mt = 256

GENERAL.DEVICE:                         veth1b339aa
GENERAL.TYPE:                           ethernet
GENERAL.HWADDR:                         E6:B2:B5:75:2C:CF
GENERAL.MTU:                            1500
GENERAL.STATE:                          10 (unmanaged)
GENERAL.CONNECTION:                     --
GENERAL.CON-PATH:                       --
WIRED-PROPERTIES.CARRIER:               on
IP4.GATEWAY:                            --
IP6.ADDRESS[1]:                         fe80::e4b2:b5ff:fe75:2ccf/64
IP6.GATEWAY:                            --
IP6.ROUTE[1]:                           dst = fe80::/64, nh = ::, mt = 256

GENERAL.DEVICE:                         veth1f7f2b6
GENERAL.TYPE:                           ethernet
GENERAL.HWADDR:                         3E:CE:F5:51:54:09
GENERAL.MTU:                            1500
GENERAL.STATE:                          10 (unmanaged)
GENERAL.CONNECTION:                     --
GENERAL.CON-PATH:                       --
WIRED-PROPERTIES.CARRIER:               on
IP4.GATEWAY:                            --
IP6.ADDRESS[1]:                         fe80::3cce:f5ff:fe51:5409/64
IP6.GATEWAY:                            --
IP6.ROUTE[1]:                           dst = fe80::/64, nh = ::, mt = 256

GENERAL.DEVICE:                         veth217762d
GENERAL.TYPE:                           ethernet
GENERAL.HWADDR:                         CE:52:67:2E:64:5C
GENERAL.MTU:                            1500
GENERAL.STATE:                          10 (unmanaged)
GENERAL.CONNECTION:                     --
GENERAL.CON-PATH:                       --
WIRED-PROPERTIES.CARRIER:               on
IP4.GATEWAY:                            --
IP6.ADDRESS[1]:                         fe80::cc52:67ff:fe2e:645c/64
IP6.GATEWAY:                            --
IP6.ROUTE[1]:                           dst = fe80::/64, nh = ::, mt = 256

GENERAL.DEVICE:                         veth262f592
GENERAL.TYPE:                           ethernet
GENERAL.HWADDR:                         92:EF:4C:59:89:C7
GENERAL.MTU:                            1500
GENERAL.STATE:                          10 (unmanaged)
GENERAL.CONNECTION:                     --
GENERAL.CON-PATH:                       --
WIRED-PROPERTIES.CARRIER:               on
IP4.GATEWAY:                            --
IP6.ADDRESS[1]:                         fe80::90ef:4cff:fe59:89c7/64
IP6.GATEWAY:                            --
IP6.ROUTE[1]:                           dst = fe80::/64, nh = ::, mt = 256

GENERAL.DEVICE:                         veth266c7c0
GENERAL.TYPE:                           ethernet
GENERAL.HWADDR:                         3A:2A:FD:57:95:FF
GENERAL.MTU:                            1500
GENERAL.STATE:                          10 (unmanaged)
GENERAL.CONNECTION:                     --
GENERAL.CON-PATH:                       --
WIRED-PROPERTIES.CARRIER:               on
IP4.GATEWAY:                            --
IP6.ADDRESS[1]:                         fe80::382a:fdff:fe57:95ff/64
IP6.GATEWAY:                            --
IP6.ROUTE[1]:                           dst = fe80::/64, nh = ::, mt = 256

GENERAL.DEVICE:                         veth2ce2ef5
GENERAL.TYPE:                           ethernet
GENERAL.HWADDR:                         06:04:74:BE:1C:4D
GENERAL.MTU:                            1500
GENERAL.STATE:                          10 (unmanaged)
GENERAL.CONNECTION:                     --
GENERAL.CON-PATH:                       --
WIRED-PROPERTIES.CARRIER:               on
IP4.GATEWAY:                            --
IP6.ADDRESS[1]:                         fe80::404:74ff:febe:1c4d/64
IP6.GATEWAY:                            --
IP6.ROUTE[1]:                           dst = fe80::/64, nh = ::, mt = 256

GENERAL.DEVICE:                         veth2db8ad3
GENERAL.TYPE:                           ethernet
GENERAL.HWADDR:                         C2:E4:1A:04:5D:B1
GENERAL.MTU:                            1500
GENERAL.STATE:                          10 (unmanaged)
GENERAL.CONNECTION:                     --
GENERAL.CON-PATH:                       --
WIRED-PROPERTIES.CARRIER:               on
IP4.GATEWAY:                            --
IP6.ADDRESS[1]:                         fe80::c0e4:1aff:fe04:5db1/64
IP6.GATEWAY:                            --
IP6.ROUTE[1]:                           dst = fe80::/64, nh = ::, mt = 256

GENERAL.DEVICE:                         veth3325d45
GENERAL.TYPE:                           ethernet
GENERAL.HWADDR:                         46:97:E4:4A:57:EC
GENERAL.MTU:                            1500
GENERAL.STATE:                          10 (unmanaged)
GENERAL.CONNECTION:                     --
GENERAL.CON-PATH:                       --
WIRED-PROPERTIES.CARRIER:               on
IP4.GATEWAY:                            --
IP6.ADDRESS[1]:                         fe80::4497:e4ff:fe4a:57ec/64
IP6.GATEWAY:                            --
IP6.ROUTE[1]:                           dst = fe80::/64, nh = ::, mt = 256

GENERAL.DEVICE:                         veth392d1be
GENERAL.TYPE:                           ethernet
GENERAL.HWADDR:                         2A:AF:41:89:04:20
GENERAL.MTU:                            1500
GENERAL.STATE:                          10 (unmanaged)
GENERAL.CONNECTION:                     --
GENERAL.CON-PATH:                       --
WIRED-PROPERTIES.CARRIER:               on
IP4.GATEWAY:                            --
IP6.ADDRESS[1]:                         fe80::28af:41ff:fe89:420/64
IP6.GATEWAY:                            --
IP6.ROUTE[1]:                           dst = fe80::/64, nh = ::, mt = 256

GENERAL.DEVICE:                         veth3aca3b1
GENERAL.TYPE:                           ethernet
GENERAL.HWADDR:                         F2:42:9E:30:41:8B
GENERAL.MTU:                            1500
GENERAL.STATE:                          10 (unmanaged)
GENERAL.CONNECTION:                     --
GENERAL.CON-PATH:                       --
WIRED-PROPERTIES.CARRIER:               on
IP4.GATEWAY:                            --
IP6.ADDRESS[1]:                         fe80::f042:9eff:fe30:418b/64
IP6.GATEWAY:                            --
IP6.ROUTE[1]:                           dst = fe80::/64, nh = ::, mt = 256

GENERAL.DEVICE:                         veth3b79eb8
GENERAL.TYPE:                           ethernet
GENERAL.HWADDR:                         D6:78:24:D7:08:99
GENERAL.MTU:                            1500
GENERAL.STATE:                          10 (unmanaged)
GENERAL.CONNECTION:                     --
GENERAL.CON-PATH:                       --
WIRED-PROPERTIES.CARRIER:               on
IP4.GATEWAY:                            --
IP6.ADDRESS[1]:                         fe80::d478:24ff:fed7:899/64
IP6.GATEWAY:                            --
IP6.ROUTE[1]:                           dst = fe80::/64, nh = ::, mt = 256

GENERAL.DEVICE:                         veth3d43472
GENERAL.TYPE:                           ethernet
GENERAL.HWADDR:                         96:36:B8:D4:2D:45
GENERAL.MTU:                            1500
GENERAL.STATE:                          10 (unmanaged)
GENERAL.CONNECTION:                     --
GENERAL.CON-PATH:                       --
WIRED-PROPERTIES.CARRIER:               on
IP4.GATEWAY:                            --
IP6.ADDRESS[1]:                         fe80::9436:b8ff:fed4:2d45/64
IP6.GATEWAY:                            --
IP6.ROUTE[1]:                           dst = fe80::/64, nh = ::, mt = 256

GENERAL.DEVICE:                         veth438dbf1
GENERAL.TYPE:                           ethernet
GENERAL.HWADDR:                         A2:DC:27:83:63:16
GENERAL.MTU:                            1500
GENERAL.STATE:                          10 (unmanaged)
GENERAL.CONNECTION:                     --
GENERAL.CON-PATH:                       --
WIRED-PROPERTIES.CARRIER:               on
IP4.GATEWAY:                            --
IP6.ADDRESS[1]:                         fe80::a0dc:27ff:fe83:6316/64
IP6.GATEWAY:                            --
IP6.ROUTE[1]:                           dst = fe80::/64, nh = ::, mt = 256

GENERAL.DEVICE:                         veth475b226
GENERAL.TYPE:                           ethernet
GENERAL.HWADDR:                         B6:4B:E1:8A:ED:D9
GENERAL.MTU:                            1500
GENERAL.STATE:                          10 (unmanaged)
GENERAL.CONNECTION:                     --
GENERAL.CON-PATH:                       --
WIRED-PROPERTIES.CARRIER:               on
IP4.GATEWAY:                            --
IP6.ADDRESS[1]:                         fe80::b44b:e1ff:fe8a:edd9/64
IP6.GATEWAY:                            --
IP6.ROUTE[1]:                           dst = fe80::/64, nh = ::, mt = 256

GENERAL.DEVICE:                         veth4bd51d9
GENERAL.TYPE:                           ethernet
GENERAL.HWADDR:                         F2:79:3D:16:0A:CF
GENERAL.MTU:                            1500
GENERAL.STATE:                          10 (unmanaged)
GENERAL.CONNECTION:                     --
GENERAL.CON-PATH:                       --
WIRED-PROPERTIES.CARRIER:               on
IP4.GATEWAY:                            --
IP6.ADDRESS[1]:                         fe80::f079:3dff:fe16:acf/64
IP6.GATEWAY:                            --
IP6.ROUTE[1]:                           dst = fe80::/64, nh = ::, mt = 256

GENERAL.DEVICE:                         veth4e45fcb
GENERAL.TYPE:                           ethernet
GENERAL.HWADDR:                         C2:E7:A3:A3:9E:1A
GENERAL.MTU:                            1500
GENERAL.STATE:                          10 (unmanaged)
GENERAL.CONNECTION:                     --
GENERAL.CON-PATH:                       --
WIRED-PROPERTIES.CARRIER:               on
IP4.GATEWAY:                            --
IP6.ADDRESS[1]:                         fe80::c0e7:a3ff:fea3:9e1a/64
IP6.GATEWAY:                            --
IP6.ROUTE[1]:                           dst = fe80::/64, nh = ::, mt = 256

GENERAL.DEVICE:                         veth5415a40
GENERAL.TYPE:                           ethernet
GENERAL.HWADDR:                         86:04:F5:A3:4C:F2
GENERAL.MTU:                            1500
GENERAL.STATE:                          10 (unmanaged)
GENERAL.CONNECTION:                     --
GENERAL.CON-PATH:                       --
WIRED-PROPERTIES.CARRIER:               on
IP4.GATEWAY:                            --
IP6.ADDRESS[1]:                         fe80::8404:f5ff:fea3:4cf2/64
IP6.GATEWAY:                            --
IP6.ROUTE[1]:                           dst = fe80::/64, nh = ::, mt = 256

GENERAL.DEVICE:                         veth54cfe9b
GENERAL.TYPE:                           ethernet
GENERAL.HWADDR:                         5A:A1:2F:F6:81:B5
GENERAL.MTU:                            1500
GENERAL.STATE:                          10 (unmanaged)
GENERAL.CONNECTION:                     --
GENERAL.CON-PATH:                       --
WIRED-PROPERTIES.CARRIER:               on
IP4.GATEWAY:                            --
IP6.ADDRESS[1]:                         fe80::58a1:2fff:fef6:81b5/64
IP6.GATEWAY:                            --
IP6.ROUTE[1]:                           dst = fe80::/64, nh = ::, mt = 256

GENERAL.DEVICE:                         veth5c8382b
GENERAL.TYPE:                           ethernet
GENERAL.HWADDR:                         BA:0D:7C:BF:1B:51
GENERAL.MTU:                            1500
GENERAL.STATE:                          10 (unmanaged)
GENERAL.CONNECTION:                     --
GENERAL.CON-PATH:                       --
WIRED-PROPERTIES.CARRIER:               on
IP4.GATEWAY:                            --
IP6.ADDRESS[1]:                         fe80::b80d:7cff:febf:1b51/64
IP6.GATEWAY:                            --
IP6.ROUTE[1]:                           dst = fe80::/64, nh = ::, mt = 256

GENERAL.DEVICE:                         veth6a1c7b7
GENERAL.TYPE:                           ethernet
GENERAL.HWADDR:                         B2:FC:43:65:A0:B1
GENERAL.MTU:                            1500
GENERAL.STATE:                          10 (unmanaged)
GENERAL.CONNECTION:                     --
GENERAL.CON-PATH:                       --
WIRED-PROPERTIES.CARRIER:               on
IP4.GATEWAY:                            --
IP6.ADDRESS[1]:                         fe80::b0fc:43ff:fe65:a0b1/64
IP6.GATEWAY:                            --
IP6.ROUTE[1]:                           dst = fe80::/64, nh = ::, mt = 256

GENERAL.DEVICE:                         veth778796d
GENERAL.TYPE:                           ethernet
GENERAL.HWADDR:                         02:B5:D1:3E:0C:BF
GENERAL.MTU:                            1500
GENERAL.STATE:                          10 (unmanaged)
GENERAL.CONNECTION:                     --
GENERAL.CON-PATH:                       --
WIRED-PROPERTIES.CARRIER:               on
IP4.GATEWAY:                            --
IP6.ADDRESS[1]:                         fe80::b5:d1ff:fe3e:cbf/64
IP6.GATEWAY:                            --
IP6.ROUTE[1]:                           dst = fe80::/64, nh = ::, mt = 256

GENERAL.DEVICE:                         veth7f28c2c
GENERAL.TYPE:                           ethernet
GENERAL.HWADDR:                         2E:86:96:E9:66:C8
GENERAL.MTU:                            1500
GENERAL.STATE:                          10 (unmanaged)
GENERAL.CONNECTION:                     --
GENERAL.CON-PATH:                       --
WIRED-PROPERTIES.CARRIER:               on
IP4.GATEWAY:                            --
IP6.ADDRESS[1]:                         fe80::2c86:96ff:fee9:66c8/64
IP6.GATEWAY:                            --
IP6.ROUTE[1]:                           dst = fe80::/64, nh = ::, mt = 256

GENERAL.DEVICE:                         veth8205dad
GENERAL.TYPE:                           ethernet
GENERAL.HWADDR:                         BA:19:43:A6:3A:36
GENERAL.MTU:                            1500
GENERAL.STATE:                          10 (unmanaged)
GENERAL.CONNECTION:                     --
GENERAL.CON-PATH:                       --
WIRED-PROPERTIES.CARRIER:               on
IP4.GATEWAY:                            --
IP6.ADDRESS[1]:                         fe80::b819:43ff:fea6:3a36/64
IP6.GATEWAY:                            --
IP6.ROUTE[1]:                           dst = fe80::/64, nh = ::, mt = 256

GENERAL.DEVICE:                         veth830368c
GENERAL.TYPE:                           ethernet
GENERAL.HWADDR:                         AA:93:74:8C:4D:B4
GENERAL.MTU:                            1500
GENERAL.STATE:                          10 (unmanaged)
GENERAL.CONNECTION:                     --
GENERAL.CON-PATH:                       --
WIRED-PROPERTIES.CARRIER:               on
IP4.GATEWAY:                            --
IP6.ADDRESS[1]:                         fe80::a893:74ff:fe8c:4db4/64
IP6.GATEWAY:                            --
IP6.ROUTE[1]:                           dst = fe80::/64, nh = ::, mt = 256

GENERAL.DEVICE:                         veth830d72f
GENERAL.TYPE:                           ethernet
GENERAL.HWADDR:                         7A:8B:A4:7D:7A:C7
GENERAL.MTU:                            1500
GENERAL.STATE:                          10 (unmanaged)
GENERAL.CONNECTION:                     --
GENERAL.CON-PATH:                       --
WIRED-PROPERTIES.CARRIER:               on
IP4.GATEWAY:                            --
IP6.ADDRESS[1]:                         fe80::788b:a4ff:fe7d:7ac7/64
IP6.GATEWAY:                            --
IP6.ROUTE[1]:                           dst = fe80::/64, nh = ::, mt = 256

GENERAL.DEVICE:                         veth83b0574
GENERAL.TYPE:                           ethernet
GENERAL.HWADDR:                         CE:A3:6E:A6:BC:23
GENERAL.MTU:                            1500
GENERAL.STATE:                          10 (unmanaged)
GENERAL.CONNECTION:                     --
GENERAL.CON-PATH:                       --
WIRED-PROPERTIES.CARRIER:               on
IP4.GATEWAY:                            --
IP6.ADDRESS[1]:                         fe80::cca3:6eff:fea6:bc23/64
IP6.GATEWAY:                            --
IP6.ROUTE[1]:                           dst = fe80::/64, nh = ::, mt = 256

GENERAL.DEVICE:                         veth843c56e
GENERAL.TYPE:                           ethernet
GENERAL.HWADDR:                         C6:7E:47:A5:A1:3F
GENERAL.MTU:                            1500
GENERAL.STATE:                          10 (unmanaged)
GENERAL.CONNECTION:                     --
GENERAL.CON-PATH:                       --
WIRED-PROPERTIES.CARRIER:               on
IP4.GATEWAY:                            --
IP6.ADDRESS[1]:                         fe80::c47e:47ff:fea5:a13f/64
IP6.GATEWAY:                            --
IP6.ROUTE[1]:                           dst = fe80::/64, nh = ::, mt = 256

GENERAL.DEVICE:                         veth845ef3b
GENERAL.TYPE:                           ethernet
GENERAL.HWADDR:                         B2:D8:A3:37:B2:AF
GENERAL.MTU:                            1500
GENERAL.STATE:                          10 (unmanaged)
GENERAL.CONNECTION:                     --
GENERAL.CON-PATH:                       --
WIRED-PROPERTIES.CARRIER:               on
IP4.GATEWAY:                            --
IP6.ADDRESS[1]:                         fe80::b0d8:a3ff:fe37:b2af/64
IP6.GATEWAY:                            --
IP6.ROUTE[1]:                           dst = fe80::/64, nh = ::, mt = 256

GENERAL.DEVICE:                         veth85799d5
GENERAL.TYPE:                           ethernet
GENERAL.HWADDR:                         FA:95:73:E5:69:EC
GENERAL.MTU:                            1500
GENERAL.STATE:                          10 (unmanaged)
GENERAL.CONNECTION:                     --
GENERAL.CON-PATH:                       --
WIRED-PROPERTIES.CARRIER:               on
IP4.GATEWAY:                            --
IP6.ADDRESS[1]:                         fe80::f895:73ff:fee5:69ec/64
IP6.GATEWAY:                            --
IP6.ROUTE[1]:                           dst = fe80::/64, nh = ::, mt = 256

GENERAL.DEVICE:                         veth85f1405
GENERAL.TYPE:                           ethernet
GENERAL.HWADDR:                         C2:CF:41:6D:09:17
GENERAL.MTU:                            1500
GENERAL.STATE:                          10 (unmanaged)
GENERAL.CONNECTION:                     --
GENERAL.CON-PATH:                       --
WIRED-PROPERTIES.CARRIER:               on
IP4.GATEWAY:                            --
IP6.ADDRESS[1]:                         fe80::c0cf:41ff:fe6d:917/64
IP6.GATEWAY:                            --
IP6.ROUTE[1]:                           dst = fe80::/64, nh = ::, mt = 256

GENERAL.DEVICE:                         veth8a2f69d
GENERAL.TYPE:                           ethernet
GENERAL.HWADDR:                         F6:61:0E:56:AA:1D
GENERAL.MTU:                            1500
GENERAL.STATE:                          10 (unmanaged)
GENERAL.CONNECTION:                     --
GENERAL.CON-PATH:                       --
WIRED-PROPERTIES.CARRIER:               on
IP4.GATEWAY:                            --
IP6.ADDRESS[1]:                         fe80::f461:eff:fe56:aa1d/64
IP6.GATEWAY:                            --
IP6.ROUTE[1]:                           dst = fe80::/64, nh = ::, mt = 256

GENERAL.DEVICE:                         veth93405fb
GENERAL.TYPE:                           ethernet
GENERAL.HWADDR:                         32:03:3E:55:AC:41
GENERAL.MTU:                            1500
GENERAL.STATE:                          10 (unmanaged)
GENERAL.CONNECTION:                     --
GENERAL.CON-PATH:                       --
WIRED-PROPERTIES.CARRIER:               on
IP4.GATEWAY:                            --
IP6.ADDRESS[1]:                         fe80::3003:3eff:fe55:ac41/64
IP6.GATEWAY:                            --
IP6.ROUTE[1]:                           dst = fe80::/64, nh = ::, mt = 256

GENERAL.DEVICE:                         veth961cec3
GENERAL.TYPE:                           ethernet
GENERAL.HWADDR:                         BE:8A:D2:3E:28:96
GENERAL.MTU:                            1500
GENERAL.STATE:                          10 (unmanaged)
GENERAL.CONNECTION:                     --
GENERAL.CON-PATH:                       --
WIRED-PROPERTIES.CARRIER:               on
IP4.GATEWAY:                            --
IP6.ADDRESS[1]:                         fe80::bc8a:d2ff:fe3e:2896/64
IP6.GATEWAY:                            --
IP6.ROUTE[1]:                           dst = fe80::/64, nh = ::, mt = 256

GENERAL.DEVICE:                         veth99537eb
GENERAL.TYPE:                           ethernet
GENERAL.HWADDR:                         CA:3C:E2:28:AD:83
GENERAL.MTU:                            1500
GENERAL.STATE:                          10 (unmanaged)
GENERAL.CONNECTION:                     --
GENERAL.CON-PATH:                       --
WIRED-PROPERTIES.CARRIER:               on
IP4.GATEWAY:                            --
IP6.ADDRESS[1]:                         fe80::c83c:e2ff:fe28:ad83/64
IP6.GATEWAY:                            --
IP6.ROUTE[1]:                           dst = fe80::/64, nh = ::, mt = 256

GENERAL.DEVICE:                         veth9b8b401
GENERAL.TYPE:                           ethernet
GENERAL.HWADDR:                         32:05:65:74:25:B0
GENERAL.MTU:                            1500
GENERAL.STATE:                          10 (unmanaged)
GENERAL.CONNECTION:                     --
GENERAL.CON-PATH:                       --
WIRED-PROPERTIES.CARRIER:               on
IP4.GATEWAY:                            --
IP6.ADDRESS[1]:                         fe80::3005:65ff:fe74:25b0/64
IP6.GATEWAY:                            --
IP6.ROUTE[1]:                           dst = fe80::/64, nh = ::, mt = 256

GENERAL.DEVICE:                         veth9e2e348
GENERAL.TYPE:                           ethernet
GENERAL.HWADDR:                         BA:7C:75:9D:4E:ED
GENERAL.MTU:                            1500
GENERAL.STATE:                          10 (unmanaged)
GENERAL.CONNECTION:                     --
GENERAL.CON-PATH:                       --
WIRED-PROPERTIES.CARRIER:               on
IP4.GATEWAY:                            --
IP6.ADDRESS[1]:                         fe80::b87c:75ff:fe9d:4eed/64
IP6.GATEWAY:                            --
IP6.ROUTE[1]:                           dst = fe80::/64, nh = ::, mt = 256

GENERAL.DEVICE:                         vethaa700b2
GENERAL.TYPE:                           ethernet
GENERAL.HWADDR:                         4A:FA:C9:36:D2:1D
GENERAL.MTU:                            1500
GENERAL.STATE:                          10 (unmanaged)
GENERAL.CONNECTION:                     --
GENERAL.CON-PATH:                       --
WIRED-PROPERTIES.CARRIER:               on
IP4.GATEWAY:                            --
IP6.ADDRESS[1]:                         fe80::48fa:c9ff:fe36:d21d/64
IP6.GATEWAY:                            --
IP6.ROUTE[1]:                           dst = fe80::/64, nh = ::, mt = 256

GENERAL.DEVICE:                         vethace67d6
GENERAL.TYPE:                           ethernet
GENERAL.HWADDR:                         02:DB:3E:67:DD:2C
GENERAL.MTU:                            1500
GENERAL.STATE:                          10 (unmanaged)
GENERAL.CONNECTION:                     --
GENERAL.CON-PATH:                       --
WIRED-PROPERTIES.CARRIER:               on
IP4.GATEWAY:                            --
IP6.ADDRESS[1]:                         fe80::db:3eff:fe67:dd2c/64
IP6.GATEWAY:                            --
IP6.ROUTE[1]:                           dst = fe80::/64, nh = ::, mt = 256

GENERAL.DEVICE:                         vethb3bf197
GENERAL.TYPE:                           ethernet
GENERAL.HWADDR:                         F6:22:9B:3B:04:5C
GENERAL.MTU:                            1500
GENERAL.STATE:                          10 (unmanaged)
GENERAL.CONNECTION:                     --
GENERAL.CON-PATH:                       --
WIRED-PROPERTIES.CARRIER:               on
IP4.GATEWAY:                            --
IP6.ADDRESS[1]:                         fe80::f422:9bff:fe3b:45c/64
IP6.GATEWAY:                            --
IP6.ROUTE[1]:                           dst = fe80::/64, nh = ::, mt = 256

GENERAL.DEVICE:                         vethb9829c8
GENERAL.TYPE:                           ethernet
GENERAL.HWADDR:                         96:C9:EF:CC:4D:74
GENERAL.MTU:                            1500
GENERAL.STATE:                          10 (unmanaged)
GENERAL.CONNECTION:                     --
GENERAL.CON-PATH:                       --
WIRED-PROPERTIES.CARRIER:               on
IP4.GATEWAY:                            --
IP6.ADDRESS[1]:                         fe80::94c9:efff:fecc:4d74/64
IP6.GATEWAY:                            --
IP6.ROUTE[1]:                           dst = fe80::/64, nh = ::, mt = 256

GENERAL.DEVICE:                         vethb9f4ad1
GENERAL.TYPE:                           ethernet
GENERAL.HWADDR:                         9E:76:5F:02:58:C5
GENERAL.MTU:                            1500
GENERAL.STATE:                          10 (unmanaged)
GENERAL.CONNECTION:                     --
GENERAL.CON-PATH:                       --
WIRED-PROPERTIES.CARRIER:               on
IP4.GATEWAY:                            --
IP6.ADDRESS[1]:                         fe80::9c76:5fff:fe02:58c5/64
IP6.GATEWAY:                            --
IP6.ROUTE[1]:                           dst = fe80::/64, nh = ::, mt = 256

GENERAL.DEVICE:                         vethbe06df8
GENERAL.TYPE:                           ethernet
GENERAL.HWADDR:                         EA:2E:ED:86:9B:86
GENERAL.MTU:                            1500
GENERAL.STATE:                          10 (unmanaged)
GENERAL.CONNECTION:                     --
GENERAL.CON-PATH:                       --
WIRED-PROPERTIES.CARRIER:               on
IP4.GATEWAY:                            --
IP6.ADDRESS[1]:                         fe80::e82e:edff:fe86:9b86/64
IP6.GATEWAY:                            --
IP6.ROUTE[1]:                           dst = fe80::/64, nh = ::, mt = 256

GENERAL.DEVICE:                         vethc01cc70
GENERAL.TYPE:                           ethernet
GENERAL.HWADDR:                         EE:E1:AB:34:F7:5B
GENERAL.MTU:                            1500
GENERAL.STATE:                          10 (unmanaged)
GENERAL.CONNECTION:                     --
GENERAL.CON-PATH:                       --
WIRED-PROPERTIES.CARRIER:               on
IP4.GATEWAY:                            --
IP6.ADDRESS[1]:                         fe80::ece1:abff:fe34:f75b/64
IP6.GATEWAY:                            --
IP6.ROUTE[1]:                           dst = fe80::/64, nh = ::, mt = 256

GENERAL.DEVICE:                         vethc59966b
GENERAL.TYPE:                           ethernet
GENERAL.HWADDR:                         A6:90:79:DA:DD:B3
GENERAL.MTU:                            1500
GENERAL.STATE:                          10 (unmanaged)
GENERAL.CONNECTION:                     --
GENERAL.CON-PATH:                       --
WIRED-PROPERTIES.CARRIER:               on
IP4.GATEWAY:                            --
IP6.ADDRESS[1]:                         fe80::a490:79ff:feda:ddb3/64
IP6.GATEWAY:                            --
IP6.ROUTE[1]:                           dst = fe80::/64, nh = ::, mt = 256

GENERAL.DEVICE:                         vethc61baab
GENERAL.TYPE:                           ethernet
GENERAL.HWADDR:                         5A:24:B9:C3:7F:20
GENERAL.MTU:                            1500
GENERAL.STATE:                          10 (unmanaged)
GENERAL.CONNECTION:                     --
GENERAL.CON-PATH:                       --
WIRED-PROPERTIES.CARRIER:               on
IP4.GATEWAY:                            --
IP6.ADDRESS[1]:                         fe80::5824:b9ff:fec3:7f20/64
IP6.GATEWAY:                            --
IP6.ROUTE[1]:                           dst = fe80::/64, nh = ::, mt = 256

GENERAL.DEVICE:                         vethc969cab
GENERAL.TYPE:                           ethernet
GENERAL.HWADDR:                         EE:06:65:E7:FC:77
GENERAL.MTU:                            1500
GENERAL.STATE:                          10 (unmanaged)
GENERAL.CONNECTION:                     --
GENERAL.CON-PATH:                       --
WIRED-PROPERTIES.CARRIER:               on
IP4.GATEWAY:                            --
IP6.ADDRESS[1]:                         fe80::ec06:65ff:fee7:fc77/64
IP6.GATEWAY:                            --
IP6.ROUTE[1]:                           dst = fe80::/64, nh = ::, mt = 256

GENERAL.DEVICE:                         vethca7a956
GENERAL.TYPE:                           ethernet
GENERAL.HWADDR:                         82:C9:F9:63:A9:71
GENERAL.MTU:                            1500
GENERAL.STATE:                          10 (unmanaged)
GENERAL.CONNECTION:                     --
GENERAL.CON-PATH:                       --
WIRED-PROPERTIES.CARRIER:               on
IP4.GATEWAY:                            --
IP6.ADDRESS[1]:                         fe80::80c9:f9ff:fe63:a971/64
IP6.GATEWAY:                            --
IP6.ROUTE[1]:                           dst = fe80::/64, nh = ::, mt = 256

GENERAL.DEVICE:                         vethcc86aaf
GENERAL.TYPE:                           ethernet
GENERAL.HWADDR:                         0E:C2:A6:BA:D2:EC
GENERAL.MTU:                            1500
GENERAL.STATE:                          10 (unmanaged)
GENERAL.CONNECTION:                     --
GENERAL.CON-PATH:                       --
WIRED-PROPERTIES.CARRIER:               on
IP4.GATEWAY:                            --
IP6.ADDRESS[1]:                         fe80::cc2:a6ff:feba:d2ec/64
IP6.GATEWAY:                            --
IP6.ROUTE[1]:                           dst = fe80::/64, nh = ::, mt = 256

GENERAL.DEVICE:                         vethccf013e
GENERAL.TYPE:                           ethernet
GENERAL.HWADDR:                         4E:77:E6:EB:D1:82
GENERAL.MTU:                            1500
GENERAL.STATE:                          10 (unmanaged)
GENERAL.CONNECTION:                     --
GENERAL.CON-PATH:                       --
WIRED-PROPERTIES.CARRIER:               on
IP4.GATEWAY:                            --
IP6.ADDRESS[1]:                         fe80::4c77:e6ff:feeb:d182/64
IP6.GATEWAY:                            --
IP6.ROUTE[1]:                           dst = fe80::/64, nh = ::, mt = 256

GENERAL.DEVICE:                         vethce45126
GENERAL.TYPE:                           ethernet
GENERAL.HWADDR:                         9E:10:96:5C:4D:F6
GENERAL.MTU:                            1500
GENERAL.STATE:                          10 (unmanaged)
GENERAL.CONNECTION:                     --
GENERAL.CON-PATH:                       --
WIRED-PROPERTIES.CARRIER:               on
IP4.GATEWAY:                            --
IP6.ADDRESS[1]:                         fe80::9c10:96ff:fe5c:4df6/64
IP6.GATEWAY:                            --
IP6.ROUTE[1]:                           dst = fe80::/64, nh = ::, mt = 256

GENERAL.DEVICE:                         vethce9c585
GENERAL.TYPE:                           ethernet
GENERAL.HWADDR:                         1E:97:27:E0:31:71
GENERAL.MTU:                            1500
GENERAL.STATE:                          10 (unmanaged)
GENERAL.CONNECTION:                     --
GENERAL.CON-PATH:                       --
WIRED-PROPERTIES.CARRIER:               on
IP4.GATEWAY:                            --
IP6.ADDRESS[1]:                         fe80::1c97:27ff:fee0:3171/64
IP6.GATEWAY:                            --
IP6.ROUTE[1]:                           dst = fe80::/64, nh = ::, mt = 256

GENERAL.DEVICE:                         vethd47fded
GENERAL.TYPE:                           ethernet
GENERAL.HWADDR:                         66:74:AF:E3:EF:F3
GENERAL.MTU:                            1500
GENERAL.STATE:                          10 (unmanaged)
GENERAL.CONNECTION:                     --
GENERAL.CON-PATH:                       --
WIRED-PROPERTIES.CARRIER:               on
IP4.GATEWAY:                            --
IP6.ADDRESS[1]:                         fe80::6474:afff:fee3:eff3/64
IP6.GATEWAY:                            --
IP6.ROUTE[1]:                           dst = fe80::/64, nh = ::, mt = 256

GENERAL.DEVICE:                         vethe01ec54
GENERAL.TYPE:                           ethernet
GENERAL.HWADDR:                         2E:F3:40:31:C8:5E
GENERAL.MTU:                            1500
GENERAL.STATE:                          10 (unmanaged)
GENERAL.CONNECTION:                     --
GENERAL.CON-PATH:                       --
WIRED-PROPERTIES.CARRIER:               on
IP4.GATEWAY:                            --
IP6.ADDRESS[1]:                         fe80::2cf3:40ff:fe31:c85e/64
IP6.GATEWAY:                            --
IP6.ROUTE[1]:                           dst = fe80::/64, nh = ::, mt = 256

GENERAL.DEVICE:                         vethec23340
GENERAL.TYPE:                           ethernet
GENERAL.HWADDR:                         EA:5F:8E:88:C0:EC
GENERAL.MTU:                            1500
GENERAL.STATE:                          10 (unmanaged)
GENERAL.CONNECTION:                     --
GENERAL.CON-PATH:                       --
WIRED-PROPERTIES.CARRIER:               on
IP4.GATEWAY:                            --
IP6.ADDRESS[1]:                         fe80::e85f:8eff:fe88:c0ec/64
IP6.GATEWAY:                            --
IP6.ROUTE[1]:                           dst = fe80::/64, nh = ::, mt = 256

GENERAL.DEVICE:                         vethf468aeb
GENERAL.TYPE:                           ethernet
GENERAL.HWADDR:                         BE:E9:EE:AC:3A:B6
GENERAL.MTU:                            1500
GENERAL.STATE:                          10 (unmanaged)
GENERAL.CONNECTION:                     --
GENERAL.CON-PATH:                       --
WIRED-PROPERTIES.CARRIER:               on
IP4.GATEWAY:                            --
IP6.ADDRESS[1]:                         fe80::bce9:eeff:feac:3ab6/64
IP6.GATEWAY:                            --
IP6.ROUTE[1]:                           dst = fe80::/64, nh = ::, mt = 256

GENERAL.DEVICE:                         vethff13239
GENERAL.TYPE:                           ethernet
GENERAL.HWADDR:                         6E:23:E4:A9:E2:EF
GENERAL.MTU:                            1500
GENERAL.STATE:                          10 (unmanaged)
GENERAL.CONNECTION:                     --
GENERAL.CON-PATH:                       --
WIRED-PROPERTIES.CARRIER:               on
IP4.GATEWAY:                            --
IP6.ADDRESS[1]:                         fe80::6c23:e4ff:fea9:e2ef/64
IP6.GATEWAY:                            --
IP6.ROUTE[1]:                           dst = fe80::/64, nh = ::, mt = 256

GENERAL.DEVICE:                         Meta
GENERAL.TYPE:                           tun
GENERAL.HWADDR:                         (unknown)
GENERAL.MTU:                            9000
GENERAL.STATE:                          10 (unmanaged)
GENERAL.CONNECTION:                     --
GENERAL.CON-PATH:                       --
IP4.ADDRESS[1]:                         198.18.0.1/30
IP4.GATEWAY:                            --
IP4.ROUTE[1]:                           dst = 198.18.0.0/30, nh = 0.0.0.0, mt = 0
IP4.ROUTE[2]:                           dst = 0.0.0.0/0, nh = 198.18.0.2, mt = 0, table=2022
IP6.ADDRESS[1]:                         fe80::1796:f8a9:a45e:faef/64
IP6.ADDRESS[2]:                         fdfe:dcba:9876::1/126
IP6.GATEWAY:                            --
IP6.ROUTE[1]:                           dst = fdfe:dcba:9876::/126, nh = ::, mt = 256
IP6.ROUTE[2]:                           dst = fe80::/64, nh = ::, mt = 256
IP6.ROUTE[3]:                           dst = ::/0, nh = fdfe:dcba:9876::2, mt = 1024, table=2022

GENERAL.DEVICE:                         heiyu-0
GENERAL.TYPE:                           tun
GENERAL.HWADDR:                         (unknown)
GENERAL.MTU:                            1380
GENERAL.STATE:                          10 (unmanaged)
GENERAL.CONNECTION:                     --
GENERAL.CON-PATH:                       --
IP4.GATEWAY:                            --
IP6.ADDRESS[1]:                         fe80::a900:fdbe:d20b:8e5a/64
IP6.ADDRESS[2]:                         fc03:1136:387f:7a80:c8cc:58be:371d:0/40
IP6.GATEWAY:                            --
IP6.ROUTE[1]:                           dst = fc03:1136:3800::/40, nh = ::, mt = 256
IP6.ROUTE[2]:                           dst = fe80::/64, nh = ::, mt = 256
IP6.ROUTE[3]:                           dst = 2001:4860:4860::8888/128, nh = ::, mt = 1024

GENERAL.DEVICE:                         p2p-dev-wlp4s0
GENERAL.TYPE:                           wifi-p2p
GENERAL.HWADDR:                         (unknown)
GENERAL.MTU:                            0
GENERAL.STATE:                          10 (unmanaged)
GENERAL.CONNECTION:                     --
GENERAL.CON-PATH:                       --
