/run/lzcsys/boot/lzc-os-init/os
/run/lzcsys/boot/lzc-os-init/os/machine
/run/lzcsys/boot/lzc-os-init/os/machine/etc
/run/lzcsys/boot/lzc-os-init/os/machine/etc/ssh
/run/lzcsys/boot/lzc-os-init/os/machine/etc/ssh/ssh_host_ecdsa_key
/run/lzcsys/boot/lzc-os-init/os/machine/etc/ssh/ssh_host_ecdsa_key.pub
/run/lzcsys/boot/lzc-os-init/os/machine/etc/ssh/ssh_host_ed25519_key
/run/lzcsys/boot/lzc-os-init/os/machine/etc/ssh/ssh_host_ed25519_key.pub
/run/lzcsys/boot/lzc-os-init/os/machine/etc/ssh/ssh_host_rsa_key
/run/lzcsys/boot/lzc-os-init/os/machine/etc/ssh/ssh_host_rsa_key.pub
/run/lzcsys/boot/lzc-os-init/os/machine/etc/systemd
/run/lzcsys/boot/lzc-os-init/os/machine/etc/systemd/system
/run/lzcsys/boot/lzc-os-init/os/machine/etc/systemd/system/multi-user.target.wants
/run/lzcsys/boot/lzc-os-init/os/machine/etc/systemd/system/multi-user.target.wants/ssh.service
/run/lzcsys/boot/lzc-os-init/os/machine/etc/systemd/system/ssh.service
/run/lzcsys/boot/lzc-os-init/os/bin
/run/lzcsys/boot/lzc-os-init/os/dev
/run/lzcsys/boot/lzc-os-init/os/etc
/run/lzcsys/boot/lzc-os-init/os/etc/erofstab
/run/lzcsys/boot/lzc-os-init/os/lzcsys.erofs
/run/lzcsys/boot/lzc-os-init/os/tmp
/run/lzcsys/boot/lzc-os-init/os/sbin
/run/lzcsys/boot/lzc-os-init/os/lib
/run/lzcsys/boot/lzc-os-init/os/var
/run/lzcsys/boot/lzc-os-init/os/run
/run/lzcsys/boot/lzc-os-init/os/lib64
/run/lzcsys/boot/lzc-os-init/os/init
/run/lzcsys/boot/lzc-os-init/os/sys
/run/lzcsys/boot/lzc-os-init/os/proc
/run/lzcsys/boot/lzc-os-init/os/lzcsys
/run/lzcsys/boot/lzc-os-init/os/lzcsys/v1.4.0-alpha.12.erofs
/run/lzcsys/boot/lzc-os-init/os/lzcsys/v1.4.0-alpha.12.env
/run/lzcsys/boot/lzc-os-init/os/lzcsys/etc
/run/lzcsys/boot/lzc-os-init/os/lzcsys/etc/box-profile
/run/lzcsys/boot/lzc-os-init/os/lzcsys/etc/debug.env
/run/lzcsys/boot/lzc-os-init/os/lzcsys/etc/box.data.path
/run/lzcsys/boot/lzc-os-init/os/lzcsys/preset
/run/lzcsys/boot/lzc-os-init/os/lzcsys/preset/etc
/run/lzcsys/boot/lzc-os-init/os/lzcsys/preset/etc/machine-id
/run/lzcsys/boot/lzc-os-init/os/lzcsys/preset/etc/hostname
/run/lzcsys/boot/lzc-os-init/os/lzcsys/run
/run/lzcsys/boot/lzc-os-init/os/lzcsys/run/machine
/run/lzcsys/boot/lzc-os-init/os/lzcsys/run/base-os
/run/lzcsys/boot/lzc-os-init/os/lzcsys/run/base-os/dbus
/run/lzcsys/boot/lzc-os-init/os/usr
/run/lzcsys/boot/lzc-os-init/os/usr/bin
/run/lzcsys/boot/lzc-os-init/os/usr/bin/more
/run/lzcsys/boot/lzc-os-init/os/usr/bin/chat
/run/lzcsys/boot/lzc-os-init/os/usr/bin/modprobe
/run/lzcsys/boot/lzc-os-init/os/usr/bin/linux32
/run/lzcsys/boot/lzc-os-init/os/usr/bin/setfont
/run/lzcsys/boot/lzc-os-init/os/usr/bin/tail
/run/lzcsys/boot/lzc-os-init/os/usr/bin/resume
/run/lzcsys/boot/lzc-os-init/os/usr/bin/ftpd
/run/lzcsys/boot/lzc-os-init/os/usr/bin/script
/run/lzcsys/boot/lzc-os-init/os/usr/bin/logread
/run/lzcsys/boot/lzc-os-init/os/usr/bin/bzcat
/run/lzcsys/boot/lzc-os-init/os/usr/bin/bootchartd
/run/lzcsys/boot/lzc-os-init/os/usr/bin/stty
/run/lzcsys/boot/lzc-os-init/os/usr/bin/microcom
/run/lzcsys/boot/lzc-os-init/os/usr/bin/ts
/run/lzcsys/boot/lzc-os-init/os/usr/bin/nandwrite
/run/lzcsys/boot/lzc-os-init/os/usr/bin/swapon
/run/lzcsys/boot/lzc-os-init/os/usr/bin/less
/run/lzcsys/boot/lzc-os-init/os/usr/bin/wall
/run/lzcsys/boot/lzc-os-init/os/usr/bin/tac
/run/lzcsys/boot/lzc-os-init/os/usr/bin/dd
/run/lzcsys/boot/lzc-os-init/os/usr/bin/iproute
/run/lzcsys/boot/lzc-os-init/os/usr/bin/setuidgid
/run/lzcsys/boot/lzc-os-init/os/usr/bin/resize
/run/lzcsys/boot/lzc-os-init/os/usr/bin/taskset
/run/lzcsys/boot/lzc-os-init/os/usr/bin/gunzip
/run/lzcsys/boot/lzc-os-init/os/usr/bin/ubiupdatevol
/run/lzcsys/boot/lzc-os-init/os/usr/bin/deallocvt
/run/lzcsys/boot/lzc-os-init/os/usr/bin/diff
/run/lzcsys/boot/lzc-os-init/os/usr/bin/fuser
/run/lzcsys/boot/lzc-os-init/os/usr/bin/setserial
/run/lzcsys/boot/lzc-os-init/os/usr/bin/unix2dos
/run/lzcsys/boot/lzc-os-init/os/usr/bin/rtcwake
/run/lzcsys/boot/lzc-os-init/os/usr/bin/uudecode
/run/lzcsys/boot/lzc-os-init/os/usr/bin/remove-shell
/run/lzcsys/boot/lzc-os-init/os/usr/bin/unlink
/run/lzcsys/boot/lzc-os-init/os/usr/bin/adjtimex
/run/lzcsys/boot/lzc-os-init/os/usr/bin/lzma
/run/lzcsys/boot/lzc-os-init/os/usr/bin/syslogd
/run/lzcsys/boot/lzc-os-init/os/usr/bin/sendmail
/run/lzcsys/boot/lzc-os-init/os/usr/bin/lzop
/run/lzcsys/boot/lzc-os-init/os/usr/bin/shuf
/run/lzcsys/boot/lzc-os-init/os/usr/bin/mdev
/run/lzcsys/boot/lzc-os-init/os/usr/bin/freeramdisk
/run/lzcsys/boot/lzc-os-init/os/usr/bin/uuencode
/run/lzcsys/boot/lzc-os-init/os/usr/bin/slattach
/run/lzcsys/boot/lzc-os-init/os/usr/bin/readahead
/run/lzcsys/boot/lzc-os-init/os/usr/bin/pidof
/run/lzcsys/boot/lzc-os-init/os/usr/bin/ipcalc
/run/lzcsys/boot/lzc-os-init/os/usr/bin/tunctl
/run/lzcsys/boot/lzc-os-init/os/usr/bin/tee
/run/lzcsys/boot/lzc-os-init/os/usr/bin/fdisk
/run/lzcsys/boot/lzc-os-init/os/usr/bin/lsmod
/run/lzcsys/boot/lzc-os-init/os/usr/bin/mount
/run/lzcsys/boot/lzc-os-init/os/usr/bin/hwclock
/run/lzcsys/boot/lzc-os-init/os/usr/bin/nproc
/run/lzcsys/boot/lzc-os-init/os/usr/bin/poweroff
/run/lzcsys/boot/lzc-os-init/os/usr/bin/wget
/run/lzcsys/boot/lzc-os-init/os/usr/bin/loadkmap
/run/lzcsys/boot/lzc-os-init/os/usr/bin/chgrp
/run/lzcsys/boot/lzc-os-init/os/usr/bin/linux64
/run/lzcsys/boot/lzc-os-init/os/usr/bin/hostname
/run/lzcsys/boot/lzc-os-init/os/usr/bin/mountpoint
/run/lzcsys/boot/lzc-os-init/os/usr/bin/ipcs
/run/lzcsys/boot/lzc-os-init/os/usr/bin/partprobe
/run/lzcsys/boot/lzc-os-init/os/usr/bin/ubidetach
/run/lzcsys/boot/lzc-os-init/os/usr/bin/ubirsvol
/run/lzcsys/boot/lzc-os-init/os/usr/bin/i2cdetect
/run/lzcsys/boot/lzc-os-init/os/usr/bin/date
/run/lzcsys/boot/lzc-os-init/os/usr/bin/pipe_progress
/run/lzcsys/boot/lzc-os-init/os/usr/bin/setarch
/run/lzcsys/boot/lzc-os-init/os/usr/bin/dnsdomainname
/run/lzcsys/boot/lzc-os-init/os/usr/bin/unlzma
/run/lzcsys/boot/lzc-os-init/os/usr/bin/fbsplash
/run/lzcsys/boot/lzc-os-init/os/usr/bin/modinfo
/run/lzcsys/boot/lzc-os-init/os/usr/bin/pwd
/run/lzcsys/boot/lzc-os-init/os/usr/bin/mkdir
/run/lzcsys/boot/lzc-os-init/os/usr/bin/sha3sum
/run/lzcsys/boot/lzc-os-init/os/usr/bin/ifplugd
/run/lzcsys/boot/lzc-os-init/os/usr/bin/yes
/run/lzcsys/boot/lzc-os-init/os/usr/bin/cttyhack
/run/lzcsys/boot/lzc-os-init/os/usr/bin/tr
/run/lzcsys/boot/lzc-os-init/os/usr/bin/getty
/run/lzcsys/boot/lzc-os-init/os/usr/bin/pkill
/run/lzcsys/boot/lzc-os-init/os/usr/bin/findfs
/run/lzcsys/boot/lzc-os-init/os/usr/bin/sync
/run/lzcsys/boot/lzc-os-init/os/usr/bin/touch
/run/lzcsys/boot/lzc-os-init/os/usr/bin/rmdir
/run/lzcsys/boot/lzc-os-init/os/usr/bin/arch
/run/lzcsys/boot/lzc-os-init/os/usr/bin/hush
/run/lzcsys/boot/lzc-os-init/os/usr/bin/raidautorun
/run/lzcsys/boot/lzc-os-init/os/usr/bin/expr
/run/lzcsys/boot/lzc-os-init/os/usr/bin/ip
/run/lzcsys/boot/lzc-os-init/os/usr/bin/setlogcons
/run/lzcsys/boot/lzc-os-init/os/usr/bin/free
/run/lzcsys/boot/lzc-os-init/os/usr/bin/lpd
/run/lzcsys/boot/lzc-os-init/os/usr/bin/run-init
/run/lzcsys/boot/lzc-os-init/os/usr/bin/add-shell
/run/lzcsys/boot/lzc-os-init/os/usr/bin/traceroute
/run/lzcsys/boot/lzc-os-init/os/usr/bin/route
/run/lzcsys/boot/lzc-os-init/os/usr/bin/login
/run/lzcsys/boot/lzc-os-init/os/usr/bin/arp
/run/lzcsys/boot/lzc-os-init/os/usr/bin/fsync
/run/lzcsys/boot/lzc-os-init/os/usr/bin/rdev
/run/lzcsys/boot/lzc-os-init/os/usr/bin/fsck
/run/lzcsys/boot/lzc-os-init/os/usr/bin/pmap
/run/lzcsys/boot/lzc-os-init/os/usr/bin/pivot_root
/run/lzcsys/boot/lzc-os-init/os/usr/bin/rpm2cpio
/run/lzcsys/boot/lzc-os-init/os/usr/bin/lpq
/run/lzcsys/boot/lzc-os-init/os/usr/bin/mim
/run/lzcsys/boot/lzc-os-init/os/usr/bin/which
/run/lzcsys/boot/lzc-os-init/os/usr/bin/zcip
/run/lzcsys/boot/lzc-os-init/os/usr/bin/zcat
/run/lzcsys/boot/lzc-os-init/os/usr/bin/sysctl
/run/lzcsys/boot/lzc-os-init/os/usr/bin/od
/run/lzcsys/boot/lzc-os-init/os/usr/bin/fatattr
/run/lzcsys/boot/lzc-os-init/os/usr/bin/split
/run/lzcsys/boot/lzc-os-init/os/usr/bin/strings
/run/lzcsys/boot/lzc-os-init/os/usr/bin/nslookup
/run/lzcsys/boot/lzc-os-init/os/usr/bin/ntpd
/run/lzcsys/boot/lzc-os-init/os/usr/bin/lsusb
/run/lzcsys/boot/lzc-os-init/os/usr/bin/openvt
/run/lzcsys/boot/lzc-os-init/os/usr/bin/sha256sum
/run/lzcsys/boot/lzc-os-init/os/usr/bin/tar
/run/lzcsys/boot/lzc-os-init/os/usr/bin/fallocate
/run/lzcsys/boot/lzc-os-init/os/usr/bin/xxd
/run/lzcsys/boot/lzc-os-init/os/usr/bin/unshare
/run/lzcsys/boot/lzc-os-init/os/usr/bin/bc
/run/lzcsys/boot/lzc-os-init/os/usr/bin/mknod
/run/lzcsys/boot/lzc-os-init/os/usr/bin/ipneigh
/run/lzcsys/boot/lzc-os-init/os/usr/bin/setkeycodes
/run/lzcsys/boot/lzc-os-init/os/usr/bin/egrep
/run/lzcsys/boot/lzc-os-init/os/usr/bin/dc
/run/lzcsys/boot/lzc-os-init/os/usr/bin/basename
/run/lzcsys/boot/lzc-os-init/os/usr/bin/id
/run/lzcsys/boot/lzc-os-init/os/usr/bin/iplink
/run/lzcsys/boot/lzc-os-init/os/usr/bin/mkpasswd
/run/lzcsys/boot/lzc-os-init/os/usr/bin/crond
/run/lzcsys/boot/lzc-os-init/os/usr/bin/setconsole
/run/lzcsys/boot/lzc-os-init/os/usr/bin/uniq
/run/lzcsys/boot/lzc-os-init/os/usr/bin/ubimkvol
/run/lzcsys/boot/lzc-os-init/os/usr/bin/truncate
/run/lzcsys/boot/lzc-os-init/os/usr/bin/bunzip2
/run/lzcsys/boot/lzc-os-init/os/usr/bin/dpkg
/run/lzcsys/boot/lzc-os-init/os/usr/bin/logger
/run/lzcsys/boot/lzc-os-init/os/usr/bin/fgconsole
/run/lzcsys/boot/lzc-os-init/os/usr/bin/man
/run/lzcsys/boot/lzc-os-init/os/usr/bin/lpr
/run/lzcsys/boot/lzc-os-init/os/usr/bin/chvt
/run/lzcsys/boot/lzc-os-init/os/usr/bin/i2cget
/run/lzcsys/boot/lzc-os-init/os/usr/bin/crc32
/run/lzcsys/boot/lzc-os-init/os/usr/bin/dhcprelay
/run/lzcsys/boot/lzc-os-init/os/usr/bin/nl
/run/lzcsys/boot/lzc-os-init/os/usr/bin/rdate
/run/lzcsys/boot/lzc-os-init/os/usr/bin/udhcpc6
/run/lzcsys/boot/lzc-os-init/os/usr/bin/fdformat
/run/lzcsys/boot/lzc-os-init/os/usr/bin/ubirmvol
/run/lzcsys/boot/lzc-os-init/os/usr/bin/grep
/run/lzcsys/boot/lzc-os-init/os/usr/bin/patch
/run/lzcsys/boot/lzc-os-init/os/usr/bin/false
/run/lzcsys/boot/lzc-os-init/os/usr/bin/i2ctransfer
/run/lzcsys/boot/lzc-os-init/os/usr/bin/last
/run/lzcsys/boot/lzc-os-init/os/usr/bin/flock
/run/lzcsys/boot/lzc-os-init/os/usr/bin/nologin
/run/lzcsys/boot/lzc-os-init/os/usr/bin/runsvdir
/run/lzcsys/boot/lzc-os-init/os/usr/bin/sha1sum
/run/lzcsys/boot/lzc-os-init/os/usr/bin/dnsd
/run/lzcsys/boot/lzc-os-init/os/usr/bin/reset
/run/lzcsys/boot/lzc-os-init/os/usr/bin/i2cdump
/run/lzcsys/boot/lzc-os-init/os/usr/bin/fsck.minix
/run/lzcsys/boot/lzc-os-init/os/usr/bin/sleep
/run/lzcsys/boot/lzc-os-init/os/usr/bin/ifenslave
/run/lzcsys/boot/lzc-os-init/os/usr/bin/true
/run/lzcsys/boot/lzc-os-init/os/usr/bin/base64
/run/lzcsys/boot/lzc-os-init/os/usr/bin/timeout
/run/lzcsys/boot/lzc-os-init/os/usr/bin/echo
/run/lzcsys/boot/lzc-os-init/os/usr/bin/realpath
/run/lzcsys/boot/lzc-os-init/os/usr/bin/[[
/run/lzcsys/boot/lzc-os-init/os/usr/bin/test
/run/lzcsys/boot/lzc-os-init/os/usr/bin/logname
/run/lzcsys/boot/lzc-os-init/os/usr/bin/readlink
/run/lzcsys/boot/lzc-os-init/os/usr/bin/printenv
/run/lzcsys/boot/lzc-os-init/os/usr/bin/kill
/run/lzcsys/boot/lzc-os-init/os/usr/bin/nanddump
/run/lzcsys/boot/lzc-os-init/os/usr/bin/ash
/run/lzcsys/boot/lzc-os-init/os/usr/bin/udhcpd
/run/lzcsys/boot/lzc-os-init/os/usr/bin/lsof
/run/lzcsys/boot/lzc-os-init/os/usr/bin/chroot
/run/lzcsys/boot/lzc-os-init/os/usr/bin/vi
/run/lzcsys/boot/lzc-os-init/os/usr/bin/ipaddr
/run/lzcsys/boot/lzc-os-init/os/usr/bin/inetd
/run/lzcsys/boot/lzc-os-init/os/usr/bin/cryptpw
/run/lzcsys/boot/lzc-os-init/os/usr/bin/insmod
/run/lzcsys/boot/lzc-os-init/os/usr/bin/setsid
/run/lzcsys/boot/lzc-os-init/os/usr/bin/uevent
/run/lzcsys/boot/lzc-os-init/os/usr/bin/setfattr
/run/lzcsys/boot/lzc-os-init/os/usr/bin/base32
/run/lzcsys/boot/lzc-os-init/os/usr/bin/tftp
/run/lzcsys/boot/lzc-os-init/os/usr/bin/makedevs
/run/lzcsys/boot/lzc-os-init/os/usr/bin/adduser
/run/lzcsys/boot/lzc-os-init/os/usr/bin/chmod
/run/lzcsys/boot/lzc-os-init/os/usr/bin/getopt
/run/lzcsys/boot/lzc-os-init/os/usr/bin/beep
/run/lzcsys/boot/lzc-os-init/os/usr/bin/ping6
/run/lzcsys/boot/lzc-os-init/os/usr/bin/fdflush
/run/lzcsys/boot/lzc-os-init/os/usr/bin/tftpd
/run/lzcsys/boot/lzc-os-init/os/usr/bin/sort
/run/lzcsys/boot/lzc-os-init/os/usr/bin/top
/run/lzcsys/boot/lzc-os-init/os/usr/bin/arping
/run/lzcsys/boot/lzc-os-init/os/usr/bin/mkfs.vfat
/run/lzcsys/boot/lzc-os-init/os/usr/bin/rmmod
/run/lzcsys/boot/lzc-os-init/os/usr/bin/kbd_mode
/run/lzcsys/boot/lzc-os-init/os/usr/bin/acpid
/run/lzcsys/boot/lzc-os-init/os/usr/bin/sed
/run/lzcsys/boot/lzc-os-init/os/usr/bin/comm
/run/lzcsys/boot/lzc-os-init/os/usr/bin/vconfig
/run/lzcsys/boot/lzc-os-init/os/usr/bin/ether-wake
/run/lzcsys/boot/lzc-os-init/os/usr/bin/factor
/run/lzcsys/boot/lzc-os-init/os/usr/bin/setpriv
/run/lzcsys/boot/lzc-os-init/os/usr/bin/runlevel
/run/lzcsys/boot/lzc-os-init/os/usr/bin/find
/run/lzcsys/boot/lzc-os-init/os/usr/bin/scriptreplay
/run/lzcsys/boot/lzc-os-init/os/usr/bin/xz
/run/lzcsys/boot/lzc-os-init/os/usr/bin/linuxrc
/run/lzcsys/boot/lzc-os-init/os/usr/bin/df
/run/lzcsys/boot/lzc-os-init/os/usr/bin/mv
/run/lzcsys/boot/lzc-os-init/os/usr/bin/users
/run/lzcsys/boot/lzc-os-init/os/usr/bin/rm
/run/lzcsys/boot/lzc-os-init/os/usr/bin/nameif
/run/lzcsys/boot/lzc-os-init/os/usr/bin/ping
/run/lzcsys/boot/lzc-os-init/os/usr/bin/[
/run/lzcsys/boot/lzc-os-init/os/usr/bin/halt
/run/lzcsys/boot/lzc-os-init/os/usr/bin/xzcat
/run/lzcsys/boot/lzc-os-init/os/usr/bin/dumpkmap
/run/lzcsys/boot/lzc-os-init/os/usr/bin/watchdog
/run/lzcsys/boot/lzc-os-init/os/usr/bin/sha512sum
/run/lzcsys/boot/lzc-os-init/os/usr/bin/brctl
/run/lzcsys/boot/lzc-os-init/os/usr/bin/dmesg
/run/lzcsys/boot/lzc-os-init/os/usr/bin/stat
/run/lzcsys/boot/lzc-os-init/os/usr/bin/cksum
/run/lzcsys/boot/lzc-os-init/os/usr/bin/fbset
/run/lzcsys/boot/lzc-os-init/os/usr/bin/printf
/run/lzcsys/boot/lzc-os-init/os/usr/bin/ifdown
/run/lzcsys/boot/lzc-os-init/os/usr/bin/nbd-client
/run/lzcsys/boot/lzc-os-init/os/usr/bin/rpm
/run/lzcsys/boot/lzc-os-init/os/usr/bin/ifup
/run/lzcsys/boot/lzc-os-init/os/usr/bin/ascii
/run/lzcsys/boot/lzc-os-init/os/usr/bin/ionice
/run/lzcsys/boot/lzc-os-init/os/usr/bin/depmod
/run/lzcsys/boot/lzc-os-init/os/usr/bin/dpkg-deb
/run/lzcsys/boot/lzc-os-init/os/usr/bin/sh
/run/lzcsys/boot/lzc-os-init/os/usr/bin/tty
/run/lzcsys/boot/lzc-os-init/os/usr/bin/uptime
/run/lzcsys/boot/lzc-os-init/os/usr/bin/blockdev
/run/lzcsys/boot/lzc-os-init/os/usr/bin/who
/run/lzcsys/boot/lzc-os-init/os/usr/bin/unexpand
/run/lzcsys/boot/lzc-os-init/os/usr/bin/hd
/run/lzcsys/boot/lzc-os-init/os/usr/bin/svlogd
/run/lzcsys/boot/lzc-os-init/os/usr/bin/nmeter
/run/lzcsys/boot/lzc-os-init/os/usr/bin/awk
/run/lzcsys/boot/lzc-os-init/os/usr/bin/link
/run/lzcsys/boot/lzc-os-init/os/usr/bin/addgroup
/run/lzcsys/boot/lzc-os-init/os/usr/bin/ubirename
/run/lzcsys/boot/lzc-os-init/os/usr/bin/reformime
/run/lzcsys/boot/lzc-os-init/os/usr/bin/showkey
/run/lzcsys/boot/lzc-os-init/os/usr/bin/groups
/run/lzcsys/boot/lzc-os-init/os/usr/bin/lzcat
/run/lzcsys/boot/lzc-os-init/os/usr/bin/ubiattach
/run/lzcsys/boot/lzc-os-init/os/usr/bin/pwdx
/run/lzcsys/boot/lzc-os-init/os/usr/bin/nohup
/run/lzcsys/boot/lzc-os-init/os/usr/bin/ttysize
/run/lzcsys/boot/lzc-os-init/os/usr/bin/mke2fs
/run/lzcsys/boot/lzc-os-init/os/usr/bin/unzip
/run/lzcsys/boot/lzc-os-init/os/usr/bin/chpst
/run/lzcsys/boot/lzc-os-init/os/usr/bin/ps
/run/lzcsys/boot/lzc-os-init/os/usr/bin/mkfs.minix
/run/lzcsys/boot/lzc-os-init/os/usr/bin/wc
/run/lzcsys/boot/lzc-os-init/os/usr/bin/klogd
/run/lzcsys/boot/lzc-os-init/os/usr/bin/mpstat
/run/lzcsys/boot/lzc-os-init/os/usr/bin/w
/run/lzcsys/boot/lzc-os-init/os/usr/bin/blkdiscard
/run/lzcsys/boot/lzc-os-init/os/usr/bin/telnetd
/run/lzcsys/boot/lzc-os-init/os/usr/bin/crontab
/run/lzcsys/boot/lzc-os-init/os/usr/bin/makemime
/run/lzcsys/boot/lzc-os-init/os/usr/bin/iprule
/run/lzcsys/boot/lzc-os-init/os/usr/bin/cut
/run/lzcsys/boot/lzc-os-init/os/usr/bin/fgrep
/run/lzcsys/boot/lzc-os-init/os/usr/bin/mkswap
/run/lzcsys/boot/lzc-os-init/os/usr/bin/eject
/run/lzcsys/boot/lzc-os-init/os/usr/bin/killall
/run/lzcsys/boot/lzc-os-init/os/usr/bin/watch
/run/lzcsys/boot/lzc-os-init/os/usr/bin/ssl_client
/run/lzcsys/boot/lzc-os-init/os/usr/bin/hexedit
/run/lzcsys/boot/lzc-os-init/os/usr/bin/softlimit
/run/lzcsys/boot/lzc-os-init/os/usr/bin/lspci
/run/lzcsys/boot/lzc-os-init/os/usr/bin/deluser
/run/lzcsys/boot/lzc-os-init/os/usr/bin/powertop
/run/lzcsys/boot/lzc-os-init/os/usr/bin/ftpput
/run/lzcsys/boot/lzc-os-init/os/usr/bin/umount
/run/lzcsys/boot/lzc-os-init/os/usr/bin/traceroute6
/run/lzcsys/boot/lzc-os-init/os/usr/bin/rx
/run/lzcsys/boot/lzc-os-init/os/usr/bin/devmem
/run/lzcsys/boot/lzc-os-init/os/usr/bin/svc
/run/lzcsys/boot/lzc-os-init/os/usr/bin/popmaildir
/run/lzcsys/boot/lzc-os-init/os/usr/bin/httpd
/run/lzcsys/boot/lzc-os-init/os/usr/bin/losetup
/run/lzcsys/boot/lzc-os-init/os/usr/bin/fstrim
/run/lzcsys/boot/lzc-os-init/os/usr/bin/udhcpc
/run/lzcsys/boot/lzc-os-init/os/usr/bin/seq
/run/lzcsys/boot/lzc-os-init/os/usr/bin/svok
/run/lzcsys/boot/lzc-os-init/os/usr/bin/ed
/run/lzcsys/boot/lzc-os-init/os/usr/bin/init
/run/lzcsys/boot/lzc-os-init/os/usr/bin/gzip
/run/lzcsys/boot/lzc-os-init/os/usr/bin/fsfreeze
/run/lzcsys/boot/lzc-os-init/os/usr/bin/readprofile
/run/lzcsys/boot/lzc-os-init/os/usr/bin/cmp
/run/lzcsys/boot/lzc-os-init/os/usr/bin/tc
/run/lzcsys/boot/lzc-os-init/os/usr/bin/busybox
/run/lzcsys/boot/lzc-os-init/os/usr/bin/blkid
/run/lzcsys/boot/lzc-os-init/os/usr/bin/nice
/run/lzcsys/boot/lzc-os-init/os/usr/bin/chattr
/run/lzcsys/boot/lzc-os-init/os/usr/bin/cp
/run/lzcsys/boot/lzc-os-init/os/usr/bin/install
/run/lzcsys/boot/lzc-os-init/os/usr/bin/whoami
/run/lzcsys/boot/lzc-os-init/os/usr/bin/udpsvd
/run/lzcsys/boot/lzc-os-init/os/usr/bin/sulogin
/run/lzcsys/boot/lzc-os-init/os/usr/bin/iptunnel
/run/lzcsys/boot/lzc-os-init/os/usr/bin/reboot
/run/lzcsys/boot/lzc-os-init/os/usr/bin/passwd
/run/lzcsys/boot/lzc-os-init/os/usr/bin/clear
/run/lzcsys/boot/lzc-os-init/os/usr/bin/mesg
/run/lzcsys/boot/lzc-os-init/os/usr/bin/runsv
/run/lzcsys/boot/lzc-os-init/os/usr/bin/ar
/run/lzcsys/boot/lzc-os-init/os/usr/bin/whois
/run/lzcsys/boot/lzc-os-init/os/usr/bin/killall5
/run/lzcsys/boot/lzc-os-init/os/usr/bin/dirname
/run/lzcsys/boot/lzc-os-init/os/usr/bin/nsenter
/run/lzcsys/boot/lzc-os-init/os/usr/bin/sv
/run/lzcsys/boot/lzc-os-init/os/usr/bin/cal
/run/lzcsys/boot/lzc-os-init/os/usr/bin/smemcap
/run/lzcsys/boot/lzc-os-init/os/usr/bin/netstat
/run/lzcsys/boot/lzc-os-init/os/usr/bin/ftpget
/run/lzcsys/boot/lzc-os-init/os/usr/bin/paste
/run/lzcsys/boot/lzc-os-init/os/usr/bin/envdir
/run/lzcsys/boot/lzc-os-init/os/usr/bin/chrt
/run/lzcsys/boot/lzc-os-init/os/usr/bin/md5sum
/run/lzcsys/boot/lzc-os-init/os/usr/bin/loadfont
/run/lzcsys/boot/lzc-os-init/os/usr/bin/envuidgid
/run/lzcsys/boot/lzc-os-init/os/usr/bin/dumpleases
/run/lzcsys/boot/lzc-os-init/os/usr/bin/mktemp
/run/lzcsys/boot/lzc-os-init/os/usr/bin/du
/run/lzcsys/boot/lzc-os-init/os/usr/bin/mkfs.ext2
/run/lzcsys/boot/lzc-os-init/os/usr/bin/rev
/run/lzcsys/boot/lzc-os-init/os/usr/bin/pscan
/run/lzcsys/boot/lzc-os-init/os/usr/bin/unxz
/run/lzcsys/boot/lzc-os-init/os/usr/bin/sum
/run/lzcsys/boot/lzc-os-init/os/usr/bin/nc
/run/lzcsys/boot/lzc-os-init/os/usr/bin/expand
/run/lzcsys/boot/lzc-os-init/os/usr/bin/time
/run/lzcsys/boot/lzc-os-init/os/usr/bin/bzip2
/run/lzcsys/boot/lzc-os-init/os/usr/bin/shred
/run/lzcsys/boot/lzc-os-init/os/usr/bin/mkfifo
/run/lzcsys/boot/lzc-os-init/os/usr/bin/volname
/run/lzcsys/boot/lzc-os-init/os/usr/bin/hexdump
/run/lzcsys/boot/lzc-os-init/os/usr/bin/iostat
/run/lzcsys/boot/lzc-os-init/os/usr/bin/pstree
/run/lzcsys/boot/lzc-os-init/os/usr/bin/fold
/run/lzcsys/boot/lzc-os-init/os/usr/bin/env
/run/lzcsys/boot/lzc-os-init/os/usr/bin/switch_root
/run/lzcsys/boot/lzc-os-init/os/usr/bin/run-parts
/run/lzcsys/boot/lzc-os-init/os/usr/bin/chpasswd
/run/lzcsys/boot/lzc-os-init/os/usr/bin/lsattr
/run/lzcsys/boot/lzc-os-init/os/usr/bin/xargs
/run/lzcsys/boot/lzc-os-init/os/usr/bin/hostid
/run/lzcsys/boot/lzc-os-init/os/usr/bin/tcpsvd
/run/lzcsys/boot/lzc-os-init/os/usr/bin/ln
/run/lzcsys/boot/lzc-os-init/os/usr/bin/chown
/run/lzcsys/boot/lzc-os-init/os/usr/bin/cpio
/run/lzcsys/boot/lzc-os-init/os/usr/bin/uname
/run/lzcsys/boot/lzc-os-init/os/usr/bin/fakeidentd
/run/lzcsys/boot/lzc-os-init/os/usr/bin/start-stop-daemon
/run/lzcsys/boot/lzc-os-init/os/usr/bin/hdparm
/run/lzcsys/boot/lzc-os-init/os/usr/bin/vlock
/run/lzcsys/boot/lzc-os-init/os/usr/bin/mkdosfs
/run/lzcsys/boot/lzc-os-init/os/usr/bin/delgroup
/run/lzcsys/boot/lzc-os-init/os/usr/bin/telnet
/run/lzcsys/boot/lzc-os-init/os/usr/bin/mt
/run/lzcsys/boot/lzc-os-init/os/usr/bin/ls
/run/lzcsys/boot/lzc-os-init/os/usr/bin/ipcrm
/run/lzcsys/boot/lzc-os-init/os/usr/bin/swapoff
/run/lzcsys/boot/lzc-os-init/os/usr/bin/renice
/run/lzcsys/boot/lzc-os-init/os/usr/bin/su
/run/lzcsys/boot/lzc-os-init/os/usr/bin/head
/run/lzcsys/boot/lzc-os-init/os/usr/bin/ifconfig
/run/lzcsys/boot/lzc-os-init/os/usr/bin/usleep
/run/lzcsys/boot/lzc-os-init/os/usr/bin/pgrep
/run/lzcsys/boot/lzc-os-init/os/usr/bin/dos2unix
/run/lzcsys/boot/lzc-os-init/os/usr/bin/conspy
/run/lzcsys/boot/lzc-os-init/os/usr/bin/cat
/run/lzcsys/boot/lzc-os-init/os/usr/bin/i2cset
/run/lzcsys/boot/lzc-os-init/os/usr/bin/lsscsi
/run/lzcsys/boot/lzc-os-init/os/usr/sbin
/run/lzcsys/boot/lzc-os-init/os/usr/local
/run/lzcsys/boot/lzc-os-init/os/usr/lib
/run/lzcsys/boot/lzc-os-init/os/usr/lib/modules
/run/lzcsys/boot/lzc-os-init/os/usr/lib/firmware
/run/lzcsys/boot/lzc-os-init/os/usr/lib64
/run/lzcsys/boot/lzc-os-init/os/root
/run/lzcsys/boot/lzc-os-init/os/lzc-overlay
/run/lzcsys/boot/lzc-os-init/os/lzc-overlay/lzcsys

real	0m0.004s
user	0m0.002s
sys	0m0.002s
