1: lo: <LOOPBACK,UP,LOWER_UP> mtu 65536 qdisc noqueue state UNKNOWN group default qlen 1000
    link/loopback 00:00:00:00:00:00 brd 00:00:00:00:00:00
    inet 127.0.0.1/8 scope host lo
       valid_lft forever preferred_lft forever
    inet6 ::1/128 scope host noprefixroute 
       valid_lft forever preferred_lft forever
2: enp2s0: <BROADCAST,MULTICAST,UP,LOWER_UP> mtu 1500 qdisc mq state UP group default qlen 1000
    link/ether 04:2b:58:14:fd:1e brd ff:ff:ff:ff:ff:ff
    inet 192.168.3.173/24 brd 192.168.3.255 scope global dynamic noprefixroute enp2s0
       valid_lft 3500sec preferred_lft 3500sec
    inet6 240e:36d:326:9620:ee26:e189:dda7:a7f5/64 scope global dynamic noprefixroute 
       valid_lft 250579sec preferred_lft 164179sec
    inet6 fe80::2d3a:c669:fbe5:bc66/64 scope link noprefixroute 
       valid_lft forever preferred_lft forever
3: wlp4s0: <NO-CARRIER,BROADCAST,MULTICAST,UP> mtu 1500 qdisc noqueue state DOWN group default qlen 1000
    link/ether 0e:36:ba:95:b6:0c brd ff:ff:ff:ff:ff:ff permaddr 10:f6:0a:fd:a1:3d
4: heiyu-0: <POINTOPOINT,NOARP,UP,LOWER_UP> mtu 1380 qdisc fq_codel state UNKNOWN group default qlen 500
    link/none 
    inet6 fc03:1136:387f:7a80:c8cc:58be:371d:0/40 scope global 
       valid_lft forever preferred_lft forever
    inet6 fe80::a900:fdbe:d20b:8e5a/64 scope link stable-privacy proto kernel_ll 
       valid_lft forever preferred_lft forever
6: br-952fb6f0def8: <BROADCAST,MULTICAST,UP,LOWER_UP> mtu 1500 qdisc noqueue state UP group default 
    link/ether 02:42:b5:a6:49:7b brd ff:ff:ff:ff:ff:ff
    inet 172.18.0.1/16 brd 172.18.255.255 scope global br-952fb6f0def8
       valid_lft forever preferred_lft forever
    inet6 fdbb:3b64:9bbc::1/64 scope global nodad 
       valid_lft forever preferred_lft forever
    inet6 fe80::42:b5ff:fea6:497b/64 scope link proto kernel_ll 
       valid_lft forever preferred_lft forever
8: veth01eee8a@if7: <BROADCAST,MULTICAST,UP,LOWER_UP> mtu 1500 qdisc noqueue master br-952fb6f0def8 state UP group default 
    link/ether 22:e7:b1:a7:5e:51 brd ff:ff:ff:ff:ff:ff link-netnsid 0
    inet6 fe80::20e7:b1ff:fea7:5e51/64 scope link proto kernel_ll 
       valid_lft forever preferred_lft forever
11: vethb9f4ad1@if10: <BROADCAST,MULTICAST,UP,LOWER_UP> mtu 1500 qdisc noqueue master br-952fb6f0def8 state UP group default 
    link/ether 9e:76:5f:02:58:c5 brd ff:ff:ff:ff:ff:ff link-netnsid 1
    inet6 fe80::9c76:5fff:fe02:58c5/64 scope link proto kernel_ll 
       valid_lft forever preferred_lft forever
13: veth845ef3b@if12: <BROADCAST,MULTICAST,UP,LOWER_UP> mtu 1500 qdisc noqueue master br-952fb6f0def8 state UP group default 
    link/ether b2:d8:a3:37:b2:af brd ff:ff:ff:ff:ff:ff link-netnsid 2
    inet6 fe80::b0d8:a3ff:fe37:b2af/64 scope link proto kernel_ll 
       valid_lft forever preferred_lft forever
14: lzc-br-7a6c78ec: <BROADCAST,MULTICAST,UP,LOWER_UP> mtu 1500 qdisc noqueue state UP group default 
    link/ether 02:42:39:b2:b6:ac brd ff:ff:ff:ff:ff:ff
    inet 172.28.0.1/26 brd 172.28.0.63 scope global lzc-br-7a6c78ec
       valid_lft forever preferred_lft forever
    inet6 fd03:1136:3800::1/122 scope global nodad 
       valid_lft forever preferred_lft forever
    inet6 fe80::42:39ff:feb2:b6ac/64 scope link proto kernel_ll 
       valid_lft forever preferred_lft forever
15: lzc-br-6d8f079f: <BROADCAST,MULTICAST,UP,LOWER_UP> mtu 1500 qdisc noqueue state UP group default 
    link/ether 02:42:d2:3e:65:ac brd ff:ff:ff:ff:ff:ff
    inet 172.28.0.65/26 brd 172.28.0.127 scope global lzc-br-6d8f079f
       valid_lft forever preferred_lft forever
    inet6 fd03:1136:3800::41/122 scope global nodad 
       valid_lft forever preferred_lft forever
    inet6 fe80::42:d2ff:fe3e:65ac/64 scope link proto kernel_ll 
       valid_lft forever preferred_lft forever
16: lzc-br-2b4d7248: <BROADCAST,MULTICAST,UP,LOWER_UP> mtu 1500 qdisc noqueue state UP group default 
    link/ether 02:42:df:9c:e5:7a brd ff:ff:ff:ff:ff:ff
    inet 172.28.0.129/26 brd 172.28.0.191 scope global lzc-br-2b4d7248
       valid_lft forever preferred_lft forever
    inet6 fd03:1136:3800::81/122 scope global nodad 
       valid_lft forever preferred_lft forever
    inet6 fe80::42:dfff:fe9c:e57a/64 scope link proto kernel_ll 
       valid_lft forever preferred_lft forever
18: vethce45126@if17: <BROADCAST,MULTICAST,UP,LOWER_UP> mtu 1500 qdisc noqueue master lzc-br-7a6c78ec state UP group default 
    link/ether 9e:10:96:5c:4d:f6 brd ff:ff:ff:ff:ff:ff link-netnsid 3
    inet6 fe80::9c10:96ff:fe5c:4df6/64 scope link proto kernel_ll 
       valid_lft forever preferred_lft forever
20: vethc59966b@if19: <BROADCAST,MULTICAST,UP,LOWER_UP> mtu 1500 qdisc noqueue master lzc-br-2b4d7248 state UP group default 
    link/ether a6:90:79:da:dd:b3 brd ff:ff:ff:ff:ff:ff link-netnsid 5
    inet6 fe80::a490:79ff:feda:ddb3/64 scope link proto kernel_ll 
       valid_lft forever preferred_lft forever
22: veth83b0574@if21: <BROADCAST,MULTICAST,UP,LOWER_UP> mtu 1500 qdisc noqueue master lzc-br-6d8f079f state UP group default 
    link/ether ce:a3:6e:a6:bc:23 brd ff:ff:ff:ff:ff:ff link-netnsid 4
    inet6 fe80::cca3:6eff:fea6:bc23/64 scope link proto kernel_ll 
       valid_lft forever preferred_lft forever
24: veth8205dad@if23: <BROADCAST,MULTICAST,UP,LOWER_UP> mtu 1500 qdisc noqueue master lzc-br-6d8f079f state UP group default 
    link/ether ba:19:43:a6:3a:36 brd ff:ff:ff:ff:ff:ff link-netnsid 6
    inet6 fe80::b819:43ff:fea6:3a36/64 scope link proto kernel_ll 
       valid_lft forever preferred_lft forever
26: veth392d1be@if25: <BROADCAST,MULTICAST,UP,LOWER_UP> mtu 1500 qdisc noqueue master lzc-br-6d8f079f state UP group default 
    link/ether 2a:af:41:89:04:20 brd ff:ff:ff:ff:ff:ff link-netnsid 7
    inet6 fe80::28af:41ff:fe89:420/64 scope link proto kernel_ll 
       valid_lft forever preferred_lft forever
28: veth475b226@if27: <BROADCAST,MULTICAST,UP,LOWER_UP> mtu 1500 qdisc noqueue master lzc-br-6d8f079f state UP group default 
    link/ether b6:4b:e1:8a:ed:d9 brd ff:ff:ff:ff:ff:ff link-netnsid 8
    inet6 fe80::b44b:e1ff:fe8a:edd9/64 scope link proto kernel_ll 
       valid_lft forever preferred_lft forever
30: veth830368c@if29: <BROADCAST,MULTICAST,UP,LOWER_UP> mtu 1500 qdisc noqueue master lzc-br-6d8f079f state UP group default 
    link/ether aa:93:74:8c:4d:b4 brd ff:ff:ff:ff:ff:ff link-netnsid 9
    inet6 fe80::a893:74ff:fe8c:4db4/64 scope link proto kernel_ll 
       valid_lft forever preferred_lft forever
32: veth4e45fcb@if31: <BROADCAST,MULTICAST,UP,LOWER_UP> mtu 1500 qdisc noqueue master lzc-br-6d8f079f state UP group default 
    link/ether c2:e7:a3:a3:9e:1a brd ff:ff:ff:ff:ff:ff link-netnsid 10
    inet6 fe80::c0e7:a3ff:fea3:9e1a/64 scope link proto kernel_ll 
       valid_lft forever preferred_lft forever
33: lzc-br-6e79d680: <BROADCAST,MULTICAST,UP,LOWER_UP> mtu 1500 qdisc noqueue state UP group default 
    link/ether 02:42:02:50:26:2a brd ff:ff:ff:ff:ff:ff
    inet 172.28.0.193/26 brd 172.28.0.255 scope global lzc-br-6e79d680
       valid_lft forever preferred_lft forever
    inet6 fd03:1136:3800::c1/122 scope global nodad 
       valid_lft forever preferred_lft forever
    inet6 fe80::42:2ff:fe50:262a/64 scope link proto kernel_ll 
       valid_lft forever preferred_lft forever
290: lzc-br-547c8c61: <BROADCAST,MULTICAST,UP,LOWER_UP> mtu 1500 qdisc noqueue state UP group default 
    link/ether 02:42:ca:9c:fd:ad brd ff:ff:ff:ff:ff:ff
    inet 172.28.3.1/26 brd 172.28.3.63 scope global lzc-br-547c8c61
       valid_lft forever preferred_lft forever
    inet6 fd03:1136:3800::301/122 scope global nodad 
       valid_lft forever preferred_lft forever
    inet6 fe80::42:caff:fe9c:fdad/64 scope link proto kernel_ll 
       valid_lft forever preferred_lft forever
34: lzc-br-9963f095: <BROADCAST,MULTICAST,UP,LOWER_UP> mtu 1500 qdisc noqueue state UP group default 
    link/ether 02:42:38:35:e3:74 brd ff:ff:ff:ff:ff:ff
    inet 172.28.1.1/26 brd 172.28.1.63 scope global lzc-br-9963f095
       valid_lft forever preferred_lft forever
    inet6 fd03:1136:3800::101/122 scope global nodad 
       valid_lft forever preferred_lft forever
    inet6 fe80::42:38ff:fe35:e374/64 scope link proto kernel_ll 
       valid_lft forever preferred_lft forever
292: vethccf013e@if291: <BROADCAST,MULTICAST,UP,LOWER_UP> mtu 1500 qdisc noqueue master lzc-br-547c8c61 state UP group default 
    link/ether 4e:77:e6:eb:d1:82 brd ff:ff:ff:ff:ff:ff link-netnsid 34
    inet6 fe80::4c77:e6ff:feeb:d182/64 scope link proto kernel_ll 
       valid_lft forever preferred_lft forever
36: vethc01cc70@if35: <BROADCAST,MULTICAST,UP,LOWER_UP> mtu 1500 qdisc noqueue master lzc-br-9963f095 state UP group default 
    link/ether ee:e1:ab:34:f7:5b brd ff:ff:ff:ff:ff:ff link-netnsid 11
    inet6 fe80::ece1:abff:fe34:f75b/64 scope link proto kernel_ll 
       valid_lft forever preferred_lft forever
294: veth6a1c7b7@if293: <BROADCAST,MULTICAST,UP,LOWER_UP> mtu 1500 qdisc noqueue master lzc-br-547c8c61 state UP group default 
    link/ether b2:fc:43:65:a0:b1 brd ff:ff:ff:ff:ff:ff link-netnsid 35
    inet6 fe80::b0fc:43ff:fe65:a0b1/64 scope link proto kernel_ll 
       valid_lft forever preferred_lft forever
38: veth54cfe9b@if37: <BROADCAST,MULTICAST,UP,LOWER_UP> mtu 1500 qdisc noqueue master lzc-br-9963f095 state UP group default 
    link/ether 5a:a1:2f:f6:81:b5 brd ff:ff:ff:ff:ff:ff link-netnsid 12
    inet6 fe80::58a1:2fff:fef6:81b5/64 scope link proto kernel_ll 
       valid_lft forever preferred_lft forever
295: lzc-br-c65e581b: <BROADCAST,MULTICAST,UP,LOWER_UP> mtu 1500 qdisc noqueue state UP group default 
    link/ether 02:42:7e:8e:64:76 brd ff:ff:ff:ff:ff:ff
    inet 172.28.4.129/26 brd 172.28.4.191 scope global lzc-br-c65e581b
       valid_lft forever preferred_lft forever
    inet6 fd03:1136:3800::481/122 scope global nodad 
       valid_lft forever preferred_lft forever
    inet6 fe80::42:7eff:fe8e:6476/64 scope link proto kernel_ll 
       valid_lft forever preferred_lft forever
39: lzc-br-0e2b9ad0: <BROADCAST,MULTICAST,UP,LOWER_UP> mtu 1500 qdisc noqueue state UP group default 
    link/ether 02:42:fc:ab:4d:fc brd ff:ff:ff:ff:ff:ff
    inet 172.28.1.65/26 brd 172.28.1.127 scope global lzc-br-0e2b9ad0
       valid_lft forever preferred_lft forever
    inet6 fd03:1136:3800::141/122 scope global nodad 
       valid_lft forever preferred_lft forever
    inet6 fe80::42:fcff:feab:4dfc/64 scope link proto kernel_ll 
       valid_lft forever preferred_lft forever
297: veth5c8382b@if296: <BROADCAST,MULTICAST,UP,LOWER_UP> mtu 1500 qdisc noqueue master lzc-br-c65e581b state UP group default 
    link/ether ba:0d:7c:bf:1b:51 brd ff:ff:ff:ff:ff:ff link-netnsid 54
    inet6 fe80::b80d:7cff:febf:1b51/64 scope link proto kernel_ll 
       valid_lft forever preferred_lft forever
41: vethb9829c8@if40: <BROADCAST,MULTICAST,UP,LOWER_UP> mtu 1500 qdisc noqueue master lzc-br-6e79d680 state UP group default 
    link/ether 96:c9:ef:cc:4d:74 brd ff:ff:ff:ff:ff:ff link-netnsid 13
    inet6 fe80::94c9:efff:fecc:4d74/64 scope link proto kernel_ll 
       valid_lft forever preferred_lft forever
299: veth8a2f69d@if298: <BROADCAST,MULTICAST,UP,LOWER_UP> mtu 1500 qdisc noqueue master lzc-br-c65e581b state UP group default 
    link/ether f6:61:0e:56:aa:1d brd ff:ff:ff:ff:ff:ff link-netnsid 55
    inet6 fe80::f461:eff:fe56:aa1d/64 scope link proto kernel_ll 
       valid_lft forever preferred_lft forever
43: vethc969cab@if42: <BROADCAST,MULTICAST,UP,LOWER_UP> mtu 1500 qdisc noqueue master lzc-br-6e79d680 state UP group default 
    link/ether ee:06:65:e7:fc:77 brd ff:ff:ff:ff:ff:ff link-netnsid 14
    inet6 fe80::ec06:65ff:fee7:fc77/64 scope link proto kernel_ll 
       valid_lft forever preferred_lft forever
301: vethf468aeb@if300: <BROADCAST,MULTICAST,UP,LOWER_UP> mtu 1500 qdisc noqueue master lzc-br-c65e581b state UP group default 
    link/ether be:e9:ee:ac:3a:b6 brd ff:ff:ff:ff:ff:ff link-netnsid 56
    inet6 fe80::bce9:eeff:feac:3ab6/64 scope link proto kernel_ll 
       valid_lft forever preferred_lft forever
45: veth3aca3b1@if44: <BROADCAST,MULTICAST,UP,LOWER_UP> mtu 1500 qdisc noqueue master lzc-br-6e79d680 state UP group default 
    link/ether f2:42:9e:30:41:8b brd ff:ff:ff:ff:ff:ff link-netnsid 16
    inet6 fe80::f042:9eff:fe30:418b/64 scope link proto kernel_ll 
       valid_lft forever preferred_lft forever
303: veth217762d@if302: <BROADCAST,MULTICAST,UP,LOWER_UP> mtu 1500 qdisc noqueue master lzc-br-c65e581b state UP group default 
    link/ether ce:52:67:2e:64:5c brd ff:ff:ff:ff:ff:ff link-netnsid 57
    inet6 fe80::cc52:67ff:fe2e:645c/64 scope link proto kernel_ll 
       valid_lft forever preferred_lft forever
47: veth3d43472@if46: <BROADCAST,MULTICAST,UP,LOWER_UP> mtu 1500 qdisc noqueue master lzc-br-0e2b9ad0 state UP group default 
    link/ether 96:36:b8:d4:2d:45 brd ff:ff:ff:ff:ff:ff link-netnsid 15
    inet6 fe80::9436:b8ff:fed4:2d45/64 scope link proto kernel_ll 
       valid_lft forever preferred_lft forever
304: lzc-br-aaefacac: <BROADCAST,MULTICAST,UP,LOWER_UP> mtu 1500 qdisc noqueue state UP group default 
    link/ether 02:42:ce:0d:c9:45 brd ff:ff:ff:ff:ff:ff
    inet 172.28.4.193/26 brd 172.28.4.255 scope global lzc-br-aaefacac
       valid_lft forever preferred_lft forever
    inet6 fd03:1136:3800::4c1/122 scope global nodad 
       valid_lft forever preferred_lft forever
    inet6 fe80::42:ceff:fe0d:c945/64 scope link proto kernel_ll 
       valid_lft forever preferred_lft forever
49: veth1f7f2b6@if48: <BROADCAST,MULTICAST,UP,LOWER_UP> mtu 1500 qdisc noqueue master lzc-br-6e79d680 state UP group default 
    link/ether 3e:ce:f5:51:54:09 brd ff:ff:ff:ff:ff:ff link-netnsid 17
    inet6 fe80::3cce:f5ff:fe51:5409/64 scope link proto kernel_ll 
       valid_lft forever preferred_lft forever
306: veth9e2e348@if305: <BROADCAST,MULTICAST,UP,LOWER_UP> mtu 1500 qdisc noqueue master lzc-br-aaefacac state UP group default 
    link/ether ba:7c:75:9d:4e:ed brd ff:ff:ff:ff:ff:ff link-netnsid 58
    inet6 fe80::b87c:75ff:fe9d:4eed/64 scope link proto kernel_ll 
       valid_lft forever preferred_lft forever
307: lzc-br-168be677: <BROADCAST,MULTICAST,UP,LOWER_UP> mtu 1500 qdisc noqueue state UP group default 
    link/ether 02:42:43:90:3c:a3 brd ff:ff:ff:ff:ff:ff
    inet 172.28.2.193/26 brd 172.28.2.255 scope global lzc-br-168be677
       valid_lft forever preferred_lft forever
    inet6 fd03:1136:3800::2c1/122 scope global nodad 
       valid_lft forever preferred_lft forever
    inet6 fe80::42:43ff:fe90:3ca3/64 scope link proto kernel_ll 
       valid_lft forever preferred_lft forever
51: veth7f28c2c@if50: <BROADCAST,MULTICAST,UP,LOWER_UP> mtu 1500 qdisc noqueue master lzc-br-6e79d680 state UP group default 
    link/ether 2e:86:96:e9:66:c8 brd ff:ff:ff:ff:ff:ff link-netnsid 18
    inet6 fe80::2c86:96ff:fee9:66c8/64 scope link proto kernel_ll 
       valid_lft forever preferred_lft forever
309: veth5415a40@if308: <BROADCAST,MULTICAST,UP,LOWER_UP> mtu 1500 qdisc noqueue master lzc-br-168be677 state UP group default 
    link/ether 86:04:f5:a3:4c:f2 brd ff:ff:ff:ff:ff:ff link-netnsid 31
    inet6 fe80::8404:f5ff:fea3:4cf2/64 scope link proto kernel_ll 
       valid_lft forever preferred_lft forever
53: veth9b8b401@if52: <BROADCAST,MULTICAST,UP,LOWER_UP> mtu 1500 qdisc noqueue master lzc-br-6e79d680 state UP group default 
    link/ether 32:05:65:74:25:b0 brd ff:ff:ff:ff:ff:ff link-netnsid 19
    inet6 fe80::3005:65ff:fe74:25b0/64 scope link proto kernel_ll 
       valid_lft forever preferred_lft forever
54: br-821c696c094a: <NO-CARRIER,BROADCAST,MULTICAST,UP> mtu 1500 qdisc noqueue state DOWN group default 
    link/ether 02:42:12:b9:9d:7e brd ff:ff:ff:ff:ff:ff
    inet 172.100.4.1/24 brd 172.100.4.255 scope global br-821c696c094a
       valid_lft forever preferred_lft forever
311: vethb3bf197@if310: <BROADCAST,MULTICAST,UP,LOWER_UP> mtu 1500 qdisc noqueue master lzc-br-168be677 state UP group default 
    link/ether f6:22:9b:3b:04:5c brd ff:ff:ff:ff:ff:ff link-netnsid 32
    inet6 fe80::f422:9bff:fe3b:45c/64 scope link proto kernel_ll 
       valid_lft forever preferred_lft forever
55: br-abe566e36e91: <NO-CARRIER,BROADCAST,MULTICAST,UP> mtu 1500 qdisc noqueue state DOWN group default 
    link/ether 02:42:dc:25:9c:6a brd ff:ff:ff:ff:ff:ff
    inet 172.100.5.1/24 brd 172.100.5.255 scope global br-abe566e36e91
       valid_lft forever preferred_lft forever
56: br-ef22ca40c60d: <BROADCAST,MULTICAST,UP,LOWER_UP> mtu 1500 qdisc noqueue state UP group default 
    link/ether 02:42:02:10:30:53 brd ff:ff:ff:ff:ff:ff
    inet 172.100.1.1/24 brd 172.100.1.255 scope global br-ef22ca40c60d
       valid_lft forever preferred_lft forever
    inet6 fe80::42:2ff:fe10:3053/64 scope link proto kernel_ll 
       valid_lft forever preferred_lft forever
313: veth438dbf1@if312: <BROADCAST,MULTICAST,UP,LOWER_UP> mtu 1500 qdisc noqueue master lzc-br-168be677 state UP group default 
    link/ether a2:dc:27:83:63:16 brd ff:ff:ff:ff:ff:ff link-netnsid 33
    inet6 fe80::a0dc:27ff:fe83:6316/64 scope link proto kernel_ll 
       valid_lft forever preferred_lft forever
57: br-f068c6ffd9d7: <NO-CARRIER,BROADCAST,MULTICAST,UP> mtu 1500 qdisc noqueue state DOWN group default 
    link/ether 02:42:4f:85:9f:99 brd ff:ff:ff:ff:ff:ff
    inet 172.100.6.1/24 brd 172.100.6.255 scope global br-f068c6ffd9d7
       valid_lft forever preferred_lft forever
    inet6 fe80::42:4fff:fe85:9f99/64 scope link proto kernel_ll 
       valid_lft forever preferred_lft forever
58: br-2ad7ecfa93f1: <NO-CARRIER,BROADCAST,MULTICAST,UP> mtu 1500 qdisc noqueue state DOWN group default 
    link/ether 02:42:5a:1c:19:08 brd ff:ff:ff:ff:ff:ff
    inet 172.100.2.1/24 brd 172.100.2.255 scope global br-2ad7ecfa93f1
       valid_lft forever preferred_lft forever
59: br-3e48c347405c: <NO-CARRIER,BROADCAST,MULTICAST,UP> mtu 1500 qdisc noqueue state DOWN group default 
    link/ether 02:42:b9:87:da:2a brd ff:ff:ff:ff:ff:ff
    inet 172.100.3.1/24 brd 172.100.3.255 scope global br-3e48c347405c
       valid_lft forever preferred_lft forever
61: docker0: <NO-CARRIER,BROADCAST,MULTICAST,UP> mtu 1500 qdisc noqueue state DOWN group default 
    link/ether 02:42:50:c9:2f:22 brd ff:ff:ff:ff:ff:ff
    inet 172.100.0.1/24 brd 172.100.0.255 scope global docker0
       valid_lft forever preferred_lft forever
    inet6 fe80::42:50ff:fec9:2f22/64 scope link proto kernel_ll 
       valid_lft forever preferred_lft forever
67: veth1b339aa@if66: <BROADCAST,MULTICAST,UP,LOWER_UP> mtu 1500 qdisc noqueue master br-ef22ca40c60d state UP group default 
    link/ether e6:b2:b5:75:2c:cf brd ff:ff:ff:ff:ff:ff link-netnsid 21
    inet6 fe80::e4b2:b5ff:fe75:2ccf/64 scope link proto kernel_ll 
       valid_lft forever preferred_lft forever
69: veth85f1405@if68: <BROADCAST,MULTICAST,UP,LOWER_UP> mtu 1500 qdisc noqueue master br-ef22ca40c60d state UP group default 
    link/ether c2:cf:41:6d:09:17 brd ff:ff:ff:ff:ff:ff link-netnsid 22
    inet6 fe80::c0cf:41ff:fe6d:917/64 scope link proto kernel_ll 
       valid_lft forever preferred_lft forever
76: lzc-br-9ec31e64: <BROADCAST,MULTICAST,UP,LOWER_UP> mtu 1500 qdisc noqueue state UP group default 
    link/ether 02:42:92:d4:55:9c brd ff:ff:ff:ff:ff:ff
    inet 172.28.1.129/26 brd 172.28.1.191 scope global lzc-br-9ec31e64
       valid_lft forever preferred_lft forever
    inet6 fd03:1136:3800::181/122 scope global nodad 
       valid_lft forever preferred_lft forever
    inet6 fe80::42:92ff:fed4:559c/64 scope link proto kernel_ll 
       valid_lft forever preferred_lft forever
78: vethe01ec54@if77: <BROADCAST,MULTICAST,UP,LOWER_UP> mtu 1500 qdisc noqueue master lzc-br-9ec31e64 state UP group default 
    link/ether 2e:f3:40:31:c8:5e brd ff:ff:ff:ff:ff:ff link-netnsid 23
    inet6 fe80::2cf3:40ff:fe31:c85e/64 scope link proto kernel_ll 
       valid_lft forever preferred_lft forever
80: vethcc86aaf@if79: <BROADCAST,MULTICAST,UP,LOWER_UP> mtu 1500 qdisc noqueue master lzc-br-9ec31e64 state UP group default 
    link/ether 0e:c2:a6:ba:d2:ec brd ff:ff:ff:ff:ff:ff link-netnsid 24
    inet6 fe80::cc2:a6ff:feba:d2ec/64 scope link proto kernel_ll 
       valid_lft forever preferred_lft forever
81: br-fd6e939c220d: <NO-CARRIER,BROADCAST,MULTICAST,UP> mtu 1500 qdisc noqueue state DOWN group default 
    link/ether 02:42:d0:82:de:76 brd ff:ff:ff:ff:ff:ff
    inet 172.100.7.1/24 brd 172.100.7.255 scope global br-fd6e939c220d
       valid_lft forever preferred_lft forever
    inet6 fe80::42:d0ff:fe82:de76/64 scope link proto kernel_ll 
       valid_lft forever preferred_lft forever
86: lzc-br-8d9c1795: <BROADCAST,MULTICAST,UP,LOWER_UP> mtu 1500 qdisc noqueue state UP group default 
    link/ether 02:42:c4:91:68:78 brd ff:ff:ff:ff:ff:ff
    inet 172.28.1.193/26 brd 172.28.1.255 scope global lzc-br-8d9c1795
       valid_lft forever preferred_lft forever
    inet6 fd03:1136:3800::1c1/122 scope global nodad 
       valid_lft forever preferred_lft forever
    inet6 fe80::42:c4ff:fe91:6878/64 scope link proto kernel_ll 
       valid_lft forever preferred_lft forever
88: vethbe06df8@if87: <BROADCAST,MULTICAST,UP,LOWER_UP> mtu 1500 qdisc noqueue master lzc-br-8d9c1795 state UP group default 
    link/ether ea:2e:ed:86:9b:86 brd ff:ff:ff:ff:ff:ff link-netnsid 20
    inet6 fe80::e82e:edff:fe86:9b86/64 scope link proto kernel_ll 
       valid_lft forever preferred_lft forever
89: lzc-br-307a08f5: <BROADCAST,MULTICAST,UP,LOWER_UP> mtu 1500 qdisc noqueue state UP group default 
    link/ether 02:42:a2:9b:da:a6 brd ff:ff:ff:ff:ff:ff
    inet 172.28.2.1/26 brd 172.28.2.63 scope global lzc-br-307a08f5
       valid_lft forever preferred_lft forever
    inet6 fd03:1136:3800::201/122 scope global nodad 
       valid_lft forever preferred_lft forever
    inet6 fe80::42:a2ff:fe9b:daa6/64 scope link proto kernel_ll 
       valid_lft forever preferred_lft forever
91: veth961cec3@if90: <BROADCAST,MULTICAST,UP,LOWER_UP> mtu 1500 qdisc noqueue master lzc-br-307a08f5 state UP group default 
    link/ether be:8a:d2:3e:28:96 brd ff:ff:ff:ff:ff:ff link-netnsid 25
    inet6 fe80::bc8a:d2ff:fe3e:2896/64 scope link proto kernel_ll 
       valid_lft forever preferred_lft forever
93: veth843c56e@if92: <BROADCAST,MULTICAST,UP,LOWER_UP> mtu 1500 qdisc noqueue master lzc-br-307a08f5 state UP group default 
    link/ether c6:7e:47:a5:a1:3f brd ff:ff:ff:ff:ff:ff link-netnsid 26
    inet6 fe80::c47e:47ff:fea5:a13f/64 scope link proto kernel_ll 
       valid_lft forever preferred_lft forever
94: lzc-br-f809b5bf: <BROADCAST,MULTICAST,UP,LOWER_UP> mtu 1500 qdisc noqueue state UP group default 
    link/ether 02:42:de:aa:4f:cc brd ff:ff:ff:ff:ff:ff
    inet 172.28.2.65/26 brd 172.28.2.127 scope global lzc-br-f809b5bf
       valid_lft forever preferred_lft forever
    inet6 fd03:1136:3800::241/122 scope global nodad 
       valid_lft forever preferred_lft forever
    inet6 fe80::42:deff:feaa:4fcc/64 scope link proto kernel_ll 
       valid_lft forever preferred_lft forever
96: veth262f592@if95: <BROADCAST,MULTICAST,UP,LOWER_UP> mtu 1500 qdisc noqueue master lzc-br-f809b5bf state UP group default 
    link/ether 92:ef:4c:59:89:c7 brd ff:ff:ff:ff:ff:ff link-netnsid 27
    inet6 fe80::90ef:4cff:fe59:89c7/64 scope link proto kernel_ll 
       valid_lft forever preferred_lft forever
98: veth3325d45@if97: <BROADCAST,MULTICAST,UP,LOWER_UP> mtu 1500 qdisc noqueue master lzc-br-f809b5bf state UP group default 
    link/ether 46:97:e4:4a:57:ec brd ff:ff:ff:ff:ff:ff link-netnsid 28
    inet6 fe80::4497:e4ff:fe4a:57ec/64 scope link proto kernel_ll 
       valid_lft forever preferred_lft forever
99: lzc-br-a62bee66: <BROADCAST,MULTICAST,UP,LOWER_UP> mtu 1500 qdisc noqueue state UP group default 
    link/ether 02:42:ea:95:17:85 brd ff:ff:ff:ff:ff:ff
    inet 172.28.2.129/26 brd 172.28.2.191 scope global lzc-br-a62bee66
       valid_lft forever preferred_lft forever
    inet6 fd03:1136:3800::281/122 scope global nodad 
       valid_lft forever preferred_lft forever
    inet6 fe80::42:eaff:fe95:1785/64 scope link proto kernel_ll 
       valid_lft forever preferred_lft forever
101: veth4bd51d9@if100: <BROADCAST,MULTICAST,UP,LOWER_UP> mtu 1500 qdisc noqueue master lzc-br-a62bee66 state UP group default 
    link/ether f2:79:3d:16:0a:cf brd ff:ff:ff:ff:ff:ff link-netnsid 29
    inet6 fe80::f079:3dff:fe16:acf/64 scope link proto kernel_ll 
       valid_lft forever preferred_lft forever
103: vethec23340@if102: <BROADCAST,MULTICAST,UP,LOWER_UP> mtu 1500 qdisc noqueue master lzc-br-a62bee66 state UP group default 
    link/ether ea:5f:8e:88:c0:ec brd ff:ff:ff:ff:ff:ff link-netnsid 30
    inet6 fe80::e85f:8eff:fe88:c0ec/64 scope link proto kernel_ll 
       valid_lft forever preferred_lft forever
163: lzc-br-d9e21c5c: <BROADCAST,MULTICAST,UP,LOWER_UP> mtu 1500 qdisc noqueue state UP group default 
    link/ether 02:42:91:50:94:10 brd ff:ff:ff:ff:ff:ff
    inet 172.28.3.65/26 brd 172.28.3.127 scope global lzc-br-d9e21c5c
       valid_lft forever preferred_lft forever
    inet6 fd03:1136:3800::341/122 scope global nodad 
       valid_lft forever preferred_lft forever
    inet6 fe80::42:91ff:fe50:9410/64 scope link proto kernel_ll 
       valid_lft forever preferred_lft forever
165: veth3b79eb8@if164: <BROADCAST,MULTICAST,UP,LOWER_UP> mtu 1500 qdisc noqueue master lzc-br-d9e21c5c state UP group default 
    link/ether d6:78:24:d7:08:99 brd ff:ff:ff:ff:ff:ff link-netnsid 37
    inet6 fe80::d478:24ff:fed7:899/64 scope link proto kernel_ll 
       valid_lft forever preferred_lft forever
167: vethff13239@if166: <BROADCAST,MULTICAST,UP,LOWER_UP> mtu 1500 qdisc noqueue master lzc-br-d9e21c5c state UP group default 
    link/ether 6e:23:e4:a9:e2:ef brd ff:ff:ff:ff:ff:ff link-netnsid 36
    inet6 fe80::6c23:e4ff:fea9:e2ef/64 scope link proto kernel_ll 
       valid_lft forever preferred_lft forever
169: vethaa700b2@if168: <BROADCAST,MULTICAST,UP,LOWER_UP> mtu 1500 qdisc noqueue master lzc-br-d9e21c5c state UP group default 
    link/ether 4a:fa:c9:36:d2:1d brd ff:ff:ff:ff:ff:ff link-netnsid 38
    inet6 fe80::48fa:c9ff:fe36:d21d/64 scope link proto kernel_ll 
       valid_lft forever preferred_lft forever
171: veth830d72f@if170: <BROADCAST,MULTICAST,UP,LOWER_UP> mtu 1500 qdisc noqueue master lzc-br-d9e21c5c state UP group default 
    link/ether 7a:8b:a4:7d:7a:c7 brd ff:ff:ff:ff:ff:ff link-netnsid 39
    inet6 fe80::788b:a4ff:fe7d:7ac7/64 scope link proto kernel_ll 
       valid_lft forever preferred_lft forever
173: vethce9c585@if172: <BROADCAST,MULTICAST,UP,LOWER_UP> mtu 1500 qdisc noqueue master lzc-br-d9e21c5c state UP group default 
    link/ether 1e:97:27:e0:31:71 brd ff:ff:ff:ff:ff:ff link-netnsid 40
    inet6 fe80::1c97:27ff:fee0:3171/64 scope link proto kernel_ll 
       valid_lft forever preferred_lft forever
174: lzc-br-d8c56011: <BROADCAST,MULTICAST,UP,LOWER_UP> mtu 1500 qdisc noqueue state UP group default 
    link/ether 02:42:25:1c:ce:37 brd ff:ff:ff:ff:ff:ff
    inet 172.28.3.129/26 brd 172.28.3.191 scope global lzc-br-d8c56011
       valid_lft forever preferred_lft forever
    inet6 fd03:1136:3800::381/122 scope global nodad 
       valid_lft forever preferred_lft forever
    inet6 fe80::42:25ff:fe1c:ce37/64 scope link proto kernel_ll 
       valid_lft forever preferred_lft forever
176: vethc61baab@if175: <BROADCAST,MULTICAST,UP,LOWER_UP> mtu 1500 qdisc noqueue master lzc-br-d8c56011 state UP group default 
    link/ether 5a:24:b9:c3:7f:20 brd ff:ff:ff:ff:ff:ff link-netnsid 41
    inet6 fe80::5824:b9ff:fec3:7f20/64 scope link proto kernel_ll 
       valid_lft forever preferred_lft forever
178: veth93405fb@if177: <BROADCAST,MULTICAST,UP,LOWER_UP> mtu 1500 qdisc noqueue master lzc-br-d8c56011 state UP group default 
    link/ether 32:03:3e:55:ac:41 brd ff:ff:ff:ff:ff:ff link-netnsid 42
    inet6 fe80::3003:3eff:fe55:ac41/64 scope link proto kernel_ll 
       valid_lft forever preferred_lft forever
179: lzc-br-ac3d70db: <BROADCAST,MULTICAST,UP,LOWER_UP> mtu 1500 qdisc noqueue state UP group default 
    link/ether 02:42:eb:ed:f6:5e brd ff:ff:ff:ff:ff:ff
    inet 172.28.3.193/26 brd 172.28.3.255 scope global lzc-br-ac3d70db
       valid_lft forever preferred_lft forever
    inet6 fd03:1136:3800::3c1/122 scope global nodad 
       valid_lft forever preferred_lft forever
    inet6 fe80::42:ebff:feed:f65e/64 scope link proto kernel_ll 
       valid_lft forever preferred_lft forever
181: veth18fce8c@if180: <BROADCAST,MULTICAST,UP,LOWER_UP> mtu 1500 qdisc noqueue master lzc-br-ac3d70db state UP group default 
    link/ether 66:36:a3:4c:73:cb brd ff:ff:ff:ff:ff:ff link-netnsid 43
    inet6 fe80::6436:a3ff:fe4c:73cb/64 scope link proto kernel_ll 
       valid_lft forever preferred_lft forever
183: veth85799d5@if182: <BROADCAST,MULTICAST,UP,LOWER_UP> mtu 1500 qdisc noqueue master lzc-br-ac3d70db state UP group default 
    link/ether fa:95:73:e5:69:ec brd ff:ff:ff:ff:ff:ff link-netnsid 44
    inet6 fe80::f895:73ff:fee5:69ec/64 scope link proto kernel_ll 
       valid_lft forever preferred_lft forever
184: lzc-br-66744eb8: <BROADCAST,MULTICAST,UP,LOWER_UP> mtu 1500 qdisc noqueue state UP group default 
    link/ether 02:42:be:3f:1d:69 brd ff:ff:ff:ff:ff:ff
    inet 172.28.4.1/26 brd 172.28.4.63 scope global lzc-br-66744eb8
       valid_lft forever preferred_lft forever
    inet6 fd03:1136:3800::401/122 scope global nodad 
       valid_lft forever preferred_lft forever
    inet6 fe80::42:beff:fe3f:1d69/64 scope link proto kernel_ll 
       valid_lft forever preferred_lft forever
186: veth0f3f0c4@if185: <BROADCAST,MULTICAST,UP,LOWER_UP> mtu 1500 qdisc noqueue master lzc-br-66744eb8 state UP group default 
    link/ether 46:31:b0:8e:be:f2 brd ff:ff:ff:ff:ff:ff link-netnsid 45
    inet6 fe80::4431:b0ff:fe8e:bef2/64 scope link proto kernel_ll 
       valid_lft forever preferred_lft forever
187: Meta: <POINTOPOINT,MULTICAST,NOARP,UP,LOWER_UP> mtu 9000 qdisc fq_codel state UNKNOWN group default qlen 500
    link/none 
    inet 198.18.0.1/30 brd 198.18.0.3 scope global Meta
       valid_lft forever preferred_lft forever
    inet6 fdfe:dcba:9876::1/126 scope global 
       valid_lft forever preferred_lft forever
    inet6 fe80::1796:f8a9:a45e:faef/64 scope link stable-privacy proto kernel_ll 
       valid_lft forever preferred_lft forever
188: lzc-br-4c9c5c7e: <BROADCAST,MULTICAST,UP,LOWER_UP> mtu 1500 qdisc noqueue state UP group default 
    link/ether 02:42:50:52:90:1f brd ff:ff:ff:ff:ff:ff
    inet 172.28.4.65/26 brd 172.28.4.127 scope global lzc-br-4c9c5c7e
       valid_lft forever preferred_lft forever
    inet6 fd03:1136:3800::441/122 scope global nodad 
       valid_lft forever preferred_lft forever
    inet6 fe80::42:50ff:fe52:901f/64 scope link proto kernel_ll 
       valid_lft forever preferred_lft forever
190: vethca7a956@if189: <BROADCAST,MULTICAST,UP,LOWER_UP> mtu 1500 qdisc noqueue master lzc-br-4c9c5c7e state UP group default 
    link/ether 82:c9:f9:63:a9:71 brd ff:ff:ff:ff:ff:ff link-netnsid 46
    inet6 fe80::80c9:f9ff:fe63:a971/64 scope link proto kernel_ll 
       valid_lft forever preferred_lft forever
192: veth778796d@if191: <BROADCAST,MULTICAST,UP,LOWER_UP> mtu 1500 qdisc noqueue master lzc-br-4c9c5c7e state UP group default 
    link/ether 02:b5:d1:3e:0c:bf brd ff:ff:ff:ff:ff:ff link-netnsid 47
    inet6 fe80::b5:d1ff:fe3e:cbf/64 scope link proto kernel_ll 
       valid_lft forever preferred_lft forever
194: veth266c7c0@if193: <BROADCAST,MULTICAST,UP,LOWER_UP> mtu 1500 qdisc noqueue master lzc-br-4c9c5c7e state UP group default 
    link/ether 3a:2a:fd:57:95:ff brd ff:ff:ff:ff:ff:ff link-netnsid 48
    inet6 fe80::382a:fdff:fe57:95ff/64 scope link proto kernel_ll 
       valid_lft forever preferred_lft forever
196: veth2ce2ef5@if195: <BROADCAST,MULTICAST,UP,LOWER_UP> mtu 1500 qdisc noqueue master lzc-br-4c9c5c7e state UP group default 
    link/ether 06:04:74:be:1c:4d brd ff:ff:ff:ff:ff:ff link-netnsid 49
    inet6 fe80::404:74ff:febe:1c4d/64 scope link proto kernel_ll 
       valid_lft forever preferred_lft forever
198: veth2db8ad3@if197: <BROADCAST,MULTICAST,UP,LOWER_UP> mtu 1500 qdisc noqueue master lzc-br-4c9c5c7e state UP group default 
    link/ether c2:e4:1a:04:5d:b1 brd ff:ff:ff:ff:ff:ff link-netnsid 50
    inet6 fe80::c0e4:1aff:fe04:5db1/64 scope link proto kernel_ll 
       valid_lft forever preferred_lft forever
200: veth99537eb@if199: <BROADCAST,MULTICAST,UP,LOWER_UP> mtu 1500 qdisc noqueue master lzc-br-4c9c5c7e state UP group default 
    link/ether ca:3c:e2:28:ad:83 brd ff:ff:ff:ff:ff:ff link-netnsid 51
    inet6 fe80::c83c:e2ff:fe28:ad83/64 scope link proto kernel_ll 
       valid_lft forever preferred_lft forever
202: vethd47fded@if201: <BROADCAST,MULTICAST,UP,LOWER_UP> mtu 1500 qdisc noqueue master lzc-br-4c9c5c7e state UP group default 
    link/ether 66:74:af:e3:ef:f3 brd ff:ff:ff:ff:ff:ff link-netnsid 52
    inet6 fe80::6474:afff:fee3:eff3/64 scope link proto kernel_ll 
       valid_lft forever preferred_lft forever
204: vethace67d6@if203: <BROADCAST,MULTICAST,UP,LOWER_UP> mtu 1500 qdisc noqueue master lzc-br-4c9c5c7e state UP group default 
    link/ether 02:db:3e:67:dd:2c brd ff:ff:ff:ff:ff:ff link-netnsid 53
    inet6 fe80::db:3eff:fe67:dd2c/64 scope link proto kernel_ll 
       valid_lft forever preferred_lft forever

real	0m0.011s
user	0m0.006s
sys	0m0.000s
