Module                  Size  Used by
udp_diag               12288  0
tcp_diag               12288  0
inet_diag              28672  2 tcp_diag,udp_diag
vhost_net              36864  1
vhost                  69632  1 vhost_net
vhost_iotlb            16384  1 vhost
tap                    28672  1 vhost_net
xt_CHECKSUM            12288  1
xt_multiport           16384  1
scsi_transport_iscsi   180224  1
ip6t_REJECT            12288  2
nf_reject_ipv6         24576  1 ip6t_REJECT
xt_REDIRECT            16384  2
xt_TPROXY              12288  1
nf_tproxy_ipv6         16384  1 xt_TPROXY
nf_tproxy_ipv4         16384  1 xt_TPROXY
ccm                    20480  0
xt_nat                 12288  240
nf_conntrack_netlink    61440  0
veth                   40960  0
xt_tcpudp              16384  0
snd_hda_intel          61440  0
bfq                   110592  2
xt_conntrack           12288  50
nft_chain_nat          12288  125
xt_MASQUERADE          16384  54
nf_nat                 65536  4 xt_nat,nft_chain_nat,xt_MASQUERADE,xt_REDIRECT
nf_conntrack          212992  6 xt_conntrack,nf_nat,xt_nat,nf_conntrack_netlink,xt_MASQUERADE,xt_REDIRECT
nf_defrag_ipv6         24576  2 nf_conntrack,xt_TPROXY
nf_defrag_ipv4         12288  2 nf_conntrack,xt_TPROXY
bridge                385024  0
stp                    12288  1 bridge
llc                    16384  2 bridge,stp
xfrm_user              61440  3
xfrm_algo              16384  1 xfrm_user
cmac                   12288  1
xt_addrtype            12288  4
nft_compat             24576  355
nf_tables             372736  4214 nft_compat,nft_chain_nat
nfnetlink              20480  6 nft_compat,nf_conntrack_netlink,nf_tables
bnep                   36864  2
sunrpc                876544  1
binfmt_misc            28672  1
tun                    69632  8 vhost_net
intel_rapl_msr         20480  0
intel_rapl_common      36864  1 intel_rapl_msr
x86_pkg_temp_thermal    16384  0
intel_powerclamp       16384  0
coretemp               16384  0
iwlmvm                593920  0
kvm_intel             409600  2
snd_hda_codec_hdmi     94208  1
mac80211             1400832  1 iwlmvm
libarc4                12288  1 mac80211
btusb                  81920  0
kvm                  1359872  1 kvm_intel
snd_sof_pci_intel_tgl    12288  0
btrtl                  28672  1 btusb
snd_hda_codec_realtek   192512  1
btbcm                  24576  1 btusb
btintel                57344  1 btusb
irqbypass              12288  1 kvm
snd_sof_intel_hda_common   204800  1 snd_sof_pci_intel_tgl
snd_hda_codec_generic   114688  1 snd_hda_codec_realtek
btmtk                  12288  1 btusb
crct10dif_pclmul       12288  1
soundwire_intel        61440  1 snd_sof_intel_hda_common
ledtrig_audio          12288  1 snd_hda_codec_generic
crc32_pclmul           12288  0
soundwire_generic_allocation    12288  1 soundwire_intel
snd_sof_intel_hda_mlink    40960  2 soundwire_intel,snd_sof_intel_hda_common
iwlwifi               544768  1 iwlmvm
soundwire_cadence      45056  1 soundwire_intel
bluetooth            1134592  23 btrtl,btmtk,btintel,btbcm,bnep,btusb
snd_sof_intel_hda      24576  1 snd_sof_intel_hda_common
ghash_clmulni_intel    16384  0
snd_sof_pci            24576  2 snd_sof_intel_hda_common,snd_sof_pci_intel_tgl
snd_sof_xtensa_dsp     16384  1 snd_sof_intel_hda_common
snd_sof               360448  3 snd_sof_pci,snd_sof_intel_hda_common,snd_sof_intel_hda
aesni_intel           360448  1
btrfs                2023424  2
snd_sof_utils          16384  1 snd_sof
snd_soc_hdac_hda       24576  1 snd_sof_intel_hda_common
crypto_simd            16384  1 aesni_intel
snd_hda_ext_core       36864  4 snd_sof_intel_hda_common,snd_soc_hdac_hda,snd_sof_intel_hda_mlink,snd_sof_intel_hda
cryptd                 28672  2 crypto_simd,ghash_clmulni_intel
snd_soc_acpi_intel_match    90112  2 snd_sof_intel_hda_common,snd_sof_pci_intel_tgl
rapl                   20480  0
snd_soc_acpi           12288  2 snd_soc_acpi_intel_match,snd_sof_intel_hda_common
blake2b_generic        24576  0
intel_cstate           20480  0
xor                    20480  1 btrfs
sha3_generic           16384  1
jitterentropy_rng      20480  1
snd_soc_core          421888  4 soundwire_intel,snd_sof,snd_sof_intel_hda_common,snd_soc_hdac_hda
snd_compress           28672  1 snd_soc_core
soundwire_bus         114688  3 soundwire_intel,soundwire_generic_allocation,soundwire_cadence
sha512_ssse3           45056  1
snd_intel_dspcfg       32768  3 snd_hda_intel,snd_sof,snd_sof_intel_hda_common
snd_intel_sdw_acpi     16384  2 snd_sof_intel_hda_common,snd_intel_dspcfg
sha512_generic         16384  1 sha512_ssse3
i915                 3936256  3
snd_hda_codec         225280  6 snd_hda_codec_generic,snd_hda_codec_hdmi,snd_hda_intel,snd_hda_codec_realtek,snd_soc_hdac_hda,snd_sof_intel_hda
ctr                    12288  0
snd_hda_core          147456  9 snd_hda_codec_generic,snd_hda_codec_hdmi,snd_hda_intel,snd_hda_ext_core,snd_hda_codec,snd_hda_codec_realtek,snd_sof_intel_hda_common,snd_soc_hdac_hda,snd_sof_intel_hda
snd_hwdep              20480  1 snd_hda_codec
drm_buddy              20480  1 i915
drbg                   49152  1
snd_pcm               192512  10 snd_hda_codec_hdmi,snd_hda_intel,snd_hda_codec,soundwire_intel,snd_sof,snd_sof_intel_hda_common,snd_compress,snd_soc_core,snd_sof_utils,snd_hda_core
drm_display_helper    233472  1 i915
cec                    69632  2 drm_display_helper,i915
snd_timer              53248  1 snd_pcm
ansi_cprng             12288  0
mei_hdcp               28672  0
mei_pxp                16384  0
ee1004                 16384  0
rc_core                73728  1 cec
snd                   151552  11 snd_hda_codec_generic,snd_hda_codec_hdmi,snd_hwdep,snd_hda_intel,snd_hda_codec,snd_hda_codec_realtek,snd_sof,snd_timer,snd_compress,snd_soc_core,snd_pcm
ecdh_generic           16384  2 bluetooth
wmi_bmof               12288  0
evdev                  28672  6
cfg80211             1343488  3 iwlmvm,iwlwifi,mac80211
ecc                    45056  1 ecdh_generic
soundcore              16384  1 snd
ttm                   106496  1 i915
intel_uncore          258048  0
rfkill                 40960  7 iwlmvm,bluetooth,cfg80211
mei_me                 57344  2
igc                   188416  0
i2c_i801               36864  0
pcspkr                 12288  0
drm_kms_helper        270336  2 drm_display_helper,i915
i2c_smbus              16384  1 i2c_i801
mei                   184320  5 mei_hdcp,mei_pxp,mei_me
i2c_algo_bit           12288  1 i915
igen6_edac             24576  0
fan                    20480  0
video                  73728  1 i915
raid6_pq              122880  1 btrfs
wmi                    40960  2 video,wmi_bmof
acpi_pad              184320  0
intel_pmc_core         81920  0
acpi_tad               20480  0
button                 24576  0
sg                     45056  0
lzc_wdt                12288  0
watchdog               49152  1 lzc_wdt
fuse                  208896  1
drm                   765952  7 drm_kms_helper,drm_display_helper,drm_buddy,i915,ttm
efi_pstore             12288  0
dm_mod                217088  0
configfs               69632  1
ip_tables              28672  0
x_tables               61440  12 xt_conntrack,nft_compat,xt_multiport,xt_tcpudp,xt_addrtype,xt_CHECKSUM,xt_nat,xt_TPROXY,ip_tables,xt_MASQUERADE,ip6t_REJECT,xt_REDIRECT
autofs4                57344  4
efivarfs               24576  1
hid_generic            12288  0
usbhid                 77824  0
hid                   176128  2 usbhid,hid_generic
erofs                 131072  8
libcrc32c              12288  5 nf_conntrack,nf_nat,erofs,btrfs,nf_tables
isofs                  53248  0
overlay               196608  75
9p                     90112  0
fscache               397312  1 9p
netfs                  69632  2 9p,fscache
squashfs               81920  0
crc32c_intel           16384  7
crc32c_generic         12288  0
nls_ascii              12288  0
nls_cp437              16384  0
vfat                   20480  0
fat                   102400  1 vfat
ext4                 1130496  2
mbcache                16384  1 ext4
crc16                  12288  2 bluetooth,ext4
jbd2                  200704  1 ext4
loop                   36864  18
virtio_blk             32768  0
nvme                   57344  2
nvme_core             196608  3 nvme
sr_mod                 28672  0
cdrom                  81920  2 isofs,sr_mod
sd_mod                 86016  2
t10_pi                 20480  2 sd_mod,nvme_core
crc64_rocksoft         16384  1 t10_pi
crc64                  16384  1 crc64_rocksoft
crct10dif_generic      12288  0
crc_t10dif             16384  1 t10_pi
crct10dif_common       12288  3 crct10dif_generic,crc_t10dif,crct10dif_pclmul
vmd                    24576  0
uas                    32768  0
usb_storage            86016  1 uas
ata_piix               45056  0
ata_generic            12288  0
xhci_pci               24576  0
xhci_hcd              352256  1 xhci_pci
uhci_hcd               61440  0
ehci_pci               16384  0
ehci_hcd              110592  1 ehci_pci
usbcore               409600  9 xhci_hcd,ehci_pci,usbhid,usb_storage,ehci_hcd,btusb,xhci_pci,uas,uhci_hcd
usb_common             20480  4 xhci_hcd,usbcore,ehci_hcd,uhci_hcd
ahci                   49152  2
libahci                61440  1 ahci
libata                475136  4 ata_piix,libahci,ahci,ata_generic
scsi_mod              327680  7 sd_mod,scsi_transport_iscsi,usb_storage,uas,libata,sg,sr_mod
scsi_common            16384  7 scsi_mod,sd_mod,usb_storage,uas,libata,sg,sr_mod
9pnet_virtio           20480  0
9pnet                 114688  2 9p,9pnet_virtio
virtio_pci             28672  0
virtio_pci_modern_dev    20480  1 virtio_pci
virtio_pci_legacy_dev    16384  1 virtio_pci
virtio                 20480  3 9pnet_virtio,virtio_pci,virtio_blk
virtio_ring            53248  3 9pnet_virtio,virtio_pci,virtio_blk

real	0m0.011s
user	0m0.007s
sys	0m0.004s
