/dev/nvme0n1p2 on /run/lzcsys/boot/lzc-base-os-init type ext4 (rw,relatime)
sysfs on /run/lzcsys/boot/lzc-base-os-init/sys type sysfs (rw,nosuid,nodev,noexec,relatime)
proc on /run/lzcsys/boot/lzc-base-os-init/proc type proc (rw,nosuid,nodev,noexec,relatime)
devtmpfs on /run/lzcsys/boot/lzc-base-os-init/dev type devtmpfs (rw,nosuid,relatime,size=4096k,nr_inodes=2015529,mode=755,inode64)
devpts on /run/lzcsys/boot/lzc-base-os-init/dev/pts type devpts (rw,nosuid,noexec,relatime,gid=5,mode=620,ptmxmode=000)
shm on /run/lzcsys/boot/lzc-base-os-init/dev/shm type tmpfs (rw,nosuid,nodev,noexec,relatime,inode64)
devpts on /run/lzcsys/boot/lzc-base-os-init/dev/pts type devpts (rw,nosuid,noexec,relatime,gid=5,mode=620,ptmxmode=000)
tmpfs on /run/lzcsys/boot/lzc-base-os-init/run type tmpfs (rw,nosuid,nodev,relatime,inode64)
/run/lzcsys/boot/lzc-base-os-init/vendor/vendor-v0.1.52.erofs on /run/lzcsys/boot/lzc-base-os-init/run/lzcsys/boot/lzc-base-os-overlay/lowerdir/vendor type erofs (ro,relatime,user_xattr,acl,cache_strategy=readaround)
/run/lzcsys/boot/lzc-base-os-init/rootfs/rootfs-v0.1.52.erofs on /run/lzcsys/boot/lzc-base-os-init/run/lzcsys/boot/lzc-base-os-overlay/lowerdir/rootfs type erofs (ro,relatime,user_xattr,acl,cache_strategy=readaround)
/run/lzcsys/boot/lzc-base-os-init/hportal/hportal-v0.15.4-2-1-gb37603d8.erofs on /run/lzcsys/boot/lzc-base-os-init/run/lzcsys/boot/lzc-base-os-overlay/lowerdir/hportal type erofs (ro,relatime,user_xattr,acl,cache_strategy=readaround)
/run/lzcsys/boot/lzc-base-os-init/daemon/daemon-v0.0.1-168-g46e0ba19.erofs on /run/lzcsys/boot/lzc-base-os-init/run/lzcsys/boot/lzc-base-os-overlay/lowerdir/daemon type erofs (ro,relatime,user_xattr,acl,cache_strategy=readaround)
/run/lzcsys/boot/lzc-base-os-init/config/config-v0.1.52.erofs on /run/lzcsys/boot/lzc-base-os-init/run/lzcsys/boot/lzc-base-os-overlay/lowerdir/config type erofs (ro,relatime,user_xattr,acl,cache_strategy=readaround)
/run/lzcsys/boot/lzc-base-os-init/wifip2p/wifip2p-v0.1.52.erofs on /run/lzcsys/boot/lzc-base-os-init/run/lzcsys/boot/lzc-base-os-overlay/lowerdir/wifip2p type erofs (ro,relatime,user_xattr,acl,cache_strategy=readaround)
overlay on / type overlay (rw,relatime,lowerdir=/run/lzcsys/boot/lzc-base-os-overlay/lowerdir/overlay:/run/lzcsys/boot/lzc-base-os-overlay/lowerdir/machine:/run/lzcsys/boot/lzc-base-os-overlay/lowerdir/wifip2p:/run/lzcsys/boot/lzc-base-os-overlay/lowerdir/config:/run/lzcsys/boot/lzc-base-os-overlay/lowerdir/daemon:/run/lzcsys/boot/lzc-base-os-overlay/lowerdir/hportal:/run/lzcsys/boot/lzc-base-os-overlay/lowerdir/rootfs:/run/lzcsys/boot/lzc-base-os-overlay/lowerdir/vendor,upperdir=/run/lzcsys/boot/lzc-base-os-overlay/upperdir,workdir=/run/lzcsys/boot/lzc-base-os-overlay/workdir)
sysfs on /sys type sysfs (rw,nosuid,nodev,noexec,relatime)
proc on /proc type proc (rw,nosuid,nodev,noexec,relatime)
devtmpfs on /dev type devtmpfs (rw,nosuid,relatime,size=4096k,nr_inodes=2015529,mode=755,inode64)
devpts on /dev/pts type devpts (rw,nosuid,noexec,relatime,gid=5,mode=620,ptmxmode=000)
devpts on /dev/pts type devpts (rw,nosuid,noexec,relatime,gid=5,mode=620,ptmxmode=000)
shm on /dev/shm type tmpfs (rw,nosuid,nodev,noexec,relatime,inode64)
devpts on /dev/pts type devpts (rw,nosuid,noexec,relatime,gid=5,mode=620,ptmxmode=000)
tmpfs on /run type tmpfs (rw,nosuid,nodev,relatime,inode64)
/run/lzcsys/boot/lzc-base-os-init/vendor/vendor-v0.1.52.erofs on /run/lzcsys/boot/lzc-base-os-overlay/lowerdir/vendor type erofs (ro,relatime,user_xattr,acl,cache_strategy=readaround)
/run/lzcsys/boot/lzc-base-os-init/rootfs/rootfs-v0.1.52.erofs on /run/lzcsys/boot/lzc-base-os-overlay/lowerdir/rootfs type erofs (ro,relatime,user_xattr,acl,cache_strategy=readaround)
/run/lzcsys/boot/lzc-base-os-init/hportal/hportal-v0.15.4-2-1-gb37603d8.erofs on /run/lzcsys/boot/lzc-base-os-overlay/lowerdir/hportal type erofs (ro,relatime,user_xattr,acl,cache_strategy=readaround)
/run/lzcsys/boot/lzc-base-os-init/daemon/daemon-v0.0.1-168-g46e0ba19.erofs on /run/lzcsys/boot/lzc-base-os-overlay/lowerdir/daemon type erofs (ro,relatime,user_xattr,acl,cache_strategy=readaround)
/run/lzcsys/boot/lzc-base-os-init/config/config-v0.1.52.erofs on /run/lzcsys/boot/lzc-base-os-overlay/lowerdir/config type erofs (ro,relatime,user_xattr,acl,cache_strategy=readaround)
/run/lzcsys/boot/lzc-base-os-init/wifip2p/wifip2p-v0.1.52.erofs on /run/lzcsys/boot/lzc-base-os-overlay/lowerdir/wifip2p type erofs (ro,relatime,user_xattr,acl,cache_strategy=readaround)
overlay on /run/lzcsys/boot/lzc-base-os type overlay (rw,relatime,lowerdir=/run/lzcsys/boot/lzc-base-os-overlay/lowerdir/overlay:/run/lzcsys/boot/lzc-base-os-overlay/lowerdir/machine:/run/lzcsys/boot/lzc-base-os-overlay/lowerdir/wifip2p:/run/lzcsys/boot/lzc-base-os-overlay/lowerdir/config:/run/lzcsys/boot/lzc-base-os-overlay/lowerdir/daemon:/run/lzcsys/boot/lzc-base-os-overlay/lowerdir/hportal:/run/lzcsys/boot/lzc-base-os-overlay/lowerdir/rootfs:/run/lzcsys/boot/lzc-base-os-overlay/lowerdir/vendor,upperdir=/run/lzcsys/boot/lzc-base-os-overlay/upperdir,workdir=/run/lzcsys/boot/lzc-base-os-overlay/workdir)
sysfs on /run/lzcsys/boot/lzc-base-os/sys type sysfs (rw,nosuid,nodev,noexec,relatime)
proc on /run/lzcsys/boot/lzc-base-os/proc type proc (rw,nosuid,nodev,noexec,relatime)
devtmpfs on /run/lzcsys/boot/lzc-base-os/dev type devtmpfs (rw,nosuid,relatime,size=4096k,nr_inodes=2015529,mode=755,inode64)
devpts on /run/lzcsys/boot/lzc-base-os/dev/pts type devpts (rw,nosuid,noexec,relatime,gid=5,mode=620,ptmxmode=000)
devpts on /run/lzcsys/boot/lzc-base-os/dev/pts type devpts (rw,nosuid,noexec,relatime,gid=5,mode=620,ptmxmode=000)
devpts on /run/lzcsys/boot/lzc-base-os/dev/pts type devpts (rw,nosuid,noexec,relatime,gid=5,mode=620,ptmxmode=000)
shm on /run/lzcsys/boot/lzc-base-os/dev/shm type tmpfs (rw,nosuid,nodev,noexec,relatime,inode64)
none on /sys/firmware/efi/efivars type efivarfs (rw,nosuid,nodev,noexec,relatime)
/dev/nvme0n1p2 on /var/log type ext4 (rw,relatime)
/run/lzcsys/boot/lzc-base-os-init/var.img on /run/lzcsys/var type ext4 (rw,noatime)
/run/lzcsys/boot/lzc-base-os-init/var.img on /etc/NetworkManager/system-connections type ext4 (rw,noatime)
/run/lzcsys/boot/lzc-base-os-init/var.img on /var/log/journal type ext4 (rw,noatime)
/run/lzcsys/boot/lzc-base-os-init/var.img on /lzcsys/etc/hportal-server type ext4 (rw,noatime)
/run/lzcsys/boot/lzc-base-os-init/update-tool/update-tool-v0.1.52.erofs on /run/lzcsys/boot/update-bundle/update-tool type erofs (ro,relatime,user_xattr,acl,cache_strategy=readaround)
securityfs on /sys/kernel/security type securityfs (rw,nosuid,nodev,noexec,relatime)
tmpfs on /run/lock type tmpfs (rw,nosuid,nodev,noexec,relatime,size=5120k,inode64)
cgroup2 on /sys/fs/cgroup type cgroup2 (rw,nosuid,nodev,noexec,relatime)
pstore on /sys/fs/pstore type pstore (rw,nosuid,nodev,noexec,relatime)
bpf on /sys/fs/bpf type bpf (rw,nosuid,nodev,noexec,relatime,mode=700)
systemd-1 on /proc/sys/fs/binfmt_misc type autofs (rw,relatime,fd=31,pgrp=1,timeout=0,minproto=5,maxproto=5,direct,pipe_ino=18411)
mqueue on /dev/mqueue type mqueue (rw,nosuid,nodev,noexec,relatime)
debugfs on /sys/kernel/debug type debugfs (rw,nosuid,nodev,noexec,relatime)
tracefs on /sys/kernel/tracing type tracefs (rw,nosuid,nodev,noexec,relatime)
hugetlbfs on /dev/hugepages type hugetlbfs (rw,nosuid,nodev,relatime,pagesize=2M)
configfs on /sys/kernel/config type configfs (rw,nosuid,nodev,noexec,relatime)
fusectl on /sys/fs/fuse/connections type fusectl (rw,nosuid,nodev,noexec,relatime)
/dev/nvme0n1p3 on /run/lzcsys/boot/lzc-os-init type btrfs (rw,relatime,ssd,discard=async,space_cache=v2,subvolid=5,subvol=/)

real	0m0.005s
user	0m0.002s
sys	0m0.002s
