[1A[1B[0G[?25l[+] Pulling 1/2
 [32m✔[0m app Skipped - Image is already present locally [32m[0m[34m0.0s [0m
 [33m⠋[0m foxel Pulling                                  [34m0.1s [0m
[?25h[1A[1A[1A[0G[?25l[+] Pulling 1/2
 [32m✔[0m app Skipped - Image is already present locally [32m[0m[34m0.0s [0m
 [33m⠙[0m foxel Pulling                                  [34m0.2s [0m
[?25h[1A[1A[1A[0G[?25l[+] Pulling 1/2
 [32m✔[0m app Skipped - Image is already present locally [32m[0m[34m0.0s [0m
 [33m⠹[0m foxel Pulling                                  [34m0.3s [0m
[?25h[1A[1A[1A[0G[?25l[+] Pulling 1/2
 [32m✔[0m app Skipped - Image is already present locally [32m[0m[34m0.0s [0m
 [33m⠸[0m foxel Pulling                                  [34m0.4s [0m
[?25h[1A[1A[1A[0G[?25l[+] Pulling 1/2
 [32m✔[0m app Skipped - Image is already present locally [32m[0m[34m0.0s [0m
 [33m⠼[0m foxel Pulling                                  [34m0.5s [0m
[?25h[1A[1A[1A[0G[?25l[+] Pulling 1/2
 [32m✔[0m app Skipped - Image is already present locally [32m[0m[34m0.0s [0m
 [33m⠴[0m foxel Pulling                                  [34m0.6s [0m
[?25h[1A[1A[1A[0G[?25l[+] Pulling 1/2
 [32m✔[0m app Skipped - Image is already present locally [32m[0m[34m0.0s [0m
 [33m⠦[0m foxel Pulling                                  [34m0.7s [0m
[?25h[1A[1A[1A[0G[?25l[+] Pulling 1/2
 [32m✔[0m app Skipped - Image is already present locally [32m[0m[34m0.0s [0m
 [33m⠧[0m foxel Pulling                                  [34m0.8s [0m
[?25h[1A[1A[1A[0G[?25l[+] Pulling 1/2
 [32m✔[0m app Skipped - Image is already present locally [32m[0m[34m0.0s [0m
 [33m⠇[0m foxel Pulling                                  [34m0.9s [0m
[?25h[1A[1A[1A[0G[?25l[+] Pulling 1/2
 [32m✔[0m app Skipped - Image is already present locally [32m[0m[34m0.0s [0m
 [33m⠏[0m foxel Pulling                                  [34m1.0s [0m
[?25h[1A[1A[1A[0G[?25l[+] Pulling 1/2
 [32m✔[0m app Skipped - Image is already present locally [32m[0m[34m0.0s [0m
 [33m⠋[0m foxel Pulling                                  [34m1.1s [0m
[?25h[1A[1A[1A[0G[?25l[+] Pulling 1/2
 [32m✔[0m app Skipped - Image is already present locally [32m[0m[34m0.0s [0m
 [33m⠙[0m foxel Pulling                                  [34m1.2s [0m
[?25h[1A[1A[1A[0G[?25l[+] Pulling 1/2
 [32m✔[0m app Skipped - Image is already present locally [32m[0m[34m0.0s [0m
 [33m⠹[0m foxel Pulling                                  [34m1.3s [0m
[?25h[1A[1A[1A[0G[?25l[+] Pulling 1/2
 [32m✔[0m app Skipped - Image is already present locally [32m[0m[34m0.0s [0m
 [33m⠸[0m foxel Pulling                                  [34m1.4s [0m
[?25h[1A[1A[1A[0G[?25l[+] Pulling 1/2
 [32m✔[0m app Skipped - Image is already present locally [32m[0m[34m0.0s [0m
 [33m⠼[0m foxel Pulling                                  [34m1.5s [0m
[?25h[1A[1A[1A[0G[?25l[34m[+] Pulling 2/3[0m
 [32m✔[0m app Skipped - Image is already present locally [32m[0m[34m0.0s [0m
 [33m⠴[0m foxel [[32m⣿[0m] Pulling                 [34m1.6s [0m
[?25h[1A[1A[1A[0G[?25l[34m[+] Pulling 2/3[0m
 [32m✔[0m app Skipped - Image is already present locally [32m[0m[34m0.0s [0m
 [33m⠦[0m foxel [[32m⣿[0m] Pulling                 [34m1.7s [0m
[?25h[1A[1A[1A[0G[?25l[34m[+] Pulling 2/18[0m
 [32m✔[0m app Skipped - Image is already present locally [32m[0m[34m0.0s [0m
 [33m⠧[0m foxel [[32m⣿⠀⠀⠀⠀⠀⠀⠀⠀⠀⠀⠀⠀⠀⠀⠀[0m] Pulling [34m1.8s [0m
[?25h[1A[1A[1A[0G[?25l[+] Pulling 3/18
 [32m✔[0m app Skipped - Image is already present locally [32m[0m[34m0.0s [0m
 [33m⠇[0m foxel [[32m⣿⣿⠀⠀⣿⠀⠀⠀⠀⠀⠀⠀⠀⠀⠀⠀[0m] Pulling [34m1.9s [0m
[?25h[1A[1A[1A[0G[?25l[+] Pulling 3/18
 [32m✔[0m app Skipped - Image is already present locally [32m[0m[34m0.0s [0m
 [33m⠏[0m foxel [[32m⣿⣿⣄⠀⣿⠀⠀⠀⠀⠀⠀⠀⠀⠀⠀⠀[0m] Pulling [34m2.0s [0m
[?25h[1A[1A[1A[0G[?25l[+] Pulling 3/18
 [32m✔[0m app Skipped - Image is already present locally [32m[0m[34m0.0s [0m
 [33m⠋[0m foxel [[32m⣿⣿⣄⠀⣿⠀⠀⠀⠀⠀⠀⠀⠀⠀⠀⠀[0m] Pulling [34m2.1s [0m
[?25h[1A[1A[1A[0G[?25l[+] Pulling 4/18
 [32m✔[0m app Skipped - Image is already present locally [32m[0m[34m0.0s [0m
 [33m⠙[0m foxel [[32m⣿⣿⣄⣿⣿⠀⠀⠀⠀⠀⠀⠀⠀⠀⠀⠀[0m] Pulling [34m2.2s [0m
[?25h[1A[1A[1A[0G[?25l[+] Pulling 4/18
 [32m✔[0m app Skipped - Image is already present locally [32m[0m[34m0.0s [0m
 [33m⠹[0m foxel [[32m⣿⣿⣄⣿⣿⠀⠀⠀⠀⠀⠀⠀⠀⠀⠀⠀[0m] Pulling [34m2.3s [0m
[?25h[1A[1A[1A[0G[?25l[+] Pulling 4/18
 [32m✔[0m app Skipped - Image is already present locally [32m[0m[34m0.0s [0m
 [33m⠸[0m foxel [[32m⣿⣿⣄⣿⣿⠀⠀⠀⠀⠀⠀⠀⠀⠀⠀⠀[0m] Pulling [34m2.4s [0m
[?25h[1A[1A[1A[0G[?25l[+] Pulling 5/18
 [32m✔[0m app Skipped - Image is already present locally [32m[0m[34m0.0s [0m
 [33m⠼[0m foxel [[32m⣿⣿⣦⣿⣿⠀⠀⠀⠀⠀⠀⠀⠀⠀⠀⠀[0m] Pulling [34m2.5s [0m
[?25h[1A[1A[1A[0G[?25l[+] Pulling 5/18
 [32m✔[0m app Skipped - Image is already present locally [32m[0m[34m0.0s [0m
 [33m⠴[0m foxel [[32m⣿⣿⣶⣿⣿⠀⠀⠀⠀⠀⠀⠀⠀⠀⠀⠀[0m] Pulling [34m2.6s [0m
[?25h[1A[1A[1A[0G[?25l[+] Pulling 7/18
 [32m✔[0m app Skipped - Image is already present locally [32m[0m[34m0.0s [0m
 [33m⠦[0m foxel [[32m⣿⣿⣿⣿⣿⠀⠀⣿⠀⠀⠀⠀⠀⠀⠀⠀[0m] Pulling [34m2.7s [0m
[?25h[1A[1A[1A[0G[?25l[+] Pulling 7/18
 [32m✔[0m app Skipped - Image is already present locally [32m[0m[34m0.0s [0m
 [33m⠧[0m foxel [[32m⣿⣿⣿⣿⣿⠀⠀⣿⠀⠀⠀⠀⠀⠀⠀⠀[0m] Pulling [34m2.8s [0m
[?25h[1A[1A[1A[0G[?25l[+] Pulling 6/18
 [32m✔[0m app Skipped - Image is already present locally [32m[0m[34m0.0s [0m
 [33m⠇[0m foxel [[32m⣿⣿⣿⣿⣿⡀⠀⣿⠀⠀⠀⠀⠀⠀⠀⠀[0m] Pulling [34m2.9s [0m
[?25h[1A[1A[1A[0G[?25l[+] Pulling 6/18
 [32m✔[0m app Skipped - Image is already present locally [32m[0m[34m0.0s [0m
 [33m⠏[0m foxel [[32m⣿⣿⣿⣿⣿⡀⠀⣿⠀⠀⠀⠀⠀⠀⠀⠀[0m] Pulling [34m3.0s [0m
[?25h[1A[1A[1A[0G[?25l[+] Pulling 6/18
 [32m✔[0m app Skipped - Image is already present locally [32m[0m[34m0.0s [0m
 [33m⠋[0m foxel [[32m⣿⣿⣿⣿⣿⡀⡀⣿⠀⠀⠀⠀⠀⠀⠀⠀[0m] Pulling [34m3.1s [0m
[?25h[1A[1A[1A[0G[?25l[+] Pulling 6/18
 [32m✔[0m app Skipped - Image is already present locally [32m[0m[34m0.0s [0m
 [33m⠙[0m foxel [[32m⣿⣿⣿⣿⣿⡀⡀⣿⡀⠀⠀⠀⠀⠀⠀⠀[0m] Pulling [34m3.2s [0m
[?25h[1A[1A[1A[0G[?25l[+] Pulling 6/18
 [32m✔[0m app Skipped - Image is already present locally [32m[0m[34m0.0s [0m
 [33m⠹[0m foxel [[32m⣿⣿⣿⣿⣿⡀⣀⣿⡀⠀⠀⠀⠀⠀⠀⠀[0m] Pulling [34m3.3s [0m
[?25h[1A[1A[1A[0G[?25l[+] Pulling 6/18
 [32m✔[0m app Skipped - Image is already present locally [32m[0m[34m0.0s [0m
 [33m⠸[0m foxel [[32m⣿⣿⣿⣿⣿⡀⣀⣿⡀⠀⠀⠀⠀⠀⠀⠀[0m] Pulling [34m3.4s [0m
[?25h[1A[1A[1A[0G[?25l[+] Pulling 6/18
 [32m✔[0m app Skipped - Image is already present locally [32m[0m[34m0.0s [0m
 [33m⠼[0m foxel [[32m⣿⣿⣿⣿⣿⣀⣀⣿⡀⠀⠀⠀⠀⠀⠀⠀[0m] Pulling [34m3.5s [0m
[?25h[1A[1A[1A[0G[?25l[+] Pulling 6/18
 [32m✔[0m app Skipped - Image is already present locally [32m[0m[34m0.0s [0m
 [33m⠴[0m foxel [[32m⣿⣿⣿⣿⣿⣀⣀⣿⡀⠀⠀⠀⠀⠀⠀⠀[0m] Pulling [34m3.6s [0m
[?25h[1A[1A[1A[0G[?25l[+] Pulling 6/18
 [32m✔[0m app Skipped - Image is already present locally [32m[0m[34m0.0s [0m
 [33m⠦[0m foxel [[32m⣿⣿⣿⣿⣿⣀⣀⣿⡀⠀⠀⠀⠀⠀⠀⠀[0m] Pulling [34m3.7s [0m
[?25h[1A[1A[1A[0G[?25l[+] Pulling 7/18
 [32m✔[0m app Skipped - Image is already present locally [32m[0m[34m0.0s [0m
 [33m⠧[0m foxel [[32m⣿⣿⣿⣿⣿⣀⣀⣿⣀⠀⠀⠀⠀⠀⠀⠀[0m] Pulling [34m3.8s [0m
[?25h[1A[1A[1A[0G[?25l[+] Pulling 7/18
 [32m✔[0m app Skipped - Image is already present locally [32m[0m[34m0.0s [0m
 [33m⠇[0m foxel [[32m⣿⣿⣿⣿⣿⣀⣀⣿⣀⠀⠀⠀⠀⠀⠀⠀[0m] Pulling [34m3.9s [0m
[?25h[1A[1A[1A[0G[?25l[+] Pulling 6/18
 [32m✔[0m app Skipped - Image is already present locally [32m[0m[34m0.0s [0m
 [33m⠏[0m foxel [[32m⣿⣿⣿⣿⣿⣀⣀⣿⣀⠀⠀⠀⠀⠀⠀⠀[0m] Pulling [34m4.0s [0m
[?25h[1A[1A[1A[0G[?25l[+] Pulling 6/18
 [32m✔[0m app Skipped - Image is already present locally [32m[0m[34m0.0s [0m
 [33m⠋[0m foxel [[32m⣿⣿⣿⣿⣿⣀⣄⣿⣄⠀⠀⠀⠀⠀⠀⠀[0m] Pulling [34m4.1s [0m
[?25h[1A[1A[1A[0G[?25l[+] Pulling 6/18
 [32m✔[0m app Skipped - Image is already present locally [32m[0m[34m0.0s [0m
 [33m⠙[0m foxel [[32m⣿⣿⣿⣿⣿⣀⣄⣿⣄⠀⠀⠀⠀⠀⠀⠀[0m] Pulling [34m4.2s [0m
[?25h[1A[1A[1A[0G[?25l[+] Pulling 6/18
 [32m✔[0m app Skipped - Image is already present locally [32m[0m[34m0.0s [0m
 [33m⠹[0m foxel [[32m⣿⣿⣿⣿⣿⣀⣄⣿⣄⠀⠀⠀⠀⠀⠀⠀[0m] Pulling [34m4.3s [0m
[?25h[1A[1A[1A[0G[?25l[+] Pulling 6/18
 [32m✔[0m app Skipped - Image is already present locally [32m[0m[34m0.0s [0m
 [33m⠸[0m foxel [[32m⣿⣿⣿⣿⣿⣄⣄⣿⣄⠀⠀⠀⠀⠀⠀⠀[0m] Pulling [34m4.4s [0m
[?25h[1A[1A[1A[0G[?25l[+] Pulling 6/18
 [32m✔[0m app Skipped - Image is already present locally [32m[0m[34m0.0s [0m
 [33m⠼[0m foxel [[32m⣿⣿⣿⣿⣿⣄⣤⣿⣄⠀⠀⠀⠀⠀⠀⠀[0m] Pulling [34m4.5s [0m
[?25h[1A[1A[1A[0G[?25l[+] Pulling 7/18
 [32m✔[0m app Skipped - Image is already present locally [32m[0m[34m0.0s [0m
 [33m⠴[0m foxel [[32m⣿⣿⣿⣿⣿⣄⣤⣿⣤⠀⠀⠀⠀⠀⠀⠀[0m] Pulling [34m4.6s [0m
[?25h[1A[1A[1A[0G[?25l[+] Pulling 7/18
 [32m✔[0m app Skipped - Image is already present locally [32m[0m[34m0.0s [0m
 [33m⠦[0m foxel [[32m⣿⣿⣿⣿⣿⣄⣦⣿⣤⠀⠀⠀⠀⠀⠀⠀[0m] Pulling [34m4.7s [0m
[?25h[1A[1A[1A[0G[?25l[+] Pulling 6/18
 [32m✔[0m app Skipped - Image is already present locally [32m[0m[34m0.0s [0m
 [33m⠧[0m foxel [[32m⣿⣿⣿⣿⣿⣄⣦⣿⣤⠀⠀⠀⠀⠀⠀⠀[0m] Pulling [34m4.8s [0m
[?25h[1A[1A[1A[0G[?25l[+] Pulling 6/18
 [32m✔[0m app Skipped - Image is already present locally [32m[0m[34m0.0s [0m
 [33m⠇[0m foxel [[32m⣿⣿⣿⣿⣿⣄⣦⣿⣤⠀⠀⠀⠀⠀⠀⠀[0m] Pulling [34m4.9s [0m
[?25h[1A[1A[1A[0G[?25l[+] Pulling 6/18
 [32m✔[0m app Skipped - Image is already present locally [32m[0m[34m0.0s [0m
 [33m⠏[0m foxel [[32m⣿⣿⣿⣿⣿⣄⣦⣿⣦⠀⠀⠀⠀⠀⠀⠀[0m] Pulling [34m5.0s [0m
[?25h[1A[1A[1A[0G[?25l[+] Pulling 6/18
 [32m✔[0m app Skipped - Image is already present locally [32m[0m[34m0.0s [0m
 [33m⠋[0m foxel [[32m⣿⣿⣿⣿⣿⣤⣦⣿⣦⠀⠀⠀⠀⠀⠀⠀[0m] Pulling [34m5.1s [0m
[?25h[1A[1A[1A[0G[?25l[+] Pulling 6/18
 [32m✔[0m app Skipped - Image is already present locally [32m[0m[34m0.0s [0m
 [33m⠙[0m foxel [[32m⣿⣿⣿⣿⣿⣤⣦⣿⣦⠀⠀⠀⠀⠀⠀⠀[0m] Pulling [34m5.2s [0m
[?25h[1A[1A[1A[0G[?25l[+] Pulling 6/18
 [32m✔[0m app Skipped - Image is already present locally [32m[0m[34m0.0s [0m
 [33m⠹[0m foxel [[32m⣿⣿⣿⣿⣿⣤⣦⣿⣦⠀⠀⠀⠀⠀⠀⠀[0m] Pulling [34m5.3s [0m
[?25h[1A[1A[1A[0G[?25l[+] Pulling 6/18
 [32m✔[0m app Skipped - Image is already present locally [32m[0m[34m0.0s [0m
 [33m⠸[0m foxel [[32m⣿⣿⣿⣿⣿⣤⣦⣿⣦⠀⠀⠀⠀⠀⠀⠀[0m] Pulling [34m5.4s [0m
[?25h[1A[1A[1A[0G[?25l[+] Pulling 6/18
 [32m✔[0m app Skipped - Image is already present locally [32m[0m[34m0.0s [0m
 [33m⠼[0m foxel [[32m⣿⣿⣿⣿⣿⣤⣦⣿⣦⠀⠀⠀⠀⠀⠀⠀[0m] Pulling [34m5.5s [0m
[?25h[1A[1A[1A[0G[?25l[+] Pulling 6/18
 [32m✔[0m app Skipped - Image is already present locally [32m[0m[34m0.0s [0m
 [33m⠴[0m foxel [[32m⣿⣿⣿⣿⣿⣤⣦⣿⣦⠀⠀⠀⠀⠀⠀⠀[0m] Pulling [34m5.6s [0m
[?25h[1A[1A[1A[0G[?25l[+] Pulling 6/18
 [32m✔[0m app Skipped - Image is already present locally [32m[0m[34m0.0s [0m
 [33m⠦[0m foxel [[32m⣿⣿⣿⣿⣿⣤⣦⣿⣦⠀⠀⠀⠀⠀⠀⠀[0m] Pulling [34m5.7s [0m
[?25h[1A[1A[1A[0G[?25l[+] Pulling 7/18
 [32m✔[0m app Skipped - Image is already present locally [32m[0m[34m0.0s [0m
 [33m⠧[0m foxel [[32m⣿⣿⣿⣿⣿⣤⣷⣿⣦⠀⠀⠀⠀⠀⠀⠀[0m] Pulling [34m5.8s [0m
[?25h[1A[1A[1A[0G[?25l[+] Pulling 8/18
 [32m✔[0m app Skipped - Image is already present locally [32m[0m[34m0.0s [0m
 [33m⠇[0m foxel [[32m⣿⣿⣿⣿⣿⣦⣿⣿⣦⠀⠀⠀⠀⠀⠀⠀[0m] Pulling [34m5.9s [0m
[?25h[1A[1A[1A[0G[?25l[+] Pulling 8/18
 [32m✔[0m app Skipped - Image is already present locally [32m[0m[34m0.0s [0m
 [33m⠏[0m foxel [[32m⣿⣿⣿⣿⣿⣦⣿⣿⣦⠀⠀⠀⠀⠀⠀⠀[0m] Pulling [34m6.0s [0m
[?25h[1A[1A[1A[0G[?25l[+] Pulling 9/18
 [32m✔[0m app Skipped - Image is already present locally [32m[0m[34m0.0s [0m
 [33m⠋[0m foxel [[32m⣿⣿⣿⣿⣿⣦⣿⣿⣦⣿⠀⠀⠀⠀⠀⠀[0m] Pulling [34m6.1s [0m
[?25h[1A[1A[1A[0G[?25l[+] Pulling 9/18
 [32m✔[0m app Skipped - Image is already present locally [32m[0m[34m0.0s [0m
 [33m⠙[0m foxel [[32m⣿⣿⣿⣿⣿⣦⣿⣿⣦⣿⠀⠀⠀⠀⠀⠀[0m] Pulling [34m6.2s [0m
[?25h[1A[1A[1A[0G[?25l[+] Pulling 9/18
 [32m✔[0m app Skipped - Image is already present locally [32m[0m[34m0.0s [0m
 [33m⠹[0m foxel [[32m⣿⣿⣿⣿⣿⣦⣿⣿⣦⣿⠀⠀⠀⠀⠀⠀[0m] Pulling [34m6.3s [0m
[?25h[1A[1A[1A[0G[?25l[+] Pulling 9/18
 [32m✔[0m app Skipped - Image is already present locally [32m[0m[34m0.0s [0m
 [33m⠸[0m foxel [[32m⣿⣿⣿⣿⣿⣦⣿⣿⣦⣿⠀⠀⠀⠀⠀⠀[0m] Pulling [34m6.4s [0m
[?25h[1A[1A[1A[0G[?25l[+] Pulling 9/18
 [32m✔[0m app Skipped - Image is already present locally [32m[0m[34m0.0s [0m
 [33m⠼[0m foxel [[32m⣿⣿⣿⣿⣿⣶⣿⣿⣦⣿⣤⠀⠀⠀⠀⠀[0m] Pulling [34m6.5s [0m
[?25h[1A[1A[1A[0G[?25l[+] Pulling 10/18
 [32m✔[0m app Skipped - Image is already present locally [32m[0m[34m0.0s [0m
 [33m⠴[0m foxel [[32m⣿⣿⣿⣿⣿⣶⣿⣿⣶⣿⣿⠀⠀⠀⠀⠀[0m] Pulling [34m6.6s [0m
[?25h[1A[1A[1A[0G[?25l[+] Pulling 10/18
 [32m✔[0m app Skipped - Image is already present locally [32m[0m[34m0.0s [0m
 [33m⠦[0m foxel [[32m⣿⣿⣿⣿⣿⣶⣿⣿⣶⣿⣿⠀⠀⠀⠀⠀[0m] Pulling [34m6.7s [0m
[?25h[1A[1A[1A[0G[?25l[+] Pulling 10/18
 [32m✔[0m app Skipped - Image is already present locally [32m[0m[34m0.0s [0m
 [33m⠧[0m foxel [[32m⣿⣿⣿⣿⣿⣷⣿⣿⣶⣿⣿⠀⠀⠀⠀⠀[0m] Pulling [34m6.8s [0m
[?25h[1A[1A[1A[0G[?25l[+] Pulling 10/18
 [32m✔[0m app Skipped - Image is already present locally [32m[0m[34m0.0s [0m
 [33m⠇[0m foxel [[32m⣿⣿⣿⣿⣿⣷⣿⣿⣷⣿⣿⠀⠀⠀⠀⠀[0m] Pulling [34m6.9s [0m
[?25h[1A[1A[1A[0G[?25l[+] Pulling 10/18
 [32m✔[0m app Skipped - Image is already present locally [32m[0m[34m0.0s [0m
 [33m⠏[0m foxel [[32m⣿⣿⣿⣿⣿⣷⣿⣿⣷⣿⣿⠀⠀⠀⠀⠀[0m] Pulling [34m7.0s [0m
[?25h[1A[1A[1A[0G[?25l[+] Pulling 16/18
 [32m✔[0m app Skipped - Image is already present locally [32m[0m[34m0.0s [0m
 [33m⠋[0m foxel [[32m⣿⣿⣿⣿⣿⣷⣿⣿⣿⣿⣿⣿⣿⣿⣿⣿[0m] 380.9MB / 409.1MB Pulling [34m7.1s [0m
[?25h[1A[1A[1A[0G[?25l[+] Pulling 16/18
 [32m✔[0m app Skipped - Image is already present locally [32m[0m[34m0.0s [0m
 [33m⠙[0m foxel [[32m⣿⣿⣿⣿⣿⣷⣿⣿⣿⣿⣿⣿⣿⣿⣿⣿[0m] 384.2MB / 409.1MB Pulling [34m7.2s [0m
[?25h[1A[1A[1A[0G[?25l[+] Pulling 16/18
 [32m✔[0m app Skipped - Image is already present locally [32m[0m[34m0.0s [0m
 [33m⠹[0m foxel [[32m⣿⣿⣿⣿⣿⣷⣿⣿⣿⣿⣿⣿⣿⣿⣿⣿[0m] 390.7MB / 409.1MB Pulling [34m7.3s [0m
[?25h[1A[1A[1A[0G[?25l[+] Pulling 17/18
 [32m✔[0m app Skipped - Image is already present locally [32m[0m[34m0.0s [0m
 [33m⠸[0m foxel [[32m⣿⣿⣿⣿⣿⣿⣿⣿⣿⣿⣿⣿⣿⣿⣿⣿[0m] 390.7MB / 409.1MB Pulling [34m7.4s [0m
[?25h[1A[1A[1A[0G[?25l[+] Pulling 17/18
 [32m✔[0m app Skipped - Image is already present locally [32m[0m[34m0.0s [0m
 [33m⠼[0m foxel [[32m⣿⣿⣿⣿⣿⣿⣿⣿⣿⣿⣿⣿⣿⣿⣿⣿[0m] 390.7MB / 409.1MB Pulling [34m7.5s [0m
[?25h[1A[1A[1A[0G[?25l[+] Pulling 17/18
 [32m✔[0m app Skipped - Image is already present locally [32m[0m[34m0.0s [0m
 [33m⠴[0m foxel [[32m⣿⣿⣿⣿⣿⣿⣿⣿⣿⣿⣿⣿⣿⣿⣿⣿[0m] 390.7MB / 409.1MB Pulling [34m7.6s [0m
[?25h[1A[1A[1A[0G[?25l[+] Pulling 17/18
 [32m✔[0m app Skipped - Image is already present locally [32m[0m[34m0.0s [0m
 [33m⠦[0m foxel [[32m⣿⣿⣿⣿⣿⣿⣿⣿⣿⣿⣿⣿⣿⣿⣿⣿[0m] 390.7MB / 409.1MB Pulling [34m7.7s [0m
[?25h[1A[1A[1A[0G[?25l[+] Pulling 17/18
 [32m✔[0m app Skipped - Image is already present locally [32m[0m[34m0.0s [0m
 [33m⠧[0m foxel [[32m⣿⣿⣿⣿⣿⣿⣿⣿⣿⣿⣿⣿⣿⣿⣿⣿[0m] 390.7MB / 409.1MB Pulling [34m7.8s [0m
[?25h[1A[1A[1A[0G[?25l[+] Pulling 17/18
 [32m✔[0m app Skipped - Image is already present locally [32m[0m[34m0.0s [0m
 [33m⠇[0m foxel [[32m⣿⣿⣿⣿⣿⣿⣿⣿⣿⣿⣿⣿⣿⣿⣿⣿[0m] 390.7MB / 409.1MB Pulling [34m7.9s [0m
[?25h[1A[1A[1A[0G[?25l[+] Pulling 17/18
 [32m✔[0m app Skipped - Image is already present locally [32m[0m[34m0.0s [0m
 [33m⠏[0m foxel [[32m⣿⣿⣿⣿⣿⣿⣿⣿⣿⣿⣿⣿⣿⣿⣿⣿[0m] 390.7MB / 409.1MB Pulling [34m8.0s [0m
[?25h[1A[1A[1A[0G[?25l[+] Pulling 17/18
 [32m✔[0m app Skipped - Image is already present locally [32m[0m[34m0.0s [0m
 [33m⠋[0m foxel [[32m⣿⣿⣿⣿⣿⣿⣿⣿⣿⣿⣿⣿⣿⣿⣿⣿[0m] 390.7MB / 409.1MB Pulling [34m8.1s [0m
[?25h[1A[1A[1A[0G[?25l[+] Pulling 16/18
 [32m✔[0m app Skipped - Image is already present locally [32m[0m[34m0.0s [0m
 [33m⠙[0m foxel [[32m⣿⣿⣿⣿⣿⣿⣿⣿⣿⣿⣿⣿⣿⣿⣿⣿[0m] 390.7MB / 409.1MB Pulling [34m8.2s [0m
[?25h[1A[1A[1A[0G[?25l[+] Pulling 16/18
 [32m✔[0m app Skipped - Image is already present locally [32m[0m[34m0.0s [0m
 [33m⠹[0m foxel [[32m⣿⣿⣿⣿⣿⣿⣿⣿⣿⣿⣿⣿⣿⣿⣿⣿[0m] 390.7MB / 409.1MB Pulling [34m8.3s [0m
[?25h[1A[1A[1A[0G[?25l[+] Pulling 16/18
 [32m✔[0m app Skipped - Image is already present locally [32m[0m[34m0.0s [0m
 [33m⠸[0m foxel [[32m⣿⣿⣿⣿⣿⣿⣿⣿⣿⣿⣿⣿⣿⣿⣿⣿[0m] 390.7MB / 409.1MB Pulling [34m8.4s [0m
[?25h[1A[1A[1A[0G[?25l[+] Pulling 16/18
 [32m✔[0m app Skipped - Image is already present locally [32m[0m[34m0.0s [0m
 [33m⠼[0m foxel [[32m⣿⣿⣿⣿⣿⣿⣿⣿⣿⣿⣿⣿⣿⣿⣿⣿[0m] 390.7MB / 409.1MB Pulling [34m8.5s [0m
[?25h[1A[1A[1A[0G[?25l[+] Pulling 16/18
 [32m✔[0m app Skipped - Image is already present locally [32m[0m[34m0.0s [0m
 [33m⠴[0m foxel [[32m⣿⣿⣿⣿⣿⣿⣿⣿⣿⣿⣿⣿⣿⣿⣿⣿[0m] 390.7MB / 409.1MB Pulling [34m8.6s [0m
[?25h[1A[1A[1A[0G[?25l[+] Pulling 16/18
 [32m✔[0m app Skipped - Image is already present locally [32m[0m[34m0.0s [0m
 [33m⠦[0m foxel [[32m⣿⣿⣿⣿⣿⣿⣿⣿⣿⣿⣿⣿⣿⣿⣿⣿[0m] 390.7MB / 409.1MB Pulling [34m8.7s [0m
[?25h[1A[1A[1A[0G[?25l[+] Pulling 16/18
 [32m✔[0m app Skipped - Image is already present locally [32m[0m[34m0.0s [0m
 [33m⠧[0m foxel [[32m⣿⣿⣿⣿⣿⣿⣿⣿⣿⣿⣿⣿⣿⣿⣿⣿[0m] 390.7MB / 409.1MB Pulling [34m8.8s [0m
[?25h[1A[1A[1A[0G[?25l[+] Pulling 16/18
 [32m✔[0m app Skipped - Image is already present locally [32m[0m[34m0.0s [0m
 [33m⠇[0m foxel [[32m⣿⣿⣿⣿⣿⣿⣿⣿⣿⣿⣿⣿⣿⣿⣿⣿[0m] 390.7MB / 409.1MB Pulling [34m8.9s [0m
[?25h[1A[1A[1A[0G[?25l[+] Pulling 16/18
 [32m✔[0m app Skipped - Image is already present locally [32m[0m[34m0.0s [0m
 [33m⠏[0m foxel [[32m⣿⣿⣿⣿⣿⣿⣿⣿⣿⣿⣿⣿⣿⣿⣿⣿[0m] 390.7MB / 409.1MB Pulling [34m9.0s [0m
[?25h[1A[1A[1A[0G[?25l[+] Pulling 16/18
 [32m✔[0m app Skipped - Image is already present locally [32m[0m[34m0.0s [0m
 [33m⠋[0m foxel [[32m⣿⣿⣿⣿⣿⣿⣿⣿⣿⣿⣿⣿⣿⣿⣿⣿[0m] 390.7MB / 409.1MB Pulling [34m9.1s [0m
[?25h[1A[1A[1A[0G[?25l[+] Pulling 16/18
 [32m✔[0m app Skipped - Image is already present locally [32m[0m[34m0.0s [0m
 [33m⠙[0m foxel [[32m⣿⣿⣿⣿⣿⣿⣿⣿⣿⣿⣿⣿⣿⣿⣿⣿[0m] 390.7MB / 409.1MB Pulling [34m9.2s [0m
[?25h[1A[1A[1A[0G[?25l[+] Pulling 16/18
 [32m✔[0m app Skipped - Image is already present locally [32m[0m[34m0.0s [0m
 [33m⠹[0m foxel [[32m⣿⣿⣿⣿⣿⣿⣿⣿⣿⣿⣿⣿⣿⣿⣿⣿[0m] 390.7MB / 409.1MB Pulling [34m9.3s [0m
[?25h[1A[1A[1A[0G[?25l[+] Pulling 16/18
 [32m✔[0m app Skipped - Image is already present locally [32m[0m[34m0.0s [0m
 [33m⠸[0m foxel [[32m⣿⣿⣿⣿⣿⣿⣿⣿⣿⣿⣿⣿⣿⣿⣿⣿[0m] 390.7MB / 409.1MB Pulling [34m9.4s [0m
[?25h[1A[1A[1A[0G[?25l[+] Pulling 16/18
 [32m✔[0m app Skipped - Image is already present locally [32m[0m[34m0.0s [0m
 [33m⠼[0m foxel [[32m⣿⣿⣿⣿⣿⣿⣿⣿⣿⣿⣿⣿⣿⣿⣿⣿[0m] 390.7MB / 409.1MB Pulling [34m9.5s [0m
[?25h[1A[1A[1A[0G[?25l[+] Pulling 16/18
 [32m✔[0m app Skipped - Image is already present locally [32m[0m[34m0.0s [0m
 [33m⠴[0m foxel [[32m⣿⣿⣿⣿⣿⣿⣿⣿⣿⣿⣿⣿⣿⣿⣿⣿[0m] 390.7MB / 409.1MB Pulling [34m9.6s [0m
[?25h[1A[1A[1A[0G[?25l[+] Pulling 16/18
 [32m✔[0m app Skipped - Image is already present locally [32m[0m[34m0.0s [0m
 [33m⠦[0m foxel [[32m⣿⣿⣿⣿⣿⣿⣿⣿⣿⣿⣿⣿⣿⣿⣿⣿[0m] 390.7MB / 409.1MB Pulling [34m9.7s [0m
[?25h[1A[1A[1A[0G[?25l[+] Pulling 16/18
 [32m✔[0m app Skipped - Image is already present locally [32m[0m[34m0.0s [0m
 [33m⠧[0m foxel [[32m⣿⣿⣿⣿⣿⣿⣿⣿⣿⣿⣿⣿⣿⣿⣿⣿[0m] 390.7MB / 409.1MB Pulling [34m9.8s [0m
[?25h[1A[1A[1A[0G[?25l[+] Pulling 16/18
 [32m✔[0m app Skipped - Image is already present locally [32m[0m[34m0.0s [0m
 [33m⠇[0m foxel [[32m⣿⣿⣿⣿⣿⣿⣿⣿⣿⣿⣿⣿⣿⣿⣿⣿[0m] 390.7MB / 409.1MB Pulling [34m9.9s [0m
[?25h[1A[1A[1A[0G[?25l[+] Pulling 16/18
 [32m✔[0m app Skipped - Image is already present locally [32m[0m[34m0.0s [0m
 [33m⠏[0m foxel [[32m⣿⣿⣿⣿⣿⣿⣿⣿⣿⣿⣿⣿⣿⣿⣿⣿[0m] 390.7MB / 409.1MB Pulling [34m10.0s [0m
[?25h[1A[1A[1A[0G[?25l[+] Pulling 16/18
 [32m✔[0m app Skipped - Image is already present locally [32m[0m[34m0.0s [0m
 [33m⠋[0m foxel [[32m⣿⣿⣿⣿⣿⣿⣿⣿⣿⣿⣿⣿⣿⣿⣿⣿[0m] 390.7MB / 409.1MB Pulling [34m10.1s [0m
[?25h[1A[1A[1A[0G[?25l[+] Pulling 16/18
 [32m✔[0m app Skipped - Image is already present locally [32m[0m[34m0.0s [0m
 [33m⠙[0m foxel [[32m⣿⣿⣿⣿⣿⣿⣿⣿⣿⣿⣿⣿⣿⣿⣿⣿[0m] 390.7MB / 409.1MB Pulling [34m10.2s [0m
[?25h[1A[1A[1A[0G[?25l[+] Pulling 16/18
 [32m✔[0m app Skipped - Image is already present locally [32m[0m[34m0.0s [0m
 [33m⠹[0m foxel [[32m⣿⣿⣿⣿⣿⣿⣿⣿⣿⣿⣿⣿⣿⣿⣿⣿[0m] 390.7MB / 409.1MB Pulling [34m10.3s [0m
[?25h[1A[1A[1A[0G[?25l[+] Pulling 16/18
 [32m✔[0m app Skipped - Image is already present locally [32m[0m[34m0.0s [0m
 [33m⠸[0m foxel [[32m⣿⣿⣿⣿⣿⣿⣿⣿⣿⣿⣿⣿⣿⣿⣿⣿[0m] 390.7MB / 409.1MB Pulling [34m10.4s [0m
[?25h[1A[1A[1A[0G[?25l[+] Pulling 16/18
 [32m✔[0m app Skipped - Image is already present locally [32m[0m[34m0.0s [0m
 [33m⠼[0m foxel [[32m⣿⣿⣿⣿⣿⣿⣿⣿⣿⣿⣿⣿⣿⣿⣿⣿[0m] 390.7MB / 409.1MB Pulling [34m10.5s [0m
[?25h[1A[1A[1A[0G[?25l[+] Pulling 16/18
 [32m✔[0m app Skipped - Image is already present locally [32m[0m[34m0.0s [0m
 [33m⠴[0m foxel [[32m⣿⣿⣿⣿⣿⣿⣿⣿⣿⣿⣿⣿⣿⣿⣿⣿[0m] 390.7MB / 409.1MB Pulling [34m10.6s [0m
[?25h[1A[1A[1A[0G[?25l[+] Pulling 16/18
 [32m✔[0m app Skipped - Image is already present locally [32m[0m[34m0.0s [0m
 [33m⠦[0m foxel [[32m⣿⣿⣿⣿⣿⣿⣿⣿⣿⣿⣿⣿⣿⣿⣿⣿[0m] 390.7MB / 409.1MB Pulling [34m10.7s [0m
[?25h[1A[1A[1A[0G[?25l[+] Pulling 16/18
 [32m✔[0m app Skipped - Image is already present locally [32m[0m[34m0.0s [0m
 [33m⠧[0m foxel [[32m⣿⣿⣿⣿⣿⣿⣿⣿⣿⣿⣿⣿⣿⣿⣿⣿[0m] 390.7MB / 409.1MB Pulling [34m10.8s [0m
[?25h[1A[1A[1A[0G[?25l[+] Pulling 16/18
 [32m✔[0m app Skipped - Image is already present locally [32m[0m[34m0.0s [0m
 [33m⠇[0m foxel [[32m⣿⣿⣿⣿⣿⣿⣿⣿⣿⣿⣿⣿⣿⣿⣿⣿[0m] 390.7MB / 409.1MB Pulling [34m10.9s [0m
[?25h[1A[1A[1A[0G[?25l[+] Pulling 16/18
 [32m✔[0m app Skipped - Image is already present locally [32m[0m[34m0.0s [0m
 [33m⠏[0m foxel [[32m⣿⣿⣿⣿⣿⣿⣿⣿⣿⣿⣿⣿⣿⣿⣿⣿[0m] 390.7MB / 409.1MB Pulling [34m11.0s [0m
[?25h[1A[1A[1A[0G[?25l[+] Pulling 16/18
 [32m✔[0m app Skipped - Image is already present locally [32m[0m[34m0.0s [0m
 [33m⠋[0m foxel [[32m⣿⣿⣿⣿⣿⣿⣿⣿⣿⣿⣿⣿⣿⣿⣿⣿[0m] 390.7MB / 409.1MB Pulling [34m11.1s [0m
[?25h[1A[1A[1A[0G[?25l[+] Pulling 16/18
 [32m✔[0m app Skipped - Image is already present locally [32m[0m[34m0.0s [0m
 [33m⠙[0m foxel [[32m⣿⣿⣿⣿⣿⣿⣿⣿⣿⣿⣿⣿⣿⣿⣿⣿[0m] 390.7MB / 409.1MB Pulling [34m11.2s [0m
[?25h[1A[1A[1A[0G[?25l[+] Pulling 16/18
 [32m✔[0m app Skipped - Image is already present locally [32m[0m[34m0.0s [0m
 [33m⠹[0m foxel [[32m⣿⣿⣿⣿⣿⣿⣿⣿⣿⣿⣿⣿⣿⣿⣿⣿[0m] 390.7MB / 409.1MB Pulling [34m11.3s [0m
[?25h[1A[1A[1A[0G[?25l[+] Pulling 16/18
 [32m✔[0m app Skipped - Image is already present locally [32m[0m[34m0.0s [0m
 [33m⠸[0m foxel [[32m⣿⣿⣿⣿⣿⣿⣿⣿⣿⣿⣿⣿⣿⣿⣿⣿[0m] 390.7MB / 409.1MB Pulling [34m11.4s [0m
[?25h[1A[1A[1A[0G[?25l[+] Pulling 16/18
 [32m✔[0m app Skipped - Image is already present locally [32m[0m[34m0.0s [0m
 [33m⠼[0m foxel [[32m⣿⣿⣿⣿⣿⣿⣿⣿⣿⣿⣿⣿⣿⣿⣿⣿[0m] 390.7MB / 409.1MB Pulling [34m11.5s [0m
[?25h[1A[1A[1A[0G[?25l[+] Pulling 16/18
 [32m✔[0m app Skipped - Image is already present locally [32m[0m[34m0.0s [0m
 [33m⠴[0m foxel [[32m⣿⣿⣿⣿⣿⣿⣿⣿⣿⣿⣿⣿⣿⣿⣿⣿[0m] 390.7MB / 409.1MB Pulling [34m11.6s [0m
[?25h[1A[1A[1A[0G[?25l[+] Pulling 16/18
 [32m✔[0m app Skipped - Image is already present locally [32m[0m[34m0.0s [0m
 [33m⠦[0m foxel [[32m⣿⣿⣿⣿⣿⣿⣿⣿⣿⣿⣿⣿⣿⣿⣿⣿[0m] 390.7MB / 409.1MB Pulling [34m11.7s [0m
[?25h[1A[1A[1A[0G[?25l[+] Pulling 16/18
 [32m✔[0m app Skipped - Image is already present locally [32m[0m[34m0.0s [0m
 [33m⠧[0m foxel [[32m⣿⣿⣿⣿⣿⣿⣿⣿⣿⣿⣿⣿⣿⣿⣿⣿[0m] 390.7MB / 409.1MB Pulling [34m11.8s [0m
[?25h[1A[1A[1A[0G[?25l[+] Pulling 16/18
 [32m✔[0m app Skipped - Image is already present locally [32m[0m[34m0.0s [0m
 [33m⠇[0m foxel [[32m⣿⣿⣿⣿⣿⣿⣿⣿⣿⣿⣿⣿⣿⣿⣿⣿[0m] 390.7MB / 409.1MB Pulling [34m11.9s [0m
[?25h[1A[1A[1A[0G[?25l[+] Pulling 16/18
 [32m✔[0m app Skipped - Image is already present locally [32m[0m[34m0.0s [0m
 [33m⠏[0m foxel [[32m⣿⣿⣿⣿⣿⣿⣿⣿⣿⣿⣿⣿⣿⣿⣿⣿[0m] 390.7MB / 409.1MB Pulling [34m12.0s [0m
[?25h[1A[1A[1A[0G[?25l[+] Pulling 16/18
 [32m✔[0m app Skipped - Image is already present locally [32m[0m[34m0.0s [0m
 [33m⠋[0m foxel [[32m⣿⣿⣿⣿⣿⣿⣿⣿⣿⣿⣿⣿⣿⣿⣿⣿[0m] 390.7MB / 409.1MB Pulling [34m12.1s [0m
[?25h[1A[1A[1A[0G[?25l[+] Pulling 16/18
 [32m✔[0m app Skipped - Image is already present locally [32m[0m[34m0.0s [0m
 [33m⠙[0m foxel [[32m⣿⣿⣿⣿⣿⣿⣿⣿⣿⣿⣿⣿⣿⣿⣿⣿[0m] 390.7MB / 409.1MB Pulling [34m12.2s [0m
[?25h[1A[1A[1A[0G[?25l[+] Pulling 16/18
 [32m✔[0m app Skipped - Image is already present locally [32m[0m[34m0.0s [0m
 [33m⠹[0m foxel [[32m⣿⣿⣿⣿⣿⣿⣿⣿⣿⣿⣿⣿⣿⣿⣿⣿[0m] 390.7MB / 409.1MB Pulling [34m12.3s [0m
[?25h[1A[1A[1A[0G[?25l[+] Pulling 16/18
 [32m✔[0m app Skipped - Image is already present locally [32m[0m[34m0.0s [0m
 [33m⠸[0m foxel [[32m⣿⣿⣿⣿⣿⣿⣿⣿⣿⣿⣿⣿⣿⣿⣿⣿[0m] 390.7MB / 409.1MB Pulling [34m12.4s [0m
[?25h[1A[1A[1A[0G[?25l[+] Pulling 16/18
 [32m✔[0m app Skipped - Image is already present locally [32m[0m[34m0.0s [0m
 [33m⠼[0m foxel [[32m⣿⣿⣿⣿⣿⣿⣿⣿⣿⣿⣿⣿⣿⣿⣿⣿[0m] 390.7MB / 409.1MB Pulling [34m12.5s [0m
[?25h[1A[1A[1A[0G[?25l[+] Pulling 16/18
 [32m✔[0m app Skipped - Image is already present locally [32m[0m[34m0.0s [0m
 [33m⠴[0m foxel [[32m⣿⣿⣿⣿⣿⣿⣿⣿⣿⣿⣿⣿⣿⣿⣿⣿[0m] 390.7MB / 409.1MB Pulling [34m12.6s [0m
[?25h[1A[1A[1A[0G[?25l[+] Pulling 16/18
 [32m✔[0m app Skipped - Image is already present locally [32m[0m[34m0.0s [0m
 [33m⠦[0m foxel [[32m⣿⣿⣿⣿⣿⣿⣿⣿⣿⣿⣿⣿⣿⣿⣿⣿[0m] 390.7MB / 409.1MB Pulling [34m12.7s [0m
[?25h[1A[1A[1A[0G[?25l[+] Pulling 16/18
 [32m✔[0m app Skipped - Image is already present locally [32m[0m[34m0.0s [0m
 [33m⠧[0m foxel [[32m⣿⣿⣿⣿⣿⣿⣿⣿⣿⣿⣿⣿⣿⣿⣿⣿[0m] 390.7MB / 409.1MB Pulling [34m12.8s [0m
[?25h[1A[1A[1A[0G[?25l[+] Pulling 16/18
 [32m✔[0m app Skipped - Image is already present locally [32m[0m[34m0.0s [0m
 [33m⠇[0m foxel [[32m⣿⣿⣿⣿⣿⣿⣿⣿⣿⣿⣿⣿⣿⣿⣿⣿[0m] 390.7MB / 409.1MB Pulling [34m12.9s [0m
[?25h[1A[1A[1A[0G[?25l[+] Pulling 16/18
 [32m✔[0m app Skipped - Image is already present locally [32m[0m[34m0.0s [0m
 [33m⠏[0m foxel [[32m⣿⣿⣿⣿⣿⣿⣿⣿⣿⣿⣿⣿⣿⣿⣿⣿[0m] 390.7MB / 409.1MB Pulling [34m13.0s [0m
[?25h[1A[1A[1A[0G[?25l[+] Pulling 16/18
 [32m✔[0m app Skipped - Image is already present locally [32m[0m[34m0.0s [0m
 [33m⠋[0m foxel [[32m⣿⣿⣿⣿⣿⣿⣿⣿⣿⣿⣿⣿⣿⣿⣿⣿[0m] 390.7MB / 409.1MB Pulling [34m13.1s [0m
[?25h[1A[1A[1A[0G[?25l[+] Pulling 16/18
 [32m✔[0m app Skipped - Image is already present locally [32m[0m[34m0.0s [0m
 [33m⠙[0m foxel [[32m⣿⣿⣿⣿⣿⣿⣿⣿⣿⣿⣿⣿⣿⣿⣿⣿[0m] 390.7MB / 409.1MB Pulling [34m13.2s [0m
[?25h[1A[1A[1A[0G[?25l[+] Pulling 16/18
 [32m✔[0m app Skipped - Image is already present locally [32m[0m[34m0.0s [0m
 [33m⠹[0m foxel [[32m⣿⣿⣿⣿⣿⣿⣿⣿⣿⣿⣿⣿⣿⣿⣿⣿[0m] 390.7MB / 409.1MB Pulling [34m13.3s [0m
[?25h[1A[1A[1A[0G[?25l[+] Pulling 16/18
 [32m✔[0m app Skipped - Image is already present locally [32m[0m[34m0.0s [0m
 [33m⠸[0m foxel [[32m⣿⣿⣿⣿⣿⣿⣿⣿⣿⣿⣿⣿⣿⣿⣿⣿[0m] 390.7MB / 409.1MB Pulling [34m13.4s [0m
[?25h[1A[1A[1A[0G[?25l[+] Pulling 16/18
 [32m✔[0m app Skipped - Image is already present locally [32m[0m[34m0.0s [0m
 [33m⠼[0m foxel [[32m⣿⣿⣿⣿⣿⣿⣿⣿⣿⣿⣿⣿⣿⣿⣿⣿[0m] 390.7MB / 409.1MB Pulling [34m13.5s [0m
[?25h[1A[1A[1A[0G[?25l[+] Pulling 16/18
 [32m✔[0m app Skipped - Image is already present locally [32m[0m[34m0.0s [0m
 [33m⠴[0m foxel [[32m⣿⣿⣿⣿⣿⣿⣿⣿⣿⣿⣿⣿⣿⣿⣿⣿[0m] 390.7MB / 409.1MB Pulling [34m13.6s [0m
[?25h[1A[1A[1A[0G[?25l[+] Pulling 16/18
 [32m✔[0m app Skipped - Image is already present locally [32m[0m[34m0.0s [0m
 [33m⠦[0m foxel [[32m⣿⣿⣿⣿⣿⣿⣿⣿⣿⣿⣿⣿⣿⣿⣿⣿[0m] 390.7MB / 409.1MB Pulling [34m13.7s [0m
[?25h[1A[1A[1A[0G[?25l[+] Pulling 16/18
 [32m✔[0m app Skipped - Image is already present locally [32m[0m[34m0.0s [0m
 [33m⠧[0m foxel [[32m⣿⣿⣿⣿⣿⣿⣿⣿⣿⣿⣿⣿⣿⣿⣿⣿[0m] 390.7MB / 409.1MB Pulling [34m13.8s [0m
[?25h[1A[1A[1A[0G[?25l[+] Pulling 16/18
 [32m✔[0m app Skipped - Image is already present locally [32m[0m[34m0.0s [0m
 [33m⠇[0m foxel [[32m⣿⣿⣿⣿⣿⣿⣿⣿⣿⣿⣿⣿⣿⣿⣿⣿[0m] 393.9MB / 409.1MB Pulling [34m13.9s [0m
[?25h[1A[1A[1A[0G[?25l[+] Pulling 16/18
 [32m✔[0m app Skipped - Image is already present locally [32m[0m[34m0.0s [0m
 [33m⠏[0m foxel [[32m⣿⣿⣿⣿⣿⣿⣿⣿⣿⣿⣿⣿⣿⣿⣿⣿[0m] 395.6MB / 409.1MB Pulling [34m14.0s [0m
[?25h[1A[1A[1A[0G[?25l[+] Pulling 16/18
 [32m✔[0m app Skipped - Image is already present locally [32m[0m[34m0.0s [0m
 [33m⠋[0m foxel [[32m⣿⣿⣿⣿⣿⣿⣿⣿⣿⣿⣿⣿⣿⣿⣿⣿[0m] 397.2MB / 409.1MB Pulling [34m14.1s [0m
[?25h[1A[1A[1A[0G[?25l[+] Pulling 16/18
 [32m✔[0m app Skipped - Image is already present locally [32m[0m[34m0.0s [0m
 [33m⠙[0m foxel [[32m⣿⣿⣿⣿⣿⣿⣿⣿⣿⣿⣿⣿⣿⣿⣿⣿[0m] 398.9MB / 409.1MB Pulling [34m14.2s [0m
[?25h[1A[1A[1A[0G[?25l[+] Pulling 16/18
 [32m✔[0m app Skipped - Image is already present locally [32m[0m[34m0.0s [0m
 [33m⠹[0m foxel [[32m⣿⣿⣿⣿⣿⣿⣿⣿⣿⣿⣿⣿⣿⣿⣿⣿[0m] 398.9MB / 409.1MB Pulling [34m14.3s [0m
[?25h[1A[1A[1A[0G[?25l[+] Pulling 16/18
 [32m✔[0m app Skipped - Image is already present locally [32m[0m[34m0.0s [0m
 [33m⠸[0m foxel [[32m⣿⣿⣿⣿⣿⣿⣿⣿⣿⣿⣿⣿⣿⣿⣿⣿[0m] 400.1MB / 409.1MB Pulling [34m14.4s [0m
[?25h[1A[1A[1A[0G[?25l[+] Pulling 16/18
 [32m✔[0m app Skipped - Image is already present locally [32m[0m[34m0.0s [0m
 [33m⠼[0m foxel [[32m⣿⣿⣿⣿⣿⣿⣿⣿⣿⣿⣿⣿⣿⣿⣿⣿[0m] 400.1MB / 409.1MB Pulling [34m14.5s [0m
[?25h[1A[1A[1A[0G[?25l[+] Pulling 16/18
 [32m✔[0m app Skipped - Image is already present locally [32m[0m[34m0.0s [0m
 [33m⠴[0m foxel [[32m⣿⣿⣿⣿⣿⣿⣿⣿⣿⣿⣿⣿⣿⣿⣿⣿[0m] 400.1MB / 409.1MB Pulling [34m14.6s [0m
[?25h[1A[1A[1A[0G[?25l[+] Pulling 16/18
 [32m✔[0m app Skipped - Image is already present locally [32m[0m[34m0.0s [0m
 [33m⠦[0m foxel [[32m⣿⣿⣿⣿⣿⣿⣿⣿⣿⣿⣿⣿⣿⣿⣿⣿[0m] 400.1MB / 409.1MB Pulling [34m14.7s [0m
[?25h[1A[1A[1A[0G[?25l[+] Pulling 17/18
 [32m✔[0m app Skipped - Image is already present locally [32m[0m[34m0.0s [0m
 [33m⠧[0m foxel [[32m⣿⣿⣿⣿⣿⣿⣿⣿⣿⣿⣿⣿⣿⣿⣿⣿[0m] 400.1MB / 409.1MB Pulling [34m14.8s [0m
[?25h[1A[1A[1A[0G[?25l[+] Pulling 17/18
 [32m✔[0m app Skipped - Image is already present locally [32m[0m[34m0.0s [0m
 [33m⠇[0m foxel [[32m⣿⣿⣿⣿⣿⣿⣿⣿⣿⣿⣿⣿⣿⣿⣿⣿[0m] 400.1MB / 409.1MB Pulling [34m14.9s [0m
[?25h[1A[1A[1A[0G[?25l[+] Pulling 17/18
 [32m✔[0m app Skipped - Image is already present locally [32m[0m[34m0.0s [0m
 [33m⠏[0m foxel [[32m⣿⣿⣿⣿⣿⣿⣿⣿⣿⣿⣿⣿⣿⣿⣿⣿[0m] 400.1MB / 409.1MB Pulling [34m15.0s [0m
[?25h[1A[1A[1A[0G[?25l[+] Pulling 16/18
 [32m✔[0m app Skipped - Image is already present locally [32m[0m[34m0.0s [0m
 [33m⠋[0m foxel [[32m⣿⣿⣿⣿⣿⣿⣿⣿⣿⣿⣿⣿⣿⣿⣿⣿[0m] 400.1MB / 409.1MB Pulling [34m15.1s [0m
[?25h[1A[1A[1A[0G[?25l[+] Pulling 16/18
 [32m✔[0m app Skipped - Image is already present locally [32m[0m[34m0.0s [0m
 [33m⠙[0m foxel [[32m⣿⣿⣿⣿⣿⣿⣿⣿⣿⣿⣿⣿⣿⣿⣿⣿[0m] 400.1MB / 409.1MB Pulling [34m15.2s [0m
[?25h[1A[1A[1A[0G[?25l[+] Pulling 16/18
 [32m✔[0m app Skipped - Image is already present locally [32m[0m[34m0.0s [0m
 [33m⠹[0m foxel [[32m⣿⣿⣿⣿⣿⣿⣿⣿⣿⣿⣿⣿⣿⣿⣿⣿[0m] 400.1MB / 409.1MB Pulling [34m15.3s [0m
[?25h[1A[1A[1A[0G[?25l[+] Pulling 16/18
 [32m✔[0m app Skipped - Image is already present locally [32m[0m[34m0.0s [0m
 [33m⠸[0m foxel [[32m⣿⣿⣿⣿⣿⣿⣿⣿⣿⣿⣿⣿⣿⣿⣿⣿[0m] 400.1MB / 409.1MB Pulling [34m15.4s [0m
[?25h[1A[1A[1A[0G[?25l[+] Pulling 16/18
 [32m✔[0m app Skipped - Image is already present locally [32m[0m[34m0.0s [0m
 [33m⠼[0m foxel [[32m⣿⣿⣿⣿⣿⣿⣿⣿⣿⣿⣿⣿⣿⣿⣿⣿[0m] 400.1MB / 409.1MB Pulling [34m15.5s [0m
[?25h[1A[1A[1A[0G[?25l[+] Pulling 16/18
 [32m✔[0m app Skipped - Image is already present locally [32m[0m[34m0.0s [0m
 [33m⠴[0m foxel [[32m⣿⣿⣿⣿⣿⣿⣿⣿⣿⣿⣿⣿⣿⣿⣿⣿[0m] 400.1MB / 409.1MB Pulling [34m15.6s [0m
[?25h[1A[1A[1A[0G[?25l[+] Pulling 16/18
 [32m✔[0m app Skipped - Image is already present locally [32m[0m[34m0.0s [0m
 [33m⠦[0m foxel [[32m⣿⣿⣿⣿⣿⣿⣿⣿⣿⣿⣿⣿⣿⣿⣿⣿[0m] 400.1MB / 409.1MB Pulling [34m15.7s [0m
[?25h[1A[1A[1A[0G[?25l[+] Pulling 16/18
 [32m✔[0m app Skipped - Image is already present locally [32m[0m[34m0.0s [0m
 [33m⠧[0m foxel [[32m⣿⣿⣿⣿⣿⣿⣿⣿⣿⣿⣿⣿⣿⣿⣿⣿[0m] 400.1MB / 409.1MB Pulling [34m15.8s [0m
[?25h[1A[1A[1A[0G[?25l[+] Pulling 16/18
 [32m✔[0m app Skipped - Image is already present locally [32m[0m[34m0.0s [0m
 [33m⠇[0m foxel [[32m⣿⣿⣿⣿⣿⣿⣿⣿⣿⣿⣿⣿⣿⣿⣿⣿[0m] 400.1MB / 409.1MB Pulling [34m15.9s [0m
[?25h[1A[1A[1A[0G[?25l[+] Pulling 16/18
 [32m✔[0m app Skipped - Image is already present locally [32m[0m[34m0.0s [0m
 [33m⠏[0m foxel [[32m⣿⣿⣿⣿⣿⣿⣿⣿⣿⣿⣿⣿⣿⣿⣿⣿[0m] 400.7MB / 409.1MB Pulling [34m16.0s [0m
[?25h[1A[1A[1A[0G[?25l[+] Pulling 16/18
 [32m✔[0m app Skipped - Image is already present locally [32m[0m[34m0.0s [0m
 [33m⠋[0m foxel [[32m⣿⣿⣿⣿⣿⣿⣿⣿⣿⣿⣿⣿⣿⣿⣿⣿[0m] 400.7MB / 409.1MB Pulling [34m16.1s [0m
[?25h[1A[1A[1A[0G[?25l[+] Pulling 16/18
 [32m✔[0m app Skipped - Image is already present locally [32m[0m[34m0.0s [0m
 [33m⠙[0m foxel [[32m⣿⣿⣿⣿⣿⣿⣿⣿⣿⣿⣿⣿⣿⣿⣿⣿[0m] 400.7MB / 409.1MB Pulling [34m16.2s [0m
[?25h[1A[1A[1A[0G[?25l[+] Pulling 16/18
 [32m✔[0m app Skipped - Image is already present locally [32m[0m[34m0.0s [0m
 [33m⠹[0m foxel [[32m⣿⣿⣿⣿⣿⣿⣿⣿⣿⣿⣿⣿⣿⣿⣿⣿[0m] 400.7MB / 409.1MB Pulling [34m16.3s [0m
[?25h[1A[1A[1A[0G[?25l[+] Pulling 16/18
 [32m✔[0m app Skipped - Image is already present locally [32m[0m[34m0.0s [0m
 [33m⠸[0m foxel [[32m⣿⣿⣿⣿⣿⣿⣿⣿⣿⣿⣿⣿⣿⣿⣿⣿[0m] 400.7MB / 409.1MB Pulling [34m16.4s [0m
[?25h[1A[1A[1A[0G[?25l[+] Pulling 16/18
 [32m✔[0m app Skipped - Image is already present locally [32m[0m[34m0.0s [0m
 [33m⠼[0m foxel [[32m⣿⣿⣿⣿⣿⣿⣿⣿⣿⣿⣿⣿⣿⣿⣿⣿[0m] 400.7MB / 409.1MB Pulling [34m16.5s [0m
[?25h[1A[1A[1A[0G[?25l[+] Pulling 17/18
 [32m✔[0m app Skipped - Image is already present locally [32m[0m[34m0.0s [0m
 [33m⠴[0m foxel [[32m⣿⣿⣿⣿⣿⣿⣿⣿⣿⣿⣿⣿⣿⣿⣿⣿[0m] 400.7MB / 409.1MB Pulling [34m16.6s [0m
[?25h[1A[1A[1A[0G[?25l[+] Pulling 16/18
 [32m✔[0m app Skipped - Image is already present locally [32m[0m[34m0.0s [0m
 [33m⠦[0m foxel [[32m⣿⣿⣿⣿⣿⣿⣿⣿⣿⣿⣿⣿⣿⣿⣿⣿[0m] 400.7MB / 409.1MB Pulling [34m16.7s [0m
[?25h[1A[1A[1A[0G[?25l[+] Pulling 16/18
 [32m✔[0m app Skipped - Image is already present locally [32m[0m[34m0.0s [0m
 [33m⠧[0m foxel [[32m⣿⣿⣿⣿⣿⣿⣿⣿⣿⣿⣿⣿⣿⣿⣿⣿[0m] 400.7MB / 409.1MB Pulling [34m16.8s [0m
[?25h[1A[1A[1A[0G[?25l[+] Pulling 16/18
 [32m✔[0m app Skipped - Image is already present locally [32m[0m[34m0.0s [0m
 [33m⠇[0m foxel [[32m⣿⣿⣿⣿⣿⣿⣿⣿⣿⣿⣿⣿⣿⣿⣿⣿[0m] 400.7MB / 409.1MB Pulling [34m16.9s [0m
[?25h[1A[1A[1A[0G[?25l[+] Pulling 16/18
 [32m✔[0m app Skipped - Image is already present locally [32m[0m[34m0.0s [0m
 [33m⠏[0m foxel [[32m⣿⣿⣿⣿⣿⣿⣿⣿⣿⣿⣿⣿⣿⣿⣿⣿[0m] 400.7MB / 409.1MB Pulling [34m17.0s [0m
[?25h[1A[1A[1A[0G[?25l[+] Pulling 17/18
 [32m✔[0m app Skipped - Image is already present locally [32m[0m[34m0.0s [0m
 [33m⠋[0m foxel [[32m⣿⣿⣿⣿⣿⣿⣿⣿⣿⣿⣿⣿⣿⣿⣿⣿[0m] 400.7MB / 409.1MB Pulling [34m17.1s [0m
[?25h[1A[1A[1A[0G[?25l[+] Pulling 17/18
 [32m✔[0m app Skipped - Image is already present locally [32m[0m[34m0.0s [0m
 [33m⠙[0m foxel [[32m⣿⣿⣿⣿⣿⣿⣿⣿⣿⣿⣿⣿⣿⣿⣿⣿[0m] 400.7MB / 409.1MB Pulling [34m17.2s [0m
[?25h[1A[1A[1A[0G[?25l[+] Pulling 17/18
 [32m✔[0m app Skipped - Image is already present locally [32m[0m[34m0.0s [0m
 [33m⠹[0m foxel [[32m⣿⣿⣿⣿⣿⣿⣿⣿⣿⣿⣿⣿⣿⣿⣿⣿[0m] 400.7MB / 409.1MB Pulling [34m17.3s [0m
[?25h[1A[1A[1A[0G[?25l[+] Pulling 17/18
 [32m✔[0m app Skipped - Image is already present locally [32m[0m[34m0.0s [0m
 [33m⠸[0m foxel [[32m⣿⣿⣿⣿⣿⣿⣿⣿⣿⣿⣿⣿⣿⣿⣿⣿[0m] 400.7MB / 409.1MB Pulling [34m17.4s [0m
[?25h[1A[1A[1A[0G[?25l[+] Pulling 16/18
 [32m✔[0m app Skipped - Image is already present locally [32m[0m[34m0.0s [0m
 [33m⠼[0m foxel [[32m⣿⣿⣿⣿⣿⣿⣿⣿⣿⣿⣿⣿⣿⣿⣿⣿[0m] 400.7MB / 409.1MB Pulling [34m17.5s [0m
[?25h[1A[1A[1A[0G[?25l[+] Pulling 16/18
 [32m✔[0m app Skipped - Image is already present locally [32m[0m[34m0.0s [0m
 [33m⠴[0m foxel [[32m⣿⣿⣿⣿⣿⣿⣿⣿⣿⣿⣿⣿⣿⣿⣿⣿[0m] 400.7MB / 409.1MB Pulling [34m17.6s [0m
[?25h[1A[1A[1A[0G[?25l[+] Pulling 16/18
 [32m✔[0m app Skipped - Image is already present locally [32m[0m[34m0.0s [0m
 [33m⠦[0m foxel [[32m⣿⣿⣿⣿⣿⣿⣿⣿⣿⣿⣿⣿⣿⣿⣿⣿[0m] 400.7MB / 409.1MB Pulling [34m17.7s [0m
[?25h[1A[1A[1A[0G[?25l[+] Pulling 16/18
 [32m✔[0m app Skipped - Image is already present locally [32m[0m[34m0.0s [0m
 [33m⠧[0m foxel [[32m⣿⣿⣿⣿⣿⣿⣿⣿⣿⣿⣿⣿⣿⣿⣿⣿[0m] 400.7MB / 409.1MB Pulling [34m17.8s [0m
[?25h[1A[1A[1A[0G[?25l[+] Pulling 16/18
 [32m✔[0m app Skipped - Image is already present locally [32m[0m[34m0.0s [0m
 [33m⠇[0m foxel [[32m⣿⣿⣿⣿⣿⣿⣿⣿⣿⣿⣿⣿⣿⣿⣿⣿[0m] 400.7MB / 409.1MB Pulling [34m17.9s [0m
[?25h[1A[1A[1A[0G[?25l[+] Pulling 16/18
 [32m✔[0m app Skipped - Image is already present locally [32m[0m[34m0.0s [0m
 [33m⠏[0m foxel [[32m⣿⣿⣿⣿⣿⣿⣿⣿⣿⣿⣿⣿⣿⣿⣿⣿[0m] 400.7MB / 409.1MB Pulling [34m18.0s [0m
[?25h[1A[1A[1A[0G[?25l[+] Pulling 16/18
 [32m✔[0m app Skipped - Image is already present locally [32m[0m[34m0.0s [0m
 [33m⠋[0m foxel [[32m⣿⣿⣿⣿⣿⣿⣿⣿⣿⣿⣿⣿⣿⣿⣿⣿[0m] 400.7MB / 409.1MB Pulling [34m18.1s [0m
[?25h[1A[1A[1A[0G[?25l[+] Pulling 16/18
 [32m✔[0m app Skipped - Image is already present locally [32m[0m[34m0.0s [0m
 [33m⠙[0m foxel [[32m⣿⣿⣿⣿⣿⣿⣿⣿⣿⣿⣿⣿⣿⣿⣿⣿[0m] 400.7MB / 409.1MB Pulling [34m18.2s [0m
[?25h[1A[1A[1A[0G[?25l[+] Pulling 16/18
 [32m✔[0m app Skipped - Image is already present locally [32m[0m[34m0.0s [0m
 [33m⠹[0m foxel [[32m⣿⣿⣿⣿⣿⣿⣿⣿⣿⣿⣿⣿⣿⣿⣿⣿[0m] 400.7MB / 409.1MB Pulling [34m18.3s [0m
[?25h[1A[1A[1A[0G[?25l[+] Pulling 16/18
 [32m✔[0m app Skipped - Image is already present locally [32m[0m[34m0.0s [0m
 [33m⠸[0m foxel [[32m⣿⣿⣿⣿⣿⣿⣿⣿⣿⣿⣿⣿⣿⣿⣿⣿[0m] 400.7MB / 409.1MB Pulling [34m18.4s [0m
[?25h[1A[1A[1A[0G[?25l[+] Pulling 16/18
 [32m✔[0m app Skipped - Image is already present locally [32m[0m[34m0.0s [0m
 [33m⠼[0m foxel [[32m⣿⣿⣿⣿⣿⣿⣿⣿⣿⣿⣿⣿⣿⣿⣿⣿[0m] 400.7MB / 409.1MB Pulling [34m18.5s [0m
[?25h[1A[1A[1A[0G[?25l[+] Pulling 16/18
 [32m✔[0m app Skipped - Image is already present locally [32m[0m[34m0.0s [0m
 [33m⠴[0m foxel [[32m⣿⣿⣿⣿⣿⣿⣿⣿⣿⣿⣿⣿⣿⣿⣿⣿[0m] 400.7MB / 409.1MB Pulling [34m18.6s [0m
[?25h[1A[1A[1A[0G[?25l[+] Pulling 16/18
 [32m✔[0m app Skipped - Image is already present locally [32m[0m[34m0.0s [0m
 [33m⠦[0m foxel [[32m⣿⣿⣿⣿⣿⣿⣿⣿⣿⣿⣿⣿⣿⣿⣿⣿[0m] 400.7MB / 409.1MB Pulling [34m18.7s [0m
[?25h[1A[1A[1A[0G[?25l[+] Pulling 16/18
 [32m✔[0m app Skipped - Image is already present locally [32m[0m[34m0.0s [0m
 [33m⠧[0m foxel [[32m⣿⣿⣿⣿⣿⣿⣿⣿⣿⣿⣿⣿⣿⣿⣿⣿[0m] 400.7MB / 409.1MB Pulling [34m18.8s [0m
[?25h[1A[1A[1A[0G[?25l[+] Pulling 16/18
 [32m✔[0m app Skipped - Image is already present locally [32m[0m[34m0.0s [0m
 [33m⠇[0m foxel [[32m⣿⣿⣿⣿⣿⣿⣿⣿⣿⣿⣿⣿⣿⣿⣿⣿[0m] 400.7MB / 409.1MB Pulling [34m18.9s [0m
[?25h[1A[1A[1A[0G[?25l[+] Pulling 16/18
 [32m✔[0m app Skipped - Image is already present locally [32m[0m[34m0.0s [0m
 [33m⠏[0m foxel [[32m⣿⣿⣿⣿⣿⣿⣿⣿⣿⣿⣿⣿⣿⣿⣿⣿[0m] 400.7MB / 409.1MB Pulling [34m19.0s [0m
[?25h[1A[1A[1A[0G[?25l[+] Pulling 16/18
 [32m✔[0m app Skipped - Image is already present locally [32m[0m[34m0.0s [0m
 [33m⠋[0m foxel [[32m⣿⣿⣿⣿⣿⣿⣿⣿⣿⣿⣿⣿⣿⣿⣿⣿[0m] 400.7MB / 409.1MB Pulling [34m19.1s [0m
[?25h[1A[1A[1A[0G[?25l[+] Pulling 16/18
 [32m✔[0m app Skipped - Image is already present locally [32m[0m[34m0.0s [0m
 [33m⠙[0m foxel [[32m⣿⣿⣿⣿⣿⣿⣿⣿⣿⣿⣿⣿⣿⣿⣿⣿[0m] 400.7MB / 409.1MB Pulling [34m19.2s [0m
[?25h[1A[1A[1A[0G[?25l[+] Pulling 16/18
 [32m✔[0m app Skipped - Image is already present locally [32m[0m[34m0.0s [0m
 [33m⠹[0m foxel [[32m⣿⣿⣿⣿⣿⣿⣿⣿⣿⣿⣿⣿⣿⣿⣿⣿[0m] 400.7MB / 409.1MB Pulling [34m19.3s [0m
[?25h[1A[1A[1A[0G[?25l[+] Pulling 16/18
 [32m✔[0m app Skipped - Image is already present locally [32m[0m[34m0.0s [0m
 [33m⠸[0m foxel [[32m⣿⣿⣿⣿⣿⣿⣿⣿⣿⣿⣿⣿⣿⣿⣿⣿[0m] 400.7MB / 409.1MB Pulling [34m19.4s [0m
[?25h[1A[1A[1A[0G[?25l[+] Pulling 16/18
 [32m✔[0m app Skipped - Image is already present locally [32m[0m[34m0.0s [0m
 [33m⠼[0m foxel [[32m⣿⣿⣿⣿⣿⣿⣿⣿⣿⣿⣿⣿⣿⣿⣿⣿[0m] 400.7MB / 409.1MB Pulling [34m19.5s [0m
[?25h[1A[1A[1A[0G[?25l[+] Pulling 16/18
 [32m✔[0m app Skipped - Image is already present locally [32m[0m[34m0.0s [0m
 [33m⠴[0m foxel [[32m⣿⣿⣿⣿⣿⣿⣿⣿⣿⣿⣿⣿⣿⣿⣿⣿[0m] 400.7MB / 409.1MB Pulling [34m19.6s [0m
[?25h[1A[1A[1A[0G[?25l[+] Pulling 16/18
 [32m✔[0m app Skipped - Image is already present locally [32m[0m[34m0.0s [0m
 [33m⠦[0m foxel [[32m⣿⣿⣿⣿⣿⣿⣿⣿⣿⣿⣿⣿⣿⣿⣿⣿[0m] 400.7MB / 409.1MB Pulling [34m19.7s [0m
[?25h[1A[1A[1A[0G[?25l[+] Pulling 16/18
 [32m✔[0m app Skipped - Image is already present locally [32m[0m[34m0.0s [0m
 [33m⠧[0m foxel [[32m⣿⣿⣿⣿⣿⣿⣿⣿⣿⣿⣿⣿⣿⣿⣿⣿[0m] 400.7MB / 409.1MB Pulling [34m19.8s [0m
[?25h[1A[1A[1A[0G[?25l[+] Pulling 16/18
 [32m✔[0m app Skipped - Image is already present locally [32m[0m[34m0.0s [0m
 [33m⠇[0m foxel [[32m⣿⣿⣿⣿⣿⣿⣿⣿⣿⣿⣿⣿⣿⣿⣿⣿[0m] 400.7MB / 409.1MB Pulling [34m19.9s [0m
[?25h[1A[1A[1A[0G[?25l[+] Pulling 16/18
 [32m✔[0m app Skipped - Image is already present locally [32m[0m[34m0.0s [0m
 [33m⠏[0m foxel [[32m⣿⣿⣿⣿⣿⣿⣿⣿⣿⣿⣿⣿⣿⣿⣿⣿[0m] 400.7MB / 409.1MB Pulling [34m20.0s [0m
[?25h[1A[1A[1A[0G[?25l[+] Pulling 16/18
 [32m✔[0m app Skipped - Image is already present locally [32m[0m[34m0.0s [0m
 [33m⠋[0m foxel [[32m⣿⣿⣿⣿⣿⣿⣿⣿⣿⣿⣿⣿⣿⣿⣿⣿[0m] 400.7MB / 409.1MB Pulling [34m20.1s [0m
[?25h[1A[1A[1A[0G[?25l[+] Pulling 16/18
 [32m✔[0m app Skipped - Image is already present locally [32m[0m[34m0.0s [0m
 [33m⠙[0m foxel [[32m⣿⣿⣿⣿⣿⣿⣿⣿⣿⣿⣿⣿⣿⣿⣿⣿[0m] 400.7MB / 409.1MB Pulling [34m20.2s [0m
[?25h[1A[1A[1A[0G[?25l[+] Pulling 16/18
 [32m✔[0m app Skipped - Image is already present locally [32m[0m[34m0.0s [0m
 [33m⠹[0m foxel [[32m⣿⣿⣿⣿⣿⣿⣿⣿⣿⣿⣿⣿⣿⣿⣿⣿[0m] 400.7MB / 409.1MB Pulling [34m20.3s [0m
[?25h[1A[1A[1A[0G[?25l[+] Pulling 16/18
 [32m✔[0m app Skipped - Image is already present locally [32m[0m[34m0.0s [0m
 [33m⠸[0m foxel [[32m⣿⣿⣿⣿⣿⣿⣿⣿⣿⣿⣿⣿⣿⣿⣿⣿[0m] 400.7MB / 409.1MB Pulling [34m20.4s [0m
[?25h[1A[1A[1A[0G[?25l[+] Pulling 16/18
 [32m✔[0m app Skipped - Image is already present locally [32m[0m[34m0.0s [0m
 [33m⠼[0m foxel [[32m⣿⣿⣿⣿⣿⣿⣿⣿⣿⣿⣿⣿⣿⣿⣿⣿[0m] 400.7MB / 409.1MB Pulling [34m20.5s [0m
[?25h[1A[1A[1A[0G[?25l[+] Pulling 16/18
 [32m✔[0m app Skipped - Image is already present locally [32m[0m[34m0.0s [0m
 [33m⠴[0m foxel [[32m⣿⣿⣿⣿⣿⣿⣿⣿⣿⣿⣿⣿⣿⣿⣿⣿[0m] 400.7MB / 409.1MB Pulling [34m20.6s [0m
[?25h[1A[1A[1A[0G[?25l[+] Pulling 16/18
 [32m✔[0m app Skipped - Image is already present locally [32m[0m[34m0.0s [0m
 [33m⠦[0m foxel [[32m⣿⣿⣿⣿⣿⣿⣿⣿⣿⣿⣿⣿⣿⣿⣿⣿[0m] 400.7MB / 409.1MB Pulling [34m20.7s [0m
[?25h[1A[1A[1A[0G[?25l[+] Pulling 16/18
 [32m✔[0m app Skipped - Image is already present locally [32m[0m[34m0.0s [0m
 [33m⠧[0m foxel [[32m⣿⣿⣿⣿⣿⣿⣿⣿⣿⣿⣿⣿⣿⣿⣿⣿[0m] 400.7MB / 409.1MB Pulling [34m20.8s [0m
[?25h[1A[1A[1A[0G[?25l[+] Pulling 16/18
 [32m✔[0m app Skipped - Image is already present locally [32m[0m[34m0.0s [0m
 [33m⠇[0m foxel [[32m⣿⣿⣿⣿⣿⣿⣿⣿⣿⣿⣿⣿⣿⣿⣿⣿[0m] 400.7MB / 409.1MB Pulling [34m20.9s [0m
[?25h[1A[1A[1A[0G[?25l[+] Pulling 16/18
 [32m✔[0m app Skipped - Image is already present locally [32m[0m[34m0.0s [0m
 [33m⠏[0m foxel [[32m⣿⣿⣿⣿⣿⣿⣿⣿⣿⣿⣿⣿⣿⣿⣿⣿[0m] 400.7MB / 409.1MB Pulling [34m21.0s [0m
[?25h[1A[1A[1A[0G[?25l[+] Pulling 16/18
 [32m✔[0m app Skipped - Image is already present locally [32m[0m[34m0.0s [0m
 [33m⠋[0m foxel [[32m⣿⣿⣿⣿⣿⣿⣿⣿⣿⣿⣿⣿⣿⣿⣿⣿[0m] 400.7MB / 409.1MB Pulling [34m21.1s [0m
[?25h[1A[1A[1A[0G[?25l[+] Pulling 16/18
 [32m✔[0m app Skipped - Image is already present locally [32m[0m[34m0.0s [0m
 [33m⠙[0m foxel [[32m⣿⣿⣿⣿⣿⣿⣿⣿⣿⣿⣿⣿⣿⣿⣿⣿[0m] 400.7MB / 409.1MB Pulling [34m21.2s [0m
[?25h[1A[1A[1A[0G[?25l[+] Pulling 16/18
 [32m✔[0m app Skipped - Image is already present locally [32m[0m[34m0.0s [0m
 [33m⠹[0m foxel [[32m⣿⣿⣿⣿⣿⣿⣿⣿⣿⣿⣿⣿⣿⣿⣿⣿[0m] 400.7MB / 409.1MB Pulling [34m21.3s [0m
[?25h[1A[1A[1A[0G[?25l[+] Pulling 16/18
 [32m✔[0m app Skipped - Image is already present locally [32m[0m[34m0.0s [0m
 [33m⠸[0m foxel [[32m⣿⣿⣿⣿⣿⣿⣿⣿⣿⣿⣿⣿⣿⣿⣿⣿[0m] 400.7MB / 409.1MB Pulling [34m21.4s [0m
[?25h[1A[1A[1A[0G[?25l[+] Pulling 16/18
 [32m✔[0m app Skipped - Image is already present locally [32m[0m[34m0.0s [0m
 [33m⠼[0m foxel [[32m⣿⣿⣿⣿⣿⣿⣿⣿⣿⣿⣿⣿⣿⣿⣿⣿[0m] 400.7MB / 409.1MB Pulling [34m21.5s [0m
[?25h[1A[1A[1A[0G[?25l[+] Pulling 16/18
 [32m✔[0m app Skipped - Image is already present locally [32m[0m[34m0.0s [0m
 [33m⠴[0m foxel [[32m⣿⣿⣿⣿⣿⣿⣿⣿⣿⣿⣿⣿⣿⣿⣿⣿[0m] 400.7MB / 409.1MB Pulling [34m21.6s [0m
[?25h[1A[1A[1A[0G[?25l[+] Pulling 16/18
 [32m✔[0m app Skipped - Image is already present locally [32m[0m[34m0.0s [0m
 [33m⠦[0m foxel [[32m⣿⣿⣿⣿⣿⣿⣿⣿⣿⣿⣿⣿⣿⣿⣿⣿[0m] 400.7MB / 409.1MB Pulling [34m21.7s [0m
[?25h[1A[1A[1A[0G[?25l[+] Pulling 16/18
 [32m✔[0m app Skipped - Image is already present locally [32m[0m[34m0.0s [0m
 [33m⠧[0m foxel [[32m⣿⣿⣿⣿⣿⣿⣿⣿⣿⣿⣿⣿⣿⣿⣿⣿[0m] 400.7MB / 409.1MB Pulling [34m21.8s [0m
[?25h[1A[1A[1A[0G[?25l[+] Pulling 16/18
 [32m✔[0m app Skipped - Image is already present locally [32m[0m[34m0.0s [0m
 [33m⠇[0m foxel [[32m⣿⣿⣿⣿⣿⣿⣿⣿⣿⣿⣿⣿⣿⣿⣿⣿[0m] 400.7MB / 409.1MB Pulling [34m21.9s [0m
[?25h[1A[1A[1A[0G[?25l[+] Pulling 16/18
 [32m✔[0m app Skipped - Image is already present locally [32m[0m[34m0.0s [0m
 [33m⠏[0m foxel [[32m⣿⣿⣿⣿⣿⣿⣿⣿⣿⣿⣿⣿⣿⣿⣿⣿[0m] 400.7MB / 409.1MB Pulling [34m22.0s [0m
[?25h[1A[1A[1A[0G[?25l[+] Pulling 16/18
 [32m✔[0m app Skipped - Image is already present locally [32m[0m[34m0.0s [0m
 [33m⠋[0m foxel [[32m⣿⣿⣿⣿⣿⣿⣿⣿⣿⣿⣿⣿⣿⣿⣿⣿[0m] 400.7MB / 409.1MB Pulling [34m22.1s [0m
[?25h[1A[1A[1A[0G[?25l[+] Pulling 16/18
 [32m✔[0m app Skipped - Image is already present locally [32m[0m[34m0.0s [0m
 [33m⠙[0m foxel [[32m⣿⣿⣿⣿⣿⣿⣿⣿⣿⣿⣿⣿⣿⣿⣿⣿[0m] 400.7MB / 409.1MB Pulling [34m22.2s [0m
[?25h[1A[1A[1A[0G[?25l[+] Pulling 16/18
 [32m✔[0m app Skipped - Image is already present locally [32m[0m[34m0.0s [0m
 [33m⠹[0m foxel [[32m⣿⣿⣿⣿⣿⣿⣿⣿⣿⣿⣿⣿⣿⣿⣿⣿[0m] 400.7MB / 409.1MB Pulling [34m22.3s [0m
[?25h[1A[1A[1A[0G[?25l[+] Pulling 16/18
 [32m✔[0m app Skipped - Image is already present locally [32m[0m[34m0.0s [0m
 [33m⠸[0m foxel [[32m⣿⣿⣿⣿⣿⣿⣿⣿⣿⣿⣿⣿⣿⣿⣿⣿[0m] 400.7MB / 409.1MB Pulling [34m22.4s [0m
[?25h[1A[1A[1A[0G[?25l[+] Pulling 16/18
 [32m✔[0m app Skipped - Image is already present locally [32m[0m[34m0.0s [0m
 [33m⠼[0m foxel [[32m⣿⣿⣿⣿⣿⣿⣿⣿⣿⣿⣿⣿⣿⣿⣿⣿[0m] 400.7MB / 409.1MB Pulling [34m22.5s [0m
[?25h[1A[1A[1A[0G[?25l[+] Pulling 16/18
 [32m✔[0m app Skipped - Image is already present locally [32m[0m[34m0.0s [0m
 [33m⠴[0m foxel [[32m⣿⣿⣿⣿⣿⣿⣿⣿⣿⣿⣿⣿⣿⣿⣿⣿[0m] 400.7MB / 409.1MB Pulling [34m22.6s [0m
[?25h[1A[1A[1A[0G[?25l[+] Pulling 16/18
 [32m✔[0m app Skipped - Image is already present locally [32m[0m[34m0.0s [0m
 [33m⠦[0m foxel [[32m⣿⣿⣿⣿⣿⣿⣿⣿⣿⣿⣿⣿⣿⣿⣿⣿[0m] 400.7MB / 409.1MB Pulling [34m22.7s [0m
[?25h[1A[1A[1A[0G[?25l[+] Pulling 16/18
 [32m✔[0m app Skipped - Image is already present locally [32m[0m[34m0.0s [0m
 [33m⠧[0m foxel [[32m⣿⣿⣿⣿⣿⣿⣿⣿⣿⣿⣿⣿⣿⣿⣿⣿[0m] 400.7MB / 409.1MB Pulling [34m22.8s [0m
[?25h[1A[1A[1A[0G[?25l[+] Pulling 16/18
 [32m✔[0m app Skipped - Image is already present locally [32m[0m[34m0.0s [0m
 [33m⠇[0m foxel [[32m⣿⣿⣿⣿⣿⣿⣿⣿⣿⣿⣿⣿⣿⣿⣿⣿[0m] 403.4MB / 409.1MB Pulling [34m22.9s [0m
[?25h[1A[1A[1A[0G[?25l[+] Pulling 16/18
 [32m✔[0m app Skipped - Image is already present locally [32m[0m[34m0.0s [0m
 [33m⠏[0m foxel [[32m⣿⣿⣿⣿⣿⣿⣿⣿⣿⣿⣿⣿⣿⣿⣿⣿[0m] 406.7MB / 409.1MB Pulling [34m23.0s [0m
[?25h[1A[1A[1A[0G[?25l[+] Pulling 16/18
 [32m✔[0m app Skipped - Image is already present locally [32m[0m[34m0.0s [0m
 [33m⠋[0m foxel [[32m⣿⣿⣿⣿⣿⣿⣿⣿⣿⣿⣿⣿⣿⣿⣿⣿[0m] 406.7MB / 409.1MB Pulling [34m23.1s [0m
[?25h[1A[1A[1A[0G[?25l[+] Pulling 16/18
 [32m✔[0m app Skipped - Image is already present locally [32m[0m[34m0.0s [0m
 [33m⠙[0m foxel [[32m⣿⣿⣿⣿⣿⣿⣿⣿⣿⣿⣿⣿⣿⣿⣿⣿[0m] 406.7MB / 409.1MB Pulling [34m23.2s [0m
[?25h[1A[1A[1A[0G[?25l[+] Pulling 16/18
 [32m✔[0m app Skipped - Image is already present locally [32m[0m[34m0.0s [0m
 [33m⠹[0m foxel [[32m⣿⣿⣿⣿⣿⣿⣿⣿⣿⣿⣿⣿⣿⣿⣿⣿[0m] 407.8MB / 409.1MB Pulling [34m23.3s [0m
[?25h[1A[1A[1A[0G[?25l[+] Pulling 16/18
 [32m✔[0m app Skipped - Image is already present locally [32m[0m[34m0.0s [0m
 [33m⠸[0m foxel [[32m⣿⣿⣿⣿⣿⣿⣿⣿⣿⣿⣿⣿⣿⣿⣿⣿[0m] 407.8MB / 409.1MB Pulling [34m23.4s [0m
[?25h[1A[1A[1A[0G[?25l[+] Pulling 16/18
 [32m✔[0m app Skipped - Image is already present locally [32m[0m[34m0.0s [0m
 [33m⠼[0m foxel [[32m⣿⣿⣿⣿⣿⣿⣿⣿⣿⣿⣿⣿⣿⣿⣿⣿[0m] 407.8MB / 409.1MB Pulling [34m23.5s [0m
[?25h[1A[1A[1A[0G[?25l[+] Pulling 16/18
 [32m✔[0m app Skipped - Image is already present locally [32m[0m[34m0.0s [0m
 [33m⠴[0m foxel [[32m⣿⣿⣿⣿⣿⣿⣿⣿⣿⣿⣿⣿⣿⣿⣿⣿[0m] 407.8MB / 409.1MB Pulling [34m23.6s [0m
[?25h[1A[1A[1A[0G[?25l[+] Pulling 16/18
 [32m✔[0m app Skipped - Image is already present locally [32m[0m[34m0.0s [0m
 [33m⠦[0m foxel [[32m⣿⣿⣿⣿⣿⣿⣿⣿⣿⣿⣿⣿⣿⣿⣿⣿[0m] 407.8MB / 409.1MB Pulling [34m23.7s [0m
[?25h[1A[1A[1A[0G[?25l[+] Pulling 16/18
 [32m✔[0m app Skipped - Image is already present locally [32m[0m[34m0.0s [0m
 [33m⠧[0m foxel [[32m⣿⣿⣿⣿⣿⣿⣿⣿⣿⣿⣿⣿⣿⣿⣿⣿[0m] 407.8MB / 409.1MB Pulling [34m23.8s [0m
[?25h[1A[1A[1A[0G[?25l[+] Pulling 16/18
 [32m✔[0m app Skipped - Image is already present locally [32m[0m[34m0.0s [0m
 [33m⠇[0m foxel [[32m⣿⣿⣿⣿⣿⣿⣿⣿⣿⣿⣿⣿⣿⣿⣿⣿[0m] 408.3MB / 409.1MB Pulling [34m23.9s [0m
[?25h[1A[1A[1A[0G[?25l[+] Pulling 16/18
 [32m✔[0m app Skipped - Image is already present locally [32m[0m[34m0.0s [0m
 [33m⠏[0m foxel [[32m⣿⣿⣿⣿⣿⣿⣿⣿⣿⣿⣿⣿⣿⣿⣿⣿[0m] 408.3MB / 409.1MB Pulling [34m24.0s [0m
[?25h[1A[1A[1A[0G[?25l[+] Pulling 16/18
 [32m✔[0m app Skipped - Image is already present locally [32m[0m[34m0.0s [0m
 [33m⠋[0m foxel [[32m⣿⣿⣿⣿⣿⣿⣿⣿⣿⣿⣿⣿⣿⣿⣿⣿[0m] 408.3MB / 409.1MB Pulling [34m24.1s [0m
[?25h[1A[1A[1A[0G[?25l[+] Pulling 16/18
 [32m✔[0m app Skipped - Image is already present locally [32m[0m[34m0.0s [0m
 [33m⠙[0m foxel [[32m⣿⣿⣿⣿⣿⣿⣿⣿⣿⣿⣿⣿⣿⣿⣿⣿[0m] 408.3MB / 409.1MB Pulling [34m24.2s [0m
[?25h[1A[1A[1A[0G[?25l[+] Pulling 16/18
 [32m✔[0m app Skipped - Image is already present locally [32m[0m[34m0.0s [0m
 [33m⠹[0m foxel [[32m⣿⣿⣿⣿⣿⣿⣿⣿⣿⣿⣿⣿⣿⣿⣿⣿[0m] 408.3MB / 409.1MB Pulling [34m24.3s [0m
[?25h[1A[1A[1A[0G[?25l[+] Pulling 16/18
 [32m✔[0m app Skipped - Image is already present locally [32m[0m[34m0.0s [0m
 [33m⠸[0m foxel [[32m⣿⣿⣿⣿⣿⣿⣿⣿⣿⣿⣿⣿⣿⣿⣿⣿[0m] 408.3MB / 409.1MB Pulling [34m24.4s [0m
[?25h[1A[1A[1A[0G[?25l[+] Pulling 16/18
 [32m✔[0m app Skipped - Image is already present locally [32m[0m[34m0.0s [0m
 [33m⠼[0m foxel [[32m⣿⣿⣿⣿⣿⣿⣿⣿⣿⣿⣿⣿⣿⣿⣿⣿[0m] 408.3MB / 409.1MB Pulling [34m24.5s [0m
[?25h[1A[1A[1A[0G[?25l[+] Pulling 17/18
 [32m✔[0m app Skipped - Image is already present locally [32m[0m[34m0.0s [0m
 [33m⠴[0m foxel [[32m⣿⣿⣿⣿⣿⣿⣿⣿⣿⣿⣿⣿⣿⣿⣿⣿[0m] 408.3MB / 409.1MB Pulling [34m24.6s [0m
[?25h[1A[1A[1A[0G[?25l[+] Pulling 16/18
 [32m✔[0m app Skipped - Image is already present locally [32m[0m[34m0.0s [0m
 [33m⠦[0m foxel [[32m⣿⣿⣿⣿⣿⣿⣿⣿⣿⣿⣿⣿⣿⣿⣿⣿[0m] 408.3MB / 409.1MB Pulling [34m24.7s [0m
[?25h[1A[1A[1A[0G[?25l[+] Pulling 16/18
 [32m✔[0m app Skipped - Image is already present locally [32m[0m[34m0.0s [0m
 [33m⠧[0m foxel [[32m⣿⣿⣿⣿⣿⣿⣿⣿⣿⣿⣿⣿⣿⣿⣿⣿[0m] 408.3MB / 409.1MB Pulling [34m24.8s [0m
[?25h[1A[1A[1A[0G[?25l[+] Pulling 16/18
 [32m✔[0m app Skipped - Image is already present locally [32m[0m[34m0.0s [0m
 [33m⠇[0m foxel [[32m⣿⣿⣿⣿⣿⣿⣿⣿⣿⣿⣿⣿⣿⣿⣿⣿[0m] 408.3MB / 409.1MB Pulling [34m24.9s [0m
[?25h[1A[1A[1A[0G[?25l[+] Pulling 16/18
 [32m✔[0m app Skipped - Image is already present locally [32m[0m[34m0.0s [0m
 [33m⠏[0m foxel [[32m⣿⣿⣿⣿⣿⣿⣿⣿⣿⣿⣿⣿⣿⣿⣿⣿[0m] 408.3MB / 409.1MB Pulling [34m25.0s [0m
[?25h[1A[1A[1A[0G[?25l[+] Pulling 16/18
 [32m✔[0m app Skipped - Image is already present locally [32m[0m[34m0.0s [0m
 [33m⠋[0m foxel [[32m⣿⣿⣿⣿⣿⣿⣿⣿⣿⣿⣿⣿⣿⣿⣿⣿[0m] 408.3MB / 409.1MB Pulling [34m25.1s [0m
[?25h[1A[1A[1A[0G[?25l[+] Pulling 16/18
 [32m✔[0m app Skipped - Image is already present locally [32m[0m[34m0.0s [0m
 [33m⠙[0m foxel [[32m⣿⣿⣿⣿⣿⣿⣿⣿⣿⣿⣿⣿⣿⣿⣿⣿[0m] 408.3MB / 409.1MB Pulling [34m25.2s [0m
[?25h[1A[1A[1A[0G[?25l[+] Pulling 17/18
 [32m✔[0m app Skipped - Image is already present locally [32m[0m[34m0.0s [0m
 [33m⠹[0m foxel [[32m⣿⣿⣿⣿⣿⣿⣿⣿⣿⣿⣿⣿⣿⣿⣿⣿[0m] 408.3MB / 409.1MB Pulling [34m25.3s [0m
[?25h[1A[1A[1A[0G[?25l[+] Pulling 16/18
 [32m✔[0m app Skipped - Image is already present locally [32m[0m[34m0.0s [0m
 [33m⠸[0m foxel [[32m⣿⣿⣿⣿⣿⣿⣿⣿⣿⣿⣿⣿⣿⣿⣿⣿[0m] 408.3MB / 409.1MB Pulling [34m25.4s [0m
[?25h[1A[1A[1A[0G[?25l[+] Pulling 16/18
 [32m✔[0m app Skipped - Image is already present locally [32m[0m[34m0.0s [0m
 [33m⠼[0m foxel [[32m⣿⣿⣿⣿⣿⣿⣿⣿⣿⣿⣿⣿⣿⣿⣿⣿[0m] 408.3MB / 409.1MB Pulling [34m25.5s [0m
[?25h[1A[1A[1A[0G[?25l[+] Pulling 16/18
 [32m✔[0m app Skipped - Image is already present locally [32m[0m[34m0.0s [0m
 [33m⠴[0m foxel [[32m⣿⣿⣿⣿⣿⣿⣿⣿⣿⣿⣿⣿⣿⣿⣿⣿[0m] 408.8MB / 409.1MB Pulling [34m25.6s [0m
[?25h[1A[1A[1A[0G[?25l[+] Pulling 16/18
 [32m✔[0m app Skipped - Image is already present locally [32m[0m[34m0.0s [0m
 [33m⠦[0m foxel [[32m⣿⣿⣿⣿⣿⣿⣿⣿⣿⣿⣿⣿⣿⣿⣿⣿[0m] 408.8MB / 409.1MB Pulling [34m25.7s [0m
[?25h[1A[1A[1A[0G[?25l[+] Pulling 16/18
 [32m✔[0m app Skipped - Image is already present locally [32m[0m[34m0.0s [0m
 [33m⠧[0m foxel [[32m⣿⣿⣿⣿⣿⣿⣿⣿⣿⣿⣿⣿⣿⣿⣿⣿[0m] 408.8MB / 409.1MB Pulling [34m25.8s [0m
[?25h[1A[1A[1A[0G[?25l[+] Pulling 17/18
 [32m✔[0m app Skipped - Image is already present locally [32m[0m[34m0.0s [0m
 [33m⠇[0m foxel [[32m⣿⣿⣿⣿⣿⣿⣿⣿⣿⣿⣿⣿⣿⣿⣿⣿[0m] 408.8MB / 409.1MB Pulling [34m25.9s [0m
[?25h[1A[1A[1A[0G[?25l[+] Pulling 16/18
 [32m✔[0m app Skipped - Image is already present locally [32m[0m[34m0.0s [0m
 [33m⠏[0m foxel [[32m⣿⣿⣿⣿⣿⣿⣿⣿⣿⣿⣿⣿⣿⣿⣿⣿[0m] 408.8MB / 409.1MB Pulling [34m26.0s [0m
[?25h[1A[1A[1A[0G[?25l[+] Pulling 16/18
 [32m✔[0m app Skipped - Image is already present locally [32m[0m[34m0.0s [0m
 [33m⠋[0m foxel [[32m⣿⣿⣿⣿⣿⣿⣿⣿⣿⣿⣿⣿⣿⣿⣿⣿[0m] 408.8MB / 409.1MB Pulling [34m26.1s [0m
[?25h[1A[1A[1A[0G[?25l[+] Pulling 16/18
 [32m✔[0m app Skipped - Image is already present locally [32m[0m[34m0.0s [0m
 [33m⠙[0m foxel [[32m⣿⣿⣿⣿⣿⣿⣿⣿⣿⣿⣿⣿⣿⣿⣿⣿[0m] 409.1MB / 409.1MB Pulling [34m26.2s [0m
[?25h[1A[1A[1A[0G[?25l[+] Pulling 16/18
 [32m✔[0m app Skipped - Image is already present locally [32m[0m[34m0.0s [0m
 [33m⠹[0m foxel [[32m⣿⣿⣿⣿⣿⣿⣿⣿⣿⣿⣿⣿⣿⣿⣿⣿[0m] 409.1MB / 409.1MB Pulling [34m26.3s [0m
[?25h[1A[1A[1A[0G[?25l[+] Pulling 16/18
 [32m✔[0m app Skipped - Image is already present locally [32m[0m[34m0.0s [0m
 [33m⠸[0m foxel [[32m⣿⣿⣿⣿⣿⣿⣿⣿⣿⣿⣿⣿⣿⣿⣿⣿[0m] 409.1MB / 409.1MB Pulling [34m26.4s [0m
[?25h[1A[1A[1A[0G[?25l[+] Pulling 17/18
 [32m✔[0m app Skipped - Image is already present locally [32m[0m[34m0.0s [0m
 [33m⠼[0m foxel [[32m⣿⣿⣿⣿⣿⣿⣿⣿⣿⣿⣿⣿⣿⣿⣿⣿[0m] 409.1MB / 409.1MB Pulling [34m26.5s [0m
[?25h[1A[1A[1A[0G[?25l[+] Pulling 16/18
 [32m✔[0m app Skipped - Image is already present locally [32m[0m[34m0.0s [0m
 [33m⠴[0m foxel [[32m⣿⣿⣿⣿⣿⣿⣿⣿⣿⣿⣿⣿⣿⣿⣿⣿[0m] 409.1MB / 409.1MB Pulling [34m26.6s [0m
[?25h[1A[1A[1A[0G[?25l[+] Pulling 16/18
 [32m✔[0m app Skipped - Image is already present locally [32m[0m[34m0.0s [0m
 [33m⠦[0m foxel [[32m⣿⣿⣿⣿⣿⣿⣿⣿⣿⣿⣿⣿⣿⣿⣿⣿[0m] 409.1MB / 409.1MB Pulling [34m26.7s [0m
[?25h[1A[1A[1A[0G[?25l[+] Pulling 16/18
 [32m✔[0m app Skipped - Image is already present locally [32m[0m[34m0.0s [0m
 [33m⠧[0m foxel [[32m⣿⣿⣿⣿⣿⣿⣿⣿⣿⣿⣿⣿⣿⣿⣿⣿[0m] 409.1MB / 409.1MB Pulling [34m26.8s [0m
[?25h[1A[1A[1A[0G[?25l[+] Pulling 16/18
 [32m✔[0m app Skipped - Image is already present locally [32m[0m[34m0.0s [0m
 [33m⠇[0m foxel [[32m⣿⣿⣿⣿⣿⣿⣿⣿⣿⣿⣿⣿⣿⣿⣿⣿[0m] 409.1MB / 409.1MB Pulling [34m26.9s [0m
[?25h[1A[1A[1A[0G[?25l[+] Pulling 17/18
 [32m✔[0m app Skipped - Image is already present locally [32m[0m[34m0.0s [0m
 [33m⠏[0m foxel [[32m⣿⣿⣿⣿⣿⣿⣿⣿⣿⣿⣿⣿⣿⣿⣿⣿[0m] 409.1MB / 409.1MB Pulling [34m27.0s [0m
[?25h[1A[1A[1A[0G[?25l[+] Pulling 16/18
 [32m✔[0m app Skipped - Image is already present locally [32m[0m[34m0.0s [0m
 [33m⠋[0m foxel [[32m⣿⣿⣿⣿⣿⣿⣿⣿⣿⣿⣿⣿⣿⣿⣿⣿[0m] 409.1MB / 409.1MB Pulling [34m27.1s [0m
[?25h[1A[1A[1A[0G[?25l[+] Pulling 16/18
 [32m✔[0m app Skipped - Image is already present locally [32m[0m[34m0.0s [0m
 [33m⠙[0m foxel [[32m⣿⣿⣿⣿⣿⣿⣿⣿⣿⣿⣿⣿⣿⣿⣿⣿[0m] 409.1MB / 409.1MB Pulling [34m27.2s [0m
[?25h[1A[1A[1A[0G[?25l[+] Pulling 16/18
 [32m✔[0m app Skipped - Image is already present locally [32m[0m[34m0.0s [0m
 [33m⠹[0m foxel [[32m⣿⣿⣿⣿⣿⣿⣿⣿⣿⣿⣿⣿⣿⣿⣿⣿[0m] 409.1MB / 409.1MB Pulling [34m27.3s [0m
[?25h[1A[1A[1A[0G[?25l[+] Pulling 16/18
 [32m✔[0m app Skipped - Image is already present locally [32m[0m[34m0.0s [0m
 [33m⠸[0m foxel [[32m⣿⣿⣿⣿⣿⣿⣿⣿⣿⣿⣿⣿⣿⣿⣿⣿[0m] 409.1MB / 409.1MB Pulling [34m27.4s [0m
[?25h[1A[1A[1A[0G[?25l[+] Pulling 16/18
 [32m✔[0m app Skipped - Image is already present locally [32m[0m[34m0.0s [0m
 [33m⠼[0m foxel [[32m⣿⣿⣿⣿⣿⣿⣿⣿⣿⣿⣿⣿⣿⣿⣿⣿[0m] 409.1MB / 409.1MB Pulling [34m27.5s [0m
[?25h[1A[1A[1A[0G[?25l[+] Pulling 16/18
 [32m✔[0m app Skipped - Image is already present locally [32m[0m[34m0.0s [0m
 [33m⠴[0m foxel [[32m⣿⣿⣿⣿⣿⣿⣿⣿⣿⣿⣿⣿⣿⣿⣿⣿[0m] 409.1MB / 409.1MB Pulling [34m27.6s [0m
[?25h[1A[1A[1A[0G[?25l[+] Pulling 17/18
 [32m✔[0m app Skipped - Image is already present locally [32m[0m[34m0.0s [0m
 [33m⠦[0m foxel [[32m⣿⣿⣿⣿⣿⣿⣿⣿⣿⣿⣿⣿⣿⣿⣿⣿[0m] 409.1MB / 409.1MB Pulling [34m27.7s [0m
[?25h[1A[1A[1A[0G[?25l[+] Pulling 16/18
 [32m✔[0m app Skipped - Image is already present locally [32m[0m[34m0.0s [0m
 [33m⠧[0m foxel [[32m⣿⣿⣿⣿⣿⣿⣿⣿⣿⣿⣿⣿⣿⣿⣿⣿[0m] 409.1MB / 409.1MB Pulling [34m27.8s [0m
[?25h[1A[1A[1A[0G[?25l[+] Pulling 16/18
 [32m✔[0m app Skipped - Image is already present locally [32m[0m[34m0.0s [0m
 [33m⠇[0m foxel [[32m⣿⣿⣿⣿⣿⣿⣿⣿⣿⣿⣿⣿⣿⣿⣿⣿[0m] 409.1MB / 409.1MB Pulling [34m27.9s [0m
[?25h[1A[1A[1A[0G[?25l[+] Pulling 16/18
 [32m✔[0m app Skipped - Image is already present locally [32m[0m[34m0.0s [0m
 [33m⠏[0m foxel [[32m⣿⣿⣿⣿⣿⣿⣿⣿⣿⣿⣿⣿⣿⣿⣿⣿[0m] 409.1MB / 409.1MB Pulling [34m28.0s [0m
[?25h[1A[1A[1A[0G[?25l[+] Pulling 16/18
 [32m✔[0m app Skipped - Image is already present locally [32m[0m[34m0.0s [0m
 [33m⠋[0m foxel [[32m⣿⣿⣿⣿⣿⣿⣿⣿⣿⣿⣿⣿⣿⣿⣿⣿[0m] 409.1MB / 409.1MB Pulling [34m28.1s [0m
[?25h[1A[1A[1A[0G[?25l[+] Pulling 16/18
 [32m✔[0m app Skipped - Image is already present locally [32m[0m[34m0.0s [0m
 [33m⠙[0m foxel [[32m⣿⣿⣿⣿⣿⣿⣿⣿⣿⣿⣿⣿⣿⣿⣿⣿[0m] 409.1MB / 409.1MB Pulling [34m28.2s [0m
[?25h[1A[1A[1A[0G[?25l[+] Pulling 17/18
 [32m✔[0m app Skipped - Image is already present locally [32m[0m[34m0.0s [0m
 [33m⠹[0m foxel [[32m⣿⣿⣿⣿⣿⣿⣿⣿⣿⣿⣿⣿⣿⣿⣿⣿[0m] 409.1MB / 409.1MB Pulling [34m28.3s [0m
[?25h[1A[1A[1A[0G[?25l[+] Pulling 16/18
 [32m✔[0m app Skipped - Image is already present locally [32m[0m[34m0.0s [0m
 [33m⠸[0m foxel [[32m⣿⣿⣿⣿⣿⣿⣿⣿⣿⣿⣿⣿⣿⣿⣿⣿[0m] 409.1MB / 409.1MB Pulling [34m28.4s [0m
[?25h[1A[1A[1A[0G[?25l[+] Pulling 16/18
 [32m✔[0m app Skipped - Image is already present locally [32m[0m[34m0.0s [0m
 [33m⠼[0m foxel [[32m⣿⣿⣿⣿⣿⣿⣿⣿⣿⣿⣿⣿⣿⣿⣿⣿[0m] 409.1MB / 409.1MB Pulling [34m28.5s [0m
[?25h[1A[1A[1A[0G[?25l[+] Pulling 16/18
 [32m✔[0m app Skipped - Image is already present locally [32m[0m[34m0.0s [0m
 [33m⠴[0m foxel [[32m⣿⣿⣿⣿⣿⣿⣿⣿⣿⣿⣿⣿⣿⣿⣿⣿[0m] 409.1MB / 409.1MB Pulling [34m28.6s [0m
[?25h[1A[1A[1A[0G[?25l[+] Pulling 16/18
 [32m✔[0m app Skipped - Image is already present locally [32m[0m[34m0.0s [0m
 [33m⠦[0m foxel [[32m⣿⣿⣿⣿⣿⣿⣿⣿⣿⣿⣿⣿⣿⣿⣿⣿[0m] 409.1MB / 409.1MB Pulling [34m28.7s [0m
[?25h[1A[1A[1A[0G[?25l[+] Pulling 16/18
 [32m✔[0m app Skipped - Image is already present locally [32m[0m[34m0.0s [0m
 [33m⠧[0m foxel [[32m⣿⣿⣿⣿⣿⣿⣿⣿⣿⣿⣿⣿⣿⣿⣿⣿[0m] 409.1MB / 409.1MB Pulling [34m28.8s [0m
[?25h[1A[1A[1A[0G[?25l[+] Pulling 17/18
 [32m✔[0m app Skipped - Image is already present locally [32m[0m[34m0.0s [0m
 [33m⠇[0m foxel [[32m⣿⣿⣿⣿⣿⣿⣿⣿⣿⣿⣿⣿⣿⣿⣿⣿[0m] 409.1MB / 409.1MB Pulling [34m28.9s [0m
[?25h[1A[1A[1A[0G[?25l[+] Pulling 17/18
 [32m✔[0m app Skipped - Image is already present locally [32m[0m[34m0.0s [0m
 [33m⠏[0m foxel [[32m⣿⣿⣿⣿⣿⣿⣿⣿⣿⣿⣿⣿⣿⣿⣿⣿[0m] 409.1MB / 409.1MB Pulling [34m29.0s [0m
[?25h[1A[1A[1A[0G[?25l[+] Pulling 17/18
 [32m✔[0m app Skipped - Image is already present locally [32m[0m[34m0.0s [0m
 [33m⠋[0m foxel [[32m⣿⣿⣿⣿⣿⣿⣿⣿⣿⣿⣿⣿⣿⣿⣿⣿[0m] 409.1MB / 409.1MB Pulling [34m29.1s [0m
[?25h[1A[1A[1A[0G[?25l[+] Pulling 17/18
 [32m✔[0m app Skipped - Image is already present locally [32m[0m[34m0.0s [0m
 [33m⠙[0m foxel [[32m⣿⣿⣿⣿⣿⣿⣿⣿⣿⣿⣿⣿⣿⣿⣿⣿[0m] 409.1MB / 409.1MB Pulling [34m29.2s [0m
[?25h[1A[1A[1A[0G[?25l[+] Pulling 17/18
 [32m✔[0m app Skipped - Image is already present locally [32m[0m[34m0.0s [0m
 [33m⠹[0m foxel [[32m⣿⣿⣿⣿⣿⣿⣿⣿⣿⣿⣿⣿⣿⣿⣿⣿[0m] 409.1MB / 409.1MB Pulling [34m29.3s [0m
[?25h[1A[1A[1A[0G[?25l[+] Pulling 17/18
 [32m✔[0m app Skipped - Image is already present locally [32m[0m[34m0.0s [0m
 [33m⠸[0m foxel [[32m⣿⣿⣿⣿⣿⣿⣿⣿⣿⣿⣿⣿⣿⣿⣿⣿[0m] 409.1MB / 409.1MB Pulling [34m29.4s [0m
[?25h[1A[1A[1A[0G[?25l[+] Pulling 18/18
 [32m✔[0m app Skipped - Image is already present locally [32m[0m[34m0.0s [0m
 [32m✔[0m foxel Pulled             [32m[0m[34m29.4s [0m
[?25h