[1A[1B[0G[?25l[+] Pulling 1/2
 [33m⠋[0m app [[32m⣿[0m] Pulling [34m0.1s [0m
[?25h[1A[1A[0G[?25l[34m[+] Pulling 1/2[0m
 [33m⠙[0m app [[32m⣿[0m] Pulling [34m0.2s [0m
[?25h[1A[1A[0G[?25l[34m[+] Pulling 1/2[0m
 [33m⠹[0m app [[32m⣿[0m] Pulling [34m0.3s [0m
[?25h[1A[1A[0G[?25l[+] Pulling 2/3
 [33m⠸[0m app [[32m⣿⣿[0m] Pulling [34m0.4s [0m
[?25h[1A[1A[0G[?25l[+] Pulling 2/3
 [33m⠼[0m app [[32m⣿⣿[0m] Pulling [34m0.5s [0m
[?25h[1A[1A[0G[?25l[+] Pulling 3/4
 [33m⠴[0m app [[32m⣿⣿⣿[0m] Pulling [34m0.6s [0m
[?25h[1A[1A[0G[?25l[+] Pulling 3/4
 [33m⠦[0m app [[32m⣿⣿⣿[0m] Pulling [34m0.7s [0m
[?25h[1A[1A[0G[?25l[+] Pulling 3/4
 [33m⠧[0m app [[32m⣿⣿⣿[0m] Pulling [34m0.8s [0m
[?25h[1A[1A[0G[?25l[+] Pulling 3/4
 [33m⠇[0m app [[32m⣿⣿⣿[0m] Pulling [34m0.9s [0m
[?25h[1A[1A[0G[?25l[+] Pulling 3/4
 [33m⠏[0m app [[32m⣿⣿⣿[0m] Pulling [34m1.0s [0m
[?25h[1A[1A[0G[?25l[+] Pulling 4/4
 [32m✔[0m app Pulled                [32m[0m[34m1.1s [0m
[?25h