[1A[1B[0G[?25l[+] Pulling 1/2
 [32m✔[0m app Skipped - Image is already present locally [32m[0m[34m0.0s [0m
 [33m⠋[0m newsnow Pulling                                [34m0.1s [0m
[?25h[1A[1A[1A[0G[?25l[+] Pulling 1/2
 [32m✔[0m app Skipped - Image is already present locally [32m[0m[34m0.0s [0m
 [33m⠙[0m newsnow Pulling                                [34m0.2s [0m
[?25h[1A[1A[1A[0G[?25l[+] Pulling 1/2
 [32m✔[0m app Skipped - Image is already present locally [32m[0m[34m0.0s [0m
 [33m⠹[0m newsnow Pulling                                [34m0.3s [0m
[?25h[1A[1A[1A[0G[?25l[+] Pulling 1/2
 [32m✔[0m app Skipped - Image is already present locally [32m[0m[34m0.0s [0m
 [33m⠸[0m newsnow Pulling                                [34m0.4s [0m
[?25h[1A[1A[1A[0G[?25l[34m[+] Pulling 2/8[0m
 [32m✔[0m app Skipped - Image is already present locally [32m[0m[34m0.0s [0m
 [33m⠼[0m newsnow [[32m⣿⠀⠀⠀⠀⠀[0m] Pulling [34m0.5s [0m
[?25h[1A[1A[1A[0G[?25l[+] Pulling 1/8
 [32m✔[0m app Skipped - Image is already present locally [32m[0m[34m0.0s [0m
 [33m⠴[0m newsnow [[32m⣿⠀⠀⠀⠀⠀[0m] Pulling [34m0.6s [0m
[?25h[1A[1A[1A[0G[?25l[+] Pulling 1/8
 [32m✔[0m app Skipped - Image is already present locally [32m[0m[34m0.0s [0m
 [33m⠦[0m newsnow [[32m⣿⠀⠀⠀⠀⠀[0m] Pulling [34m0.7s [0m
[?25h[1A[1A[1A[0G[?25l[+] Pulling 1/8
 [32m✔[0m app Skipped - Image is already present locally [32m[0m[34m0.0s [0m
 [33m⠧[0m newsnow [[32m⣿⡀⠀⠀⠀⠀[0m] Pulling [34m0.8s [0m
[?25h[1A[1A[1A[0G[?25l[+] Pulling 1/8
 [32m✔[0m app Skipped - Image is already present locally [32m[0m[34m0.0s [0m
 [33m⠇[0m newsnow [[32m⣿⡀⡀⠀⠀⠀[0m] Pulling [34m0.9s [0m
[?25h[1A[1A[1A[0G[?25l[34m[+] Pulling 2/8[0m
 [32m✔[0m app Skipped - Image is already present locally [32m[0m[34m0.0s [0m
 [33m⠏[0m newsnow [[32m⣿⣀⡀⣿⠀⠀[0m] Pulling [34m1.0s [0m
[?25h[1A[1A[1A[0G[?25l[34m[+] Pulling 2/8[0m
 [32m✔[0m app Skipped - Image is already present locally [32m[0m[34m0.0s [0m
 [33m⠋[0m newsnow [[32m⣿⣀⣀⣿⠀⠀[0m] Pulling [34m1.1s [0m
[?25h[1A[1A[1A[0G[?25l[34m[+] Pulling 2/8[0m
 [32m✔[0m app Skipped - Image is already present locally [32m[0m[34m0.0s [0m
 [33m⠙[0m newsnow [[32m⣿⣄⣤⣿⠀⠀[0m] Pulling [34m1.2s [0m
[?25h[1A[1A[1A[0G[?25l[+] Pulling 3/8
 [32m✔[0m app Skipped - Image is already present locally [32m[0m[34m0.0s [0m
 [33m⠹[0m newsnow [[32m⣿⣤⣿⣿⠀⠀[0m] Pulling [34m1.3s [0m
[?25h[1A[1A[1A[0G[?25l[+] Pulling 4/8
 [32m✔[0m app Skipped - Image is already present locally [32m[0m[34m0.0s [0m
 [33m⠸[0m newsnow [[32m⣿⣦⣿⣿⣿⠀[0m] Pulling [34m1.4s [0m
[?25h[1A[1A[1A[0G[?25l[+] Pulling 5/8
 [32m✔[0m app Skipped - Image is already present locally [32m[0m[34m0.0s [0m
 [33m⠼[0m newsnow [[32m⣿⣶⣿⣿⣿⠀[0m] 37.06MB / 49.43MB Pulling [34m1.5s [0m
[?25h[1A[1A[1A[0G[?25l[+] Pulling 6/8
 [32m✔[0m app Skipped - Image is already present locally [32m[0m[34m0.0s [0m
 [33m⠴[0m newsnow [[32m⣿⣿⣿⣿⣿⡀[0m] 43.96MB / 49.43MB Pulling [34m1.6s [0m
[?25h[1A[1A[1A[0G[?25l[+] Pulling 6/8
 [32m✔[0m app Skipped - Image is already present locally [32m[0m[34m0.0s [0m
 [33m⠦[0m newsnow [[32m⣿⣿⣿⣿⣿⣶[0m]  45.3MB / 49.43MB Pulling [34m1.7s [0m
[?25h[1A[1A[1A[0G[?25l[+] Pulling 6/8
 [32m✔[0m app Skipped - Image is already present locally [32m[0m[34m0.0s [0m
 [33m⠧[0m newsnow [[32m⣿⣿⣿⣿⣿⣿[0m]  45.3MB / 49.43MB Pulling [34m1.8s [0m
[?25h[1A[1A[1A[0G[?25l[+] Pulling 6/8
 [32m✔[0m app Skipped - Image is already present locally [32m[0m[34m0.0s [0m
 [33m⠇[0m newsnow [[32m⣿⣿⣿⣿⣿⣿[0m]  45.3MB / 49.43MB Pulling [34m1.9s [0m
[?25h[1A[1A[1A[0G[?25l[+] Pulling 6/8
 [32m✔[0m app Skipped - Image is already present locally [32m[0m[34m0.0s [0m
 [33m⠏[0m newsnow [[32m⣿⣿⣿⣿⣿⣿[0m]  45.3MB / 49.43MB Pulling [34m2.0s [0m
[?25h[1A[1A[1A[0G[?25l[+] Pulling 6/8
 [32m✔[0m app Skipped - Image is already present locally [32m[0m[34m0.0s [0m
 [33m⠋[0m newsnow [[32m⣿⣿⣿⣿⣿⣿[0m]  45.3MB / 49.43MB Pulling [34m2.1s [0m
[?25h[1A[1A[1A[0G[?25l[+] Pulling 6/8
 [32m✔[0m app Skipped - Image is already present locally [32m[0m[34m0.0s [0m
 [33m⠙[0m newsnow [[32m⣿⣿⣿⣿⣿⣿[0m]  45.3MB / 49.43MB Pulling [34m2.2s [0m
[?25h[1A[1A[1A[0G[?25l[+] Pulling 6/8
 [32m✔[0m app Skipped - Image is already present locally [32m[0m[34m0.0s [0m
 [33m⠹[0m newsnow [[32m⣿⣿⣿⣿⣿⣿[0m]  45.3MB / 49.43MB Pulling [34m2.3s [0m
[?25h[1A[1A[1A[0G[?25l[+] Pulling 6/8
 [32m✔[0m app Skipped - Image is already present locally [32m[0m[34m0.0s [0m
 [33m⠸[0m newsnow [[32m⣿⣿⣿⣿⣿⣿[0m]  45.3MB / 49.43MB Pulling [34m2.4s [0m
[?25h[1A[1A[1A[0G[?25l[+] Pulling 6/8
 [32m✔[0m app Skipped - Image is already present locally [32m[0m[34m0.0s [0m
 [33m⠼[0m newsnow [[32m⣿⣿⣿⣿⣿⣿[0m]  45.3MB / 49.43MB Pulling [34m2.5s [0m
[?25h[1A[1A[1A[0G[?25l[+] Pulling 6/8
 [32m✔[0m app Skipped - Image is already present locally [32m[0m[34m0.0s [0m
 [33m⠴[0m newsnow [[32m⣿⣿⣿⣿⣿⣿[0m]  45.3MB / 49.43MB Pulling [34m2.6s [0m
[?25h[1A[1A[1A[0G[?25l[+] Pulling 6/8
 [32m✔[0m app Skipped - Image is already present locally [32m[0m[34m0.0s [0m
 [33m⠦[0m newsnow [[32m⣿⣿⣿⣿⣿⣿[0m]  45.3MB / 49.43MB Pulling [34m2.7s [0m
[?25h[1A[1A[1A[0G[?25l[+] Pulling 6/8
 [32m✔[0m app Skipped - Image is already present locally [32m[0m[34m0.0s [0m
 [33m⠧[0m newsnow [[32m⣿⣿⣿⣿⣿⣿[0m]  45.3MB / 49.43MB Pulling [34m2.8s [0m
[?25h[1A[1A[1A[0G[?25l[+] Pulling 6/8
 [32m✔[0m app Skipped - Image is already present locally [32m[0m[34m0.0s [0m
 [33m⠇[0m newsnow [[32m⣿⣿⣿⣿⣿⣿[0m]  45.3MB / 49.43MB Pulling [34m2.9s [0m
[?25h[1A[1A[1A[0G[?25l[+] Pulling 6/8
 [32m✔[0m app Skipped - Image is already present locally [32m[0m[34m0.0s [0m
 [33m⠏[0m newsnow [[32m⣿⣿⣿⣿⣿⣿[0m]  45.3MB / 49.43MB Pulling [34m3.0s [0m
[?25h[1A[1A[1A[0G[?25l[+] Pulling 6/8
 [32m✔[0m app Skipped - Image is already present locally [32m[0m[34m0.0s [0m
 [33m⠋[0m newsnow [[32m⣿⣿⣿⣿⣿⣿[0m]  45.3MB / 49.43MB Pulling [34m3.1s [0m
[?25h[1A[1A[1A[0G[?25l[+] Pulling 6/8
 [32m✔[0m app Skipped - Image is already present locally [32m[0m[34m0.0s [0m
 [33m⠙[0m newsnow [[32m⣿⣿⣿⣿⣿⣿[0m]  45.3MB / 49.43MB Pulling [34m3.2s [0m
[?25h[1A[1A[1A[0G[?25l[+] Pulling 6/8
 [32m✔[0m app Skipped - Image is already present locally [32m[0m[34m0.0s [0m
 [33m⠹[0m newsnow [[32m⣿⣿⣿⣿⣿⣿[0m]  45.3MB / 49.43MB Pulling [34m3.3s [0m
[?25h[1A[1A[1A[0G[?25l[+] Pulling 6/8
 [32m✔[0m app Skipped - Image is already present locally [32m[0m[34m0.0s [0m
 [33m⠸[0m newsnow [[32m⣿⣿⣿⣿⣿⣿[0m]  45.6MB / 49.43MB Pulling [34m3.4s [0m
[?25h[1A[1A[1A[0G[?25l[+] Pulling 6/8
 [32m✔[0m app Skipped - Image is already present locally [32m[0m[34m0.0s [0m
 [33m⠼[0m newsnow [[32m⣿⣿⣿⣿⣿⣿[0m] 46.45MB / 49.43MB Pulling [34m3.5s [0m
[?25h[1A[1A[1A[0G[?25l[+] Pulling 6/8
 [32m✔[0m app Skipped - Image is already present locally [32m[0m[34m0.0s [0m
 [33m⠴[0m newsnow [[32m⣿⣿⣿⣿⣿⣿[0m]  47.3MB / 49.43MB Pulling [34m3.6s [0m
[?25h[1A[1A[1A[0G[?25l[+] Pulling 6/8
 [32m✔[0m app Skipped - Image is already present locally [32m[0m[34m0.0s [0m
 [33m⠦[0m newsnow [[32m⣿⣿⣿⣿⣿⣿[0m] 48.15MB / 49.43MB Pulling [34m3.7s [0m
[?25h[1A[1A[1A[0G[?25l[+] Pulling 6/8
 [32m✔[0m app Skipped - Image is already present locally [32m[0m[34m0.0s [0m
 [33m⠧[0m newsnow [[32m⣿⣿⣿⣿⣿⣿[0m] 48.18MB / 49.43MB Pulling [34m3.8s [0m
[?25h[1A[1A[1A[0G[?25l[+] Pulling 6/8
 [32m✔[0m app Skipped - Image is already present locally [32m[0m[34m0.0s [0m
 [33m⠇[0m newsnow [[32m⣿⣿⣿⣿⣿⣿[0m] 48.18MB / 49.43MB Pulling [34m3.9s [0m
[?25h[1A[1A[1A[0G[?25l[+] Pulling 6/8
 [32m✔[0m app Skipped - Image is already present locally [32m[0m[34m0.0s [0m
 [33m⠏[0m newsnow [[32m⣿⣿⣿⣿⣿⣿[0m] 48.18MB / 49.43MB Pulling [34m4.0s [0m
[?25h[1A[1A[1A[0G[?25l[+] Pulling 6/8
 [32m✔[0m app Skipped - Image is already present locally [32m[0m[34m0.0s [0m
 [33m⠋[0m newsnow [[32m⣿⣿⣿⣿⣿⣿[0m] 48.18MB / 49.43MB Pulling [34m4.1s [0m
[?25h[1A[1A[1A[0G[?25l[+] Pulling 6/8
 [32m✔[0m app Skipped - Image is already present locally [32m[0m[34m0.0s [0m
 [33m⠙[0m newsnow [[32m⣿⣿⣿⣿⣿⣿[0m] 48.18MB / 49.43MB Pulling [34m4.2s [0m
[?25h[1A[1A[1A[0G[?25l[+] Pulling 6/8
 [32m✔[0m app Skipped - Image is already present locally [32m[0m[34m0.0s [0m
 [33m⠹[0m newsnow [[32m⣿⣿⣿⣿⣿⣿[0m] 48.18MB / 49.43MB Pulling [34m4.3s [0m
[?25h[1A[1A[1A[0G[?25l[+] Pulling 6/8
 [32m✔[0m app Skipped - Image is already present locally [32m[0m[34m0.0s [0m
 [33m⠸[0m newsnow [[32m⣿⣿⣿⣿⣿⣿[0m] 48.18MB / 49.43MB Pulling [34m4.4s [0m
[?25h[1A[1A[1A[0G[?25l[+] Pulling 6/8
 [32m✔[0m app Skipped - Image is already present locally [32m[0m[34m0.0s [0m
 [33m⠼[0m newsnow [[32m⣿⣿⣿⣿⣿⣿[0m] 48.18MB / 49.43MB Pulling [34m4.5s [0m
[?25h[1A[1A[1A[0G[?25l[+] Pulling 6/8
 [32m✔[0m app Skipped - Image is already present locally [32m[0m[34m0.0s [0m
 [33m⠴[0m newsnow [[32m⣿⣿⣿⣿⣿⣿[0m] 48.18MB / 49.43MB Pulling [34m4.6s [0m
[?25h[1A[1A[1A[0G[?25l[+] Pulling 6/8
 [32m✔[0m app Skipped - Image is already present locally [32m[0m[34m0.0s [0m
 [33m⠦[0m newsnow [[32m⣿⣿⣿⣿⣿⣿[0m] 48.18MB / 49.43MB Pulling [34m4.7s [0m
[?25h[1A[1A[1A[0G[?25l[+] Pulling 6/8
 [32m✔[0m app Skipped - Image is already present locally [32m[0m[34m0.0s [0m
 [33m⠧[0m newsnow [[32m⣿⣿⣿⣿⣿⣿[0m] 48.18MB / 49.43MB Pulling [34m4.8s [0m
[?25h[1A[1A[1A[0G[?25l[+] Pulling 6/8
 [32m✔[0m app Skipped - Image is already present locally [32m[0m[34m0.0s [0m
 [33m⠇[0m newsnow [[32m⣿⣿⣿⣿⣿⣿[0m] 48.18MB / 49.43MB Pulling [34m4.9s [0m
[?25h[1A[1A[1A[0G[?25l[+] Pulling 6/8
 [32m✔[0m app Skipped - Image is already present locally [32m[0m[34m0.0s [0m
 [33m⠏[0m newsnow [[32m⣿⣿⣿⣿⣿⣿[0m] 48.18MB / 49.43MB Pulling [34m5.0s [0m
[?25h[1A[1A[1A[0G[?25l[+] Pulling 6/8
 [32m✔[0m app Skipped - Image is already present locally [32m[0m[34m0.0s [0m
 [33m⠋[0m newsnow [[32m⣿⣿⣿⣿⣿⣿[0m] 48.18MB / 49.43MB Pulling [34m5.1s [0m
[?25h[1A[1A[1A[0G[?25l[+] Pulling 6/8
 [32m✔[0m app Skipped - Image is already present locally [32m[0m[34m0.0s [0m
 [33m⠙[0m newsnow [[32m⣿⣿⣿⣿⣿⣿[0m] 48.18MB / 49.43MB Pulling [34m5.2s [0m
[?25h[1A[1A[1A[0G[?25l[+] Pulling 6/8
 [32m✔[0m app Skipped - Image is already present locally [32m[0m[34m0.0s [0m
 [33m⠹[0m newsnow [[32m⣿⣿⣿⣿⣿⣿[0m] 48.18MB / 49.43MB Pulling [34m5.3s [0m
[?25h[1A[1A[1A[0G[?25l[+] Pulling 6/8
 [32m✔[0m app Skipped - Image is already present locally [32m[0m[34m0.0s [0m
 [33m⠸[0m newsnow [[32m⣿⣿⣿⣿⣿⣿[0m] 48.18MB / 49.43MB Pulling [34m5.4s [0m
[?25h[1A[1A[1A[0G[?25l[+] Pulling 7/8
 [32m✔[0m app Skipped - Image is already present locally [32m[0m[34m0.0s [0m
 [33m⠼[0m newsnow [[32m⣿⣿⣿⣿⣿⣿[0m] 48.18MB / 49.43MB Pulling [34m5.5s [0m
[?25h[1A[1A[1A[0G[?25l[+] Pulling 6/8
 [32m✔[0m app Skipped - Image is already present locally [32m[0m[34m0.0s [0m
 [33m⠴[0m newsnow [[32m⣿⣿⣿⣿⣿⣿[0m] 48.18MB / 49.43MB Pulling [34m5.6s [0m
[?25h[1A[1A[1A[0G[?25l[+] Pulling 6/8
 [32m✔[0m app Skipped - Image is already present locally [32m[0m[34m0.0s [0m
 [33m⠦[0m newsnow [[32m⣿⣿⣿⣿⣿⣿[0m] 48.18MB / 49.43MB Pulling [34m5.7s [0m
[?25h[1A[1A[1A[0G[?25l[+] Pulling 6/8
 [32m✔[0m app Skipped - Image is already present locally [32m[0m[34m0.0s [0m
 [33m⠧[0m newsnow [[32m⣿⣿⣿⣿⣿⣿[0m] 48.86MB / 49.43MB Pulling [34m5.8s [0m
[?25h[1A[1A[1A[0G[?25l[+] Pulling 6/8
 [32m✔[0m app Skipped - Image is already present locally [32m[0m[34m0.0s [0m
 [33m⠇[0m newsnow [[32m⣿⣿⣿⣿⣿⣿[0m] 48.86MB / 49.43MB Pulling [34m5.9s [0m
[?25h[1A[1A[1A[0G[?25l[+] Pulling 6/8
 [32m✔[0m app Skipped - Image is already present locally [32m[0m[34m0.0s [0m
 [33m⠏[0m newsnow [[32m⣿⣿⣿⣿⣿⣿[0m] 48.86MB / 49.43MB Pulling [34m6.0s [0m
[?25h[1A[1A[1A[0G[?25l[+] Pulling 6/8
 [32m✔[0m app Skipped - Image is already present locally [32m[0m[34m0.0s [0m
 [33m⠋[0m newsnow [[32m⣿⣿⣿⣿⣿⣿[0m] 48.86MB / 49.43MB Pulling [34m6.1s [0m
[?25h[1A[1A[1A[0G[?25l[+] Pulling 7/8
 [32m✔[0m app Skipped - Image is already present locally [32m[0m[34m0.0s [0m
 [33m⠙[0m newsnow [[32m⣿⣿⣿⣿⣿⣿[0m] 48.86MB / 49.43MB Pulling [34m6.2s [0m
[?25h[1A[1A[1A[0G[?25l[+] Pulling 7/8
 [32m✔[0m app Skipped - Image is already present locally [32m[0m[34m0.0s [0m
 [33m⠹[0m newsnow [[32m⣿⣿⣿⣿⣿⣿[0m] 48.86MB / 49.43MB Pulling [34m6.3s [0m
[?25h[1A[1A[1A[0G[?25l[+] Pulling 6/8
 [32m✔[0m app Skipped - Image is already present locally [32m[0m[34m0.0s [0m
 [33m⠸[0m newsnow [[32m⣿⣿⣿⣿⣿⣿[0m] 48.86MB / 49.43MB Pulling [34m6.4s [0m
[?25h[1A[1A[1A[0G[?25l[+] Pulling 6/8
 [32m✔[0m app Skipped - Image is already present locally [32m[0m[34m0.0s [0m
 [33m⠼[0m newsnow [[32m⣿⣿⣿⣿⣿⣿[0m] 48.86MB / 49.43MB Pulling [34m6.5s [0m
[?25h[1A[1A[1A[0G[?25l[+] Pulling 6/8
 [32m✔[0m app Skipped - Image is already present locally [32m[0m[34m0.0s [0m
 [33m⠴[0m newsnow [[32m⣿⣿⣿⣿⣿⣿[0m] 48.86MB / 49.43MB Pulling [34m6.6s [0m
[?25h[1A[1A[1A[0G[?25l[+] Pulling 6/8
 [32m✔[0m app Skipped - Image is already present locally [32m[0m[34m0.0s [0m
 [33m⠦[0m newsnow [[32m⣿⣿⣿⣿⣿⣿[0m] 48.86MB / 49.43MB Pulling [34m6.7s [0m
[?25h[1A[1A[1A[0G[?25l[+] Pulling 6/8
 [32m✔[0m app Skipped - Image is already present locally [32m[0m[34m0.0s [0m
 [33m⠧[0m newsnow [[32m⣿⣿⣿⣿⣿⣿[0m] 48.86MB / 49.43MB Pulling [34m6.8s [0m
[?25h[1A[1A[1A[0G[?25l[+] Pulling 7/8
 [32m✔[0m app Skipped - Image is already present locally [32m[0m[34m0.0s [0m
 [33m⠇[0m newsnow [[32m⣿⣿⣿⣿⣿⣿[0m] 48.86MB / 49.43MB Pulling [34m6.9s [0m
[?25h[1A[1A[1A[0G[?25l[+] Pulling 7/8
 [32m✔[0m app Skipped - Image is already present locally [32m[0m[34m0.0s [0m
 [33m⠏[0m newsnow [[32m⣿⣿⣿⣿⣿⣿[0m] 48.86MB / 49.43MB Pulling [34m7.0s [0m
[?25h[1A[1A[1A[0G[?25l[+] Pulling 6/8
 [32m✔[0m app Skipped - Image is already present locally [32m[0m[34m0.0s [0m
 [33m⠋[0m newsnow [[32m⣿⣿⣿⣿⣿⣿[0m] 48.86MB / 49.43MB Pulling [34m7.1s [0m
[?25h[1A[1A[1A[0G[?25l[+] Pulling 6/8
 [32m✔[0m app Skipped - Image is already present locally [32m[0m[34m0.0s [0m
 [33m⠙[0m newsnow [[32m⣿⣿⣿⣿⣿⣿[0m] 48.86MB / 49.43MB Pulling [34m7.2s [0m
[?25h[1A[1A[1A[0G[?25l[+] Pulling 6/8
 [32m✔[0m app Skipped - Image is already present locally [32m[0m[34m0.0s [0m
 [33m⠹[0m newsnow [[32m⣿⣿⣿⣿⣿⣿[0m] 48.86MB / 49.43MB Pulling [34m7.3s [0m
[?25h[1A[1A[1A[0G[?25l[+] Pulling 6/8
 [32m✔[0m app Skipped - Image is already present locally [32m[0m[34m0.0s [0m
 [33m⠸[0m newsnow [[32m⣿⣿⣿⣿⣿⣿[0m] 48.86MB / 49.43MB Pulling [34m7.4s [0m
[?25h[1A[1A[1A[0G[?25l[+] Pulling 6/8
 [32m✔[0m app Skipped - Image is already present locally [32m[0m[34m0.0s [0m
 [33m⠼[0m newsnow [[32m⣿⣿⣿⣿⣿⣿[0m] 48.86MB / 49.43MB Pulling [34m7.5s [0m
[?25h[1A[1A[1A[0G[?25l[+] Pulling 7/8
 [32m✔[0m app Skipped - Image is already present locally [32m[0m[34m0.0s [0m
 [33m⠴[0m newsnow [[32m⣿⣿⣿⣿⣿⣿[0m] 48.86MB / 49.43MB Pulling [34m7.6s [0m
[?25h[1A[1A[1A[0G[?25l[+] Pulling 7/8
 [32m✔[0m app Skipped - Image is already present locally [32m[0m[34m0.0s [0m
 [33m⠦[0m newsnow [[32m⣿⣿⣿⣿⣿⣿[0m] 48.86MB / 49.43MB Pulling [34m7.7s [0m
[?25h[1A[1A[1A[0G[?25l[+] Pulling 7/8
 [32m✔[0m app Skipped - Image is already present locally [32m[0m[34m0.0s [0m
 [33m⠧[0m newsnow [[32m⣿⣿⣿⣿⣿⣿[0m] 48.86MB / 49.43MB Pulling [34m7.8s [0m
[?25h[1A[1A[1A[0G[?25l[+] Pulling 7/8
 [32m✔[0m app Skipped - Image is already present locally [32m[0m[34m0.0s [0m
 [33m⠇[0m newsnow [[32m⣿⣿⣿⣿⣿⣿[0m] 48.86MB / 49.43MB Pulling [34m7.9s [0m
[?25h[1A[1A[1A[0G[?25l[+] Pulling 7/8
 [32m✔[0m app Skipped - Image is already present locally [32m[0m[34m0.0s [0m
 [33m⠏[0m newsnow [[32m⣿⣿⣿⣿⣿⣿[0m] 48.86MB / 49.43MB Pulling [34m8.0s [0m
[?25h[1A[1A[1A[0G[?25l[+] Pulling 6/8
 [32m✔[0m app Skipped - Image is already present locally [32m[0m[34m0.0s [0m
 [33m⠋[0m newsnow [[32m⣿⣿⣿⣿⣿⣿[0m] 48.86MB / 49.43MB Pulling [34m8.1s [0m
[?25h[1A[1A[1A[0G[?25l[+] Pulling 6/8
 [32m✔[0m app Skipped - Image is already present locally [32m[0m[34m0.0s [0m
 [33m⠙[0m newsnow [[32m⣿⣿⣿⣿⣿⣿[0m] 48.86MB / 49.43MB Pulling [34m8.2s [0m
[?25h[1A[1A[1A[0G[?25l[+] Pulling 6/8
 [32m✔[0m app Skipped - Image is already present locally [32m[0m[34m0.0s [0m
 [33m⠹[0m newsnow [[32m⣿⣿⣿⣿⣿⣿[0m] 48.86MB / 49.43MB Pulling [34m8.3s [0m
[?25h[1A[1A[1A[0G[?25l[+] Pulling 6/8
 [32m✔[0m app Skipped - Image is already present locally [32m[0m[34m0.0s [0m
 [33m⠸[0m newsnow [[32m⣿⣿⣿⣿⣿⣿[0m] 48.86MB / 49.43MB Pulling [34m8.4s [0m
[?25h[1A[1A[1A[0G[?25l[+] Pulling 6/8
 [32m✔[0m app Skipped - Image is already present locally [32m[0m[34m0.0s [0m
 [33m⠼[0m newsnow [[32m⣿⣿⣿⣿⣿⣿[0m] 48.86MB / 49.43MB Pulling [34m8.5s [0m
[?25h[1A[1A[1A[0G[?25l[+] Pulling 6/8
 [32m✔[0m app Skipped - Image is already present locally [32m[0m[34m0.0s [0m
 [33m⠴[0m newsnow [[32m⣿⣿⣿⣿⣿⣿[0m] 49.43MB / 49.43MB Pulling [34m8.6s [0m
[?25h[1A[1A[1A[0G[?25l[+] Pulling 6/8
 [32m✔[0m app Skipped - Image is already present locally [32m[0m[34m0.0s [0m
 [33m⠦[0m newsnow [[32m⣿⣿⣿⣿⣿⣿[0m] 49.43MB / 49.43MB Pulling [34m8.7s [0m
[?25h[1A[1A[1A[0G[?25l[+] Pulling 6/8
 [32m✔[0m app Skipped - Image is already present locally [32m[0m[34m0.0s [0m
 [33m⠧[0m newsnow [[32m⣿⣿⣿⣿⣿⣿[0m] 49.43MB / 49.43MB Pulling [34m8.8s [0m
[?25h[1A[1A[1A[0G[?25l[+] Pulling 6/8
 [32m✔[0m app Skipped - Image is already present locally [32m[0m[34m0.0s [0m
 [33m⠇[0m newsnow [[32m⣿⣿⣿⣿⣿⣿[0m] 49.43MB / 49.43MB Pulling [34m8.9s [0m
[?25h[1A[1A[1A[0G[?25l[+] Pulling 6/8
 [32m✔[0m app Skipped - Image is already present locally [32m[0m[34m0.0s [0m
 [33m⠏[0m newsnow [[32m⣿⣿⣿⣿⣿⣿[0m] 49.43MB / 49.43MB Pulling [34m9.0s [0m
[?25h[1A[1A[1A[0G[?25l[+] Pulling 6/8
 [32m✔[0m app Skipped - Image is already present locally [32m[0m[34m0.0s [0m
 [33m⠋[0m newsnow [[32m⣿⣿⣿⣿⣿⣿[0m] 49.43MB / 49.43MB Pulling [34m9.1s [0m
[?25h[1A[1A[1A[0G[?25l[+] Pulling 7/8
 [32m✔[0m app Skipped - Image is already present locally [32m[0m[34m0.0s [0m
 [33m⠙[0m newsnow [[32m⣿⣿⣿⣿⣿⣿[0m] 49.43MB / 49.43MB Pulling [34m9.2s [0m
[?25h[1A[1A[1A[0G[?25l[+] Pulling 7/8
 [32m✔[0m app Skipped - Image is already present locally [32m[0m[34m0.0s [0m
 [33m⠹[0m newsnow [[32m⣿⣿⣿⣿⣿⣿[0m] 49.43MB / 49.43MB Pulling [34m9.3s [0m
[?25h[1A[1A[1A[0G[?25l[+] Pulling 7/8
 [32m✔[0m app Skipped - Image is already present locally [32m[0m[34m0.0s [0m
 [33m⠸[0m newsnow [[32m⣿⣿⣿⣿⣿⣿[0m] 49.43MB / 49.43MB Pulling [34m9.4s [0m
[?25h[1A[1A[1A[0G[?25l[+] Pulling 7/8
 [32m✔[0m app Skipped - Image is already present locally [32m[0m[34m0.0s [0m
 [33m⠼[0m newsnow [[32m⣿⣿⣿⣿⣿⣿[0m] 49.43MB / 49.43MB Pulling [34m9.5s [0m
[?25h[1A[1A[1A[0G[?25l[+] Pulling 7/8
 [32m✔[0m app Skipped - Image is already present locally [32m[0m[34m0.0s [0m
 [33m⠴[0m newsnow [[32m⣿⣿⣿⣿⣿⣿[0m] 49.43MB / 49.43MB Pulling [34m9.6s [0m
[?25h[1A[1A[1A[0G[?25l[+] Pulling 7/8
 [32m✔[0m app Skipped - Image is already present locally [32m[0m[34m0.0s [0m
 [33m⠦[0m newsnow [[32m⣿⣿⣿⣿⣿⣿[0m] 49.43MB / 49.43MB Pulling [34m9.7s [0m
[?25h[1A[1A[1A[0G[?25l[+] Pulling 7/8
 [32m✔[0m app Skipped - Image is already present locally [32m[0m[34m0.0s [0m
 [33m⠧[0m newsnow [[32m⣿⣿⣿⣿⣿⣿[0m] 49.43MB / 49.43MB Pulling [34m9.8s [0m
[?25h[1A[1A[1A[0G[?25l[+] Pulling 7/8
 [32m✔[0m app Skipped - Image is already present locally [32m[0m[34m0.0s [0m
 [33m⠇[0m newsnow [[32m⣿⣿⣿⣿⣿⣿[0m] 49.43MB / 49.43MB Pulling [34m9.9s [0m
[?25h[1A[1A[1A[0G[?25l[+] Pulling 8/8
 [32m✔[0m app Skipped - Image is already present locally [32m[0m[34m0.0s [0m
 [32m✔[0m newsnow Pulled                     [32m[0m[34m9.9s [0m
[?25h