IDX BOOT ID                          FIRST ENTRY                 LAST ENTRY
-22 8229750761f843c582c36185eac06cb9 Sun 2025-09-28 17:54:40 CST Sun 2025-09-28 17:59:32 CST
-21 c6c5ec7f15ca4528a8462bc205a8a3a0 Sun 2025-09-28 17:59:50 CST Mon 2025-09-29 10:58:34 CST
-20 afd2f108a564478ba82935805f9b2e39 Mon 2025-09-29 10:58:54 CST Mon 2025-09-29 12:46:46 CST
-19 b02c5fc001f2450c99ac0089871a9c52 Mon 2025-09-29 12:50:49 CST Tue 2025-09-30 14:51:02 CST
-18 af26f81c0a6a4cfab00093a11205e211 Tue 2025-09-30 14:51:20 CST Fri 2025-10-03 21:01:51 CST
-17 977e6b5612224c10b4e669e5ccb14834 Fri 2025-10-03 21:10:29 CST Fri 2025-10-03 21:11:26 CST
-16 93f11407c5eb412f8620ba9a289a172a Thu 2025-10-09 08:50:29 CST Sat 2025-10-11 14:37:51 CST
-15 118afa1681194937877425773559577a Sat 2025-10-11 14:38:09 CST Mon 2025-10-13 08:53:40 CST
-14 1bcbd185c1874fe1a1d1f195e18b22f7 Mon 2025-10-13 08:57:36 CST Wed 2025-10-15 13:50:53 CST
-13 d48b6ffaaf444e5383d54915afeab5b3 Wed 2025-10-15 13:51:31 CST Fri 2025-10-17 19:18:36 CST
-12 3208b55356844093affd4e0055834135 Fri 2025-10-17 19:18:53 CST Sun 2025-10-19 09:19:17 CST
-11 a79ad3eeab0144ed9e063e827f2dc67c Sun 2025-10-19 09:19:35 CST Sun 2025-10-19 15:01:51 CST
-10 a996a6300ff34b70aa5fde4b98c0d2cb Sun 2025-10-19 15:02:23 CST Sun 2025-10-19 15:12:18 CST
 -9 26132e3b485c472e9e9ccb8060794f2f Sun 2025-10-19 15:12:40 CST Sun 2025-10-19 16:21:31 CST
 -8 42829981d1c04e6488934d7030675caf Sun 2025-10-19 16:22:19 CST Sun 2025-10-19 16:56:33 CST
 -7 aa08e94e47244a7ba960302e9ed3ad77 Sun 2025-10-19 16:57:21 CST Sun 2025-10-19 17:02:59 CST
 -6 7b6943c9b7164c0d81c45c386cd779d6 Sun 2025-10-19 17:03:17 CST Sun 2025-10-19 17:05:13 CST
 -5 f87e0e5df92040068ca7d4bbb6deaa00 Sun 2025-10-19 17:07:59 CST Sun 2025-10-19 17:09:09 CST
 -4 a413863b985e469a9f1d865a70816b84 Sun 2025-10-19 17:09:45 CST Sun 2025-10-19 17:10:54 CST
 -3 ce3e1eba3f134d13bc985d5bf2ecb072 Sun 2025-10-19 17:11:24 CST Wed 2025-10-22 19:02:08 CST
 -2 3411eef6b5494cd0a6b6db5a846f78ae Wed 2025-10-22 19:02:27 CST Wed 2025-11-12 23:35:48 CST
 -1 63016b772ff54999b286e0db3c4163b9 Wed 2025-11-12 23:36:07 CST Fri 2025-11-14 23:44:06 CST
  0 1287b6bbdf6a4b1aad60c9414b6fe0c6 Fri 2025-11-14 23:44:25 CST Sun 2025-11-16 20:45:20 CST
