default.target
○ ├─display-manager.service
○ ├─systemd-update-utmp-runlevel.service
● └─multi-user.target
●   ├─dbus.service
○   ├─e2scrub_reap.service
●   ├─hportal-server.service
●   ├─lzc-base-daemon.service
●   ├─lzc-os.service
●   ├─lzc-plymouth.service
●   ├─lzc-wifip2p-switcher.service
●   ├─NetworkManager.service
○   ├─plymouth-quit-wait.service
○   ├─plymouth-quit.service
●   ├─systemd-ask-password-wall.path
●   ├─systemd-logind.service
○   ├─systemd-update-utmp-runlevel.service
●   ├─systemd-user-sessions.service
●   ├─wpa_supplicant.service
●   ├─basic.target
○   │ ├─tmp.mount
●   │ ├─paths.target
●   │ ├─slices.target
●   │ │ ├─-.slice
●   │ │ └─system.slice
●   │ ├─sockets.target
●   │ │ ├─dbus.socket
●   │ │ ├─systemd-initctl.socket
●   │ │ ├─systemd-journald-dev-log.socket
●   │ │ ├─systemd-journald.socket
●   │ │ ├─systemd-udevd-control.socket
●   │ │ └─systemd-udevd-kernel.socket
●   │ ├─sysinit.target
●   │ │ ├─apparmor.service
●   │ │ ├─dev-hugepages.mount
●   │ │ ├─dev-mqueue.mount
●   │ │ ├─kmod-static-nodes.service
●   │ │ ├─ldconfig.service
○   │ │ ├─plymouth-read-write.service
○   │ │ ├─plymouth-start.service
●   │ │ ├─proc-sys-fs-binfmt_misc.automount
●   │ │ ├─sys-fs-fuse-connections.mount
●   │ │ ├─sys-kernel-config.mount
●   │ │ ├─sys-kernel-debug.mount
●   │ │ ├─sys-kernel-tracing.mount
●   │ │ ├─systemd-ask-password-console.path
○   │ │ ├─systemd-binfmt.service
○   │ │ ├─systemd-firstboot.service
○   │ │ ├─systemd-hwdb-update.service
●   │ │ ├─systemd-journal-catalog-update.service
●   │ │ ├─systemd-journal-flush.service
●   │ │ ├─systemd-journald.service
○   │ │ ├─systemd-machine-id-commit.service
●   │ │ ├─systemd-modules-load.service
○   │ │ ├─systemd-pcrmachine.service
○   │ │ ├─systemd-pcrphase-sysinit.service
○   │ │ ├─systemd-pcrphase.service
○   │ │ ├─systemd-pstore.service
●   │ │ ├─systemd-random-seed.service
○   │ │ ├─systemd-repart.service
●   │ │ ├─systemd-resolved.service
●   │ │ ├─systemd-sysctl.service
●   │ │ ├─systemd-sysusers.service
●   │ │ ├─systemd-timesyncd.service
●   │ │ ├─systemd-tmpfiles-setup-dev-early.service
●   │ │ ├─systemd-tmpfiles-setup-dev.service
●   │ │ ├─systemd-tmpfiles-setup.service
●   │ │ ├─systemd-udev-trigger.service
●   │ │ ├─systemd-udevd.service
●   │ │ ├─systemd-update-done.service
●   │ │ ├─systemd-update-utmp.service
●   │ │ ├─cryptsetup.target
●   │ │ ├─integritysetup.target
●   │ │ ├─local-fs.target
●   │ │ │ └─systemd-remount-fs.service
●   │ │ ├─swap.target
●   │ │ └─veritysetup.target
●   │ └─timers.target
●   │   ├─apt-daily-upgrade.timer
●   │   ├─apt-daily.timer
●   │   ├─dpkg-db-backup.timer
●   │   ├─e2scrub_all.timer
●   │   ├─fstrim.timer
●   │   └─systemd-tmpfiles-clean.timer
●   ├─getty.target
○   │ ├─getty-static.service
○   │ └─getty@tty1.service
●   └─remote-fs.target
