Version=254.22-1~bpo12+1
Features=+PAM +AUDIT +SELINUX +APPARMOR +IMA +SMACK +SECCOMP +GCRYPT -GNUTLS +OPENSSL +ACL +BLKID +CURL +ELFUTILS +FIDO2 +IDN2 -IDN +IPTC +KMOD +LIBCRYPTSETUP +LIBFDISK +PCRE2 -PWQUALITY +P11KIT +QRENCODE +TPM2 +BZIP2 +LZ4 +XZ +ZLIB +ZSTD -BPF_FRAMEWORK -XKBCOMMON +UTMP +SYSVINIT default-hierarchy=unified
Architecture=x86-64
FirmwareTimestampMonotonic=13307835
LoaderTimestampMonotonic=1473751
KernelTimestamp=Fri 2025-11-14 23:44:21 CST
KernelTimestampMonotonic=0
InitRDTimestampMonotonic=0
UserspaceTimestamp=Fri 2025-11-14 23:44:24 CST
UserspaceTimestampMonotonic=2939705
FinishTimestamp=Fri 2025-11-14 23:44:33 CST
FinishTimestampMonotonic=11505975
SecurityStartTimestamp=Fri 2025-11-14 23:44:24 CST
SecurityStartTimestampMonotonic=2944059
SecurityFinishTimestamp=Fri 2025-11-14 23:44:24 CST
SecurityFinishTimestampMonotonic=2944732
GeneratorsStartTimestamp=Fri 2025-11-14 23:44:24 CST
GeneratorsStartTimestampMonotonic=2967420
GeneratorsFinishTimestamp=Fri 2025-11-14 23:44:24 CST
GeneratorsFinishTimestampMonotonic=2991763
UnitsLoadStartTimestamp=Fri 2025-11-14 23:44:24 CST
UnitsLoadStartTimestampMonotonic=2991772
UnitsLoadFinishTimestamp=Fri 2025-11-14 23:44:24 CST
UnitsLoadFinishTimestampMonotonic=3053265
UnitsLoadTimestamp=Fri 2025-11-14 23:44:41 CST
UnitsLoadTimestampMonotonic=19842667
InitRDSecurityStartTimestampMonotonic=0
InitRDSecurityFinishTimestampMonotonic=0
InitRDGeneratorsStartTimestampMonotonic=0
InitRDGeneratorsFinishTimestampMonotonic=0
InitRDUnitsLoadStartTimestampMonotonic=0
InitRDUnitsLoadFinishTimestampMonotonic=0
LogLevel=info
LogTarget=journal-or-kmsg
NNames=530
NFailedUnits=0
NJobs=0
NInstalledJobs=180
NFailedJobs=0
Progress=1
Environment=LANG=C.UTF-8 PATH=/usr/local/sbin:/usr/local/bin:/usr/sbin:/usr/bin:/sbin:/bin
ConfirmSpawn=no
ShowStatus=no
UnitPath=/etc/systemd/system.control /run/systemd/system.control /run/systemd/transient /run/systemd/generator.early /etc/systemd/system /etc/systemd/system.attached /run/systemd/system /run/systemd/system.attached /run/systemd/generator /usr/local/lib/systemd/system /lib/systemd/system /usr/lib/systemd/system /run/systemd/generator.late
DefaultStandardOutput=journal
DefaultStandardError=inherit
WatchdogLastPingTimestampMonotonic=18446744073709551615
RuntimeWatchdogUSec=0
RuntimeWatchdogPreUSec=0
RebootWatchdogUSec=1min 30s
KExecWatchdogUSec=0
ServiceWatchdogs=yes
SystemState=running
DefaultTimerAccuracyUSec=1min
DefaultTimeoutStartUSec=1min 30s
DefaultTimeoutStopUSec=1min 30s
DefaultTimeoutAbortUSec=1min 30s
DefaultDeviceTimeoutUSec=1min 30s
DefaultRestartUSec=100ms
DefaultStartLimitIntervalUSec=10s
DefaultStartLimitBurst=5
DefaultCPUAccounting=yes
DefaultBlockIOAccounting=no
DefaultIOAccounting=no
DefaultIPAccounting=no
DefaultMemoryAccounting=yes
DefaultTasksAccounting=yes
DefaultLimitCPU=infinity
DefaultLimitCPUSoft=infinity
DefaultLimitFSIZE=infinity
DefaultLimitFSIZESoft=infinity
DefaultLimitDATA=infinity
DefaultLimitDATASoft=infinity
DefaultLimitSTACK=infinity
DefaultLimitSTACKSoft=8388608
DefaultLimitCORE=infinity
DefaultLimitCORESoft=0
DefaultLimitRSS=infinity
DefaultLimitRSSSoft=infinity
DefaultLimitNOFILE=524288
DefaultLimitNOFILESoft=1024
DefaultLimitAS=infinity
DefaultLimitASSoft=infinity
DefaultLimitNPROC=62985
DefaultLimitNPROCSoft=62985
DefaultLimitMEMLOCK=8388608
DefaultLimitMEMLOCKSoft=8388608
DefaultLimitLOCKS=infinity
DefaultLimitLOCKSSoft=infinity
DefaultLimitSIGPENDING=62985
DefaultLimitSIGPENDINGSoft=62985
DefaultLimitMSGQUEUE=819200
DefaultLimitMSGQUEUESoft=819200
DefaultLimitNICE=0
DefaultLimitNICESoft=0
DefaultLimitRTPRIO=0
DefaultLimitRTPRIOSoft=0
DefaultLimitRTTIME=infinity
DefaultLimitRTTIMESoft=infinity
DefaultTasksMax=18895
DefaultMemoryPressureThresholdUSec=200ms
DefaultMemoryPressureWatch=auto
TimerSlackNSec=50000
DefaultOOMPolicy=stop
DefaultOOMScoreAdjust=0
CtrlAltDelBurstAction=reboot-force
