[2025-10-31T08:46:09.952Z] error Error: Response closed without headers
Stack: @user-script:16:19:33
@http://localhost:55779/assets/index-BO2WmJde.js:1016:83
---
[2025-10-31T08:46:10.031Z] pollingRuntime updateBoxList Error: Response closed without headers 2
Stack: @user-script:16:19:33
@http://localhost:55779/assets/index-BO2WmJde.js:1015:278273
---
[2025-10-31T08:46:10.927Z] pollingRuntime updateBoxList Error: 盒子调度还未开始 2
Stack: @user-script:16:19:33
@http://localhost:55779/assets/index-BO2WmJde.js:1015:278273
---
[2025-10-31T08:46:11.819Z] pollingRuntime updateBoxList Error: 盒子调度还未开始 2
Stack: @user-script:16:19:33
@http://localhost:55779/assets/index-BO2WmJde.js:1015:278273
---
[2025-11-02T09:19:58.074Z] error Error: updateBoxList wait timeout
Stack: @user-script:16:19:33
@http://localhost:52751/assets/index-BO2WmJde.js:1016:83
---
[2025-11-02T09:19:58.136Z] pollingRuntime updateBoxList Error: 盒子调度还未开始 2
Stack: @user-script:16:19:33
@http://localhost:52751/assets/index-BO2WmJde.js:1015:278273
---
[2025-11-02T09:19:59.026Z] pollingRuntime updateBoxList Error: 盒子调度还未开始 2
Stack: @user-script:16:19:33
@http://localhost:52751/assets/index-BO2WmJde.js:1015:278273
---
[2025-11-05T15:05:31.938Z] error Error: updateBoxList wait timeout
Stack: @user-script:16:19:33
@http://localhost:51521/assets/index-BO2WmJde.js:1016:83
---
[2025-11-05T15:05:32.347Z] pollingRuntime updateBoxList Error: Response closed without headers 2
Stack: @user-script:16:19:33
@http://localhost:51521/assets/index-BO2WmJde.js:1015:278273
---
[2025-11-05T15:05:32.890Z] pollingRuntime updateBoxList Error: 盒子调度还未开始 2
Stack: @user-script:16:19:33
@http://localhost:51521/assets/index-BO2WmJde.js:1015:278273
---
[2025-11-05T15:12:18.507Z] AxiosError: Network Error
Stack: @user-script:16:19:33
@http://localhost:51521/assets/index-BO2WmJde.js:64:14290
---
[2025-11-05T15:13:06.317Z] error Error: updateBoxList wait timeout
Stack: @user-script:16:19:33
@http://localhost:52453/assets/index-BO2WmJde.js:1016:83
---
[2025-11-05T15:13:07.612Z] pollingRuntime updateBoxList Error: Response closed without headers 2
Stack: @user-script:16:19:33
@http://localhost:52453/assets/index-BO2WmJde.js:1015:278273
---
[2025-11-05T15:13:09.123Z] AxiosError: Network Error
Stack: @user-script:16:19:33
@http://localhost:52453/assets/index-BO2WmJde.js:64:14290
---
[2025-11-05T15:13:09.436Z] AxiosError: Network Error
Stack: @user-script:16:19:33
@http://localhost:52453/assets/index-BO2WmJde.js:64:14290
---
[2025-11-05T15:13:28.736Z] 回调函数无效
Stack: @user-script:16:19:33
@http://localhost:52453/assets/index-BO2WmJde.js:1017:1445
---
[2025-11-05T15:13:39.233Z] error Error: 盒子调度还未开始
Stack: @user-script:16:19:33
@http://localhost:52602/assets/index-BO2WmJde.js:1016:83
---
[2025-11-05T15:13:39.285Z] pollingRuntime updateBoxList Error: 盒子调度还未开始 2
Stack: @user-script:16:19:33
@http://localhost:52602/assets/index-BO2WmJde.js:1015:278273
---
[2025-11-05T15:13:40.171Z] pollingRuntime updateBoxList Error: 盒子调度还未开始 2
Stack: @user-script:16:19:33
@http://localhost:52602/assets/index-BO2WmJde.js:1015:278273
---
[2025-11-05T15:13:41.091Z] pollingRuntime updateBoxList Error: 盒子调度还未开始 2
Stack: @user-script:16:19:33
@http://localhost:52602/assets/index-BO2WmJde.js:1015:278273
---
[2025-11-05T15:13:42.712Z] AxiosError: Network Error
Stack: @user-script:16:19:33
@http://localhost:52602/assets/index-BO2WmJde.js:64:14290
---
[2025-11-05T15:17:01.183Z] TypeError: Attempted to assign to readonly property.
Stack: @user-script:16:19:33
logError@http://localhost:52602/assets/index-BO2WmJde.js:17:1597
handleError@http://localhost:52602/assets/index-BO2WmJde.js:17:1524
callWithErrorHandling@http://localhost:52602/assets/index-BO2WmJde.js:17:820
callWithAsyncErrorHandling@http://localhost:52602/assets/index-BO2WmJde.js:17:923
emit@http://localhost:52602/assets/index-BO2WmJde.js:17:46635
v@http://localhost:52602/assets/index-BO2WmJde.js:1015:266116
@http://localhost:52602/assets/index-BO2WmJde.js:1015:264335
event@http://localhost:52602/assets/index-BO2WmJde.js:1015:264579
onClick@http://localhost:52602/assets/index-BO2WmJde.js:1015:267151
callWithErrorHandling@http://localhost:52602/assets/index-BO2WmJde.js:17:789
callWithAsyncErrorHandling@http://localhost:52602/assets/index-BO2WmJde.js:17:923
emit@http://localhost:52602/assets/index-BO2WmJde.js:17:46635
s@http://localhost:52602/assets/index-BO2WmJde.js:995:125726
callWithErrorHandling@http://localhost:52602/assets/index-BO2WmJde.js:17:789
callWithAsyncErrorHandling@http://localhost:52602/assets/index-BO2WmJde.js:17:923
n@http://localhost:52602/assets/index-BO2WmJde.js:21:10627
---
[2025-11-05T15:17:07.517Z] Error: Response closed without headers
Stack: @user-script:16:19:33
@http://localhost:52602/assets/index-BO2WmJde.js:1015:225772
---
[2025-11-05T15:17:14.537Z] Error: connection error: desc = "transport: Error while dialing: failed to dial: failed to dial 12D3KooWA2cxDsNRXY1q5jYKkCpHYBjpSS9M6H4xr1uD78JPS223: all dials failed\n  * [/ip4/10.0.0.251/udp/5500/quic-v1] gater disallows connection to peer\n  * [/ip6/240e:3a3:2203:d3b0:fe23:33ba:bc70:1d8d/udp/5500/quic-v1] gater disallows connection to peer\n  * [/ip4/100.105.69.55/tcp/31432] dial tcp4 100.105.69.55:31432: connect: connection refused\n  * [/ip4/10.0.0.251/tcp/5500] dial tcp4 10.0.0.251:5500: connect: connection refused\n  * [/p2p/12D3KooWLSgi8393n55MLNZ2eKWG7JgKnff7zypPNxqYqYUQqA27/p2p-circuit] error opening relay circuit: CONNECTION_FAILED (203)\n  * [/ip6/240e:3a3:2203:d3b0:fe23:33ba:bc70:1d8d/tcp/5500] dial tcp6 [240e:3a3:2203:d3b0:fe23:33ba:bc70:1d8d]:5500: connect: connection refused"
Stack: @user-script:16:19:33
@http://localhost:52602/assets/index-BO2WmJde.js:1015:225772
---
[2025-11-06T01:16:45.591Z] error Error: 盒子调度还未开始
Stack: @user-script:16:19:33
@http://localhost:56576/assets/index-BO2WmJde.js:1016:83
---
[2025-11-06T01:16:45.674Z] pollingRuntime updateBoxList Error: 盒子调度还未开始 2
Stack: @user-script:16:19:33
@http://localhost:56576/assets/index-BO2WmJde.js:1015:278273
---
[2025-11-06T01:16:46.556Z] pollingRuntime updateBoxList Error: 盒子调度还未开始 2
Stack: @user-script:16:19:33
@http://localhost:56576/assets/index-BO2WmJde.js:1015:278273
---
[2025-11-06T01:16:48.184Z] Error: Response closed without headers
Stack: @user-script:16:19:33
@http://localhost:56576/assets/index-BO2WmJde.js:1015:225772
---
[2025-11-06T01:16:56.340Z] AxiosError: Network Error
Stack: @user-script:16:19:33
@http://localhost:56576/assets/index-BO2WmJde.js:64:14290
---
[2025-11-06T01:16:58.024Z] AxiosError: Network Error
Stack: @user-script:16:19:33
@http://localhost:56576/assets/index-BO2WmJde.js:64:14290
---
[2025-11-06T01:22:02.930Z] error Error: 盒子调度还未开始
Stack: @user-script:16:19:33
@http://localhost:56800/assets/index-BpMQncfo.js:1016:83
---
[2025-11-06T01:22:03.019Z] pollingRuntime updateBoxList Error: 盒子调度还未开始 2
Stack: @user-script:16:19:33
@http://localhost:56800/assets/index-BpMQncfo.js:1015:279288
---
[2025-11-06T01:22:03.902Z] pollingRuntime updateBoxList Error: 盒子调度还未开始 2
Stack: @user-script:16:19:33
@http://localhost:56800/assets/index-BpMQncfo.js:1015:279288
---
[2025-11-06T01:22:04.803Z] pollingRuntime updateBoxList Error: 盒子调度还未开始 2
Stack: @user-script:16:19:33
@http://localhost:56800/assets/index-BpMQncfo.js:1015:279288
---
[2025-11-06T01:22:05.705Z] pollingRuntime updateBoxList Error: 盒子调度还未开始 2
Stack: @user-script:16:19:33
@http://localhost:56800/assets/index-BpMQncfo.js:1015:279288
---
[2025-11-06T01:22:06.614Z] pollingRuntime updateBoxList Error: 盒子调度还未开始 2
Stack: @user-script:16:19:33
@http://localhost:56800/assets/index-BpMQncfo.js:1015:279288
---
[2025-11-06T01:22:07.503Z] pollingRuntime updateBoxList Error: 盒子调度还未开始 2
Stack: @user-script:16:19:33
@http://localhost:56800/assets/index-BpMQncfo.js:1015:279288
---
[2025-11-06T01:22:08.405Z] pollingRuntime updateBoxList Error: 盒子调度还未开始 2
Stack: @user-script:16:19:33
@http://localhost:56800/assets/index-BpMQncfo.js:1015:279288
---
[2025-11-06T01:22:09.305Z] pollingRuntime updateBoxList Error: 盒子调度还未开始 2
Stack: @user-script:16:19:33
@http://localhost:56800/assets/index-BpMQncfo.js:1015:279288
---
[2025-11-06T01:22:10.207Z] pollingRuntime updateBoxList Error: 盒子调度还未开始 2
Stack: @user-script:16:19:33
@http://localhost:56800/assets/index-BpMQncfo.js:1015:279288
---
[2025-11-06T01:22:11.108Z] pollingRuntime updateBoxList Error: 盒子调度还未开始 2
Stack: @user-script:16:19:33
@http://localhost:56800/assets/index-BpMQncfo.js:1015:279288
---
[2025-11-06T01:22:12.009Z] pollingRuntime updateBoxList Error: 盒子调度还未开始 2
Stack: @user-script:16:19:33
@http://localhost:56800/assets/index-BpMQncfo.js:1015:279288
---
[2025-11-06T01:22:12.910Z] pollingRuntime updateBoxList Error: 盒子调度还未开始 2
Stack: @user-script:16:19:33
@http://localhost:56800/assets/index-BpMQncfo.js:1015:279288
---
[2025-11-06T01:22:13.811Z] pollingRuntime updateBoxList Error: 盒子调度还未开始 2
Stack: @user-script:16:19:33
@http://localhost:56800/assets/index-BpMQncfo.js:1015:279288
---
[2025-11-06T01:22:14.712Z] pollingRuntime updateBoxList Error: 盒子调度还未开始 2
Stack: @user-script:16:19:33
@http://localhost:56800/assets/index-BpMQncfo.js:1015:279288
---
[2025-11-06T01:22:15.614Z] pollingRuntime updateBoxList Error: 盒子调度还未开始 2
Stack: @user-script:16:19:33
@http://localhost:56800/assets/index-BpMQncfo.js:1015:279288
---
[2025-11-06T01:22:16.514Z] pollingRuntime updateBoxList Error: 盒子调度还未开始 2
Stack: @user-script:16:19:33
@http://localhost:56800/assets/index-BpMQncfo.js:1015:279288
---
[2025-11-06T01:22:17.414Z] pollingRuntime updateBoxList Error: 盒子调度还未开始 2
Stack: @user-script:16:19:33
@http://localhost:56800/assets/index-BpMQncfo.js:1015:279288
---
[2025-11-06T01:22:18.315Z] pollingRuntime updateBoxList Error: 盒子调度还未开始 2
Stack: @user-script:16:19:33
@http://localhost:56800/assets/index-BpMQncfo.js:1015:279288
---
[2025-11-06T01:22:19.216Z] pollingRuntime updateBoxList Error: 盒子调度还未开始 2
Stack: @user-script:16:19:33
@http://localhost:56800/assets/index-BpMQncfo.js:1015:279288
---
[2025-11-06T01:22:20.117Z] pollingRuntime updateBoxList Error: 盒子调度还未开始 2
Stack: @user-script:16:19:33
@http://localhost:56800/assets/index-BpMQncfo.js:1015:279288
---
[2025-11-06T01:22:21.017Z] pollingRuntime updateBoxList Error: 盒子调度还未开始 2
Stack: @user-script:16:19:33
@http://localhost:56800/assets/index-BpMQncfo.js:1015:279288
---
[2025-11-06T01:22:21.918Z] pollingRuntime updateBoxList Error: 盒子调度还未开始 2
Stack: @user-script:16:19:33
@http://localhost:56800/assets/index-BpMQncfo.js:1015:279288
---
[2025-11-06T01:22:22.819Z] pollingRuntime updateBoxList Error: 盒子调度还未开始 2
Stack: @user-script:16:19:33
@http://localhost:56800/assets/index-BpMQncfo.js:1015:279288
---
[2025-11-06T01:22:23.721Z] pollingRuntime updateBoxList Error: 盒子调度还未开始 2
Stack: @user-script:16:19:33
@http://localhost:56800/assets/index-BpMQncfo.js:1015:279288
---
[2025-11-06T01:22:24.622Z] pollingRuntime updateBoxList Error: 盒子调度还未开始 2
Stack: @user-script:16:19:33
@http://localhost:56800/assets/index-BpMQncfo.js:1015:279288
---
[2025-11-06T01:22:25.523Z] pollingRuntime updateBoxList Error: 盒子调度还未开始 2
Stack: @user-script:16:19:33
@http://localhost:56800/assets/index-BpMQncfo.js:1015:279288
---
[2025-11-06T01:22:26.422Z] pollingRuntime updateBoxList Error: 盒子调度还未开始 2
Stack: @user-script:16:19:33
@http://localhost:56800/assets/index-BpMQncfo.js:1015:279288
---
[2025-11-06T01:22:27.324Z] pollingRuntime updateBoxList Error: 盒子调度还未开始 2
Stack: @user-script:16:19:33
@http://localhost:56800/assets/index-BpMQncfo.js:1015:279288
---
[2025-11-06T01:22:28.224Z] pollingRuntime updateBoxList Error: 盒子调度还未开始 2
Stack: @user-script:16:19:33
@http://localhost:56800/assets/index-BpMQncfo.js:1015:279288
---
[2025-11-06T01:22:29.125Z] pollingRuntime updateBoxList Error: 盒子调度还未开始 2
Stack: @user-script:16:19:33
@http://localhost:56800/assets/index-BpMQncfo.js:1015:279288
---
[2025-11-06T01:22:30.026Z] pollingRuntime updateBoxList Error: 盒子调度还未开始 2
Stack: @user-script:16:19:33
@http://localhost:56800/assets/index-BpMQncfo.js:1015:279288
---
[2025-11-06T01:22:30.927Z] pollingRuntime updateBoxList Error: 盒子调度还未开始 2
Stack: @user-script:16:19:33
@http://localhost:56800/assets/index-BpMQncfo.js:1015:279288
---
[2025-11-06T01:22:31.828Z] pollingRuntime updateBoxList Error: 盒子调度还未开始 2
Stack: @user-script:16:19:33
@http://localhost:56800/assets/index-BpMQncfo.js:1015:279288
---
[2025-11-06T01:22:32.728Z] pollingRuntime updateBoxList Error: 盒子调度还未开始 2
Stack: @user-script:16:19:33
@http://localhost:56800/assets/index-BpMQncfo.js:1015:279288
---
[2025-11-06T01:22:33.629Z] pollingRuntime updateBoxList Error: 盒子调度还未开始 2
Stack: @user-script:16:19:33
@http://localhost:56800/assets/index-BpMQncfo.js:1015:279288
---
[2025-11-06T01:22:34.530Z] pollingRuntime updateBoxList Error: 盒子调度还未开始 2
Stack: @user-script:16:19:33
@http://localhost:56800/assets/index-BpMQncfo.js:1015:279288
---
[2025-11-06T01:22:35.430Z] pollingRuntime updateBoxList Error: 盒子调度还未开始 2
Stack: @user-script:16:19:33
@http://localhost:56800/assets/index-BpMQncfo.js:1015:279288
---
[2025-11-06T01:22:36.331Z] pollingRuntime updateBoxList Error: 盒子调度还未开始 2
Stack: @user-script:16:19:33
@http://localhost:56800/assets/index-BpMQncfo.js:1015:279288
---
[2025-11-06T01:22:37.232Z] pollingRuntime updateBoxList Error: 盒子调度还未开始 2
Stack: @user-script:16:19:33
@http://localhost:56800/assets/index-BpMQncfo.js:1015:279288
---
[2025-11-06T01:22:38.133Z] pollingRuntime updateBoxList Error: 盒子调度还未开始 2
Stack: @user-script:16:19:33
@http://localhost:56800/assets/index-BpMQncfo.js:1015:279288
---
[2025-11-06T01:22:39.034Z] pollingRuntime updateBoxList Error: 盒子调度还未开始 2
Stack: @user-script:16:19:33
@http://localhost:56800/assets/index-BpMQncfo.js:1015:279288
---
[2025-11-06T01:22:39.860Z] error Error: 盒子调度还未开始
Stack: @user-script:16:19:33
@http://localhost:56800/assets/index-BpMQncfo.js:1016:83
---
[2025-11-06T01:22:48.227Z] error Error: 盒子调度还未开始
Stack: @user-script:16:19:33
@http://localhost:56800/assets/index-BpMQncfo.js:1016:83
---
[2025-11-06T01:22:52.034Z] pollingRuntime updateBoxList Error: 盒子调度还未开始 2
Stack: @user-script:16:19:33
@http://localhost:56800/assets/index-BpMQncfo.js:1015:279288
---
[2025-11-06T01:22:52.926Z] pollingRuntime updateBoxList Error: 盒子调度还未开始 2
Stack: @user-script:16:19:33
@http://localhost:56800/assets/index-BpMQncfo.js:1015:279288
---
[2025-11-06T01:22:53.826Z] pollingRuntime updateBoxList Error: 盒子调度还未开始 2
Stack: @user-script:16:19:33
@http://localhost:56800/assets/index-BpMQncfo.js:1015:279288
---
[2025-11-06T01:22:54.728Z] pollingRuntime updateBoxList Error: 盒子调度还未开始 2
Stack: @user-script:16:19:33
@http://localhost:56800/assets/index-BpMQncfo.js:1015:279288
---
[2025-11-06T01:23:20.544Z] pollingRuntime updateBoxList Error: 盒子调度还未开始 2
Stack: @user-script:16:19:33
@http://localhost:56800/assets/index-BpMQncfo.js:1015:279288
---
[2025-11-06T01:23:21.443Z] pollingRuntime updateBoxList Error: 盒子调度还未开始 2
Stack: @user-script:16:19:33
@http://localhost:56800/assets/index-BpMQncfo.js:1015:279288
---
[2025-11-06T01:23:22.344Z] pollingRuntime updateBoxList Error: 盒子调度还未开始 2
Stack: @user-script:16:19:33
@http://localhost:56800/assets/index-BpMQncfo.js:1015:279288
---
[2025-11-06T01:23:23.245Z] pollingRuntime updateBoxList Error: 盒子调度还未开始 2
Stack: @user-script:16:19:33
@http://localhost:56800/assets/index-BpMQncfo.js:1015:279288
---
[2025-11-06T01:23:24.146Z] pollingRuntime updateBoxList Error: 盒子调度还未开始 2
Stack: @user-script:16:19:33
@http://localhost:56800/assets/index-BpMQncfo.js:1015:279288
---
[2025-11-06T01:23:25.047Z] pollingRuntime updateBoxList Error: 盒子调度还未开始 2
Stack: @user-script:16:19:33
@http://localhost:56800/assets/index-BpMQncfo.js:1015:279288
---
[2025-11-06T01:23:25.948Z] pollingRuntime updateBoxList Error: 盒子调度还未开始 2
Stack: @user-script:16:19:33
@http://localhost:56800/assets/index-BpMQncfo.js:1015:279288
---
[2025-11-06T01:23:26.849Z] pollingRuntime updateBoxList Error: 盒子调度还未开始 2
Stack: @user-script:16:19:33
@http://localhost:56800/assets/index-BpMQncfo.js:1015:279288
---
[2025-11-06T01:23:27.750Z] pollingRuntime updateBoxList Error: 盒子调度还未开始 2
Stack: @user-script:16:19:33
@http://localhost:56800/assets/index-BpMQncfo.js:1015:279288
---
[2025-11-06T01:24:37.281Z] AxiosError: Network Error
Stack: @user-script:16:19:33
@http://localhost:56800/assets/index-BpMQncfo.js:64:14290
---
[2025-11-06T01:24:39.330Z] AxiosError: Network Error
Stack: @user-script:16:19:33
@http://localhost:56800/assets/index-BpMQncfo.js:64:14290
---
[2025-11-06T01:27:09.043Z] AxiosError: Network Error
Stack: @user-script:16:19:33
@http://localhost:56800/assets/index-BpMQncfo.js:64:14290
---
[2025-11-06T01:27:26.150Z] AxiosError: Network Error
Stack: @user-script:16:19:33
@http://localhost:56800/assets/index-BpMQncfo.js:64:14290
---
[2025-11-15T14:05:38.157Z] AxiosError: Network Error
Stack: @user-script:16:19:33
@http://localhost:56800/assets/index-BYINvRYE.js:64:14290
---
[2025-11-15T14:05:38.875Z] pollingRuntime updateBoxList Error: Response closed without headers 2
Stack: @user-script:16:19:33
@http://localhost:56800/assets/index-BYINvRYE.js:1015:279237
---
[2025-11-15T14:05:39.044Z] Error: Response closed without headers
Stack: @user-script:16:19:33
@http://localhost:56800/assets/index-BYINvRYE.js:1015:226153
---
[2025-11-15T14:06:05.039Z] 回调函数无效
Stack: @user-script:16:19:33
@http://localhost:56800/assets/index-BYINvRYE.js:1017:1445
---
[2025-11-15T14:06:12.703Z] AxiosError: Network Error
Stack: @user-script:16:19:33
@http://localhost:56800/assets/index-BYINvRYE.js:64:14290
---
[2025-11-15T14:06:13.305Z] AxiosError: Network Error
Stack: @user-script:16:19:33
@http://localhost:56800/assets/index-BYINvRYE.js:64:14290
---
[2025-11-15T14:06:43.107Z] AxiosError: Network Error
Stack: @user-script:16:19:33
@http://localhost:56800/assets/index-BYINvRYE.js:64:14290
---
[2025-11-15T14:09:50.609Z] AxiosError: Network Error
Stack: @user-script:16:19:33
@http://localhost:56800/assets/index-BYINvRYE.js:64:14290
---
[2025-11-15T14:10:20.346Z] 回调函数无效
Stack: @user-script:16:19:33
@http://localhost:56800/assets/index-BYINvRYE.js:1017:1445
---
[2025-11-16T02:18:00.248Z] AxiosError: Network Error
Stack: @user-script:16:19:33
@http://localhost:56800/assets/index-BYINvRYE.js:64:14290
---
[2025-11-16T02:36:47.202Z] AxiosError: Network Error
Stack: @user-script:16:19:33
@http://localhost:56800/assets/index-BYINvRYE.js:64:14290
---
[2025-11-16T02:51:28.686Z] AxiosError: Network Error
Stack: @user-script:16:19:33
@http://localhost:56800/assets/index-BYINvRYE.js:64:14290
---
[2025-11-16T02:51:38.090Z] pollingRuntime updateBoxList Error: Response closed without headers 2
Stack: @user-script:16:19:33
@http://localhost:56800/assets/index-BYINvRYE.js:1015:279237
---
[2025-11-16T02:51:41.841Z] 回调函数无效
Stack: @user-script:16:19:33
@http://localhost:56800/assets/index-BYINvRYE.js:1017:1445
---
[2025-11-16T02:51:48.348Z] error Error: Response closed without headers
Stack: @user-script:16:19:33
@http://localhost:56800/assets/index-BYINvRYE.js:1016:83
---
[2025-11-16T02:51:48.613Z] AxiosError: Network Error
Stack: @user-script:16:19:33
@http://localhost:56800/assets/index-BYINvRYE.js:64:14290
---
[2025-11-16T02:51:50.136Z] AxiosError: Network Error
Stack: @user-script:16:19:33
@http://localhost:56800/assets/index-BYINvRYE.js:64:14290
---
[2025-11-16T02:52:12.919Z] AxiosError: Network Error
Stack: @user-script:16:19:33
@http://localhost:56800/assets/index-BYINvRYE.js:64:14290
---
[2025-11-16T02:59:33.989Z] AxiosError: Network Error
Stack: @user-script:16:19:33
@http://localhost:56800/assets/index-BYINvRYE.js:64:14290
---
[2025-11-16T03:00:04.668Z] AxiosError: Network Error
Stack: @user-script:16:19:33
@http://localhost:56800/assets/index-BYINvRYE.js:64:14290
---
[2025-11-16T03:00:26.078Z] AxiosError: Network Error
Stack: @user-script:16:19:33
@http://localhost:56800/assets/index-BYINvRYE.js:64:14290
---
[2025-11-16T03:01:15.856Z] Error: Response closed without headers
Stack: @user-script:16:19:33
@http://localhost:56800/assets/index-BYINvRYE.js:1015:226153
---
[2025-11-16T03:01:15.857Z] setupBoxVersion - 获取版本失败，即将使用老版本local接口获取 error:  Error: Response closed without headers
Stack: @user-script:16:19:33
@http://localhost:56800/assets/index-BYINvRYE.js:64:40004
---
[2025-11-16T03:01:34.938Z] setupBoxVersion - 获取版本失败，即将使用老版本local接口获取 error:  Error: Response closed without headers
Stack: @user-script:16:19:33
@http://localhost:56800/assets/index-BYINvRYE.js:64:40004
---
[2025-11-16T03:01:34.942Z] setupBoxVersion - 获取版本失败，即将使用老版本local接口获取 error:  Error: Response closed without headers
Stack: @user-script:16:19:33
@http://localhost:56800/assets/index-BYINvRYE.js:64:40004
---
[2025-11-16T03:01:34.943Z] Error: connection error: desc = "error reading server preface: stream reset"
Stack: @user-script:16:19:33
@http://localhost:56800/assets/index-BYINvRYE.js:1015:226153
---
[2025-11-16T03:01:34.948Z] setupBoxVersion - 获取版本失败，即将使用老版本local接口获取 error:  Error: Response closed without headers
Stack: @user-script:16:19:33
@http://localhost:56800/assets/index-BYINvRYE.js:64:40004
---
[2025-11-16T03:01:34.948Z] setupBoxVersion - 获取版本失败，即将使用老版本local接口获取 error:  Error: Response closed without headers
Stack: @user-script:16:19:33
@http://localhost:56800/assets/index-BYINvRYE.js:64:40004
---
[2025-11-16T03:01:34.949Z] Error: connection error: desc = "error reading server preface: stream reset"
Stack: @user-script:16:19:33
@http://localhost:56800/assets/index-BYINvRYE.js:1015:226153
---
[2025-11-16T03:01:34.952Z] Error: connection error: desc = "error reading server preface: stream reset"
Stack: @user-script:16:19:33
@http://localhost:56800/assets/index-BYINvRYE.js:1015:226153
---
[2025-11-16T03:01:34.956Z] setupBoxVersion - 获取版本失败，即将使用老版本local接口获取 error:  Error: Response closed without headers
Stack: @user-script:16:19:33
@http://localhost:56800/assets/index-BYINvRYE.js:64:40004
---
[2025-11-16T03:01:35.955Z] Error: connection error: desc = "error reading server preface: stream reset"
Stack: @user-script:16:19:33
@http://localhost:56800/assets/index-BYINvRYE.js:1015:226153
---
[2025-11-16T03:01:36.962Z] Error: connection error: desc = "error reading server preface: stream reset"
Stack: @user-script:16:19:33
@http://localhost:56800/assets/index-BYINvRYE.js:1015:226153
---
[2025-11-16T03:01:37.967Z] Error: connection error: desc = "error reading server preface: stream reset"
Stack: @user-script:16:19:33
@http://localhost:56800/assets/index-BYINvRYE.js:1015:226153
---
[2025-11-16T03:01:38.973Z] Error: connection error: desc = "error reading server preface: stream reset"
Stack: @user-script:16:19:33
@http://localhost:56800/assets/index-BYINvRYE.js:1015:226153
---
[2025-11-16T03:01:39.981Z] Error: connection error: desc = "error reading server preface: stream reset"
Stack: @user-script:16:19:33
@http://localhost:56800/assets/index-BYINvRYE.js:1015:226153
---
[2025-11-16T03:01:40.836Z] setupBoxVersion - local error:  Error: Response closed without headers
Stack: @user-script:16:19:33
@http://localhost:56800/assets/index-BYINvRYE.js:64:40146
---
[2025-11-16T03:01:40.839Z] setupBoxVersion - local error:  Error: Response closed without headers
Stack: @user-script:16:19:33
@http://localhost:56800/assets/index-BYINvRYE.js:64:40146
---
[2025-11-16T03:01:40.840Z] setupBoxVersion - local error:  Error: Response closed without headers
Stack: @user-script:16:19:33
@http://localhost:56800/assets/index-BYINvRYE.js:64:40146
---
[2025-11-16T03:01:40.840Z] setupBoxVersion - local error:  Error: Response closed without headers
Stack: @user-script:16:19:33
@http://localhost:56800/assets/index-BYINvRYE.js:64:40146
---
[2025-11-16T03:01:40.840Z] setupBoxVersion - local error:  Error: Response closed without headers
Stack: @user-script:16:19:33
@http://localhost:56800/assets/index-BYINvRYE.js:64:40146
---
[2025-11-16T03:01:40.990Z] Error: connection error: desc = "transport: Error while dialing: failed to dial: failed to dial 12D3KooWA2cxDsNRXY1q5jYKkCpHYBjpSS9M6H4xr1uD78JPS223: all dials failed\n  * [/ip4/10.0.0.251/udp/5500/quic-v1] gater disallows connection to peer\n  * [/ip6/240e:3a3:2203:d3b0:c56d:f46e:85b9:299d/udp/5500/quic-v1] gater disallows connection to peer\n  * [/ip4/10.0.0.251/tcp/5500] dial tcp4 10.0.0.251:5500: i/o timeout\n  * [/ip6/240e:3a3:2203:d3b0:c56d:f46e:85b9:299d/tcp/5500] dial tcp6 [240e:3a3:2203:d3b0:c56d:f46e:85b9:299d]:5500: i/o timeout\n  * [/ip4/100.106.94.82/tcp/46580] dial tcp4 100.106.94.82:46580: i/o timeout\n  * [/p2p/12D3KooWGDaCjwJPAfeLGLKwUFtr7hxVt1FeqvZxdGpVWaDYpWAM/p2p-circuit] error opening relay circuit: CONNECTION_FAILED (203)"
Stack: @user-script:16:19:33
@http://localhost:56800/assets/index-BYINvRYE.js:1015:226153
---
[2025-11-16T03:01:41.996Z] Error: connection error: desc = "transport: Error while dialing: failed to dial: failed to dial 12D3KooWA2cxDsNRXY1q5jYKkCpHYBjpSS9M6H4xr1uD78JPS223: all dials failed\n  * [/ip4/10.0.0.251/udp/5500/quic-v1] gater disallows connection to peer\n  * [/ip6/240e:3a3:2203:d3b0:c56d:f46e:85b9:299d/udp/5500/quic-v1] gater disallows connection to peer\n  * [/ip4/10.0.0.251/tcp/5500] dial tcp4 10.0.0.251:5500: i/o timeout\n  * [/ip6/240e:3a3:2203:d3b0:c56d:f46e:85b9:299d/tcp/5500] dial tcp6 [240e:3a3:2203:d3b0:c56d:f46e:85b9:299d]:5500: i/o timeout\n  * [/ip4/100.106.94.82/tcp/46580] dial tcp4 100.106.94.82:46580: i/o timeout\n  * [/p2p/12D3KooWGDaCjwJPAfeLGLKwUFtr7hxVt1FeqvZxdGpVWaDYpWAM/p2p-circuit] error opening relay circuit: CONNECTION_FAILED (203)"
Stack: @user-script:16:19:33
@http://localhost:56800/assets/index-BYINvRYE.js:1015:226153
---
[2025-11-16T03:01:43.003Z] Error: connection error: desc = "transport: Error while dialing: failed to dial: failed to dial 12D3KooWA2cxDsNRXY1q5jYKkCpHYBjpSS9M6H4xr1uD78JPS223: all dials failed\n  * [/ip4/10.0.0.251/udp/5500/quic-v1] gater disallows connection to peer\n  * [/ip6/240e:3a3:2203:d3b0:c56d:f46e:85b9:299d/udp/5500/quic-v1] gater disallows connection to peer\n  * [/ip4/10.0.0.251/tcp/5500] dial tcp4 10.0.0.251:5500: i/o timeout\n  * [/ip6/240e:3a3:2203:d3b0:c56d:f46e:85b9:299d/tcp/5500] dial tcp6 [240e:3a3:2203:d3b0:c56d:f46e:85b9:299d]:5500: i/o timeout\n  * [/ip4/100.106.94.82/tcp/46580] dial tcp4 100.106.94.82:46580: i/o timeout\n  * [/p2p/12D3KooWGDaCjwJPAfeLGLKwUFtr7hxVt1FeqvZxdGpVWaDYpWAM/p2p-circuit] error opening relay circuit: CONNECTION_FAILED (203)"
Stack: @user-script:16:19:33
@http://localhost:56800/assets/index-BYINvRYE.js:1015:226153
---
[2025-11-16T03:01:44.009Z] Error: connection error: desc = "transport: Error while dialing: failed to dial: failed to dial 12D3KooWA2cxDsNRXY1q5jYKkCpHYBjpSS9M6H4xr1uD78JPS223: all dials failed\n  * [/ip4/10.0.0.251/udp/5500/quic-v1] gater disallows connection to peer\n  * [/ip6/240e:3a3:2203:d3b0:c56d:f46e:85b9:299d/udp/5500/quic-v1] gater disallows connection to peer\n  * [/ip4/10.0.0.251/tcp/5500] dial tcp4 10.0.0.251:5500: i/o timeout\n  * [/ip6/240e:3a3:2203:d3b0:c56d:f46e:85b9:299d/tcp/5500] dial tcp6 [240e:3a3:2203:d3b0:c56d:f46e:85b9:299d]:5500: i/o timeout\n  * [/ip4/100.106.94.82/tcp/46580] dial tcp4 100.106.94.82:46580: i/o timeout\n  * [/p2p/12D3KooWGDaCjwJPAfeLGLKwUFtr7hxVt1FeqvZxdGpVWaDYpWAM/p2p-circuit] error opening relay circuit: CONNECTION_FAILED (203)"
Stack: @user-script:16:19:33
@http://localhost:56800/assets/index-BYINvRYE.js:1015:226153
---
[2025-11-16T03:01:45.017Z] Error: connection error: desc = "transport: Error while dialing: failed to dial: failed to dial 12D3KooWA2cxDsNRXY1q5jYKkCpHYBjpSS9M6H4xr1uD78JPS223: all dials failed\n  * [/ip4/10.0.0.251/udp/5500/quic-v1] gater disallows connection to peer\n  * [/ip6/240e:3a3:2203:d3b0:c56d:f46e:85b9:299d/udp/5500/quic-v1] gater disallows connection to peer\n  * [/ip4/10.0.0.251/tcp/5500] dial tcp4 10.0.0.251:5500: i/o timeout\n  * [/ip6/240e:3a3:2203:d3b0:c56d:f46e:85b9:299d/tcp/5500] dial tcp6 [240e:3a3:2203:d3b0:c56d:f46e:85b9:299d]:5500: i/o timeout\n  * [/ip4/100.106.94.82/tcp/46580] dial tcp4 100.106.94.82:46580: i/o timeout\n  * [/p2p/12D3KooWGDaCjwJPAfeLGLKwUFtr7hxVt1FeqvZxdGpVWaDYpWAM/p2p-circuit] error opening relay circuit: CONNECTION_FAILED (203)"
Stack: @user-script:16:19:33
@http://localhost:56800/assets/index-BYINvRYE.js:1015:226153
---
[2025-11-16T03:01:45.926Z] AxiosError: Network Error
Stack: @user-script:16:19:33
@http://localhost:56800/assets/index-BYINvRYE.js:64:14290
---
[2025-11-16T03:01:46.023Z] Error: connection error: desc = "transport: Error while dialing: failed to dial: failed to dial 12D3KooWA2cxDsNRXY1q5jYKkCpHYBjpSS9M6H4xr1uD78JPS223: all dials failed\n  * [/ip4/10.0.0.251/udp/5500/quic-v1] gater disallows connection to peer\n  * [/ip6/240e:3a3:2203:d3b0:c56d:f46e:85b9:299d/udp/5500/quic-v1] gater disallows connection to peer\n  * [/ip4/10.0.0.251/tcp/5500] dial tcp4 10.0.0.251:5500: connect: no route to host\n  * [/p2p/12D3KooWGDaCjwJPAfeLGLKwUFtr7hxVt1FeqvZxdGpVWaDYpWAM/p2p-circuit] error opening relay circuit: CONNECTION_FAILED (203)\n  * [/ip6/240e:3a3:2203:d3b0:c56d:f46e:85b9:299d/tcp/5500] dial tcp6 [240e:3a3:2203:d3b0:c56d:f46e:85b9:299d]:5500: i/o timeout\n  * [/ip4/100.106.94.82/tcp/46580] dial tcp4 100.106.94.82:46580: i/o timeout"
Stack: @user-script:16:19:33
@http://localhost:56800/assets/index-BYINvRYE.js:1015:226153
---
[2025-11-16T03:01:47.031Z] Error: connection error: desc = "transport: Error while dialing: failed to dial: failed to dial 12D3KooWA2cxDsNRXY1q5jYKkCpHYBjpSS9M6H4xr1uD78JPS223: all dials failed\n  * [/ip4/10.0.0.251/udp/5500/quic-v1] gater disallows connection to peer\n  * [/ip6/240e:3a3:2203:d3b0:c56d:f46e:85b9:299d/udp/5500/quic-v1] gater disallows connection to peer\n  * [/ip4/10.0.0.251/tcp/5500] dial tcp4 10.0.0.251:5500: connect: no route to host\n  * [/p2p/12D3KooWGDaCjwJPAfeLGLKwUFtr7hxVt1FeqvZxdGpVWaDYpWAM/p2p-circuit] error opening relay circuit: CONNECTION_FAILED (203)\n  * [/ip6/240e:3a3:2203:d3b0:c56d:f46e:85b9:299d/tcp/5500] dial tcp6 [240e:3a3:2203:d3b0:c56d:f46e:85b9:299d]:5500: i/o timeout\n  * [/ip4/100.106.94.82/tcp/46580] dial tcp4 100.106.94.82:46580: i/o timeout"
Stack: @user-script:16:19:33
@http://localhost:56800/assets/index-BYINvRYE.js:1015:226153
---
[2025-11-16T03:01:48.038Z] Error: connection error: desc = "transport: Error while dialing: failed to dial: failed to dial 12D3KooWA2cxDsNRXY1q5jYKkCpHYBjpSS9M6H4xr1uD78JPS223: all dials failed\n  * [/ip4/10.0.0.251/udp/5500/quic-v1] gater disallows connection to peer\n  * [/ip6/240e:3a3:2203:d3b0:c56d:f46e:85b9:299d/udp/5500/quic-v1] gater disallows connection to peer\n  * [/ip4/10.0.0.251/tcp/5500] dial tcp4 10.0.0.251:5500: connect: no route to host\n  * [/p2p/12D3KooWGDaCjwJPAfeLGLKwUFtr7hxVt1FeqvZxdGpVWaDYpWAM/p2p-circuit] error opening relay circuit: CONNECTION_FAILED (203)\n  * [/ip6/240e:3a3:2203:d3b0:c56d:f46e:85b9:299d/tcp/5500] dial tcp6 [240e:3a3:2203:d3b0:c56d:f46e:85b9:299d]:5500: i/o timeout\n  * [/ip4/100.106.94.82/tcp/46580] dial tcp4 100.106.94.82:46580: i/o timeout"
Stack: @user-script:16:19:33
@http://localhost:56800/assets/index-BYINvRYE.js:1015:226153
---
[2025-11-16T03:01:49.044Z] Error: connection error: desc = "transport: Error while dialing: failed to dial: failed to dial 12D3KooWA2cxDsNRXY1q5jYKkCpHYBjpSS9M6H4xr1uD78JPS223: all dials failed\n  * [/ip4/10.0.0.251/udp/5500/quic-v1] gater disallows connection to peer\n  * [/ip6/240e:3a3:2203:d3b0:c56d:f46e:85b9:299d/udp/5500/quic-v1] gater disallows connection to peer\n  * [/ip4/10.0.0.251/tcp/5500] dial tcp4 10.0.0.251:5500: connect: no route to host\n  * [/p2p/12D3KooWGDaCjwJPAfeLGLKwUFtr7hxVt1FeqvZxdGpVWaDYpWAM/p2p-circuit] error opening relay circuit: CONNECTION_FAILED (203)\n  * [/ip6/240e:3a3:2203:d3b0:c56d:f46e:85b9:299d/tcp/5500] dial tcp6 [240e:3a3:2203:d3b0:c56d:f46e:85b9:299d]:5500: i/o timeout\n  * [/ip4/100.106.94.82/tcp/46580] dial tcp4 100.106.94.82:46580: i/o timeout"
Stack: @user-script:16:19:33
@http://localhost:56800/assets/index-BYINvRYE.js:1015:226153
---
[2025-11-16T03:01:50.049Z] Error: connection error: desc = "transport: Error while dialing: failed to dial: failed to dial 12D3KooWA2cxDsNRXY1q5jYKkCpHYBjpSS9M6H4xr1uD78JPS223: all dials failed\n  * [/ip4/10.0.0.251/udp/5500/quic-v1] gater disallows connection to peer\n  * [/ip6/240e:3a3:2203:d3b0:c56d:f46e:85b9:299d/udp/5500/quic-v1] gater disallows connection to peer\n  * [/ip4/10.0.0.251/tcp/5500] dial tcp4 10.0.0.251:5500: connect: no route to host\n  * [/p2p/12D3KooWGDaCjwJPAfeLGLKwUFtr7hxVt1FeqvZxdGpVWaDYpWAM/p2p-circuit] error opening relay circuit: CONNECTION_FAILED (203)\n  * [/ip6/240e:3a3:2203:d3b0:c56d:f46e:85b9:299d/tcp/5500] dial tcp6 [240e:3a3:2203:d3b0:c56d:f46e:85b9:299d]:5500: i/o timeout\n  * [/ip4/100.106.94.82/tcp/46580] dial tcp4 100.106.94.82:46580: i/o timeout"
Stack: @user-script:16:19:33
@http://localhost:56800/assets/index-BYINvRYE.js:1015:226153
---
[2025-11-16T03:01:51.054Z] Error: connection error: desc = "transport: Error while dialing: failed to dial: failed to dial 12D3KooWA2cxDsNRXY1q5jYKkCpHYBjpSS9M6H4xr1uD78JPS223: all dials failed\n  * [/ip4/10.0.0.251/udp/5500/quic-v1] gater disallows connection to peer\n  * [/ip6/240e:3a3:2203:d3b0:c56d:f46e:85b9:299d/udp/5500/quic-v1] gater disallows connection to peer\n  * [/ip4/10.0.0.251/tcp/5500] dial tcp4 10.0.0.251:5500: connect: no route to host\n  * [/p2p/12D3KooWGDaCjwJPAfeLGLKwUFtr7hxVt1FeqvZxdGpVWaDYpWAM/p2p-circuit] error opening relay circuit: CONNECTION_FAILED (203)\n  * [/ip6/240e:3a3:2203:d3b0:c56d:f46e:85b9:299d/tcp/5500] dial tcp6 [240e:3a3:2203:d3b0:c56d:f46e:85b9:299d]:5500: i/o timeout\n  * [/ip4/100.106.94.82/tcp/46580] dial tcp4 100.106.94.82:46580: i/o timeout"
Stack: @user-script:16:19:33
@http://localhost:56800/assets/index-BYINvRYE.js:1015:226153
---
[2025-11-16T03:01:52.061Z] Error: connection error: desc = "transport: Error while dialing: failed to dial: failed to dial 12D3KooWA2cxDsNRXY1q5jYKkCpHYBjpSS9M6H4xr1uD78JPS223: all dials failed\n  * [/ip4/10.0.0.251/udp/5500/quic-v1] gater disallows connection to peer\n  * [/ip6/240e:3a3:2203:d3b0:c56d:f46e:85b9:299d/udp/5500/quic-v1] gater disallows connection to peer\n  * [/ip4/10.0.0.251/tcp/5500] dial tcp4 10.0.0.251:5500: connect: no route to host\n  * [/p2p/12D3KooWGDaCjwJPAfeLGLKwUFtr7hxVt1FeqvZxdGpVWaDYpWAM/p2p-circuit] error opening relay circuit: CONNECTION_FAILED (203)\n  * [/ip6/240e:3a3:2203:d3b0:c56d:f46e:85b9:299d/tcp/5500] dial tcp6 [240e:3a3:2203:d3b0:c56d:f46e:85b9:299d]:5500: i/o timeout\n  * [/ip4/100.106.94.82/tcp/46580] dial tcp4 100.106.94.82:46580: i/o timeout"
Stack: @user-script:16:19:33
@http://localhost:56800/assets/index-BYINvRYE.js:1015:226153
---
[2025-11-16T03:01:52.759Z] Error: connection error: desc = "transport: Error while dialing: failed to dial: failed to dial 12D3KooWA2cxDsNRXY1q5jYKkCpHYBjpSS9M6H4xr1uD78JPS223: all dials failed\n  * [/ip4/10.0.0.251/udp/5500/quic-v1] gater disallows connection to peer\n  * [/ip6/240e:3a3:2203:d3b0:c56d:f46e:85b9:299d/udp/5500/quic-v1] gater disallows connection to peer\n  * [/ip4/10.0.0.251/tcp/5500] dial tcp4 10.0.0.251:5500: connect: no route to host\n  * [/p2p/12D3KooWGDaCjwJPAfeLGLKwUFtr7hxVt1FeqvZxdGpVWaDYpWAM/p2p-circuit] error opening relay circuit: CONNECTION_FAILED (203)\n  * [/ip6/240e:3a3:2203:d3b0:c56d:f46e:85b9:299d/tcp/5500] dial tcp6 [240e:3a3:2203:d3b0:c56d:f46e:85b9:299d]:5500: i/o timeout\n  * [/ip4/100.106.94.82/tcp/46580] dial tcp4 100.106.94.82:46580: i/o timeout"
Stack: @user-script:16:19:33
@http://localhost:56800/assets/index-BYINvRYE.js:1015:226153
---
[2025-11-16T03:01:53.090Z] AxiosError: Network Error
Stack: @user-script:16:19:33
@http://localhost:56800/assets/index-BYINvRYE.js:64:14290
---
[2025-11-16T03:01:53.763Z] Error: connection error: desc = "transport: Error while dialing: failed to dial: failed to dial 12D3KooWA2cxDsNRXY1q5jYKkCpHYBjpSS9M6H4xr1uD78JPS223: all dials failed\n  * [/ip4/10.0.0.251/udp/5500/quic-v1] gater disallows connection to peer\n  * [/ip6/240e:3a3:2203:d3b0:c56d:f46e:85b9:299d/udp/5500/quic-v1] gater disallows connection to peer\n  * [/ip4/10.0.0.251/tcp/5500] dial tcp4 10.0.0.251:5500: connect: host is down\n  * [/p2p/12D3KooWGDaCjwJPAfeLGLKwUFtr7hxVt1FeqvZxdGpVWaDYpWAM/p2p-circuit] error opening relay circuit: CONNECTION_FAILED (203)\n  * [/ip6/240e:3a3:2203:d3b0:c56d:f46e:85b9:299d/tcp/5500] dial tcp6 [240e:3a3:2203:d3b0:c56d:f46e:85b9:299d]:5500: i/o timeout\n  * [/ip4/100.106.94.82/tcp/46580] dial tcp4 100.106.94.82:46580: i/o timeout"
Stack: @user-script:16:19:33
@http://localhost:56800/assets/index-BYINvRYE.js:1015:226153
---
[2025-11-16T03:01:54.769Z] Error: connection error: desc = "transport: Error while dialing: failed to dial: failed to dial 12D3KooWA2cxDsNRXY1q5jYKkCpHYBjpSS9M6H4xr1uD78JPS223: all dials failed\n  * [/ip4/10.0.0.251/udp/5500/quic-v1] gater disallows connection to peer\n  * [/ip6/240e:3a3:2203:d3b0:c56d:f46e:85b9:299d/udp/5500/quic-v1] gater disallows connection to peer\n  * [/ip4/10.0.0.251/tcp/5500] dial tcp4 10.0.0.251:5500: connect: host is down\n  * [/p2p/12D3KooWGDaCjwJPAfeLGLKwUFtr7hxVt1FeqvZxdGpVWaDYpWAM/p2p-circuit] error opening relay circuit: CONNECTION_FAILED (203)\n  * [/ip6/240e:3a3:2203:d3b0:c56d:f46e:85b9:299d/tcp/5500] dial tcp6 [240e:3a3:2203:d3b0:c56d:f46e:85b9:299d]:5500: i/o timeout\n  * [/ip4/100.106.94.82/tcp/46580] dial tcp4 100.106.94.82:46580: i/o timeout"
Stack: @user-script:16:19:33
@http://localhost:56800/assets/index-BYINvRYE.js:1015:226153
---
[2025-11-16T03:01:55.773Z] Error: connection error: desc = "transport: Error while dialing: failed to dial: failed to dial 12D3KooWA2cxDsNRXY1q5jYKkCpHYBjpSS9M6H4xr1uD78JPS223: all dials failed\n  * [/ip4/10.0.0.251/udp/5500/quic-v1] gater disallows connection to peer\n  * [/ip6/240e:3a3:2203:d3b0:c56d:f46e:85b9:299d/udp/5500/quic-v1] gater disallows connection to peer\n  * [/ip4/10.0.0.251/tcp/5500] dial tcp4 10.0.0.251:5500: connect: host is down\n  * [/p2p/12D3KooWGDaCjwJPAfeLGLKwUFtr7hxVt1FeqvZxdGpVWaDYpWAM/p2p-circuit] error opening relay circuit: CONNECTION_FAILED (203)\n  * [/ip6/240e:3a3:2203:d3b0:c56d:f46e:85b9:299d/tcp/5500] dial tcp6 [240e:3a3:2203:d3b0:c56d:f46e:85b9:299d]:5500: i/o timeout\n  * [/ip4/100.106.94.82/tcp/46580] dial tcp4 100.106.94.82:46580: i/o timeout"
Stack: @user-script:16:19:33
@http://localhost:56800/assets/index-BYINvRYE.js:1015:226153
---
[2025-11-16T03:05:49.720Z] Error: Response closed without headers
Stack: @user-script:16:19:33
@http://localhost:56800/assets/index-BYINvRYE.js:1015:226153
---
[2025-11-16T03:06:42.383Z] Error: error reading from server: stream reset
Stack: @user-script:16:19:33
@http://localhost:56800/assets/index-BYINvRYE.js:1015:226153
---
[2025-11-16T03:06:44.276Z] Error: Response closed without headers
Stack: @user-script:16:19:33
@http://localhost:56800/assets/index-BYINvRYE.js:1015:226153
---
[2025-11-16T03:06:44.709Z] pollingRuntime updateBoxList Error: Response closed without headers 2
Stack: @user-script:16:19:33
@http://localhost:56800/assets/index-BYINvRYE.js:1015:279237
---
[2025-11-16T03:06:53.763Z] AxiosError: Network Error
Stack: @user-script:16:19:33
@http://localhost:56800/assets/index-BYINvRYE.js:64:14290
---
[2025-11-16T03:06:53.765Z] Error: Response closed without headers
Stack: @user-script:16:19:33
@http://localhost:56800/assets/index-BYINvRYE.js:1015:226153
---
[2025-11-16T03:07:08.898Z] AxiosError: Network Error
Stack: @user-script:16:19:33
@http://localhost:56800/assets/index-BYINvRYE.js:64:14290
---
[2025-11-16T03:07:14.216Z] AxiosError: Network Error
Stack: @user-script:16:19:33
@http://localhost:56800/assets/index-BYINvRYE.js:64:14290
---
[2025-11-16T03:21:34.714Z] AxiosError: Network Error
Stack: @user-script:16:19:33
@http://localhost:56800/assets/index-BYINvRYE.js:64:14290
---
[2025-11-16T03:33:21.080Z] pollingRuntime updateBoxList Error: Response closed without headers 2
Stack: @user-script:16:19:33
@http://localhost:56800/assets/index-BYINvRYE.js:1015:279237
---
[2025-11-16T03:34:41.143Z] pollingRuntime updateBoxList Error: Response closed without headers 2
Stack: @user-script:16:19:33
@http://localhost:56800/assets/index-BYINvRYE.js:1015:279237
---
[2025-11-16T03:37:00.201Z] setupBoxVersion - 获取版本失败，即将使用老版本local接口获取 error:  Error: Response closed without headers
Stack: @user-script:16:19:33
@http://localhost:56800/assets/index-BYINvRYE.js:64:40004
---
[2025-11-16T03:37:00.225Z] setupBoxVersion - local error:  Error: unknown service cloud.lazycat.boxservice.daemon.OSUpgradeService
Stack: @user-script:16:19:33
@http://localhost:56800/assets/index-BYINvRYE.js:64:40146
---
[2025-11-16T03:37:20.218Z] pollingRuntime updateBoxList Error: Response closed without headers 2
Stack: @user-script:16:19:33
@http://localhost:56800/assets/index-BYINvRYE.js:1015:279237
---
[2025-11-16T03:38:05.213Z] TypeError: Load failed
Stack: @user-script:16:19:33
@http://localhost:56800/assets/index-BYINvRYE.js:1015:225057
---
[2025-11-16T03:42:10.205Z] TypeError: Load failed
Stack: @user-script:16:19:33
@http://localhost:56800/assets/index-BYINvRYE.js:1015:225057
---
[2025-11-16T03:42:30.222Z] TypeError: Load failed
Stack: @user-script:16:19:33
@http://localhost:56800/assets/index-BYINvRYE.js:1015:225057
---
[2025-11-16T07:42:51.581Z] 回调函数无效
Stack: @user-script:16:19:33
@http://localhost:56800/assets/index-BYINvRYE.js:1017:1445
---
[2025-11-16T07:42:51.939Z] pollingRuntime updateBoxList Error: Response closed without headers 2
Stack: @user-script:16:19:33
@http://localhost:56800/assets/index-BYINvRYE.js:1015:279237
---
[2025-11-16T07:42:52.112Z] Error: Response closed without headers
Stack: @user-script:16:19:33
@http://localhost:56800/assets/index-BYINvRYE.js:1015:226153
---
[2025-11-16T07:42:52.835Z] pollingRuntime updateBoxList Error: Response closed without headers 2
Stack: @user-script:16:19:33
@http://localhost:56800/assets/index-BYINvRYE.js:1015:279237
---
[2025-11-16T07:42:53.120Z] Error: Response closed without headers
Stack: @user-script:16:19:33
@http://localhost:56800/assets/index-BYINvRYE.js:1015:226153
---
[2025-11-16T07:44:58.295Z] pollingRuntime updateBoxList Error: Response closed without headers 2
Stack: @user-script:16:19:33
@http://localhost:56800/assets/index-BYINvRYE.js:1015:279237
---
[2025-11-16T13:15:15.724Z] Error: Response closed without headers
Stack: @user-script:16:19:33
@http://localhost:56800/assets/index-BYINvRYE.js:1015:226153
---
[2025-11-16T13:15:15.724Z] Error: Response closed without headers
Stack: @user-script:16:19:33
@http://localhost:56800/assets/index-BYINvRYE.js:1015:226515
---
